[Android_Pixel_3 INFO ] 2023-06-23 13:40:27.670 ServerManager:27 - starting appium server
[Android_Pixel_3 INFO ] 2023-06-23 13:40:31.675 ServerManager:43 - Appium server started
[Android_Pixel_3 INFO ] 2023-06-23 13:40:31.700 DriverManager:26 - initializing Appium driver
[Android_Pixel_3 INFO ] 2023-06-23 13:40:31.718 PropertyManager:16 - loading config properties
[Android_Pixel_3 INFO ] 2023-06-23 13:40:31.720 CapabilitiesManager:17 - getting capabilities
[Android_Pixel_3 INFO ] 2023-06-23 13:40:31.725 CapabilitiesManager:33 - appUrl isC:\Users\Rekha\eclipse-workspace\Torum-mobile-automation-master\src\test\resources\app\app-dev-release.apk
[Android_Pixel_3 INFO ] 2023-06-23 13:40:32.539 ServerManager:27 - starting appium server
[Android_Pixel_3 INFO ] 2023-06-23 13:40:35.834 ServerManager:43 - Appium server started
[Android_Pixel_3 INFO ] 2023-06-23 13:40:35.834 DriverManager:26 - initializing Appium driver
[Android_Pixel_3 INFO ] 2023-06-23 13:40:35.834 PropertyManager:16 - loading config properties
[Android_Pixel_3 INFO ] 2023-06-23 13:40:35.836 CapabilitiesManager:17 - getting capabilities
[Android_Pixel_3 INFO ] 2023-06-23 13:40:35.837 CapabilitiesManager:33 - appUrl isC:\Users\Rekha\eclipse-workspace\Torum-mobile-automation-master\src\test\resources\app\app-dev-release.apk
[Android_Pixel_3 INFO ] 2023-06-23 13:40:36.384 ServerManager:27 - starting appium server
[Android_Pixel_3 INFO ] 2023-06-23 13:40:39.524 ServerManager:43 - Appium server started
[Android_Pixel_3 INFO ] 2023-06-23 13:40:39.525 DriverManager:26 - initializing Appium driver
[Android_Pixel_3 INFO ] 2023-06-23 13:40:39.525 PropertyManager:16 - loading config properties
[Android_Pixel_3 INFO ] 2023-06-23 13:40:39.527 CapabilitiesManager:17 - getting capabilities
[Android_Pixel_3 INFO ] 2023-06-23 13:40:39.529 CapabilitiesManager:33 - appUrl isC:\Users\Rekha\eclipse-workspace\Torum-mobile-automation-master\src\test\resources\app\app-dev-release.apk
[Android_Pixel_3 INFO ] 2023-06-23 13:40:40.208 ServerManager:27 - starting appium server
[Android_Pixel_3 INFO ] 2023-06-23 13:40:43.202 ServerManager:43 - Appium server started
[Android_Pixel_3 INFO ] 2023-06-23 13:40:43.203 DriverManager:26 - initializing Appium driver
[Android_Pixel_3 INFO ] 2023-06-23 13:40:43.204 PropertyManager:16 - loading config properties
[Android_Pixel_3 INFO ] 2023-06-23 13:40:43.206 CapabilitiesManager:17 - getting capabilities
[Android_Pixel_3 INFO ] 2023-06-23 13:40:43.207 CapabilitiesManager:33 - appUrl isC:\Users\Rekha\eclipse-workspace\Torum-mobile-automation-master\src\test\resources\app\app-dev-release.apk
[Android_Pixel_3 INFO ] 2023-06-23 13:40:43.773 ServerManager:27 - starting appium server
[Android_Pixel_3 INFO ] 2023-06-23 13:40:47.013 ServerManager:43 - Appium server started
[Android_Pixel_3 INFO ] 2023-06-23 13:40:47.014 DriverManager:26 - initializing Appium driver
[Android_Pixel_3 INFO ] 2023-06-23 13:40:47.014 PropertyManager:16 - loading config properties
[Android_Pixel_3 INFO ] 2023-06-23 13:40:47.015 CapabilitiesManager:17 - getting capabilities
[Android_Pixel_3 INFO ] 2023-06-23 13:40:47.015 CapabilitiesManager:33 - appUrl isC:\Users\Rekha\eclipse-workspace\Torum-mobile-automation-master\src\test\resources\app\app-dev-release.apk
[Android_Pixel_3 INFO ] 2023-06-23 13:40:47.345 ServerManager:27 - starting appium server
[Android_Pixel_3 INFO ] 2023-06-23 13:40:50.443 ServerManager:43 - Appium server started
[Android_Pixel_3 INFO ] 2023-06-23 13:40:50.444 DriverManager:26 - initializing Appium driver
[Android_Pixel_3 INFO ] 2023-06-23 13:40:50.444 PropertyManager:16 - loading config properties
[Android_Pixel_3 INFO ] 2023-06-23 13:40:50.446 CapabilitiesManager:17 - getting capabilities
[Android_Pixel_3 INFO ] 2023-06-23 13:40:50.447 CapabilitiesManager:33 - appUrl isC:\Users\Rekha\eclipse-workspace\Torum-mobile-automation-master\src\test\resources\app\app-dev-release.apk
[Android_Pixel_3 INFO ] 2023-06-23 13:40:50.770 ServerManager:27 - starting appium server
[Android_Pixel_3 INFO ] 2023-06-23 13:40:54.114 ServerManager:43 - Appium server started
[Android_Pixel_3 INFO ] 2023-06-23 13:40:54.115 DriverManager:26 - initializing Appium driver
[Android_Pixel_3 INFO ] 2023-06-23 13:40:54.115 PropertyManager:16 - loading config properties
[Android_Pixel_3 INFO ] 2023-06-23 13:40:54.117 CapabilitiesManager:17 - getting capabilities
[Android_Pixel_3 INFO ] 2023-06-23 13:40:54.118 CapabilitiesManager:33 - appUrl isC:\Users\Rekha\eclipse-workspace\Torum-mobile-automation-master\src\test\resources\app\app-dev-release.apk
[Android_Pixel_3 INFO ] 2023-06-23 13:40:54.771 ServerManager:27 - starting appium server
[Android_Pixel_3 INFO ] 2023-06-23 13:40:57.792 ServerManager:43 - Appium server started
[Android_Pixel_3 INFO ] 2023-06-23 13:40:57.793 DriverManager:26 - initializing Appium driver
[Android_Pixel_3 INFO ] 2023-06-23 13:40:57.793 PropertyManager:16 - loading config properties
[Android_Pixel_3 INFO ] 2023-06-23 13:40:57.795 CapabilitiesManager:17 - getting capabilities
[Android_Pixel_3 INFO ] 2023-06-23 13:40:57.796 CapabilitiesManager:33 - appUrl isC:\Users\Rekha\eclipse-workspace\Torum-mobile-automation-master\src\test\resources\app\app-dev-release.apk
[Android_Pixel_3 INFO ] 2023-06-23 13:40:58.516 ServerManager:27 - starting appium server
[Android_Pixel_3 INFO ] 2023-06-23 13:41:01.521 ServerManager:43 - Appium server started
[Android_Pixel_3 INFO ] 2023-06-23 13:41:01.521 DriverManager:26 - initializing Appium driver
[Android_Pixel_3 INFO ] 2023-06-23 13:41:01.523 PropertyManager:16 - loading config properties
[Android_Pixel_3 INFO ] 2023-06-23 13:41:01.524 CapabilitiesManager:17 - getting capabilities
[Android_Pixel_3 INFO ] 2023-06-23 13:41:01.524 CapabilitiesManager:33 - appUrl isC:\Users\Rekha\eclipse-workspace\Torum-mobile-automation-master\src\test\resources\app\app-dev-release.apk
[Android_Pixel_3 INFO ] 2023-06-23 13:41:02.005 ServerManager:27 - starting appium server
[Android_Pixel_3 INFO ] 2023-06-23 13:41:05.141 ServerManager:43 - Appium server started
[Android_Pixel_3 INFO ] 2023-06-23 13:41:05.141 DriverManager:26 - initializing Appium driver
[Android_Pixel_3 INFO ] 2023-06-23 13:41:05.141 PropertyManager:16 - loading config properties
[Android_Pixel_3 INFO ] 2023-06-23 13:41:05.144 CapabilitiesManager:17 - getting capabilities
[Android_Pixel_3 INFO ] 2023-06-23 13:41:05.144 CapabilitiesManager:33 - appUrl isC:\Users\Rekha\eclipse-workspace\Torum-mobile-automation-master\src\test\resources\app\app-dev-release.apk
[Android_Pixel_3 INFO ] 2023-06-23 13:41:05.807 ServerManager:27 - starting appium server
[Android_Pixel_3 INFO ] 2023-06-23 13:41:08.929 ServerManager:43 - Appium server started
[Android_Pixel_3 INFO ] 2023-06-23 13:41:08.930 DriverManager:26 - initializing Appium driver
[Android_Pixel_3 INFO ] 2023-06-23 13:41:08.931 PropertyManager:16 - loading config properties
[Android_Pixel_3 INFO ] 2023-06-23 13:41:08.933 CapabilitiesManager:17 - getting capabilities
[Android_Pixel_3 INFO ] 2023-06-23 13:41:08.933 CapabilitiesManager:33 - appUrl isC:\Users\Rekha\eclipse-workspace\Torum-mobile-automation-master\src\test\resources\app\app-dev-release.apk
[Android_Pixel_3 INFO ] 2023-06-23 13:41:09.442 ServerManager:27 - starting appium server
[Android_Pixel_3 INFO ] 2023-06-23 13:41:12.696 ServerManager:43 - Appium server started
[Android_Pixel_3 INFO ] 2023-06-23 13:41:12.696 DriverManager:26 - initializing Appium driver
[Android_Pixel_3 INFO ] 2023-06-23 13:41:12.697 PropertyManager:16 - loading config properties
[Android_Pixel_3 INFO ] 2023-06-23 13:41:12.697 CapabilitiesManager:17 - getting capabilities
[Android_Pixel_3 INFO ] 2023-06-23 13:41:12.697 CapabilitiesManager:33 - appUrl isC:\Users\Rekha\eclipse-workspace\Torum-mobile-automation-master\src\test\resources\app\app-dev-release.apk
[Android_Pixel_3 INFO ] 2023-06-23 14:20:17.282 ServerManager:27 - starting appium server
[Android_Pixel_3 INFO ] 2023-06-23 14:20:22.230 ServerManager:43 - Appium server started
[Android_Pixel_3 INFO ] 2023-06-23 14:20:22.251 DriverManager:26 - initializing Appium driver
[Android_Pixel_3 INFO ] 2023-06-23 14:20:22.266 PropertyManager:16 - loading config properties
[Android_Pixel_3 INFO ] 2023-06-23 14:20:22.268 CapabilitiesManager:17 - getting capabilities
[Android_Pixel_3 INFO ] 2023-06-23 14:20:22.274 CapabilitiesManager:33 - appUrl isC:\Users\Rekha\eclipse-workspace\Torum-mobile-automation-master\src\test\resources\app\app-dev-release.apk
[Android_Pixel_3 INFO ] 2023-06-23 14:20:23.581 ServerManager:27 - starting appium server
[Android_Pixel_3 INFO ] 2023-06-23 14:20:26.878 ServerManager:43 - Appium server started
[Android_Pixel_3 INFO ] 2023-06-23 14:20:26.882 DriverManager:26 - initializing Appium driver
[Android_Pixel_3 INFO ] 2023-06-23 14:20:26.888 PropertyManager:16 - loading config properties
[Android_Pixel_3 INFO ] 2023-06-23 14:20:26.890 CapabilitiesManager:17 - getting capabilities
[Android_Pixel_3 INFO ] 2023-06-23 14:20:26.891 CapabilitiesManager:33 - appUrl isC:\Users\Rekha\eclipse-workspace\Torum-mobile-automation-master\src\test\resources\app\app-dev-release.apk
[Android_Pixel_3 INFO ] 2023-06-23 14:20:27.502 ServerManager:27 - starting appium server
[Android_Pixel_3 INFO ] 2023-06-23 14:20:30.946 ServerManager:43 - Appium server started
[Android_Pixel_3 INFO ] 2023-06-23 14:20:30.946 DriverManager:26 - initializing Appium driver
[Android_Pixel_3 INFO ] 2023-06-23 14:20:30.947 PropertyManager:16 - loading config properties
[Android_Pixel_3 INFO ] 2023-06-23 14:20:30.948 CapabilitiesManager:17 - getting capabilities
[Android_Pixel_3 INFO ] 2023-06-23 14:20:30.949 CapabilitiesManager:33 - appUrl isC:\Users\Rekha\eclipse-workspace\Torum-mobile-automation-master\src\test\resources\app\app-dev-release.apk
[Android_Pixel_3 INFO ] 2023-06-23 14:20:31.303 ServerManager:27 - starting appium server
[Android_Pixel_3 INFO ] 2023-06-23 14:31:02.452 ServerManager:27 - starting appium server
[Android_Pixel_3 INFO ] 2023-06-23 14:31:05.999 ServerManager:43 - Appium server started
[Android_Pixel_3 INFO ] 2023-06-23 14:31:06.038 DriverManager:26 - initializing Appium driver
[Android_Pixel_3 INFO ] 2023-06-23 14:31:06.067 PropertyManager:16 - loading config properties
[Android_Pixel_3 INFO ] 2023-06-23 14:31:06.070 CapabilitiesManager:17 - getting capabilities
[Android_Pixel_3 INFO ] 2023-06-23 14:31:06.081 CapabilitiesManager:33 - appUrl isC:\Users\Rekha\eclipse-workspace\Torum-mobile-automation-master\src\test\resources\app\app-dev-release.apk
[Android_Pixel_3 INFO ] 2023-06-23 14:31:07.534 ServerManager:27 - starting appium server
[Android_Pixel_3 INFO ] 2023-06-23 14:31:11.006 ServerManager:43 - Appium server started
[Android_Pixel_3 INFO ] 2023-06-23 14:31:11.007 DriverManager:26 - initializing Appium driver
[Android_Pixel_3 INFO ] 2023-06-23 14:31:11.009 PropertyManager:16 - loading config properties
[Android_Pixel_3 INFO ] 2023-06-23 14:31:11.011 CapabilitiesManager:17 - getting capabilities
[Android_Pixel_3 INFO ] 2023-06-23 14:31:11.012 CapabilitiesManager:33 - appUrl isC:\Users\Rekha\eclipse-workspace\Torum-mobile-automation-master\src\test\resources\app\app-dev-release.apk
[Android_Pixel_3 INFO ] 2023-06-23 14:31:11.358 ServerManager:27 - starting appium server
[Android_Pixel_3 INFO ] 2023-06-23 14:31:14.710 ServerManager:43 - Appium server started
[Android_Pixel_3 INFO ] 2023-06-23 14:31:14.710 DriverManager:26 - initializing Appium driver
[Android_Pixel_3 INFO ] 2023-06-23 14:31:14.711 PropertyManager:16 - loading config properties
[Android_Pixel_3 INFO ] 2023-06-23 14:31:14.712 CapabilitiesManager:17 - getting capabilities
[Android_Pixel_3 INFO ] 2023-06-23 14:31:14.712 CapabilitiesManager:33 - appUrl isC:\Users\Rekha\eclipse-workspace\Torum-mobile-automation-master\src\test\resources\app\app-dev-release.apk
[Android_Pixel_3 INFO ] 2023-06-23 14:31:15.326 ServerManager:27 - starting appium server
[Android_Pixel_3 INFO ] 2023-06-23 14:31:18.461 ServerManager:43 - Appium server started
[Android_Pixel_3 INFO ] 2023-06-23 14:31:18.462 DriverManager:26 - initializing Appium driver
[Android_Pixel_3 INFO ] 2023-06-23 14:31:18.463 PropertyManager:16 - loading config properties
[Android_Pixel_3 INFO ] 2023-06-23 14:31:18.465 CapabilitiesManager:17 - getting capabilities
[Android_Pixel_3 INFO ] 2023-06-23 14:31:18.467 CapabilitiesManager:33 - appUrl isC:\Users\Rekha\eclipse-workspace\Torum-mobile-automation-master\src\test\resources\app\app-dev-release.apk
[Android_Pixel_3 INFO ] 2023-06-23 14:31:19.216 ServerManager:27 - starting appium server
[Android_Pixel_3 INFO ] 2023-06-23 14:31:22.533 ServerManager:43 - Appium server started
[Android_Pixel_3 INFO ] 2023-06-23 14:31:22.534 DriverManager:26 - initializing Appium driver
[Android_Pixel_3 INFO ] 2023-06-23 14:31:22.534 PropertyManager:16 - loading config properties
[Android_Pixel_3 INFO ] 2023-06-23 14:31:22.536 CapabilitiesManager:17 - getting capabilities
[Android_Pixel_3 INFO ] 2023-06-23 14:31:22.536 CapabilitiesManager:33 - appUrl isC:\Users\Rekha\eclipse-workspace\Torum-mobile-automation-master\src\test\resources\app\app-dev-release.apk
[Android_Pixel_3 INFO ] 2023-06-23 14:31:22.927 ServerManager:27 - starting appium server
