2023-06-23 09:01:05:578 [Appium] Welcome to Appium v1.22.3
2023-06-23 09:01:05:579 [Appium] Non-default server args:
2023-06-23 09:01:05:580 [Appium]   port: 58460
2023-06-23 09:01:05:580 [Appium]   sessionOverride: true
2023-06-23 09:01:05:580 [Appium]   logFile: C:\Users\Rekha\eclipse-workspace\Torum-mobile-automation-master\Android_Pixel_3\Server1687510862493.log
2023-06-23 09:01:05:610 [Appium] Appium REST http interface listener started on 0.0.0.0:58460
2023-06-23 09:01:05:966 [HTTP] --> GET /wd/hub/status
2023-06-23 09:01:05:967 [HTTP] {}
2023-06-23 09:01:05:971 [GENERIC] Calling AppiumDriver.getStatus() with args: []
2023-06-23 09:01:05:973 [GENERIC] Responding to client with driver.getStatus() result: {"build":{"version":"1.22.3"}}
2023-06-23 09:01:05:984 [HTTP] <-- GET /wd/hub/status 200 14 ms - 68
2023-06-23 09:01:05:985 [HTTP] 
2023-06-23 09:01:05:993 [HTTP] --> GET /wd/hub/status
2023-06-23 09:01:05:994 [HTTP] {}
2023-06-23 09:01:05:995 [GENERIC] Calling AppiumDriver.getStatus() with args: []
2023-06-23 09:01:05:995 [GENERIC] Responding to client with driver.getStatus() result: {"build":{"version":"1.22.3"}}
2023-06-23 09:01:05:998 [HTTP] <-- GET /wd/hub/status 200 4 ms - 68
2023-06-23 09:01:05:998 [HTTP] 
2023-06-23 09:01:06:855 [HTTP] Request idempotency key: b12a7401-2696-4c4c-b255-31f962fbbeff
2023-06-23 09:01:06:899 [HTTP] --> POST /wd/hub/session
2023-06-23 09:01:06:900 [HTTP] {"desiredCapabilities":{"appActivity":"com.torummobile.MainActivity","appPackage":"com.torummobile.dev","automationName":"UiAutomator2","chromeDriverPort":"11000","platformName":"Android","udid":"emulator-5554","deviceName":"Pixel_3","systemPort":"10000"},"capabilities":{"firstMatch":[{"appium:appActivity":"com.torummobile.MainActivity","appium:appPackage":"com.torummobile.dev","appium:automationName":"UiAutomator2","chromeDriverPort":"11000","appium:deviceName":"Pixel_3","platformName":"android","appium:systemPort":"10000","appium:udid":"emulator-5554"}]}}
2023-06-23 09:01:06:901 [W3C] Calling AppiumDriver.createSession() with args: [{"appActivity":"com.torummobile.MainActivity","appPackage":"com.torummobile.dev","automationName":"UiAutomator2","chromeDriverPort":"11000","platformName":"Android","udid":"emulator-5554","deviceName":"Pixel_3","systemPort":"10000"},null,{"firstMatch":[{"appium:appActivity":"com.torummobile.MainActivity","appium:appPackage":"com.torummobile.dev","appium:automationName":"UiAutomator2","chromeDriverPort":"11000","appium:deviceName":"Pixel_3","platformName":"android","appium:systemPort":"10000","appium:udid":"emulator-5554"}]}]
2023-06-23 09:01:06:902 [BaseDriver] Event 'newSessionRequested' logged at 1687510866902 (14:31:06 GMT+0530 (India Standard Time))
2023-06-23 09:01:06:910 [BaseDriver] The following capabilities are not standard capabilities and should have an extension prefix:
2023-06-23 09:01:06:910 [BaseDriver]   chromeDriverPort
2023-06-23 09:01:07:336 [Appium] Appium v1.22.3 creating new AndroidUiautomator2Driver (v1.70.1) session
2023-06-23 09:01:07:336 [Appium] There are no active sessions for cleanup
2023-06-23 09:01:07:338 [BaseDriver] W3C capabilities and MJSONWP desired capabilities were provided
2023-06-23 09:01:07:339 [BaseDriver] Creating session with W3C capabilities: {
2023-06-23 09:01:07:339 [BaseDriver]   "alwaysMatch": {
2023-06-23 09:01:07:339 [BaseDriver]     "appium:chromeDriverPort": "11000",
2023-06-23 09:01:07:339 [BaseDriver]     "platformName": "android",
2023-06-23 09:01:07:339 [BaseDriver]     "appium:appActivity": "com.torummobile.MainActivity",
2023-06-23 09:01:07:339 [BaseDriver]     "appium:appPackage": "com.torummobile.dev",
2023-06-23 09:01:07:339 [BaseDriver]     "appium:automationName": "UiAutomator2",
2023-06-23 09:01:07:339 [BaseDriver]     "appium:deviceName": "Pixel_3",
2023-06-23 09:01:07:339 [BaseDriver]     "appium:systemPort": "10000",
2023-06-23 09:01:07:339 [BaseDriver]     "appium:udid": "emulator-5554"
2023-06-23 09:01:07:340 [BaseDriver]   },
2023-06-23 09:01:07:340 [BaseDriver]   "firstMatch": [
2023-06-23 09:01:07:340 [BaseDriver]     {}
2023-06-23 09:01:07:340 [BaseDriver]   ]
2023-06-23 09:01:07:340 [BaseDriver] }
2023-06-23 09:01:07:342 [BaseDriver] Number capability passed in as string. Functionality may be compromised.
2023-06-23 09:01:07:342 [BaseDriver] Number capability passed in as string. Functionality may be compromised.
2023-06-23 09:01:07:345 [BaseDriver] Capability 'systemPort' changed from string ('10000') to integer (10000). This may cause unexpected behavior
2023-06-23 09:01:07:345 [BaseDriver] Capability 'chromeDriverPort' changed from string ('11000') to integer (11000). This may cause unexpected behavior
2023-06-23 09:01:07:347 [BaseDriver] Session created with session id: db0340fe-33a4-431b-8ef8-0fe3ee6162c7
2023-06-23 09:01:07:348 [UiAutomator2] Starting 'com.torummobile.dev' directly on the device
2023-06-23 09:01:07:351 [UiAutomator2] Deleting UiAutomator2 session
2023-06-23 09:01:07:353 [BaseDriver] Event 'newSessionStarted' logged at 1687510867352 (14:31:07 GMT+0530 (India Standard Time))
2023-06-23 09:01:07:454 [W3C] Encountered internal error running command: Error: Neither ANDROID_HOME nor ANDROID_SDK_ROOT environment variable was exported. Read https://developer.android.com/studio/command-line/variables for more details
2023-06-23 09:01:07:454 [W3C]     at requireSdkRoot (C:\Users\Rekha\AppData\Roaming\npm\node_modules\appium\node_modules\appium-adb\lib\helpers.js:36:11)
2023-06-23 09:01:07:454 [W3C]     at Function.createADB (C:\Users\Rekha\AppData\Roaming\npm\node_modules\appium\node_modules\appium-adb\lib\adb.js:57:23)
2023-06-23 09:01:07:454 [W3C]     at Object.createBaseADB (C:\Users\Rekha\AppData\Roaming\npm\node_modules\appium\node_modules\appium-android-driver\lib\android-helpers.js:129:20)
2023-06-23 09:01:07:454 [W3C]     at Object.getDeviceInfoFromCaps (C:\Users\Rekha\AppData\Roaming\npm\node_modules\appium\node_modules\appium-android-driver\lib\android-helpers.js:214:29)
2023-06-23 09:01:07:454 [W3C]     at AndroidUiautomator2Driver.startUiAutomator2Session (C:\Users\Rekha\AppData\Roaming\npm\node_modules\appium\node_modules\appium-uiautomator2-driver\lib\driver.js:338:40)
2023-06-23 09:01:07:454 [W3C]     at AndroidUiautomator2Driver.createSession (C:\Users\Rekha\AppData\Roaming\npm\node_modules\appium\node_modules\appium-uiautomator2-driver\lib\driver.js:229:18)
2023-06-23 09:01:07:454 [W3C]     at processTicksAndRejections (node:internal/process/task_queues:95:5)
2023-06-23 09:01:07:454 [W3C]     at AppiumDriver.createSession (C:\Users\Rekha\AppData\Roaming\npm\node_modules\appium\lib\appium.js:387:35)
2023-06-23 09:01:07:465 [HTTP] <-- POST /wd/hub/session 500 566 ms - 877
2023-06-23 09:01:07:465 [HTTP] 
