2023-07-13 12:50:18:861 [Appium] Welcome to Appium v1.22.3
2023-07-13 12:50:18:864 [Appium] Non-default server args:
2023-07-13 12:50:18:865 [Appium]   port: 30160
2023-07-13 12:50:18:866 [Appium]   sessionOverride: true
2023-07-13 12:50:18:866 [Appium]   logFile: C:\Users\Rekha\eclipse-workspace\Torum-mobile-automation-master\Android_Pixel_3\Server1689252613500.log
2023-07-13 12:50:18:936 [Appium] Appium REST http interface listener started on 0.0.0.0:30160
2023-07-13 12:50:19:013 [HTTP] --> GET /wd/hub/status
2023-07-13 12:50:19:014 [HTTP] {}
2023-07-13 12:50:19:017 [GENERIC] Calling AppiumDriver.getStatus() with args: []
2023-07-13 12:50:19:019 [GENERIC] Responding to client with driver.getStatus() result: {"build":{"version":"1.22.3"}}
2023-07-13 12:50:19:066 [HTTP] <-- GET /wd/hub/status 200 15 ms - 68
2023-07-13 12:50:19:067 [HTTP] 
2023-07-13 12:50:19:081 [HTTP] --> GET /wd/hub/status
2023-07-13 12:50:19:083 [HTTP] {}
2023-07-13 12:50:19:084 [GENERIC] Calling AppiumDriver.getStatus() with args: []
2023-07-13 12:50:19:086 [GENERIC] Responding to client with driver.getStatus() result: {"build":{"version":"1.22.3"}}
2023-07-13 12:50:19:089 [HTTP] <-- GET /wd/hub/status 200 7 ms - 68
2023-07-13 12:50:19:090 [HTTP] 
2023-07-13 12:50:19:113 [HTTP] Request idempotency key: 441f3181-0744-4b86-a153-cc53896c9c5f
2023-07-13 12:50:19:151 [HTTP] --> POST /wd/hub/session
2023-07-13 12:50:19:151 [HTTP] {"desiredCapabilities":{"appActivity":"com.torummobile.MainActivity","appPackage":"com.torummobile.dev","automationName":"UiAutomator2","chromeDriverPort":"11000","platformName":"Android","udid":"emulator-5554","deviceName":"Pixel_3","systemPort":"10000"},"capabilities":{"firstMatch":[{"appium:appActivity":"com.torummobile.MainActivity","appium:appPackage":"com.torummobile.dev","appium:automationName":"UiAutomator2","chromeDriverPort":"11000","appium:deviceName":"Pixel_3","platformName":"android","appium:systemPort":"10000","appium:udid":"emulator-5554"}]}}
2023-07-13 12:50:19:152 [W3C] Calling AppiumDriver.createSession() with args: [{"appActivity":"com.torummobile.MainActivity","appPackage":"com.torummobile.dev","automationName":"UiAutomator2","chromeDriverPort":"11000","platformName":"Android","udid":"emulator-5554","deviceName":"Pixel_3","systemPort":"10000"},null,{"firstMatch":[{"appium:appActivity":"com.torummobile.MainActivity","appium:appPackage":"com.torummobile.dev","appium:automationName":"UiAutomator2","chromeDriverPort":"11000","appium:deviceName":"Pixel_3","platformName":"android","appium:systemPort":"10000","appium:udid":"emulator-5554"}]}]
2023-07-13 12:50:19:154 [BaseDriver] Event 'newSessionRequested' logged at 1689252619153 (18:20:19 GMT+0530 (India Standard Time))
2023-07-13 12:50:19:160 [BaseDriver] The following capabilities are not standard capabilities and should have an extension prefix:
2023-07-13 12:50:19:160 [BaseDriver]   chromeDriverPort
2023-07-13 12:50:19:755 [Appium] Appium v1.22.3 creating new AndroidUiautomator2Driver (v1.70.1) session
2023-07-13 12:50:19:755 [Appium] There are no active sessions for cleanup
2023-07-13 12:50:19:761 [BaseDriver] W3C capabilities and MJSONWP desired capabilities were provided
2023-07-13 12:50:19:761 [BaseDriver] Creating session with W3C capabilities: {
2023-07-13 12:50:19:762 [BaseDriver]   "alwaysMatch": {
2023-07-13 12:50:19:762 [BaseDriver]     "appium:chromeDriverPort": "11000",
2023-07-13 12:50:19:762 [BaseDriver]     "platformName": "android",
2023-07-13 12:50:19:762 [BaseDriver]     "appium:appActivity": "com.torummobile.MainActivity",
2023-07-13 12:50:19:762 [BaseDriver]     "appium:appPackage": "com.torummobile.dev",
2023-07-13 12:50:19:762 [BaseDriver]     "appium:automationName": "UiAutomator2",
2023-07-13 12:50:19:762 [BaseDriver]     "appium:deviceName": "Pixel_3",
2023-07-13 12:50:19:763 [BaseDriver]     "appium:systemPort": "10000",
2023-07-13 12:50:19:763 [BaseDriver]     "appium:udid": "emulator-5554"
2023-07-13 12:50:19:764 [BaseDriver]   },
2023-07-13 12:50:19:764 [BaseDriver]   "firstMatch": [
2023-07-13 12:50:19:764 [BaseDriver]     {}
2023-07-13 12:50:19:764 [BaseDriver]   ]
2023-07-13 12:50:19:764 [BaseDriver] }
2023-07-13 12:50:19:768 [BaseDriver] Number capability passed in as string. Functionality may be compromised.
2023-07-13 12:50:19:769 [BaseDriver] Number capability passed in as string. Functionality may be compromised.
2023-07-13 12:50:19:779 [BaseDriver] Capability 'systemPort' changed from string ('10000') to integer (10000). This may cause unexpected behavior
2023-07-13 12:50:19:779 [BaseDriver] Capability 'chromeDriverPort' changed from string ('11000') to integer (11000). This may cause unexpected behavior
2023-07-13 12:50:19:784 [BaseDriver] Session created with session id: c6cde658-bfd4-4b8a-9670-226a731a89aa
2023-07-13 12:50:19:785 [UiAutomator2] Starting 'com.torummobile.dev' directly on the device
2023-07-13 12:50:19:842 [ADB] Found 2 'build-tools' folders under 'C:\Users\Rekha\AppData\Local\Android\Sdk' (newest first):
2023-07-13 12:50:19:842 [ADB]     C:/Users/Rekha/AppData/Local/Android/Sdk/build-tools/34.0.0
2023-07-13 12:50:19:842 [ADB]     C:/Users/Rekha/AppData/Local/Android/Sdk/build-tools/30.0.3
2023-07-13 12:50:19:844 [ADB] Using 'adb.exe' from 'C:\Users\Rekha\AppData\Local\Android\Sdk\platform-tools\adb.exe'
2023-07-13 12:50:19:845 [ADB] Running 'C:\Users\Rekha\AppData\Local\Android\Sdk\platform-tools\adb.exe -P 5037 start-server'
2023-07-13 12:50:19:908 [AndroidDriver] Retrieving device list
2023-07-13 12:50:19:909 [ADB] Trying to find a connected android device
2023-07-13 12:50:19:910 [ADB] Getting connected devices
2023-07-13 12:50:19:959 [ADB] Connected devices: [{"udid":"ZD2226MYVB","state":"device"}]
2023-07-13 12:50:19:960 [AndroidDriver] Device emulator-5554 was not in the list of connected devices
2023-07-13 12:50:19:961 [UiAutomator2] Deleting UiAutomator2 session
2023-07-13 12:50:19:963 [BaseDriver] Event 'newSessionStarted' logged at 1689252619963 (18:20:19 GMT+0530 (India Standard Time))
2023-07-13 12:50:20:139 [W3C] Encountered internal error running command: Error: Device emulator-5554 was not in the list of connected devices
2023-07-13 12:50:20:139 [W3C]     at Object.errorAndThrow (C:\Users\Rekha\AppData\Roaming\npm\node_modules\appium\node_modules\appium-support\lib\logging.js:94:35)
2023-07-13 12:50:20:139 [W3C]     at Object.getDeviceInfoFromCaps (C:\Users\Rekha\AppData\Roaming\npm\node_modules\appium\node_modules\appium-android-driver\lib\android-helpers.js:231:16)
2023-07-13 12:50:20:140 [W3C]     at AndroidUiautomator2Driver.startUiAutomator2Session (C:\Users\Rekha\AppData\Roaming\npm\node_modules\appium\node_modules\appium-uiautomator2-driver\lib\driver.js:338:26)
2023-07-13 12:50:20:140 [W3C]     at AndroidUiautomator2Driver.createSession (C:\Users\Rekha\AppData\Roaming\npm\node_modules\appium\node_modules\appium-uiautomator2-driver\lib\driver.js:229:7)
2023-07-13 12:50:20:140 [W3C]     at AppiumDriver.createSession (C:\Users\Rekha\AppData\Roaming\npm\node_modules\appium\lib\appium.js:387:35)
2023-07-13 12:50:20:159 [HTTP] <-- POST /wd/hub/session 500 1008 ms - 683
2023-07-13 12:50:20:160 [HTTP] 
