2023-06-28 07:13:52:713 [Appium] Welcome to Appium v1.22.3
2023-06-28 07:13:52:715 [Appium] Non-default server args:
2023-06-28 07:13:52:716 [Appium]   port: 19378
2023-06-28 07:13:52:716 [Appium]   sessionOverride: true
2023-06-28 07:13:52:717 [Appium]   logFile: C:\Users\Rekha\eclipse-workspace\Torum-mobile-automation-master\Android_Pixel_3\Server1687936427165.log
2023-06-28 07:13:52:772 [Appium] Appium REST http interface listener started on 0.0.0.0:19378
2023-06-28 07:13:52:998 [HTTP] --> GET /wd/hub/status
2023-06-28 07:13:52:999 [HTTP] {}
2023-06-28 07:13:53:003 [GENERIC] Calling AppiumDriver.getStatus() with args: []
2023-06-28 07:13:53:006 [GENERIC] Responding to client with driver.getStatus() result: {"build":{"version":"1.22.3"}}
2023-06-28 07:13:53:023 [HTTP] <-- GET /wd/hub/status 200 18 ms - 68
2023-06-28 07:13:53:024 [HTTP] 
2023-06-28 07:13:53:033 [HTTP] --> GET /wd/hub/status
2023-06-28 07:13:53:034 [HTTP] {}
2023-06-28 07:13:53:034 [GENERIC] Calling AppiumDriver.getStatus() with args: []
2023-06-28 07:13:53:036 [GENERIC] Responding to client with driver.getStatus() result: {"build":{"version":"1.22.3"}}
2023-06-28 07:13:53:040 [HTTP] <-- GET /wd/hub/status 200 5 ms - 68
2023-06-28 07:13:53:040 [HTTP] 
2023-06-28 07:13:53:062 [HTTP] Request idempotency key: bca05ac3-336e-4ba8-8756-810061321ed1
2023-06-28 07:13:53:094 [HTTP] --> POST /wd/hub/session
2023-06-28 07:13:53:095 [HTTP] {"desiredCapabilities":{"appActivity":"com.torummobile.MainActivity","appPackage":"com.torummobile.dev","automationName":"UiAutomator2","chromeDriverPort":"11000","platformName":"Android","udid":"emulator-5554","deviceName":"Pixel_3","systemPort":"10000"},"capabilities":{"firstMatch":[{"appium:appActivity":"com.torummobile.MainActivity","appium:appPackage":"com.torummobile.dev","appium:automationName":"UiAutomator2","chromeDriverPort":"11000","appium:deviceName":"Pixel_3","platformName":"android","appium:systemPort":"10000","appium:udid":"emulator-5554"}]}}
2023-06-28 07:13:53:096 [W3C] Calling AppiumDriver.createSession() with args: [{"appActivity":"com.torummobile.MainActivity","appPackage":"com.torummobile.dev","automationName":"UiAutomator2","chromeDriverPort":"11000","platformName":"Android","udid":"emulator-5554","deviceName":"Pixel_3","systemPort":"10000"},null,{"firstMatch":[{"appium:appActivity":"com.torummobile.MainActivity","appium:appPackage":"com.torummobile.dev","appium:automationName":"UiAutomator2","chromeDriverPort":"11000","appium:deviceName":"Pixel_3","platformName":"android","appium:systemPort":"10000","appium:udid":"emulator-5554"}]}]
2023-06-28 07:13:53:097 [BaseDriver] Event 'newSessionRequested' logged at 1687936433097 (12:43:53 GMT+0530 (India Standard Time))
2023-06-28 07:13:53:104 [BaseDriver] The following capabilities are not standard capabilities and should have an extension prefix:
2023-06-28 07:13:53:104 [BaseDriver]   chromeDriverPort
2023-06-28 07:13:53:609 [Appium] Appium v1.22.3 creating new AndroidUiautomator2Driver (v1.70.1) session
2023-06-28 07:13:53:610 [Appium] There are no active sessions for cleanup
2023-06-28 07:13:53:614 [BaseDriver] W3C capabilities and MJSONWP desired capabilities were provided
2023-06-28 07:13:53:614 [BaseDriver] Creating session with W3C capabilities: {
2023-06-28 07:13:53:614 [BaseDriver]   "alwaysMatch": {
2023-06-28 07:13:53:614 [BaseDriver]     "appium:chromeDriverPort": "11000",
2023-06-28 07:13:53:615 [BaseDriver]     "platformName": "android",
2023-06-28 07:13:53:615 [BaseDriver]     "appium:appActivity": "com.torummobile.MainActivity",
2023-06-28 07:13:53:615 [BaseDriver]     "appium:appPackage": "com.torummobile.dev",
2023-06-28 07:13:53:615 [BaseDriver]     "appium:automationName": "UiAutomator2",
2023-06-28 07:13:53:615 [BaseDriver]     "appium:deviceName": "Pixel_3",
2023-06-28 07:13:53:615 [BaseDriver]     "appium:systemPort": "10000",
2023-06-28 07:13:53:616 [BaseDriver]     "appium:udid": "emulator-5554"
2023-06-28 07:13:53:616 [BaseDriver]   },
2023-06-28 07:13:53:616 [BaseDriver]   "firstMatch": [
2023-06-28 07:13:53:616 [BaseDriver]     {}
2023-06-28 07:13:53:616 [BaseDriver]   ]
2023-06-28 07:13:53:617 [BaseDriver] }
2023-06-28 07:13:53:619 [BaseDriver] Number capability passed in as string. Functionality may be compromised.
2023-06-28 07:13:53:620 [BaseDriver] Number capability passed in as string. Functionality may be compromised.
2023-06-28 07:13:53:624 [BaseDriver] Capability 'systemPort' changed from string ('10000') to integer (10000). This may cause unexpected behavior
2023-06-28 07:13:53:625 [BaseDriver] Capability 'chromeDriverPort' changed from string ('11000') to integer (11000). This may cause unexpected behavior
2023-06-28 07:13:53:628 [BaseDriver] Session created with session id: c1172036-2e35-4b9d-840d-989627a7c023
2023-06-28 07:13:53:629 [UiAutomator2] Starting 'com.torummobile.dev' directly on the device
2023-06-28 07:13:53:683 [ADB] Found 2 'build-tools' folders under 'C:\Users\Rekha\AppData\Local\Android\Sdk' (newest first):
2023-06-28 07:13:53:683 [ADB]     C:/Users/Rekha/AppData/Local/Android/Sdk/build-tools/34.0.0
2023-06-28 07:13:53:683 [ADB]     C:/Users/Rekha/AppData/Local/Android/Sdk/build-tools/30.0.3
2023-06-28 07:13:53:684 [ADB] Using 'adb.exe' from 'C:\Users\Rekha\AppData\Local\Android\Sdk\platform-tools\adb.exe'
2023-06-28 07:13:53:686 [ADB] Running 'C:\Users\Rekha\AppData\Local\Android\Sdk\platform-tools\adb.exe -P 5037 start-server'
2023-06-28 07:13:53:735 [AndroidDriver] Retrieving device list
2023-06-28 07:13:53:736 [ADB] Trying to find a connected android device
2023-06-28 07:13:53:736 [ADB] Getting connected devices
2023-06-28 07:13:53:779 [ADB] No connected devices have been detected
2023-06-28 07:13:53:780 [ADB] Could not find online devices
2023-06-28 07:13:53:780 [ADB] Reconnecting adb (target offline)
2023-06-28 07:13:53:780 [ADB] Running 'C:\Users\Rekha\AppData\Local\Android\Sdk\platform-tools\adb.exe -P 5037 reconnect offline'
2023-06-28 07:13:54:034 [ADB] Getting connected devices
2023-06-28 07:13:54:073 [ADB] No connected devices have been detected
2023-06-28 07:13:54:074 [ADB] Could not find online devices
2023-06-28 07:13:54:074 [ADB] Reconnecting adb (target offline)
2023-06-28 07:13:54:074 [ADB] Running 'C:\Users\Rekha\AppData\Local\Android\Sdk\platform-tools\adb.exe -P 5037 reconnect offline'
2023-06-28 07:13:54:330 [ADB] Getting connected devices
2023-06-28 07:13:54:373 [ADB] No connected devices have been detected
2023-06-28 07:13:54:373 [ADB] Could not find online devices
2023-06-28 07:13:54:373 [ADB] Reconnecting adb (target offline)
2023-06-28 07:13:54:374 [ADB] Running 'C:\Users\Rekha\AppData\Local\Android\Sdk\platform-tools\adb.exe -P 5037 reconnect offline'
2023-06-28 07:13:54:625 [ADB] Getting connected devices
2023-06-28 07:13:54:665 [ADB] No connected devices have been detected
2023-06-28 07:13:54:666 [ADB] Could not find online devices
2023-06-28 07:13:54:666 [ADB] Reconnecting adb (target offline)
2023-06-28 07:13:54:666 [ADB] Running 'C:\Users\Rekha\AppData\Local\Android\Sdk\platform-tools\adb.exe -P 5037 reconnect offline'
2023-06-28 07:13:54:921 [ADB] Getting connected devices
2023-06-28 07:13:54:964 [ADB] No connected devices have been detected
2023-06-28 07:13:54:964 [ADB] Could not find online devices
2023-06-28 07:13:54:964 [ADB] Reconnecting adb (target offline)
2023-06-28 07:13:54:964 [ADB] Running 'C:\Users\Rekha\AppData\Local\Android\Sdk\platform-tools\adb.exe -P 5037 reconnect offline'
2023-06-28 07:13:55:216 [ADB] Getting connected devices
2023-06-28 07:13:55:256 [ADB] No connected devices have been detected
2023-06-28 07:13:55:257 [ADB] Could not find online devices
2023-06-28 07:13:55:257 [ADB] Reconnecting adb (target offline)
2023-06-28 07:13:55:257 [ADB] Running 'C:\Users\Rekha\AppData\Local\Android\Sdk\platform-tools\adb.exe -P 5037 reconnect offline'
2023-06-28 07:13:55:510 [ADB] Getting connected devices
2023-06-28 07:13:55:551 [ADB] No connected devices have been detected
2023-06-28 07:13:55:551 [ADB] Could not find online devices
2023-06-28 07:13:55:551 [ADB] Reconnecting adb (target offline)
2023-06-28 07:13:55:551 [ADB] Running 'C:\Users\Rekha\AppData\Local\Android\Sdk\platform-tools\adb.exe -P 5037 reconnect offline'
2023-06-28 07:13:55:805 [ADB] Getting connected devices
2023-06-28 07:13:55:826 [ADB] No connected devices have been detected
2023-06-28 07:13:55:827 [ADB] Could not find online devices
2023-06-28 07:13:55:827 [ADB] Reconnecting adb (target offline)
2023-06-28 07:13:55:827 [ADB] Running 'C:\Users\Rekha\AppData\Local\Android\Sdk\platform-tools\adb.exe -P 5037 reconnect offline'
2023-06-28 07:13:56:058 [ADB] Getting connected devices
2023-06-28 07:13:56:087 [ADB] No connected devices have been detected
2023-06-28 07:13:56:087 [ADB] Could not find online devices
2023-06-28 07:13:56:088 [ADB] Reconnecting adb (target offline)
2023-06-28 07:13:56:088 [ADB] Running 'C:\Users\Rekha\AppData\Local\Android\Sdk\platform-tools\adb.exe -P 5037 reconnect offline'
2023-06-28 07:13:56:321 [ADB] Getting connected devices
2023-06-28 07:13:56:349 [ADB] No connected devices have been detected
2023-06-28 07:13:56:349 [ADB] Could not find online devices
2023-06-28 07:13:56:350 [ADB] Reconnecting adb (target offline)
2023-06-28 07:13:56:350 [ADB] Running 'C:\Users\Rekha\AppData\Local\Android\Sdk\platform-tools\adb.exe -P 5037 reconnect offline'
2023-06-28 07:13:56:588 [ADB] Getting connected devices
2023-06-28 07:13:56:611 [ADB] No connected devices have been detected
2023-06-28 07:13:56:611 [ADB] Could not find online devices
2023-06-28 07:13:56:612 [ADB] Reconnecting adb (target offline)
2023-06-28 07:13:56:612 [ADB] Running 'C:\Users\Rekha\AppData\Local\Android\Sdk\platform-tools\adb.exe -P 5037 reconnect offline'
2023-06-28 07:13:56:851 [ADB] Getting connected devices
2023-06-28 07:13:56:877 [ADB] No connected devices have been detected
2023-06-28 07:13:56:877 [ADB] Could not find online devices
2023-06-28 07:13:56:877 [ADB] Reconnecting adb (target offline)
2023-06-28 07:13:56:878 [ADB] Running 'C:\Users\Rekha\AppData\Local\Android\Sdk\platform-tools\adb.exe -P 5037 reconnect offline'
2023-06-28 07:13:57:103 [ADB] Getting connected devices
2023-06-28 07:13:57:128 [ADB] No connected devices have been detected
2023-06-28 07:13:57:128 [ADB] Could not find online devices
2023-06-28 07:13:57:128 [ADB] Reconnecting adb (target offline)
2023-06-28 07:13:57:129 [ADB] Running 'C:\Users\Rekha\AppData\Local\Android\Sdk\platform-tools\adb.exe -P 5037 reconnect offline'
2023-06-28 07:13:57:369 [ADB] Getting connected devices
2023-06-28 07:13:57:410 [ADB] No connected devices have been detected
2023-06-28 07:13:57:411 [ADB] Could not find online devices
2023-06-28 07:13:57:411 [ADB] Reconnecting adb (target offline)
2023-06-28 07:13:57:411 [ADB] Running 'C:\Users\Rekha\AppData\Local\Android\Sdk\platform-tools\adb.exe -P 5037 reconnect offline'
2023-06-28 07:13:57:665 [ADB] Getting connected devices
2023-06-28 07:13:57:706 [ADB] No connected devices have been detected
2023-06-28 07:13:57:706 [ADB] Could not find online devices
2023-06-28 07:13:57:706 [ADB] Reconnecting adb (target offline)
2023-06-28 07:13:57:706 [ADB] Running 'C:\Users\Rekha\AppData\Local\Android\Sdk\platform-tools\adb.exe -P 5037 reconnect offline'
2023-06-28 07:13:57:958 [ADB] Getting connected devices
2023-06-28 07:13:57:999 [ADB] No connected devices have been detected
2023-06-28 07:13:57:999 [ADB] Could not find online devices
2023-06-28 07:13:57:999 [ADB] Reconnecting adb (target offline)
2023-06-28 07:13:58:000 [ADB] Running 'C:\Users\Rekha\AppData\Local\Android\Sdk\platform-tools\adb.exe -P 5037 reconnect offline'
2023-06-28 07:13:58:254 [ADB] Getting connected devices
2023-06-28 07:13:58:293 [ADB] No connected devices have been detected
2023-06-28 07:13:58:293 [ADB] Could not find online devices
2023-06-28 07:13:58:294 [ADB] Reconnecting adb (target offline)
2023-06-28 07:13:58:294 [ADB] Running 'C:\Users\Rekha\AppData\Local\Android\Sdk\platform-tools\adb.exe -P 5037 reconnect offline'
2023-06-28 07:13:58:535 [ADB] Getting connected devices
2023-06-28 07:13:58:577 [ADB] No connected devices have been detected
2023-06-28 07:13:58:577 [ADB] Could not find online devices
2023-06-28 07:13:58:577 [ADB] Reconnecting adb (target offline)
2023-06-28 07:13:58:577 [ADB] Running 'C:\Users\Rekha\AppData\Local\Android\Sdk\platform-tools\adb.exe -P 5037 reconnect offline'
2023-06-28 07:13:58:832 [ADB] Getting connected devices
2023-06-28 07:13:58:876 [ADB] No connected devices have been detected
2023-06-28 07:13:58:876 [ADB] Could not find online devices
2023-06-28 07:13:58:877 [ADB] Reconnecting adb (target offline)
2023-06-28 07:13:58:877 [ADB] Running 'C:\Users\Rekha\AppData\Local\Android\Sdk\platform-tools\adb.exe -P 5037 reconnect offline'
2023-06-28 07:13:59:129 [ADB] Getting connected devices
2023-06-28 07:13:59:172 [ADB] No connected devices have been detected
2023-06-28 07:13:59:172 [ADB] Could not find online devices
2023-06-28 07:13:59:172 [ADB] Reconnecting adb (target offline)
2023-06-28 07:13:59:173 [ADB] Running 'C:\Users\Rekha\AppData\Local\Android\Sdk\platform-tools\adb.exe -P 5037 reconnect offline'
2023-06-28 07:13:59:428 [ADB] Getting connected devices
2023-06-28 07:13:59:468 [ADB] No connected devices have been detected
2023-06-28 07:13:59:469 [ADB] Could not find online devices
2023-06-28 07:13:59:469 [ADB] Reconnecting adb (target offline)
2023-06-28 07:13:59:469 [ADB] Running 'C:\Users\Rekha\AppData\Local\Android\Sdk\platform-tools\adb.exe -P 5037 reconnect offline'
2023-06-28 07:13:59:724 [ADB] Getting connected devices
2023-06-28 07:13:59:765 [ADB] No connected devices have been detected
2023-06-28 07:13:59:766 [ADB] Could not find online devices
2023-06-28 07:13:59:766 [ADB] Reconnecting adb (target offline)
2023-06-28 07:13:59:766 [ADB] Running 'C:\Users\Rekha\AppData\Local\Android\Sdk\platform-tools\adb.exe -P 5037 reconnect offline'
2023-06-28 07:14:00:020 [ADB] Getting connected devices
2023-06-28 07:14:00:071 [ADB] No connected devices have been detected
2023-06-28 07:14:00:071 [ADB] Could not find online devices
2023-06-28 07:14:00:071 [ADB] Reconnecting adb (target offline)
2023-06-28 07:14:00:072 [ADB] Running 'C:\Users\Rekha\AppData\Local\Android\Sdk\platform-tools\adb.exe -P 5037 reconnect offline'
2023-06-28 07:14:00:330 [ADB] Getting connected devices
2023-06-28 07:14:00:373 [ADB] No connected devices have been detected
2023-06-28 07:14:00:374 [ADB] Could not find online devices
2023-06-28 07:14:00:374 [ADB] Reconnecting adb (target offline)
2023-06-28 07:14:00:374 [ADB] Running 'C:\Users\Rekha\AppData\Local\Android\Sdk\platform-tools\adb.exe -P 5037 reconnect offline'
2023-06-28 07:14:00:627 [ADB] Getting connected devices
2023-06-28 07:14:00:666 [ADB] No connected devices have been detected
2023-06-28 07:14:00:667 [ADB] Could not find online devices
2023-06-28 07:14:00:667 [ADB] Reconnecting adb (target offline)
2023-06-28 07:14:00:667 [ADB] Running 'C:\Users\Rekha\AppData\Local\Android\Sdk\platform-tools\adb.exe -P 5037 reconnect offline'
2023-06-28 07:14:00:923 [ADB] Getting connected devices
2023-06-28 07:14:00:962 [ADB] No connected devices have been detected
2023-06-28 07:14:00:962 [ADB] Could not find online devices
2023-06-28 07:14:00:962 [ADB] Reconnecting adb (target offline)
2023-06-28 07:14:00:963 [ADB] Running 'C:\Users\Rekha\AppData\Local\Android\Sdk\platform-tools\adb.exe -P 5037 reconnect offline'
2023-06-28 07:14:01:206 [ADB] Getting connected devices
2023-06-28 07:14:01:246 [ADB] No connected devices have been detected
2023-06-28 07:14:01:246 [ADB] Could not find online devices
2023-06-28 07:14:01:246 [ADB] Reconnecting adb (target offline)
2023-06-28 07:14:01:246 [ADB] Running 'C:\Users\Rekha\AppData\Local\Android\Sdk\platform-tools\adb.exe -P 5037 reconnect offline'
2023-06-28 07:14:01:501 [ADB] Getting connected devices
2023-06-28 07:14:01:539 [ADB] No connected devices have been detected
2023-06-28 07:14:01:539 [ADB] Could not find online devices
2023-06-28 07:14:01:539 [ADB] Reconnecting adb (target offline)
2023-06-28 07:14:01:540 [ADB] Running 'C:\Users\Rekha\AppData\Local\Android\Sdk\platform-tools\adb.exe -P 5037 reconnect offline'
2023-06-28 07:14:01:781 [ADB] Getting connected devices
2023-06-28 07:14:01:822 [ADB] No connected devices have been detected
2023-06-28 07:14:01:822 [ADB] Could not find online devices
2023-06-28 07:14:01:822 [ADB] Reconnecting adb (target offline)
2023-06-28 07:14:01:823 [ADB] Running 'C:\Users\Rekha\AppData\Local\Android\Sdk\platform-tools\adb.exe -P 5037 reconnect offline'
2023-06-28 07:14:02:077 [ADB] Getting connected devices
2023-06-28 07:14:02:119 [ADB] No connected devices have been detected
2023-06-28 07:14:02:119 [ADB] Could not find online devices
2023-06-28 07:14:02:119 [ADB] Reconnecting adb (target offline)
2023-06-28 07:14:02:119 [ADB] Running 'C:\Users\Rekha\AppData\Local\Android\Sdk\platform-tools\adb.exe -P 5037 reconnect offline'
2023-06-28 07:14:02:371 [ADB] Getting connected devices
2023-06-28 07:14:02:411 [ADB] No connected devices have been detected
2023-06-28 07:14:02:411 [ADB] Could not find online devices
2023-06-28 07:14:02:412 [ADB] Reconnecting adb (target offline)
2023-06-28 07:14:02:412 [ADB] Running 'C:\Users\Rekha\AppData\Local\Android\Sdk\platform-tools\adb.exe -P 5037 reconnect offline'
2023-06-28 07:14:02:653 [ADB] Getting connected devices
2023-06-28 07:14:02:693 [ADB] No connected devices have been detected
2023-06-28 07:14:02:694 [ADB] Could not find online devices
2023-06-28 07:14:02:694 [ADB] Reconnecting adb (target offline)
2023-06-28 07:14:02:694 [ADB] Running 'C:\Users\Rekha\AppData\Local\Android\Sdk\platform-tools\adb.exe -P 5037 reconnect offline'
2023-06-28 07:14:02:949 [ADB] Getting connected devices
2023-06-28 07:14:02:988 [ADB] No connected devices have been detected
2023-06-28 07:14:02:988 [ADB] Could not find online devices
2023-06-28 07:14:02:988 [ADB] Reconnecting adb (target offline)
2023-06-28 07:14:02:989 [ADB] Running 'C:\Users\Rekha\AppData\Local\Android\Sdk\platform-tools\adb.exe -P 5037 reconnect offline'
2023-06-28 07:14:03:243 [ADB] Getting connected devices
2023-06-28 07:14:03:282 [ADB] No connected devices have been detected
2023-06-28 07:14:03:282 [ADB] Could not find online devices
2023-06-28 07:14:03:282 [ADB] Reconnecting adb (target offline)
2023-06-28 07:14:03:282 [ADB] Running 'C:\Users\Rekha\AppData\Local\Android\Sdk\platform-tools\adb.exe -P 5037 reconnect offline'
2023-06-28 07:14:03:523 [ADB] Getting connected devices
2023-06-28 07:14:03:544 [ADB] No connected devices have been detected
2023-06-28 07:14:03:544 [ADB] Could not find online devices
2023-06-28 07:14:03:544 [ADB] Reconnecting adb (target offline)
2023-06-28 07:14:03:544 [ADB] Running 'C:\Users\Rekha\AppData\Local\Android\Sdk\platform-tools\adb.exe -P 5037 reconnect offline'
2023-06-28 07:14:03:771 [ADB] Getting connected devices
2023-06-28 07:14:03:794 [ADB] No connected devices have been detected
2023-06-28 07:14:03:794 [ADB] Could not find online devices
2023-06-28 07:14:03:794 [ADB] Reconnecting adb (target offline)
2023-06-28 07:14:03:794 [ADB] Running 'C:\Users\Rekha\AppData\Local\Android\Sdk\platform-tools\adb.exe -P 5037 reconnect offline'
2023-06-28 07:14:04:021 [ADB] Getting connected devices
2023-06-28 07:14:04:047 [ADB] No connected devices have been detected
2023-06-28 07:14:04:047 [ADB] Could not find online devices
2023-06-28 07:14:04:047 [ADB] Reconnecting adb (target offline)
2023-06-28 07:14:04:047 [ADB] Running 'C:\Users\Rekha\AppData\Local\Android\Sdk\platform-tools\adb.exe -P 5037 reconnect offline'
2023-06-28 07:14:04:284 [ADB] Getting connected devices
2023-06-28 07:14:04:308 [ADB] No connected devices have been detected
2023-06-28 07:14:04:308 [ADB] Could not find online devices
2023-06-28 07:14:04:308 [ADB] Reconnecting adb (target offline)
2023-06-28 07:14:04:309 [ADB] Running 'C:\Users\Rekha\AppData\Local\Android\Sdk\platform-tools\adb.exe -P 5037 reconnect offline'
2023-06-28 07:14:04:547 [ADB] Getting connected devices
2023-06-28 07:14:04:572 [ADB] No connected devices have been detected
2023-06-28 07:14:04:572 [ADB] Could not find online devices
2023-06-28 07:14:04:572 [ADB] Reconnecting adb (target offline)
2023-06-28 07:14:04:572 [ADB] Running 'C:\Users\Rekha\AppData\Local\Android\Sdk\platform-tools\adb.exe -P 5037 reconnect offline'
2023-06-28 07:14:04:799 [ADB] Getting connected devices
2023-06-28 07:14:04:824 [ADB] No connected devices have been detected
2023-06-28 07:14:04:824 [ADB] Could not find online devices
2023-06-28 07:14:04:824 [ADB] Reconnecting adb (target offline)
2023-06-28 07:14:04:824 [ADB] Running 'C:\Users\Rekha\AppData\Local\Android\Sdk\platform-tools\adb.exe -P 5037 reconnect offline'
2023-06-28 07:14:05:061 [ADB] Getting connected devices
2023-06-28 07:14:05:100 [ADB] No connected devices have been detected
2023-06-28 07:14:05:100 [ADB] Could not find online devices
2023-06-28 07:14:05:100 [ADB] Reconnecting adb (target offline)
2023-06-28 07:14:05:101 [ADB] Running 'C:\Users\Rekha\AppData\Local\Android\Sdk\platform-tools\adb.exe -P 5037 reconnect offline'
2023-06-28 07:14:05:340 [ADB] Getting connected devices
2023-06-28 07:14:05:383 [ADB] No connected devices have been detected
2023-06-28 07:14:05:383 [ADB] Could not find online devices
2023-06-28 07:14:05:383 [ADB] Reconnecting adb (target offline)
2023-06-28 07:14:05:384 [ADB] Running 'C:\Users\Rekha\AppData\Local\Android\Sdk\platform-tools\adb.exe -P 5037 reconnect offline'
2023-06-28 07:14:05:636 [ADB] Getting connected devices
2023-06-28 07:14:05:674 [ADB] No connected devices have been detected
2023-06-28 07:14:05:675 [ADB] Could not find online devices
2023-06-28 07:14:05:675 [ADB] Reconnecting adb (target offline)
2023-06-28 07:14:05:675 [ADB] Running 'C:\Users\Rekha\AppData\Local\Android\Sdk\platform-tools\adb.exe -P 5037 reconnect offline'
2023-06-28 07:14:05:916 [ADB] Getting connected devices
2023-06-28 07:14:05:956 [ADB] No connected devices have been detected
2023-06-28 07:14:05:956 [ADB] Could not find online devices
2023-06-28 07:14:05:956 [ADB] Reconnecting adb (target offline)
2023-06-28 07:14:05:957 [ADB] Running 'C:\Users\Rekha\AppData\Local\Android\Sdk\platform-tools\adb.exe -P 5037 reconnect offline'
2023-06-28 07:14:06:212 [ADB] Getting connected devices
2023-06-28 07:14:06:252 [ADB] No connected devices have been detected
2023-06-28 07:14:06:253 [ADB] Could not find online devices
2023-06-28 07:14:06:253 [ADB] Reconnecting adb (target offline)
2023-06-28 07:14:06:253 [ADB] Running 'C:\Users\Rekha\AppData\Local\Android\Sdk\platform-tools\adb.exe -P 5037 reconnect offline'
2023-06-28 07:14:06:505 [ADB] Getting connected devices
2023-06-28 07:14:06:546 [ADB] No connected devices have been detected
2023-06-28 07:14:06:546 [ADB] Could not find online devices
2023-06-28 07:14:06:546 [ADB] Reconnecting adb (target offline)
2023-06-28 07:14:06:546 [ADB] Running 'C:\Users\Rekha\AppData\Local\Android\Sdk\platform-tools\adb.exe -P 5037 reconnect offline'
2023-06-28 07:14:06:789 [ADB] Getting connected devices
2023-06-28 07:14:06:831 [ADB] No connected devices have been detected
2023-06-28 07:14:06:831 [ADB] Could not find online devices
2023-06-28 07:14:06:831 [ADB] Reconnecting adb (target offline)
2023-06-28 07:14:06:831 [ADB] Running 'C:\Users\Rekha\AppData\Local\Android\Sdk\platform-tools\adb.exe -P 5037 reconnect offline'
2023-06-28 07:14:07:091 [ADB] Getting connected devices
2023-06-28 07:14:07:130 [ADB] No connected devices have been detected
2023-06-28 07:14:07:130 [ADB] Could not find online devices
2023-06-28 07:14:07:130 [ADB] Reconnecting adb (target offline)
2023-06-28 07:14:07:130 [ADB] Running 'C:\Users\Rekha\AppData\Local\Android\Sdk\platform-tools\adb.exe -P 5037 reconnect offline'
2023-06-28 07:14:07:371 [ADB] Getting connected devices
2023-06-28 07:14:07:411 [ADB] No connected devices have been detected
2023-06-28 07:14:07:411 [ADB] Could not find online devices
2023-06-28 07:14:07:411 [ADB] Reconnecting adb (target offline)
2023-06-28 07:14:07:412 [ADB] Running 'C:\Users\Rekha\AppData\Local\Android\Sdk\platform-tools\adb.exe -P 5037 reconnect offline'
2023-06-28 07:14:07:668 [ADB] Getting connected devices
2023-06-28 07:14:07:706 [ADB] No connected devices have been detected
2023-06-28 07:14:07:706 [ADB] Could not find online devices
2023-06-28 07:14:07:706 [ADB] Reconnecting adb (target offline)
2023-06-28 07:14:07:706 [ADB] Running 'C:\Users\Rekha\AppData\Local\Android\Sdk\platform-tools\adb.exe -P 5037 reconnect offline'
2023-06-28 07:14:07:958 [ADB] Getting connected devices
2023-06-28 07:14:07:998 [ADB] No connected devices have been detected
2023-06-28 07:14:07:998 [ADB] Could not find online devices
2023-06-28 07:14:07:998 [ADB] Reconnecting adb (target offline)
2023-06-28 07:14:07:998 [ADB] Running 'C:\Users\Rekha\AppData\Local\Android\Sdk\platform-tools\adb.exe -P 5037 reconnect offline'
2023-06-28 07:14:08:240 [ADB] Getting connected devices
2023-06-28 07:14:08:276 [ADB] No connected devices have been detected
2023-06-28 07:14:08:277 [ADB] Could not find online devices
2023-06-28 07:14:08:277 [ADB] Reconnecting adb (target offline)
2023-06-28 07:14:08:277 [ADB] Running 'C:\Users\Rekha\AppData\Local\Android\Sdk\platform-tools\adb.exe -P 5037 reconnect offline'
2023-06-28 07:14:08:523 [ADB] Getting connected devices
2023-06-28 07:14:08:563 [ADB] No connected devices have been detected
2023-06-28 07:14:08:563 [ADB] Could not find online devices
2023-06-28 07:14:08:563 [ADB] Reconnecting adb (target offline)
2023-06-28 07:14:08:564 [ADB] Running 'C:\Users\Rekha\AppData\Local\Android\Sdk\platform-tools\adb.exe -P 5037 reconnect offline'
2023-06-28 07:14:08:814 [ADB] Getting connected devices
2023-06-28 07:14:08:855 [ADB] No connected devices have been detected
2023-06-28 07:14:08:856 [ADB] Could not find online devices
2023-06-28 07:14:08:856 [ADB] Reconnecting adb (target offline)
2023-06-28 07:14:08:856 [ADB] Running 'C:\Users\Rekha\AppData\Local\Android\Sdk\platform-tools\adb.exe -P 5037 reconnect offline'
2023-06-28 07:14:09:123 [ADB] Getting connected devices
2023-06-28 07:14:09:163 [ADB] No connected devices have been detected
2023-06-28 07:14:09:164 [ADB] Could not find online devices
2023-06-28 07:14:09:164 [ADB] Reconnecting adb (target offline)
2023-06-28 07:14:09:164 [ADB] Running 'C:\Users\Rekha\AppData\Local\Android\Sdk\platform-tools\adb.exe -P 5037 reconnect offline'
2023-06-28 07:14:09:403 [ADB] Getting connected devices
2023-06-28 07:14:09:444 [ADB] No connected devices have been detected
2023-06-28 07:14:09:444 [ADB] Could not find online devices
2023-06-28 07:14:09:444 [ADB] Reconnecting adb (target offline)
2023-06-28 07:14:09:444 [ADB] Running 'C:\Users\Rekha\AppData\Local\Android\Sdk\platform-tools\adb.exe -P 5037 reconnect offline'
2023-06-28 07:14:09:686 [ADB] Getting connected devices
2023-06-28 07:14:09:726 [ADB] No connected devices have been detected
2023-06-28 07:14:09:727 [ADB] Could not find online devices
2023-06-28 07:14:09:727 [ADB] Reconnecting adb (target offline)
2023-06-28 07:14:09:727 [ADB] Running 'C:\Users\Rekha\AppData\Local\Android\Sdk\platform-tools\adb.exe -P 5037 reconnect offline'
2023-06-28 07:14:09:980 [ADB] Getting connected devices
2023-06-28 07:14:10:018 [ADB] No connected devices have been detected
2023-06-28 07:14:10:018 [ADB] Could not find online devices
2023-06-28 07:14:10:018 [ADB] Reconnecting adb (target offline)
2023-06-28 07:14:10:019 [ADB] Running 'C:\Users\Rekha\AppData\Local\Android\Sdk\platform-tools\adb.exe -P 5037 reconnect offline'
2023-06-28 07:14:10:259 [ADB] Getting connected devices
2023-06-28 07:14:10:297 [ADB] No connected devices have been detected
2023-06-28 07:14:10:297 [ADB] Could not find online devices
2023-06-28 07:14:10:297 [ADB] Reconnecting adb (target offline)
2023-06-28 07:14:10:298 [ADB] Running 'C:\Users\Rekha\AppData\Local\Android\Sdk\platform-tools\adb.exe -P 5037 reconnect offline'
2023-06-28 07:14:10:545 [ADB] Getting connected devices
2023-06-28 07:14:10:585 [ADB] No connected devices have been detected
2023-06-28 07:14:10:585 [ADB] Could not find online devices
2023-06-28 07:14:10:585 [ADB] Reconnecting adb (target offline)
2023-06-28 07:14:10:585 [ADB] Running 'C:\Users\Rekha\AppData\Local\Android\Sdk\platform-tools\adb.exe -P 5037 reconnect offline'
2023-06-28 07:14:10:826 [ADB] Getting connected devices
2023-06-28 07:14:10:867 [ADB] No connected devices have been detected
2023-06-28 07:14:10:867 [ADB] Could not find online devices
2023-06-28 07:14:10:868 [ADB] Reconnecting adb (target offline)
2023-06-28 07:14:10:868 [ADB] Running 'C:\Users\Rekha\AppData\Local\Android\Sdk\platform-tools\adb.exe -P 5037 reconnect offline'
2023-06-28 07:14:11:121 [ADB] Getting connected devices
2023-06-28 07:14:11:163 [ADB] No connected devices have been detected
2023-06-28 07:14:11:164 [ADB] Could not find online devices
2023-06-28 07:14:11:164 [ADB] Reconnecting adb (target offline)
2023-06-28 07:14:11:164 [ADB] Running 'C:\Users\Rekha\AppData\Local\Android\Sdk\platform-tools\adb.exe -P 5037 reconnect offline'
2023-06-28 07:14:11:416 [ADB] Getting connected devices
2023-06-28 07:14:11:457 [ADB] No connected devices have been detected
2023-06-28 07:14:11:457 [ADB] Could not find online devices
2023-06-28 07:14:11:457 [ADB] Reconnecting adb (target offline)
2023-06-28 07:14:11:457 [ADB] Running 'C:\Users\Rekha\AppData\Local\Android\Sdk\platform-tools\adb.exe -P 5037 reconnect offline'
2023-06-28 07:14:11:710 [ADB] Getting connected devices
2023-06-28 07:14:11:749 [ADB] No connected devices have been detected
2023-06-28 07:14:11:749 [ADB] Could not find online devices
2023-06-28 07:14:11:749 [ADB] Reconnecting adb (target offline)
2023-06-28 07:14:11:749 [ADB] Running 'C:\Users\Rekha\AppData\Local\Android\Sdk\platform-tools\adb.exe -P 5037 reconnect offline'
2023-06-28 07:14:12:003 [ADB] Getting connected devices
2023-06-28 07:14:12:044 [ADB] No connected devices have been detected
2023-06-28 07:14:12:044 [ADB] Could not find online devices
2023-06-28 07:14:12:044 [ADB] Reconnecting adb (target offline)
2023-06-28 07:14:12:045 [ADB] Running 'C:\Users\Rekha\AppData\Local\Android\Sdk\platform-tools\adb.exe -P 5037 reconnect offline'
2023-06-28 07:14:12:297 [ADB] Getting connected devices
2023-06-28 07:14:12:335 [ADB] No connected devices have been detected
2023-06-28 07:14:12:335 [ADB] Could not find online devices
2023-06-28 07:14:12:335 [ADB] Reconnecting adb (target offline)
2023-06-28 07:14:12:335 [ADB] Running 'C:\Users\Rekha\AppData\Local\Android\Sdk\platform-tools\adb.exe -P 5037 reconnect offline'
2023-06-28 07:14:12:593 [ADB] Getting connected devices
2023-06-28 07:14:12:616 [ADB] No connected devices have been detected
2023-06-28 07:14:12:616 [ADB] Could not find online devices
2023-06-28 07:14:12:616 [ADB] Reconnecting adb (target offline)
2023-06-28 07:14:12:617 [ADB] Running 'C:\Users\Rekha\AppData\Local\Android\Sdk\platform-tools\adb.exe -P 5037 reconnect offline'
2023-06-28 07:14:12:844 [ADB] Getting connected devices
2023-06-28 07:14:12:868 [ADB] No connected devices have been detected
2023-06-28 07:14:12:868 [ADB] Could not find online devices
2023-06-28 07:14:12:868 [ADB] Reconnecting adb (target offline)
2023-06-28 07:14:12:868 [ADB] Running 'C:\Users\Rekha\AppData\Local\Android\Sdk\platform-tools\adb.exe -P 5037 reconnect offline'
2023-06-28 07:14:13:094 [ADB] Getting connected devices
2023-06-28 07:14:13:118 [ADB] No connected devices have been detected
2023-06-28 07:14:13:118 [ADB] Could not find online devices
2023-06-28 07:14:13:118 [ADB] Reconnecting adb (target offline)
2023-06-28 07:14:13:118 [ADB] Running 'C:\Users\Rekha\AppData\Local\Android\Sdk\platform-tools\adb.exe -P 5037 reconnect offline'
2023-06-28 07:14:13:358 [ADB] Getting connected devices
2023-06-28 07:14:13:387 [ADB] No connected devices have been detected
2023-06-28 07:14:13:387 [ADB] Could not find online devices
2023-06-28 07:14:13:387 [ADB] Reconnecting adb (target offline)
2023-06-28 07:14:13:387 [ADB] Running 'C:\Users\Rekha\AppData\Local\Android\Sdk\platform-tools\adb.exe -P 5037 reconnect offline'
2023-06-28 07:14:13:621 [ADB] Getting connected devices
2023-06-28 07:14:13:647 [ADB] No connected devices have been detected
2023-06-28 07:14:13:647 [ADB] Could not find online devices
2023-06-28 07:14:13:647 [ADB] Reconnecting adb (target offline)
2023-06-28 07:14:13:647 [ADB] Running 'C:\Users\Rekha\AppData\Local\Android\Sdk\platform-tools\adb.exe -P 5037 reconnect offline'
2023-06-28 07:14:13:887 [UiAutomator2] Deleting UiAutomator2 session
2023-06-28 07:14:13:889 [BaseDriver] Event 'newSessionStarted' logged at 1687936453888 (12:44:13 GMT+0530 (India Standard Time))
2023-06-28 07:14:13:941 [W3C] Encountered internal error running command: Error: Could not find a connected Android device in 20150ms.
2023-06-28 07:14:13:941 [W3C]     at getDevices (C:\Users\Rekha\AppData\Roaming\npm\node_modules\appium\node_modules\appium-adb\lib\tools\system-calls.js:266:13)
2023-06-28 07:14:13:942 [W3C]     at getDevices (C:\Users\Rekha\AppData\Roaming\npm\node_modules\appium\node_modules\appium-adb\lib\tools\system-calls.js:283:18)
2023-06-28 07:14:13:942 [W3C]     at getDevices (C:\Users\Rekha\AppData\Roaming\npm\node_modules\appium\node_modules\appium-adb\lib\tools\system-calls.js:283:12)
2023-06-28 07:14:13:942 [W3C]     at getDevices (C:\Users\Rekha\AppData\Roaming\npm\node_modules\appium\node_modules\appium-adb\lib\tools\system-calls.js:283:12)
2023-06-28 07:14:13:942 [W3C]     at getDevices (C:\Users\Rekha\AppData\Roaming\npm\node_modules\appium\node_modules\appium-adb\lib\tools\system-calls.js:283:12)
2023-06-28 07:14:13:942 [W3C]     at getDevices (C:\Users\Rekha\AppData\Roaming\npm\node_modules\appium\node_modules\appium-adb\lib\tools\system-calls.js:283:12)
2023-06-28 07:14:13:942 [W3C]     at getDevices (C:\Users\Rekha\AppData\Roaming\npm\node_modules\appium\node_modules\appium-adb\lib\tools\system-calls.js:283:12)
2023-06-28 07:14:13:942 [W3C]     at getDevices (C:\Users\Rekha\AppData\Roaming\npm\node_modules\appium\node_modules\appium-adb\lib\tools\system-calls.js:283:12)
2023-06-28 07:14:13:942 [W3C]     at getDevices (C:\Users\Rekha\AppData\Roaming\npm\node_modules\appium\node_modules\appium-adb\lib\tools\system-calls.js:283:12)
2023-06-28 07:14:13:942 [W3C]     at getDevices (C:\Users\Rekha\AppData\Roaming\npm\node_modules\appium\node_modules\appium-adb\lib\tools\system-calls.js:283:12)
2023-06-28 07:14:13:942 [W3C]     at getDevices (C:\Users\Rekha\AppData\Roaming\npm\node_modules\appium\node_modules\appium-adb\lib\tools\system-calls.js:283:12)
2023-06-28 07:14:13:943 [W3C]     at getDevices (C:\Users\Rekha\AppData\Roaming\npm\node_modules\appium\node_modules\appium-adb\lib\tools\system-calls.js:283:12)
2023-06-28 07:14:13:943 [W3C]     at getDevices (C:\Users\Rekha\AppData\Roaming\npm\node_modules\appium\node_modules\appium-adb\lib\tools\system-calls.js:283:12)
2023-06-28 07:14:13:943 [W3C]     at getDevices (C:\Users\Rekha\AppData\Roaming\npm\node_modules\appium\node_modules\appium-adb\lib\tools\system-calls.js:283:12)
2023-06-28 07:14:13:943 [W3C]     at getDevices (C:\Users\Rekha\AppData\Roaming\npm\node_modules\appium\node_modules\appium-adb\lib\tools\system-calls.js:283:12)
2023-06-28 07:14:13:943 [W3C]     at getDevices (C:\Users\Rekha\AppData\Roaming\npm\node_modules\appium\node_modules\appium-adb\lib\tools\system-calls.js:283:12)
2023-06-28 07:14:13:976 [HTTP] <-- POST /wd/hub/session 500 20880 ms - 667
2023-06-28 07:14:13:976 [HTTP] 
