2023-06-23 08:10:46:700 [Appium] Welcome to Appium v1.22.3
2023-06-23 08:10:46:702 [Appium] Non-default server args:
2023-06-23 08:10:46:702 [Appium]   port: 52034
2023-06-23 08:10:46:702 [Appium]   sessionOverride: true
2023-06-23 08:10:46:702 [Appium]   logFile: C:\Users\Rekha\eclipse-workspace\Torum-mobile-automation-master\Android_Pixel_3\Server1687507843774.log
2023-06-23 08:10:46:728 [Appium] Appium REST http interface listener started on 0.0.0.0:52034
2023-06-23 08:10:46:999 [HTTP] --> GET /wd/hub/status
2023-06-23 08:10:46:999 [HTTP] {}
2023-06-23 08:10:47:000 [GENERIC] Calling AppiumDriver.getStatus() with args: []
2023-06-23 08:10:47:001 [GENERIC] Responding to client with driver.getStatus() result: {"build":{"version":"1.22.3"}}
2023-06-23 08:10:47:007 [HTTP] <-- GET /wd/hub/status 200 6 ms - 68
2023-06-23 08:10:47:008 [HTTP] 
2023-06-23 08:10:47:011 [HTTP] --> GET /wd/hub/status
2023-06-23 08:10:47:011 [HTTP] {}
2023-06-23 08:10:47:012 [GENERIC] Calling AppiumDriver.getStatus() with args: []
2023-06-23 08:10:47:012 [GENERIC] Responding to client with driver.getStatus() result: {"build":{"version":"1.22.3"}}
2023-06-23 08:10:47:013 [HTTP] <-- GET /wd/hub/status 200 2 ms - 68
2023-06-23 08:10:47:014 [HTTP] 
2023-06-23 08:10:47:023 [HTTP] Request idempotency key: e75a3f03-164b-4e16-8c7f-e6696c40b65d
2023-06-23 08:10:47:033 [HTTP] --> POST /wd/hub/session
2023-06-23 08:10:47:033 [HTTP] {"desiredCapabilities":{"appActivity":"com.torummobile.MainActivity","appPackage":"com.torummobile.dev","automationName":"UiAutomator2","chromeDriverPort":"11000","platformName":"Android","udid":"emulator-5554","deviceName":"Pixel_3","systemPort":"10000"},"capabilities":{"firstMatch":[{"appium:appActivity":"com.torummobile.MainActivity","appium:appPackage":"com.torummobile.dev","appium:automationName":"UiAutomator2","chromeDriverPort":"11000","appium:deviceName":"Pixel_3","platformName":"android","appium:systemPort":"10000","appium:udid":"emulator-5554"}]}}
2023-06-23 08:10:47:034 [W3C] Calling AppiumDriver.createSession() with args: [{"appActivity":"com.torummobile.MainActivity","appPackage":"com.torummobile.dev","automationName":"UiAutomator2","chromeDriverPort":"11000","platformName":"Android","udid":"emulator-5554","deviceName":"Pixel_3","systemPort":"10000"},null,{"firstMatch":[{"appium:appActivity":"com.torummobile.MainActivity","appium:appPackage":"com.torummobile.dev","appium:automationName":"UiAutomator2","chromeDriverPort":"11000","appium:deviceName":"Pixel_3","platformName":"android","appium:systemPort":"10000","appium:udid":"emulator-5554"}]}]
2023-06-23 08:10:47:034 [BaseDriver] Event 'newSessionRequested' logged at 1687507847034 (13:40:47 GMT+0530 (India Standard Time))
2023-06-23 08:10:47:036 [BaseDriver] The following capabilities are not standard capabilities and should have an extension prefix:
2023-06-23 08:10:47:036 [BaseDriver]   chromeDriverPort
2023-06-23 08:10:47:235 [Appium] Appium v1.22.3 creating new AndroidUiautomator2Driver (v1.70.1) session
2023-06-23 08:10:47:235 [Appium] There are no active sessions for cleanup
2023-06-23 08:10:47:238 [BaseDriver] W3C capabilities and MJSONWP desired capabilities were provided
2023-06-23 08:10:47:238 [BaseDriver] Creating session with W3C capabilities: {
2023-06-23 08:10:47:238 [BaseDriver]   "alwaysMatch": {
2023-06-23 08:10:47:238 [BaseDriver]     "appium:chromeDriverPort": "11000",
2023-06-23 08:10:47:238 [BaseDriver]     "platformName": "android",
2023-06-23 08:10:47:238 [BaseDriver]     "appium:appActivity": "com.torummobile.MainActivity",
2023-06-23 08:10:47:238 [BaseDriver]     "appium:appPackage": "com.torummobile.dev",
2023-06-23 08:10:47:238 [BaseDriver]     "appium:automationName": "UiAutomator2",
2023-06-23 08:10:47:239 [BaseDriver]     "appium:deviceName": "Pixel_3",
2023-06-23 08:10:47:239 [BaseDriver]     "appium:systemPort": "10000",
2023-06-23 08:10:47:239 [BaseDriver]     "appium:udid": "emulator-5554"
2023-06-23 08:10:47:239 [BaseDriver]   },
2023-06-23 08:10:47:239 [BaseDriver]   "firstMatch": [
2023-06-23 08:10:47:240 [BaseDriver]     {}
2023-06-23 08:10:47:240 [BaseDriver]   ]
2023-06-23 08:10:47:240 [BaseDriver] }
2023-06-23 08:10:47:242 [BaseDriver] Number capability passed in as string. Functionality may be compromised.
2023-06-23 08:10:47:242 [BaseDriver] Number capability passed in as string. Functionality may be compromised.
2023-06-23 08:10:47:246 [BaseDriver] Capability 'systemPort' changed from string ('10000') to integer (10000). This may cause unexpected behavior
2023-06-23 08:10:47:246 [BaseDriver] Capability 'chromeDriverPort' changed from string ('11000') to integer (11000). This may cause unexpected behavior
2023-06-23 08:10:47:248 [BaseDriver] Session created with session id: ba80f76c-ccdc-44e6-b5d7-7ffa922af33a
2023-06-23 08:10:47:248 [UiAutomator2] Starting 'com.torummobile.dev' directly on the device
2023-06-23 08:10:47:251 [UiAutomator2] Deleting UiAutomator2 session
2023-06-23 08:10:47:252 [BaseDriver] Event 'newSessionStarted' logged at 1687507847252 (13:40:47 GMT+0530 (India Standard Time))
2023-06-23 08:10:47:325 [W3C] Encountered internal error running command: Error: Neither ANDROID_HOME nor ANDROID_SDK_ROOT environment variable was exported. Read https://developer.android.com/studio/command-line/variables for more details
2023-06-23 08:10:47:325 [W3C]     at requireSdkRoot (C:\Users\Rekha\AppData\Roaming\npm\node_modules\appium\node_modules\appium-adb\lib\helpers.js:36:11)
2023-06-23 08:10:47:325 [W3C]     at Function.createADB (C:\Users\Rekha\AppData\Roaming\npm\node_modules\appium\node_modules\appium-adb\lib\adb.js:57:23)
2023-06-23 08:10:47:325 [W3C]     at Object.createBaseADB (C:\Users\Rekha\AppData\Roaming\npm\node_modules\appium\node_modules\appium-android-driver\lib\android-helpers.js:129:20)
2023-06-23 08:10:47:325 [W3C]     at Object.getDeviceInfoFromCaps (C:\Users\Rekha\AppData\Roaming\npm\node_modules\appium\node_modules\appium-android-driver\lib\android-helpers.js:214:29)
2023-06-23 08:10:47:325 [W3C]     at AndroidUiautomator2Driver.startUiAutomator2Session (C:\Users\Rekha\AppData\Roaming\npm\node_modules\appium\node_modules\appium-uiautomator2-driver\lib\driver.js:338:40)
2023-06-23 08:10:47:326 [W3C]     at AndroidUiautomator2Driver.createSession (C:\Users\Rekha\AppData\Roaming\npm\node_modules\appium\node_modules\appium-uiautomator2-driver\lib\driver.js:229:18)
2023-06-23 08:10:47:326 [W3C]     at processTicksAndRejections (node:internal/process/task_queues:95:5)
2023-06-23 08:10:47:326 [W3C]     at AppiumDriver.createSession (C:\Users\Rekha\AppData\Roaming\npm\node_modules\appium\lib\appium.js:387:35)
2023-06-23 08:10:47:334 [HTTP] <-- POST /wd/hub/session 500 301 ms - 877
2023-06-23 08:10:47:334 [HTTP] 
