2023-07-13 12:59:31:953 [Appium] Welcome to Appium v1.22.3
2023-07-13 12:59:31:962 [Appium] Non-default server args:
2023-07-13 12:59:31:964 [Appium]   port: 25792
2023-07-13 12:59:31:964 [Appium]   sessionOverride: true
2023-07-13 12:59:31:965 [Appium]   logFile: C:\Users\Rekha\eclipse-workspace\Torum-mobile-automation-master\Android_Pixel_3\Server1689253162175.log
2023-07-13 12:59:32:124 [Appium] Appium REST http interface listener started on 0.0.0.0:25792
2023-07-13 12:59:32:324 [HTTP] --> GET /wd/hub/status
2023-07-13 12:59:32:326 [HTTP] {}
2023-07-13 12:59:32:330 [GENERIC] Calling AppiumDriver.getStatus() with args: []
2023-07-13 12:59:32:333 [GENERIC] Responding to client with driver.getStatus() result: {"build":{"version":"1.22.3"}}
2023-07-13 12:59:32:352 [HTTP] <-- GET /wd/hub/status 200 20 ms - 68
2023-07-13 12:59:32:353 [HTTP] 
2023-07-13 12:59:32:379 [HTTP] --> GET /wd/hub/status
2023-07-13 12:59:32:382 [HTTP] {}
2023-07-13 12:59:32:385 [GENERIC] Calling AppiumDriver.getStatus() with args: []
2023-07-13 12:59:32:392 [GENERIC] Responding to client with driver.getStatus() result: {"build":{"version":"1.22.3"}}
2023-07-13 12:59:32:398 [HTTP] <-- GET /wd/hub/status 200 16 ms - 68
2023-07-13 12:59:32:399 [HTTP] 
2023-07-13 12:59:32:420 [HTTP] Request idempotency key: e36cee0e-2581-464b-9e53-3e44315c3486
2023-07-13 12:59:32:460 [HTTP] --> POST /wd/hub/session
2023-07-13 12:59:32:461 [HTTP] {"desiredCapabilities":{"appActivity":"com.torummobile.MainActivity","appPackage":"com.torummobile.dev","automationName":"UiAutomator2","chromeDriverPort":"11000","platformName":"Android","udid":"emulator-5554","deviceName":"Pixel_3","systemPort":"10000"},"capabilities":{"firstMatch":[{"appium:appActivity":"com.torummobile.MainActivity","appium:appPackage":"com.torummobile.dev","appium:automationName":"UiAutomator2","chromeDriverPort":"11000","appium:deviceName":"Pixel_3","platformName":"android","appium:systemPort":"10000","appium:udid":"emulator-5554"}]}}
2023-07-13 12:59:32:463 [W3C] Calling AppiumDriver.createSession() with args: [{"appActivity":"com.torummobile.MainActivity","appPackage":"com.torummobile.dev","automationName":"UiAutomator2","chromeDriverPort":"11000","platformName":"Android","udid":"emulator-5554","deviceName":"Pixel_3","systemPort":"10000"},null,{"firstMatch":[{"appium:appActivity":"com.torummobile.MainActivity","appium:appPackage":"com.torummobile.dev","appium:automationName":"UiAutomator2","chromeDriverPort":"11000","appium:deviceName":"Pixel_3","platformName":"android","appium:systemPort":"10000","appium:udid":"emulator-5554"}]}]
2023-07-13 12:59:32:465 [BaseDriver] Event 'newSessionRequested' logged at 1689253172464 (18:29:32 GMT+0530 (India Standard Time))
2023-07-13 12:59:32:474 [BaseDriver] The following capabilities are not standard capabilities and should have an extension prefix:
2023-07-13 12:59:32:475 [BaseDriver]   chromeDriverPort
2023-07-13 12:59:33:640 [Appium] Appium v1.22.3 creating new AndroidUiautomator2Driver (v1.70.1) session
2023-07-13 12:59:33:641 [Appium] There are no active sessions for cleanup
2023-07-13 12:59:33:652 [BaseDriver] W3C capabilities and MJSONWP desired capabilities were provided
2023-07-13 12:59:33:652 [BaseDriver] Creating session with W3C capabilities: {
2023-07-13 12:59:33:653 [BaseDriver]   "alwaysMatch": {
2023-07-13 12:59:33:653 [BaseDriver]     "appium:chromeDriverPort": "11000",
2023-07-13 12:59:33:653 [BaseDriver]     "platformName": "android",
2023-07-13 12:59:33:654 [BaseDriver]     "appium:appActivity": "com.torummobile.MainActivity",
2023-07-13 12:59:33:654 [BaseDriver]     "appium:appPackage": "com.torummobile.dev",
2023-07-13 12:59:33:655 [BaseDriver]     "appium:automationName": "UiAutomator2",
2023-07-13 12:59:33:655 [BaseDriver]     "appium:deviceName": "Pixel_3",
2023-07-13 12:59:33:655 [BaseDriver]     "appium:systemPort": "10000",
2023-07-13 12:59:33:656 [BaseDriver]     "appium:udid": "emulator-5554"
2023-07-13 12:59:33:657 [BaseDriver]   },
2023-07-13 12:59:33:657 [BaseDriver]   "firstMatch": [
2023-07-13 12:59:33:659 [BaseDriver]     {}
2023-07-13 12:59:33:659 [BaseDriver]   ]
2023-07-13 12:59:33:659 [BaseDriver] }
2023-07-13 12:59:33:666 [BaseDriver] Number capability passed in as string. Functionality may be compromised.
2023-07-13 12:59:33:667 [BaseDriver] Number capability passed in as string. Functionality may be compromised.
2023-07-13 12:59:33:680 [BaseDriver] Capability 'systemPort' changed from string ('10000') to integer (10000). This may cause unexpected behavior
2023-07-13 12:59:33:681 [BaseDriver] Capability 'chromeDriverPort' changed from string ('11000') to integer (11000). This may cause unexpected behavior
2023-07-13 12:59:33:689 [BaseDriver] Session created with session id: 728a9ff4-a2fa-4a84-abc8-e0f60e8966ae
2023-07-13 12:59:33:692 [UiAutomator2] Starting 'com.torummobile.dev' directly on the device
2023-07-13 12:59:33:766 [ADB] Found 2 'build-tools' folders under 'C:\Users\Rekha\AppData\Local\Android\Sdk' (newest first):
2023-07-13 12:59:33:767 [ADB]     C:/Users/Rekha/AppData/Local/Android/Sdk/build-tools/34.0.0
2023-07-13 12:59:33:767 [ADB]     C:/Users/Rekha/AppData/Local/Android/Sdk/build-tools/30.0.3
2023-07-13 12:59:33:771 [ADB] Using 'adb.exe' from 'C:\Users\Rekha\AppData\Local\Android\Sdk\platform-tools\adb.exe'
2023-07-13 12:59:33:774 [ADB] Running 'C:\Users\Rekha\AppData\Local\Android\Sdk\platform-tools\adb.exe -P 5037 start-server'
2023-07-13 12:59:33:855 [AndroidDriver] Retrieving device list
2023-07-13 12:59:33:856 [ADB] Trying to find a connected android device
2023-07-13 12:59:33:858 [ADB] Getting connected devices
2023-07-13 12:59:33:921 [ADB] Connected devices: [{"udid":"ZD2226MYVB","state":"device"},{"udid":"emulator-5554","state":"device"}]
2023-07-13 12:59:33:922 [AndroidDriver] Using device: emulator-5554
2023-07-13 12:59:33:926 [ADB] Using 'adb.exe' from 'C:\Users\Rekha\AppData\Local\Android\Sdk\platform-tools\adb.exe'
2023-07-13 12:59:33:926 [ADB] Running 'C:\Users\Rekha\AppData\Local\Android\Sdk\platform-tools\adb.exe -P 5037 start-server'
2023-07-13 12:59:33:991 [ADB] Setting device id to emulator-5554
2023-07-13 12:59:33:992 [ADB] Running 'C:\Users\Rekha\AppData\Local\Android\Sdk\platform-tools\adb.exe -P 5037 -s emulator-5554 shell getprop ro.build.version.sdk'
2023-07-13 12:59:34:143 [ADB] Current device property 'ro.build.version.sdk': 34
2023-07-13 12:59:34:144 [ADB] Getting device platform version
2023-07-13 12:59:34:144 [ADB] Running 'C:\Users\Rekha\AppData\Local\Android\Sdk\platform-tools\adb.exe -P 5037 -s emulator-5554 shell getprop ro.build.version.release'
2023-07-13 12:59:34:346 [ADB] Current device property 'ro.build.version.release': 14
2023-07-13 12:59:34:346 [ADB] Device API level: 34
2023-07-13 12:59:34:346 [UiAutomator2] Relaxing hidden api policy
2023-07-13 12:59:34:348 [ADB] Running 'C:\Users\Rekha\AppData\Local\Android\Sdk\platform-tools\adb.exe -P 5037 -s emulator-5554 shell 'settings put global hidden_api_policy_pre_p_apps 1;settings put global hidden_api_policy_p_apps 1;settings put global hidden_api_policy 1''
2023-07-13 12:59:34:909 [AndroidDriver] No app sent in, not parsing package/activity
2023-07-13 12:59:34:911 [ADB] Running 'C:\Users\Rekha\AppData\Local\Android\Sdk\platform-tools\adb.exe -P 5037 -s emulator-5554 wait-for-device'
2023-07-13 12:59:34:973 [ADB] Running 'C:\Users\Rekha\AppData\Local\Android\Sdk\platform-tools\adb.exe -P 5037 -s emulator-5554 shell echo ping'
2023-07-13 12:59:35:091 [AndroidDriver] Pushing settings apk to device...
2023-07-13 12:59:35:093 [ADB] Getting install status for io.appium.settings
2023-07-13 12:59:35:094 [ADB] Running 'C:\Users\Rekha\AppData\Local\Android\Sdk\platform-tools\adb.exe -P 5037 -s emulator-5554 shell dumpsys package io.appium.settings'
2023-07-13 12:59:35:886 [ADB] 'io.appium.settings' is installed
2023-07-13 12:59:35:887 [ADB] Getting package info for 'io.appium.settings'
2023-07-13 12:59:35:887 [ADB] Running 'C:\Users\Rekha\AppData\Local\Android\Sdk\platform-tools\adb.exe -P 5037 -s emulator-5554 shell dumpsys package io.appium.settings'
2023-07-13 12:59:36:394 [ADB] The version name of the installed 'io.appium.settings' is greater or equal to the application version name ('3.4.0' >= '3.4.0')
2023-07-13 12:59:36:395 [ADB] There is no need to install/upgrade 'C:\Users\Rekha\AppData\Roaming\npm\node_modules\appium\node_modules\io.appium.settings\apks\settings_apk-debug.apk'
2023-07-13 12:59:36:396 [ADB] Getting IDs of all 'io.appium.settings' processes
2023-07-13 12:59:36:397 [ADB] Running 'C:\Users\Rekha\AppData\Local\Android\Sdk\platform-tools\adb.exe -P 5037 -s emulator-5554 shell 'pgrep --help; echo $?''
2023-07-13 12:59:36:539 [ADB] Running 'C:\Users\Rekha\AppData\Local\Android\Sdk\platform-tools\adb.exe -P 5037 -s emulator-5554 shell pgrep -f \(\[\[:blank:\]\]\|\^\)io\.appium\.settings\(\[\[:blank:\]\]\|\$\)'
2023-07-13 12:59:36:883 [AndroidDriver] io.appium.settings is already running. There is no need to reset its permissions.
2023-07-13 12:59:36:885 [Logcat] Starting logs capture with command: C:\\Users\\Rekha\\AppData\\Local\\Android\\Sdk\\platform-tools\\adb.exe -P 5037 -s emulator-5554 logcat -v threadtime
2023-07-13 12:59:37:143 [UiAutomator2] Forwarding UiAutomator2 Server port 6790 to local port 10000
2023-07-13 12:59:37:151 [ADB] Forwarding system: 10000 to device: 6790
2023-07-13 12:59:37:152 [ADB] Running 'C:\Users\Rekha\AppData\Local\Android\Sdk\platform-tools\adb.exe -P 5037 -s emulator-5554 forward tcp:10000 tcp:6790'
2023-07-13 12:59:37:227 [ADB] Getting install status for io.appium.uiautomator2.server
2023-07-13 12:59:37:228 [ADB] Running 'C:\Users\Rekha\AppData\Local\Android\Sdk\platform-tools\adb.exe -P 5037 -s emulator-5554 shell dumpsys package io.appium.uiautomator2.server'
2023-07-13 12:59:37:586 [ADB] 'io.appium.uiautomator2.server' is installed
2023-07-13 12:59:37:587 [ADB] Getting package info for 'io.appium.uiautomator2.server'
2023-07-13 12:59:37:587 [ADB] Running 'C:\Users\Rekha\AppData\Local\Android\Sdk\platform-tools\adb.exe -P 5037 -s emulator-5554 shell dumpsys package io.appium.uiautomator2.server'
2023-07-13 12:59:38:376 [ADB] The version name of the installed 'io.appium.uiautomator2.server' is greater or equal to the application version name ('4.27.0' >= '4.27.0')
2023-07-13 12:59:38:376 [UiAutomator2] io.appium.uiautomator2.server installation state: sameVersionInstalled
2023-07-13 12:59:38:377 [ADB] Checking app cert for C:\Users\Rekha\AppData\Roaming\npm\node_modules\appium\node_modules\appium-uiautomator2-server\apks\appium-uiautomator2-server-v4.27.0.apk
2023-07-13 12:59:38:474 [ADB] Using 'apksigner.jar' from 'C:\Users\Rekha\AppData\Local\Android\Sdk\build-tools\34.0.0\lib\apksigner.jar'
2023-07-13 12:59:38:477 [ADB] Starting apksigner: 'C:\\Program Files\\Java\\jdk-20\\bin\\java.exe' -Xmx1024M -Xss1m -jar C:\\Users\\Rekha\\AppData\\Local\\Android\\Sdk\\build-tools\\34.0.0\\lib\\apksigner.jar verify --print-certs C:\\Users\\Rekha\\AppData\\Roaming\\npm\\node_modules\\appium\\node_modules\\appium-uiautomator2-server\\apks\\appium-uiautomator2-server-v4.27.0.apk
2023-07-13 12:59:41:678 [ADB] apksigner stdout: Signer #1 certificate DN: EMAILADDRESS=android@android.com, CN=Android, OU=Android, O=Android, L=Mountain View, ST=California, C=US
2023-07-13 12:59:41:678 [ADB] Signer #1 certificate SHA-256 digest: a40da80a59d170caa950cf15c18c454d47a39b26989d8b640ecd745ba71bf5dc
2023-07-13 12:59:41:678 [ADB] Signer #1 certificate SHA-1 digest: 61ed377e85d386a8dfee6b864bd85b0bfaa5af81
2023-07-13 12:59:41:679 [ADB] Signer #1 certificate MD5 digest: e89b158e4bcf988ebd09eb83f5378e87
2023-07-13 12:59:41:679 [ADB] 
2023-07-13 12:59:41:680 [ADB] sha256 hash did match for 'appium-uiautomator2-server-v4.27.0.apk'
2023-07-13 12:59:41:680 [ADB] 'C:\Users\Rekha\AppData\Roaming\npm\node_modules\appium\node_modules\appium-uiautomator2-server\apks\appium-uiautomator2-server-v4.27.0.apk' is signed with the default certificate
2023-07-13 12:59:41:681 [ADB] Getting install status for io.appium.uiautomator2.server.test
2023-07-13 12:59:41:681 [ADB] Running 'C:\Users\Rekha\AppData\Local\Android\Sdk\platform-tools\adb.exe -P 5037 -s emulator-5554 shell dumpsys package io.appium.uiautomator2.server.test'
2023-07-13 12:59:42:132 [ADB] 'io.appium.uiautomator2.server.test' is installed
2023-07-13 12:59:42:132 [ADB] Checking app cert for C:\Users\Rekha\AppData\Roaming\npm\node_modules\appium\node_modules\appium-uiautomator2-server\apks\appium-uiautomator2-server-debug-androidTest.apk
2023-07-13 12:59:42:141 [ADB] Starting apksigner: 'C:\\Program Files\\Java\\jdk-20\\bin\\java.exe' -Xmx1024M -Xss1m -jar C:\\Users\\Rekha\\AppData\\Local\\Android\\Sdk\\build-tools\\34.0.0\\lib\\apksigner.jar verify --print-certs C:\\Users\\Rekha\\AppData\\Roaming\\npm\\node_modules\\appium\\node_modules\\appium-uiautomator2-server\\apks\\appium-uiautomator2-server-debug-androidTest.apk
2023-07-13 12:59:43:327 [ADB] apksigner stdout: Signer #1 certificate DN: EMAILADDRESS=android@android.com, CN=Android, OU=Android, O=Android, L=Mountain View, ST=California, C=US
2023-07-13 12:59:43:328 [ADB] Signer #1 certificate SHA-256 digest: a40da80a59d170caa950cf15c18c454d47a39b26989d8b640ecd745ba71bf5dc
2023-07-13 12:59:43:328 [ADB] Signer #1 certificate SHA-1 digest: 61ed377e85d386a8dfee6b864bd85b0bfaa5af81
2023-07-13 12:59:43:328 [ADB] Signer #1 certificate MD5 digest: e89b158e4bcf988ebd09eb83f5378e87
2023-07-13 12:59:43:328 [ADB] 
2023-07-13 12:59:43:329 [ADB] sha256 hash did match for 'appium-uiautomator2-server-debug-androidTest.apk'
2023-07-13 12:59:43:329 [ADB] 'C:\Users\Rekha\AppData\Roaming\npm\node_modules\appium\node_modules\appium-uiautomator2-server\apks\appium-uiautomator2-server-debug-androidTest.apk' is signed with the default certificate
2023-07-13 12:59:43:329 [UiAutomator2] Server packages are not going to be (re)installed
2023-07-13 12:59:43:334 [UiAutomator2] Waiting up to 30000ms for services to be available
2023-07-13 12:59:43:336 [ADB] Running 'C:\Users\Rekha\AppData\Local\Android\Sdk\platform-tools\adb.exe -P 5037 -s emulator-5554 shell pm list instrumentation'
2023-07-13 12:59:43:565 [UiAutomator2] Instrumentation target 'io.appium.uiautomator2.server.test/androidx.test.runner.AndroidJUnitRunner' is available
2023-07-13 12:59:43:572 [ADB] Adding packages ["io.appium.settings","io.appium.uiautomator2.server","io.appium.uiautomator2.server.test"] to Doze whitelist
2023-07-13 12:59:43:573 [ADB] Got the following command chunks to execute: [["dumpsys","deviceidle","whitelist","+io.appium.settings",";","dumpsys","deviceidle","whitelist","+io.appium.uiautomator2.server",";","dumpsys","deviceidle","whitelist","+io.appium.uiautomator2.server.test",";"]]
2023-07-13 12:59:43:574 [ADB] Running 'C:\Users\Rekha\AppData\Local\Android\Sdk\platform-tools\adb.exe -P 5037 -s emulator-5554 shell dumpsys deviceidle whitelist +io.appium.settings ; dumpsys deviceidle whitelist +io.appium.uiautomator2.server ; dumpsys deviceidle whitelist +io.appium.uiautomator2.server.test ;'
2023-07-13 12:59:43:844 [UiAutomator2] No app capability. Assuming it is already on the device
2023-07-13 12:59:43:845 [ADB] Getting install status for com.torummobile.dev
2023-07-13 12:59:43:845 [ADB] Running 'C:\Users\Rekha\AppData\Local\Android\Sdk\platform-tools\adb.exe -P 5037 -s emulator-5554 shell dumpsys package com.torummobile.dev'
2023-07-13 12:59:44:243 [ADB] 'com.torummobile.dev' is not installed
2023-07-13 12:59:44:244 [UiAutomator2] Deleting UiAutomator2 session
2023-07-13 12:59:44:246 [UiAutomator2] Deleting UiAutomator2 server session
2023-07-13 12:59:44:250 [WD Proxy] Matched '/' to command name 'deleteSession'
2023-07-13 12:59:44:254 [UiAutomator2] Did not get confirmation UiAutomator2 deleteSession worked; Error was: UnknownError: An unknown server-side error occurred while processing the command. Original error: Trying to proxy a session command without session id
2023-07-13 12:59:44:255 [ADB] Running 'C:\Users\Rekha\AppData\Local\Android\Sdk\platform-tools\adb.exe -P 5037 -s emulator-5554 shell am force-stop com.torummobile.dev'
2023-07-13 12:59:45:428 [Logcat] Stopping logcat capture
2023-07-13 12:59:45:435 [ADB] Removing forwarded port socket connection: 10000 
2023-07-13 12:59:45:436 [ADB] Running 'C:\Users\Rekha\AppData\Local\Android\Sdk\platform-tools\adb.exe -P 5037 -s emulator-5554 forward --remove tcp:10000'
2023-07-13 12:59:45:505 [UiAutomator2] Restoring hidden api policy to the device default configuration
2023-07-13 12:59:45:507 [ADB] Running 'C:\Users\Rekha\AppData\Local\Android\Sdk\platform-tools\adb.exe -P 5037 -s emulator-5554 shell 'settings delete global hidden_api_policy_pre_p_apps;settings delete global hidden_api_policy_p_apps;settings delete global hidden_api_policy''
2023-07-13 12:59:46:008 [BaseDriver] Event 'newSessionStarted' logged at 1689253186008 (18:29:46 GMT+0530 (India Standard Time))
2023-07-13 12:59:46:258 [W3C] Encountered internal error running command: Error: 'app' option is required for reinstall
2023-07-13 12:59:46:258 [W3C]     at Object.resetApp (C:\Users\Rekha\AppData\Roaming\npm\node_modules\appium\node_modules\appium-android-driver\lib\android-helpers.js:405:11)
2023-07-13 12:59:46:259 [W3C]     at AndroidUiautomator2Driver.initAUT (C:\Users\Rekha\AppData\Roaming\npm\node_modules\appium\node_modules\appium-uiautomator2-driver\lib\driver.js:546:9)
2023-07-13 12:59:46:259 [W3C]     at AndroidUiautomator2Driver.startUiAutomator2Session (C:\Users\Rekha\AppData\Roaming\npm\node_modules\appium\node_modules\appium-uiautomator2-driver\lib\driver.js:408:5)
2023-07-13 12:59:46:260 [W3C]     at AndroidUiautomator2Driver.createSession (C:\Users\Rekha\AppData\Roaming\npm\node_modules\appium\node_modules\appium-uiautomator2-driver\lib\driver.js:229:7)
2023-07-13 12:59:46:260 [W3C]     at AppiumDriver.createSession (C:\Users\Rekha\AppData\Roaming\npm\node_modules\appium\lib\appium.js:387:35)
2023-07-13 12:59:46:288 [HTTP] <-- POST /wd/hub/session 500 13825 ms - 637
2023-07-13 12:59:46:289 [HTTP] 
