2023-06-23 09:01:18:275 [Appium] Welcome to Appium v1.22.3
2023-06-23 09:01:18:278 [Appium] Non-default server args:
2023-06-23 09:01:18:278 [Appium]   port: 62692
2023-06-23 09:01:18:279 [Appium]   sessionOverride: true
2023-06-23 09:01:18:279 [Appium]   logFile: C:\Users\Rekha\eclipse-workspace\Torum-mobile-automation-master\Android_Pixel_3\Server1687510875326.log
2023-06-23 09:01:18:335 [Appium] Appium REST http interface listener started on 0.0.0.0:62692
2023-06-23 09:01:18:422 [HTTP] --> GET /wd/hub/status
2023-06-23 09:01:18:423 [HTTP] {}
2023-06-23 09:01:18:426 [GENERIC] Calling AppiumDriver.getStatus() with args: []
2023-06-23 09:01:18:429 [GENERIC] Responding to client with driver.getStatus() result: {"build":{"version":"1.22.3"}}
2023-06-23 09:01:18:442 [HTTP] <-- GET /wd/hub/status 200 15 ms - 68
2023-06-23 09:01:18:443 [HTTP] 
2023-06-23 09:01:18:452 [HTTP] --> GET /wd/hub/status
2023-06-23 09:01:18:454 [HTTP] {}
2023-06-23 09:01:18:454 [GENERIC] Calling AppiumDriver.getStatus() with args: []
2023-06-23 09:01:18:456 [GENERIC] Responding to client with driver.getStatus() result: {"build":{"version":"1.22.3"}}
2023-06-23 09:01:18:465 [HTTP] <-- GET /wd/hub/status 200 6 ms - 68
2023-06-23 09:01:18:465 [HTTP] 
2023-06-23 09:01:18:494 [HTTP] Request idempotency key: a6a57cc4-4d7e-4ec6-8d34-7f92a3d7fe79
2023-06-23 09:01:18:523 [HTTP] --> POST /wd/hub/session
2023-06-23 09:01:18:524 [HTTP] {"desiredCapabilities":{"appActivity":"com.torummobile.MainActivity","appPackage":"com.torummobile.dev","automationName":"UiAutomator2","chromeDriverPort":"11000","platformName":"Android","udid":"emulator-5554","deviceName":"Pixel_3","systemPort":"10000"},"capabilities":{"firstMatch":[{"appium:appActivity":"com.torummobile.MainActivity","appium:appPackage":"com.torummobile.dev","appium:automationName":"UiAutomator2","chromeDriverPort":"11000","appium:deviceName":"Pixel_3","platformName":"android","appium:systemPort":"10000","appium:udid":"emulator-5554"}]}}
2023-06-23 09:01:18:525 [W3C] Calling AppiumDriver.createSession() with args: [{"appActivity":"com.torummobile.MainActivity","appPackage":"com.torummobile.dev","automationName":"UiAutomator2","chromeDriverPort":"11000","platformName":"Android","udid":"emulator-5554","deviceName":"Pixel_3","systemPort":"10000"},null,{"firstMatch":[{"appium:appActivity":"com.torummobile.MainActivity","appium:appPackage":"com.torummobile.dev","appium:automationName":"UiAutomator2","chromeDriverPort":"11000","appium:deviceName":"Pixel_3","platformName":"android","appium:systemPort":"10000","appium:udid":"emulator-5554"}]}]
2023-06-23 09:01:18:525 [BaseDriver] Event 'newSessionRequested' logged at 1687510878525 (14:31:18 GMT+0530 (India Standard Time))
2023-06-23 09:01:18:530 [BaseDriver] The following capabilities are not standard capabilities and should have an extension prefix:
2023-06-23 09:01:18:531 [BaseDriver]   chromeDriverPort
2023-06-23 09:01:18:996 [Appium] Appium v1.22.3 creating new AndroidUiautomator2Driver (v1.70.1) session
2023-06-23 09:01:18:997 [Appium] There are no active sessions for cleanup
2023-06-23 09:01:19:001 [BaseDriver] W3C capabilities and MJSONWP desired capabilities were provided
2023-06-23 09:01:19:001 [BaseDriver] Creating session with W3C capabilities: {
2023-06-23 09:01:19:002 [BaseDriver]   "alwaysMatch": {
2023-06-23 09:01:19:002 [BaseDriver]     "appium:chromeDriverPort": "11000",
2023-06-23 09:01:19:002 [BaseDriver]     "platformName": "android",
2023-06-23 09:01:19:002 [BaseDriver]     "appium:appActivity": "com.torummobile.MainActivity",
2023-06-23 09:01:19:002 [BaseDriver]     "appium:appPackage": "com.torummobile.dev",
2023-06-23 09:01:19:002 [BaseDriver]     "appium:automationName": "UiAutomator2",
2023-06-23 09:01:19:003 [BaseDriver]     "appium:deviceName": "Pixel_3",
2023-06-23 09:01:19:003 [BaseDriver]     "appium:systemPort": "10000",
2023-06-23 09:01:19:003 [BaseDriver]     "appium:udid": "emulator-5554"
2023-06-23 09:01:19:003 [BaseDriver]   },
2023-06-23 09:01:19:003 [BaseDriver]   "firstMatch": [
2023-06-23 09:01:19:003 [BaseDriver]     {}
2023-06-23 09:01:19:004 [BaseDriver]   ]
2023-06-23 09:01:19:004 [BaseDriver] }
2023-06-23 09:01:19:007 [BaseDriver] Number capability passed in as string. Functionality may be compromised.
2023-06-23 09:01:19:008 [BaseDriver] Number capability passed in as string. Functionality may be compromised.
2023-06-23 09:01:19:012 [BaseDriver] Capability 'systemPort' changed from string ('10000') to integer (10000). This may cause unexpected behavior
2023-06-23 09:01:19:012 [BaseDriver] Capability 'chromeDriverPort' changed from string ('11000') to integer (11000). This may cause unexpected behavior
2023-06-23 09:01:19:016 [BaseDriver] Session created with session id: 2bcd8650-e304-4c91-82b4-e253d2314e1b
2023-06-23 09:01:19:017 [UiAutomator2] Starting 'com.torummobile.dev' directly on the device
2023-06-23 09:01:19:021 [UiAutomator2] Deleting UiAutomator2 session
2023-06-23 09:01:19:024 [BaseDriver] Event 'newSessionStarted' logged at 1687510879023 (14:31:19 GMT+0530 (India Standard Time))
2023-06-23 09:01:19:165 [W3C] Encountered internal error running command: Error: Neither ANDROID_HOME nor ANDROID_SDK_ROOT environment variable was exported. Read https://developer.android.com/studio/command-line/variables for more details
2023-06-23 09:01:19:165 [W3C]     at requireSdkRoot (C:\Users\Rekha\AppData\Roaming\npm\node_modules\appium\node_modules\appium-adb\lib\helpers.js:36:11)
2023-06-23 09:01:19:165 [W3C]     at Function.createADB (C:\Users\Rekha\AppData\Roaming\npm\node_modules\appium\node_modules\appium-adb\lib\adb.js:57:23)
2023-06-23 09:01:19:166 [W3C]     at Object.createBaseADB (C:\Users\Rekha\AppData\Roaming\npm\node_modules\appium\node_modules\appium-android-driver\lib\android-helpers.js:129:20)
2023-06-23 09:01:19:166 [W3C]     at Object.getDeviceInfoFromCaps (C:\Users\Rekha\AppData\Roaming\npm\node_modules\appium\node_modules\appium-android-driver\lib\android-helpers.js:214:29)
2023-06-23 09:01:19:166 [W3C]     at AndroidUiautomator2Driver.startUiAutomator2Session (C:\Users\Rekha\AppData\Roaming\npm\node_modules\appium\node_modules\appium-uiautomator2-driver\lib\driver.js:338:40)
2023-06-23 09:01:19:167 [W3C]     at AndroidUiautomator2Driver.createSession (C:\Users\Rekha\AppData\Roaming\npm\node_modules\appium\node_modules\appium-uiautomator2-driver\lib\driver.js:229:18)
2023-06-23 09:01:19:167 [W3C]     at processTicksAndRejections (node:internal/process/task_queues:95:5)
2023-06-23 09:01:19:167 [W3C]     at AppiumDriver.createSession (C:\Users\Rekha\AppData\Roaming\npm\node_modules\appium\lib\appium.js:387:35)
2023-06-23 09:01:19:187 [HTTP] <-- POST /wd/hub/session 500 662 ms - 877
2023-06-23 09:01:19:188 [HTTP] 
