2023-06-22 10:11:07:442 [Appium] Welcome to Appium v1.22.3
2023-06-22 10:11:07:444 [Appium] Non-default server args:
2023-06-22 10:11:07:444 [Appium]   port: 31330
2023-06-22 10:11:07:444 [Appium]   sessionOverride: true
2023-06-22 10:11:07:444 [Appium]   logFile: C:\Users\Rekha\eclipse-workspace\Torum-mobile-automation-master\Android_Pixel_3\Server1687428664494.log
2023-06-22 10:11:07:472 [Appium] Appium REST http interface listener started on 0.0.0.0:31330
2023-06-22 10:11:07:762 [HTTP] --> GET /wd/hub/status
2023-06-22 10:11:07:763 [HTTP] {}
2023-06-22 10:11:07:766 [GENERIC] Calling AppiumDriver.getStatus() with args: []
2023-06-22 10:11:07:768 [GENERIC] Responding to client with driver.getStatus() result: {"build":{"version":"1.22.3"}}
2023-06-22 10:11:07:778 [HTTP] <-- GET /wd/hub/status 200 13 ms - 68
2023-06-22 10:11:07:778 [HTTP] 
2023-06-22 10:11:07:783 [HTTP] --> GET /wd/hub/status
2023-06-22 10:11:07:783 [HTTP] {}
2023-06-22 10:11:07:784 [GENERIC] Calling AppiumDriver.getStatus() with args: []
2023-06-22 10:11:07:784 [GENERIC] Responding to client with driver.getStatus() result: {"build":{"version":"1.22.3"}}
2023-06-22 10:11:07:786 [HTTP] <-- GET /wd/hub/status 200 2 ms - 68
2023-06-22 10:11:07:786 [HTTP] 
2023-06-22 10:11:07:795 [HTTP] Request idempotency key: ad39d9ea-a995-4914-92b4-b333d000e39e
2023-06-22 10:11:07:813 [HTTP] --> POST /wd/hub/session
2023-06-22 10:11:07:814 [HTTP] {"desiredCapabilities":{"appActivity":"com.torummobile.MainActivity","appPackage":"com.torummobile.dev","automationName":"UiAutomator2","chromeDriverPort":"11000","platformName":"Android","udid":"emulator-5554","deviceName":"Pixel_3","systemPort":"10000"},"capabilities":{"firstMatch":[{"appium:appActivity":"com.torummobile.MainActivity","appium:appPackage":"com.torummobile.dev","appium:automationName":"UiAutomator2","chromeDriverPort":"11000","appium:deviceName":"Pixel_3","platformName":"android","appium:systemPort":"10000","appium:udid":"emulator-5554"}]}}
2023-06-22 10:11:07:814 [W3C] Calling AppiumDriver.createSession() with args: [{"appActivity":"com.torummobile.MainActivity","appPackage":"com.torummobile.dev","automationName":"UiAutomator2","chromeDriverPort":"11000","platformName":"Android","udid":"emulator-5554","deviceName":"Pixel_3","systemPort":"10000"},null,{"firstMatch":[{"appium:appActivity":"com.torummobile.MainActivity","appium:appPackage":"com.torummobile.dev","appium:automationName":"UiAutomator2","chromeDriverPort":"11000","appium:deviceName":"Pixel_3","platformName":"android","appium:systemPort":"10000","appium:udid":"emulator-5554"}]}]
2023-06-22 10:11:07:815 [BaseDriver] Event 'newSessionRequested' logged at 1687428667815 (15:41:07 GMT+0530 (India Standard Time))
2023-06-22 10:11:07:819 [BaseDriver] The following capabilities are not standard capabilities and should have an extension prefix:
2023-06-22 10:11:07:819 [BaseDriver]   chromeDriverPort
2023-06-22 10:11:08:028 [Appium] Appium v1.22.3 creating new AndroidUiautomator2Driver (v1.70.1) session
2023-06-22 10:11:08:028 [Appium] There are no active sessions for cleanup
2023-06-22 10:11:08:031 [BaseDriver] W3C capabilities and MJSONWP desired capabilities were provided
2023-06-22 10:11:08:031 [BaseDriver] Creating session with W3C capabilities: {
2023-06-22 10:11:08:031 [BaseDriver]   "alwaysMatch": {
2023-06-22 10:11:08:031 [BaseDriver]     "appium:chromeDriverPort": "11000",
2023-06-22 10:11:08:031 [BaseDriver]     "platformName": "android",
2023-06-22 10:11:08:031 [BaseDriver]     "appium:appActivity": "com.torummobile.MainActivity",
2023-06-22 10:11:08:031 [BaseDriver]     "appium:appPackage": "com.torummobile.dev",
2023-06-22 10:11:08:031 [BaseDriver]     "appium:automationName": "UiAutomator2",
2023-06-22 10:11:08:031 [BaseDriver]     "appium:deviceName": "Pixel_3",
2023-06-22 10:11:08:031 [BaseDriver]     "appium:systemPort": "10000",
2023-06-22 10:11:08:031 [BaseDriver]     "appium:udid": "emulator-5554"
2023-06-22 10:11:08:032 [BaseDriver]   },
2023-06-22 10:11:08:032 [BaseDriver]   "firstMatch": [
2023-06-22 10:11:08:032 [BaseDriver]     {}
2023-06-22 10:11:08:032 [BaseDriver]   ]
2023-06-22 10:11:08:032 [BaseDriver] }
2023-06-22 10:11:08:033 [BaseDriver] Number capability passed in as string. Functionality may be compromised.
2023-06-22 10:11:08:033 [BaseDriver] Number capability passed in as string. Functionality may be compromised.
2023-06-22 10:11:08:036 [BaseDriver] Capability 'systemPort' changed from string ('10000') to integer (10000). This may cause unexpected behavior
2023-06-22 10:11:08:036 [BaseDriver] Capability 'chromeDriverPort' changed from string ('11000') to integer (11000). This may cause unexpected behavior
2023-06-22 10:11:08:038 [BaseDriver] Session created with session id: 42ebe1ab-17cc-4d2e-a30e-c74c28aa0f84
2023-06-22 10:11:08:038 [UiAutomator2] Starting 'com.torummobile.dev' directly on the device
2023-06-22 10:11:08:041 [UiAutomator2] Deleting UiAutomator2 session
2023-06-22 10:11:08:042 [BaseDriver] Event 'newSessionStarted' logged at 1687428668042 (15:41:08 GMT+0530 (India Standard Time))
2023-06-22 10:11:08:115 [W3C] Encountered internal error running command: Error: Neither ANDROID_HOME nor ANDROID_SDK_ROOT environment variable was exported. Read https://developer.android.com/studio/command-line/variables for more details
2023-06-22 10:11:08:115 [W3C]     at requireSdkRoot (C:\Users\Rekha\AppData\Roaming\npm\node_modules\appium\node_modules\appium-adb\lib\helpers.js:36:11)
2023-06-22 10:11:08:115 [W3C]     at Function.createADB (C:\Users\Rekha\AppData\Roaming\npm\node_modules\appium\node_modules\appium-adb\lib\adb.js:57:23)
2023-06-22 10:11:08:115 [W3C]     at Object.createBaseADB (C:\Users\Rekha\AppData\Roaming\npm\node_modules\appium\node_modules\appium-android-driver\lib\android-helpers.js:129:20)
2023-06-22 10:11:08:115 [W3C]     at Object.getDeviceInfoFromCaps (C:\Users\Rekha\AppData\Roaming\npm\node_modules\appium\node_modules\appium-android-driver\lib\android-helpers.js:214:29)
2023-06-22 10:11:08:115 [W3C]     at AndroidUiautomator2Driver.startUiAutomator2Session (C:\Users\Rekha\AppData\Roaming\npm\node_modules\appium\node_modules\appium-uiautomator2-driver\lib\driver.js:338:40)
2023-06-22 10:11:08:115 [W3C]     at AndroidUiautomator2Driver.createSession (C:\Users\Rekha\AppData\Roaming\npm\node_modules\appium\node_modules\appium-uiautomator2-driver\lib\driver.js:229:18)
2023-06-22 10:11:08:115 [W3C]     at processTicksAndRejections (node:internal/process/task_queues:95:5)
2023-06-22 10:11:08:115 [W3C]     at AppiumDriver.createSession (C:\Users\Rekha\AppData\Roaming\npm\node_modules\appium\lib\appium.js:387:35)
2023-06-22 10:11:08:125 [HTTP] <-- POST /wd/hub/session 500 311 ms - 877
2023-06-22 10:11:08:125 [HTTP] 
