2023-07-13 13:15:41:931 [Appium] Welcome to Appium v1.22.3
2023-07-13 13:15:41:934 [Appium] Non-default server args:
2023-07-13 13:15:41:935 [Appium]   port: 12951
2023-07-13 13:15:41:936 [Appium]   sessionOverride: true
2023-07-13 13:15:41:938 [Appium]   logFile: C:\Users\Rekha\eclipse-workspace\Torum-mobile-automation-master\Android_Pixel_3\Server1689254135627.log
2023-07-13 13:15:42:014 [Appium] Appium REST http interface listener started on 0.0.0.0:12951
2023-07-13 13:15:42:268 [HTTP] --> GET /wd/hub/status
2023-07-13 13:15:42:270 [HTTP] {}
2023-07-13 13:15:42:275 [GENERIC] Calling AppiumDriver.getStatus() with args: []
2023-07-13 13:15:42:279 [GENERIC] Responding to client with driver.getStatus() result: {"build":{"version":"1.22.3"}}
2023-07-13 13:15:42:297 [HTTP] <-- GET /wd/hub/status 200 22 ms - 68
2023-07-13 13:15:42:298 [HTTP] 
2023-07-13 13:15:42:310 [HTTP] --> GET /wd/hub/status
2023-07-13 13:15:42:311 [HTTP] {}
2023-07-13 13:15:42:312 [GENERIC] Calling AppiumDriver.getStatus() with args: []
2023-07-13 13:15:42:313 [GENERIC] Responding to client with driver.getStatus() result: {"build":{"version":"1.22.3"}}
2023-07-13 13:15:42:316 [HTTP] <-- GET /wd/hub/status 200 4 ms - 68
2023-07-13 13:15:42:317 [HTTP] 
2023-07-13 13:15:42:343 [HTTP] Request idempotency key: a6fcff96-2012-4eea-9825-eb4e0320f27b
2023-07-13 13:15:42:377 [HTTP] --> POST /wd/hub/session
2023-07-13 13:15:42:377 [HTTP] {"desiredCapabilities":{"appActivity":"com.torummobile.MainActivity","appPackage":"com.torummobile.dev","automationName":"UiAutomator2","chromeDriverPort":"11000","platformName":"Android","udid":"emulator-5554","deviceName":"Pixel_3","systemPort":"10000"},"capabilities":{"firstMatch":[{"appium:appActivity":"com.torummobile.MainActivity","appium:appPackage":"com.torummobile.dev","appium:automationName":"UiAutomator2","chromeDriverPort":"11000","appium:deviceName":"Pixel_3","platformName":"android","appium:systemPort":"10000","appium:udid":"emulator-5554"}]}}
2023-07-13 13:15:42:379 [W3C] Calling AppiumDriver.createSession() with args: [{"appActivity":"com.torummobile.MainActivity","appPackage":"com.torummobile.dev","automationName":"UiAutomator2","chromeDriverPort":"11000","platformName":"Android","udid":"emulator-5554","deviceName":"Pixel_3","systemPort":"10000"},null,{"firstMatch":[{"appium:appActivity":"com.torummobile.MainActivity","appium:appPackage":"com.torummobile.dev","appium:automationName":"UiAutomator2","chromeDriverPort":"11000","appium:deviceName":"Pixel_3","platformName":"android","appium:systemPort":"10000","appium:udid":"emulator-5554"}]}]
2023-07-13 13:15:42:380 [BaseDriver] Event 'newSessionRequested' logged at 1689254142379 (18:45:42 GMT+0530 (India Standard Time))
2023-07-13 13:15:42:386 [BaseDriver] The following capabilities are not standard capabilities and should have an extension prefix:
2023-07-13 13:15:42:386 [BaseDriver]   chromeDriverPort
2023-07-13 13:15:42:940 [Appium] Appium v1.22.3 creating new AndroidUiautomator2Driver (v1.70.1) session
2023-07-13 13:15:42:941 [Appium] There are no active sessions for cleanup
2023-07-13 13:15:42:946 [BaseDriver] W3C capabilities and MJSONWP desired capabilities were provided
2023-07-13 13:15:42:947 [BaseDriver] Creating session with W3C capabilities: {
2023-07-13 13:15:42:947 [BaseDriver]   "alwaysMatch": {
2023-07-13 13:15:42:947 [BaseDriver]     "appium:chromeDriverPort": "11000",
2023-07-13 13:15:42:948 [BaseDriver]     "platformName": "android",
2023-07-13 13:15:42:948 [BaseDriver]     "appium:appActivity": "com.torummobile.MainActivity",
2023-07-13 13:15:42:948 [BaseDriver]     "appium:appPackage": "com.torummobile.dev",
2023-07-13 13:15:42:948 [BaseDriver]     "appium:automationName": "UiAutomator2",
2023-07-13 13:15:42:948 [BaseDriver]     "appium:deviceName": "Pixel_3",
2023-07-13 13:15:42:948 [BaseDriver]     "appium:systemPort": "10000",
2023-07-13 13:15:42:949 [BaseDriver]     "appium:udid": "emulator-5554"
2023-07-13 13:15:42:949 [BaseDriver]   },
2023-07-13 13:15:42:949 [BaseDriver]   "firstMatch": [
2023-07-13 13:15:42:950 [BaseDriver]     {}
2023-07-13 13:15:42:950 [BaseDriver]   ]
2023-07-13 13:15:42:950 [BaseDriver] }
2023-07-13 13:15:42:954 [BaseDriver] Number capability passed in as string. Functionality may be compromised.
2023-07-13 13:15:42:954 [BaseDriver] Number capability passed in as string. Functionality may be compromised.
2023-07-13 13:15:42:960 [BaseDriver] Capability 'systemPort' changed from string ('10000') to integer (10000). This may cause unexpected behavior
2023-07-13 13:15:42:960 [BaseDriver] Capability 'chromeDriverPort' changed from string ('11000') to integer (11000). This may cause unexpected behavior
2023-07-13 13:15:42:965 [BaseDriver] Session created with session id: 3133c754-35c4-47b4-9a53-0c728ed25f7d
2023-07-13 13:15:42:966 [UiAutomator2] Starting 'com.torummobile.dev' directly on the device
2023-07-13 13:15:43:019 [ADB] Found 2 'build-tools' folders under 'C:\Users\Rekha\AppData\Local\Android\Sdk' (newest first):
2023-07-13 13:15:43:019 [ADB]     C:/Users/Rekha/AppData/Local/Android/Sdk/build-tools/34.0.0
2023-07-13 13:15:43:019 [ADB]     C:/Users/Rekha/AppData/Local/Android/Sdk/build-tools/30.0.3
2023-07-13 13:15:43:022 [ADB] Using 'adb.exe' from 'C:\Users\Rekha\AppData\Local\Android\Sdk\platform-tools\adb.exe'
2023-07-13 13:15:43:023 [ADB] Running 'C:\Users\Rekha\AppData\Local\Android\Sdk\platform-tools\adb.exe -P 5037 start-server'
2023-07-13 13:15:43:083 [AndroidDriver] Retrieving device list
2023-07-13 13:15:43:084 [ADB] Trying to find a connected android device
2023-07-13 13:15:43:085 [ADB] Getting connected devices
2023-07-13 13:15:43:138 [ADB] Connected devices: [{"udid":"ZD2226MYVB","state":"device"},{"udid":"emulator-5554","state":"device"}]
2023-07-13 13:15:43:139 [AndroidDriver] Using device: emulator-5554
2023-07-13 13:15:43:142 [ADB] Using 'adb.exe' from 'C:\Users\Rekha\AppData\Local\Android\Sdk\platform-tools\adb.exe'
2023-07-13 13:15:43:143 [ADB] Running 'C:\Users\Rekha\AppData\Local\Android\Sdk\platform-tools\adb.exe -P 5037 start-server'
2023-07-13 13:15:43:186 [ADB] Setting device id to emulator-5554
2023-07-13 13:15:43:188 [ADB] Running 'C:\Users\Rekha\AppData\Local\Android\Sdk\platform-tools\adb.exe -P 5037 -s emulator-5554 shell getprop ro.build.version.sdk'
2023-07-13 13:15:43:283 [ADB] Current device property 'ro.build.version.sdk': 34
2023-07-13 13:15:43:284 [ADB] Getting device platform version
2023-07-13 13:15:43:284 [ADB] Running 'C:\Users\Rekha\AppData\Local\Android\Sdk\platform-tools\adb.exe -P 5037 -s emulator-5554 shell getprop ro.build.version.release'
2023-07-13 13:15:43:392 [ADB] Current device property 'ro.build.version.release': 14
2023-07-13 13:15:43:392 [ADB] Device API level: 34
2023-07-13 13:15:43:392 [UiAutomator2] Relaxing hidden api policy
2023-07-13 13:15:43:393 [ADB] Running 'C:\Users\Rekha\AppData\Local\Android\Sdk\platform-tools\adb.exe -P 5037 -s emulator-5554 shell 'settings put global hidden_api_policy_pre_p_apps 1;settings put global hidden_api_policy_p_apps 1;settings put global hidden_api_policy 1''
2023-07-13 13:15:43:612 [AndroidDriver] No app sent in, not parsing package/activity
2023-07-13 13:15:43:613 [ADB] Running 'C:\Users\Rekha\AppData\Local\Android\Sdk\platform-tools\adb.exe -P 5037 -s emulator-5554 wait-for-device'
2023-07-13 13:15:43:663 [ADB] Running 'C:\Users\Rekha\AppData\Local\Android\Sdk\platform-tools\adb.exe -P 5037 -s emulator-5554 shell echo ping'
2023-07-13 13:15:43:738 [AndroidDriver] Pushing settings apk to device...
2023-07-13 13:15:43:740 [ADB] Getting install status for io.appium.settings
2023-07-13 13:15:43:741 [ADB] Running 'C:\Users\Rekha\AppData\Local\Android\Sdk\platform-tools\adb.exe -P 5037 -s emulator-5554 shell dumpsys package io.appium.settings'
2023-07-13 13:15:43:876 [ADB] 'io.appium.settings' is installed
2023-07-13 13:15:43:876 [ADB] Getting package info for 'io.appium.settings'
2023-07-13 13:15:43:877 [ADB] Running 'C:\Users\Rekha\AppData\Local\Android\Sdk\platform-tools\adb.exe -P 5037 -s emulator-5554 shell dumpsys package io.appium.settings'
2023-07-13 13:15:44:019 [ADB] The version name of the installed 'io.appium.settings' is greater or equal to the application version name ('3.4.0' >= '3.4.0')
2023-07-13 13:15:44:020 [ADB] There is no need to install/upgrade 'C:\Users\Rekha\AppData\Roaming\npm\node_modules\appium\node_modules\io.appium.settings\apks\settings_apk-debug.apk'
2023-07-13 13:15:44:021 [ADB] Getting IDs of all 'io.appium.settings' processes
2023-07-13 13:15:44:022 [ADB] Running 'C:\Users\Rekha\AppData\Local\Android\Sdk\platform-tools\adb.exe -P 5037 -s emulator-5554 shell 'pgrep --help; echo $?''
2023-07-13 13:15:44:123 [ADB] Running 'C:\Users\Rekha\AppData\Local\Android\Sdk\platform-tools\adb.exe -P 5037 -s emulator-5554 shell pgrep -f \(\[\[:blank:\]\]\|\^\)io\.appium\.settings\(\[\[:blank:\]\]\|\$\)'
2023-07-13 13:15:44:267 [AndroidDriver] io.appium.settings is already running. There is no need to reset its permissions.
2023-07-13 13:15:44:270 [Logcat] Starting logs capture with command: C:\\Users\\Rekha\\AppData\\Local\\Android\\Sdk\\platform-tools\\adb.exe -P 5037 -s emulator-5554 logcat -v threadtime
2023-07-13 13:15:44:383 [UiAutomator2] Forwarding UiAutomator2 Server port 6790 to local port 10000
2023-07-13 13:15:44:391 [ADB] Forwarding system: 10000 to device: 6790
2023-07-13 13:15:44:392 [ADB] Running 'C:\Users\Rekha\AppData\Local\Android\Sdk\platform-tools\adb.exe -P 5037 -s emulator-5554 forward tcp:10000 tcp:6790'
2023-07-13 13:15:44:465 [ADB] Getting install status for io.appium.uiautomator2.server
2023-07-13 13:15:44:466 [ADB] Running 'C:\Users\Rekha\AppData\Local\Android\Sdk\platform-tools\adb.exe -P 5037 -s emulator-5554 shell dumpsys package io.appium.uiautomator2.server'
2023-07-13 13:15:44:632 [ADB] 'io.appium.uiautomator2.server' is installed
2023-07-13 13:15:44:633 [ADB] Getting package info for 'io.appium.uiautomator2.server'
2023-07-13 13:15:44:633 [ADB] Running 'C:\Users\Rekha\AppData\Local\Android\Sdk\platform-tools\adb.exe -P 5037 -s emulator-5554 shell dumpsys package io.appium.uiautomator2.server'
2023-07-13 13:15:45:633 [ADB] The version name of the installed 'io.appium.uiautomator2.server' is greater or equal to the application version name ('4.27.0' >= '4.27.0')
2023-07-13 13:15:45:634 [UiAutomator2] io.appium.uiautomator2.server installation state: sameVersionInstalled
2023-07-13 13:15:45:635 [ADB] Checking app cert for C:\Users\Rekha\AppData\Roaming\npm\node_modules\appium\node_modules\appium-uiautomator2-server\apks\appium-uiautomator2-server-v4.27.0.apk
2023-07-13 13:15:45:791 [ADB] Using 'apksigner.jar' from 'C:\Users\Rekha\AppData\Local\Android\Sdk\build-tools\34.0.0\lib\apksigner.jar'
2023-07-13 13:15:45:795 [ADB] Starting apksigner: 'C:\\Program Files\\Java\\jdk-20\\bin\\java.exe' -Xmx1024M -Xss1m -jar C:\\Users\\Rekha\\AppData\\Local\\Android\\Sdk\\build-tools\\34.0.0\\lib\\apksigner.jar verify --print-certs C:\\Users\\Rekha\\AppData\\Roaming\\npm\\node_modules\\appium\\node_modules\\appium-uiautomator2-server\\apks\\appium-uiautomator2-server-v4.27.0.apk
2023-07-13 13:15:48:251 [ADB] apksigner stdout: Signer #1 certificate DN: EMAILADDRESS=android@android.com, CN=Android, OU=Android, O=Android, L=Mountain View, ST=California, C=US
2023-07-13 13:15:48:251 [ADB] Signer #1 certificate SHA-256 digest: a40da80a59d170caa950cf15c18c454d47a39b26989d8b640ecd745ba71bf5dc
2023-07-13 13:15:48:252 [ADB] Signer #1 certificate SHA-1 digest: 61ed377e85d386a8dfee6b864bd85b0bfaa5af81
2023-07-13 13:15:48:252 [ADB] Signer #1 certificate MD5 digest: e89b158e4bcf988ebd09eb83f5378e87
2023-07-13 13:15:48:252 [ADB] 
2023-07-13 13:15:48:253 [ADB] sha256 hash did match for 'appium-uiautomator2-server-v4.27.0.apk'
2023-07-13 13:15:48:253 [ADB] 'C:\Users\Rekha\AppData\Roaming\npm\node_modules\appium\node_modules\appium-uiautomator2-server\apks\appium-uiautomator2-server-v4.27.0.apk' is signed with the default certificate
2023-07-13 13:15:48:254 [ADB] Getting install status for io.appium.uiautomator2.server.test
2023-07-13 13:15:48:254 [ADB] Running 'C:\Users\Rekha\AppData\Local\Android\Sdk\platform-tools\adb.exe -P 5037 -s emulator-5554 shell dumpsys package io.appium.uiautomator2.server.test'
2023-07-13 13:15:48:375 [ADB] 'io.appium.uiautomator2.server.test' is installed
2023-07-13 13:15:48:376 [ADB] Checking app cert for C:\Users\Rekha\AppData\Roaming\npm\node_modules\appium\node_modules\appium-uiautomator2-server\apks\appium-uiautomator2-server-debug-androidTest.apk
2023-07-13 13:15:48:382 [ADB] Starting apksigner: 'C:\\Program Files\\Java\\jdk-20\\bin\\java.exe' -Xmx1024M -Xss1m -jar C:\\Users\\Rekha\\AppData\\Local\\Android\\Sdk\\build-tools\\34.0.0\\lib\\apksigner.jar verify --print-certs C:\\Users\\Rekha\\AppData\\Roaming\\npm\\node_modules\\appium\\node_modules\\appium-uiautomator2-server\\apks\\appium-uiautomator2-server-debug-androidTest.apk
2023-07-13 13:15:49:251 [ADB] apksigner stdout: Signer #1 certificate DN: EMAILADDRESS=android@android.com, CN=Android, OU=Android, O=Android, L=Mountain View, ST=California, C=US
2023-07-13 13:15:49:251 [ADB] Signer #1 certificate SHA-256 digest: a40da80a59d170caa950cf15c18c454d47a39b26989d8b640ecd745ba71bf5dc
2023-07-13 13:15:49:251 [ADB] Signer #1 certificate SHA-1 digest: 61ed377e85d386a8dfee6b864bd85b0bfaa5af81
2023-07-13 13:15:49:252 [ADB] Signer #1 certificate MD5 digest: e89b158e4bcf988ebd09eb83f5378e87
2023-07-13 13:15:49:252 [ADB] 
2023-07-13 13:15:49:252 [ADB] sha256 hash did match for 'appium-uiautomator2-server-debug-androidTest.apk'
2023-07-13 13:15:49:252 [ADB] 'C:\Users\Rekha\AppData\Roaming\npm\node_modules\appium\node_modules\appium-uiautomator2-server\apks\appium-uiautomator2-server-debug-androidTest.apk' is signed with the default certificate
2023-07-13 13:15:49:253 [UiAutomator2] Server packages are not going to be (re)installed
2023-07-13 13:15:49:258 [UiAutomator2] Waiting up to 30000ms for services to be available
2023-07-13 13:15:49:260 [ADB] Running 'C:\Users\Rekha\AppData\Local\Android\Sdk\platform-tools\adb.exe -P 5037 -s emulator-5554 shell pm list instrumentation'
2023-07-13 13:15:49:413 [UiAutomator2] Instrumentation target 'io.appium.uiautomator2.server.test/androidx.test.runner.AndroidJUnitRunner' is available
2023-07-13 13:15:49:420 [ADB] Adding packages ["io.appium.settings","io.appium.uiautomator2.server","io.appium.uiautomator2.server.test"] to Doze whitelist
2023-07-13 13:15:49:421 [ADB] Got the following command chunks to execute: [["dumpsys","deviceidle","whitelist","+io.appium.settings",";","dumpsys","deviceidle","whitelist","+io.appium.uiautomator2.server",";","dumpsys","deviceidle","whitelist","+io.appium.uiautomator2.server.test",";"]]
2023-07-13 13:15:49:422 [ADB] Running 'C:\Users\Rekha\AppData\Local\Android\Sdk\platform-tools\adb.exe -P 5037 -s emulator-5554 shell dumpsys deviceidle whitelist +io.appium.settings ; dumpsys deviceidle whitelist +io.appium.uiautomator2.server ; dumpsys deviceidle whitelist +io.appium.uiautomator2.server.test ;'
2023-07-13 13:15:49:616 [UiAutomator2] No app capability. Assuming it is already on the device
2023-07-13 13:15:49:617 [ADB] Getting install status for com.torummobile.dev
2023-07-13 13:15:49:617 [ADB] Running 'C:\Users\Rekha\AppData\Local\Android\Sdk\platform-tools\adb.exe -P 5037 -s emulator-5554 shell dumpsys package com.torummobile.dev'
2023-07-13 13:15:49:742 [ADB] 'com.torummobile.dev' is not installed
2023-07-13 13:15:49:743 [UiAutomator2] Deleting UiAutomator2 session
2023-07-13 13:15:49:744 [UiAutomator2] Deleting UiAutomator2 server session
2023-07-13 13:15:49:747 [WD Proxy] Matched '/' to command name 'deleteSession'
2023-07-13 13:15:49:750 [UiAutomator2] Did not get confirmation UiAutomator2 deleteSession worked; Error was: UnknownError: An unknown server-side error occurred while processing the command. Original error: Trying to proxy a session command without session id
2023-07-13 13:15:49:751 [ADB] Running 'C:\Users\Rekha\AppData\Local\Android\Sdk\platform-tools\adb.exe -P 5037 -s emulator-5554 shell am force-stop com.torummobile.dev'
2023-07-13 13:15:49:896 [Logcat] Stopping logcat capture
2023-07-13 13:15:49:905 [ADB] Removing forwarded port socket connection: 10000 
2023-07-13 13:15:49:905 [ADB] Running 'C:\Users\Rekha\AppData\Local\Android\Sdk\platform-tools\adb.exe -P 5037 -s emulator-5554 forward --remove tcp:10000'
2023-07-13 13:15:49:959 [UiAutomator2] Restoring hidden api policy to the device default configuration
2023-07-13 13:15:49:960 [ADB] Running 'C:\Users\Rekha\AppData\Local\Android\Sdk\platform-tools\adb.exe -P 5037 -s emulator-5554 shell 'settings delete global hidden_api_policy_pre_p_apps;settings delete global hidden_api_policy_p_apps;settings delete global hidden_api_policy''
2023-07-13 13:15:50:209 [BaseDriver] Event 'newSessionStarted' logged at 1689254150209 (18:45:50 GMT+0530 (India Standard Time))
2023-07-13 13:15:50:373 [W3C] Encountered internal error running command: Error: 'app' option is required for reinstall
2023-07-13 13:15:50:373 [W3C]     at Object.resetApp (C:\Users\Rekha\AppData\Roaming\npm\node_modules\appium\node_modules\appium-android-driver\lib\android-helpers.js:405:11)
2023-07-13 13:15:50:373 [W3C]     at AndroidUiautomator2Driver.initAUT (C:\Users\Rekha\AppData\Roaming\npm\node_modules\appium\node_modules\appium-uiautomator2-driver\lib\driver.js:546:9)
2023-07-13 13:15:50:374 [W3C]     at AndroidUiautomator2Driver.startUiAutomator2Session (C:\Users\Rekha\AppData\Roaming\npm\node_modules\appium\node_modules\appium-uiautomator2-driver\lib\driver.js:408:5)
2023-07-13 13:15:50:374 [W3C]     at AndroidUiautomator2Driver.createSession (C:\Users\Rekha\AppData\Roaming\npm\node_modules\appium\node_modules\appium-uiautomator2-driver\lib\driver.js:229:7)
2023-07-13 13:15:50:374 [W3C]     at AppiumDriver.createSession (C:\Users\Rekha\AppData\Roaming\npm\node_modules\appium\lib\appium.js:387:35)
2023-07-13 13:15:50:395 [HTTP] <-- POST /wd/hub/session 500 8017 ms - 637
2023-07-13 13:15:50:395 [HTTP] 
