2023-06-23 08:50:30:705 [Appium] Welcome to Appium v1.22.3
2023-06-23 08:50:30:706 [Appium] Non-default server args:
2023-06-23 08:50:30:706 [Appium]   port: 44694
2023-06-23 08:50:30:706 [Appium]   sessionOverride: true
2023-06-23 08:50:30:707 [Appium]   logFile: C:\Users\Rekha\eclipse-workspace\Torum-mobile-automation-master\Android_Pixel_3\Server1687510227502.log
2023-06-23 08:50:30:733 [Appium] Appium REST http interface listener started on 0.0.0.0:44694
2023-06-23 08:50:30:921 [HTTP] --> GET /wd/hub/status
2023-06-23 08:50:30:922 [HTTP] {}
2023-06-23 08:50:30:925 [GENERIC] Calling AppiumDriver.getStatus() with args: []
2023-06-23 08:50:30:927 [GENERIC] Responding to client with driver.getStatus() result: {"build":{"version":"1.22.3"}}
2023-06-23 08:50:30:936 [HTTP] <-- GET /wd/hub/status 200 11 ms - 68
2023-06-23 08:50:30:937 [HTTP] 
2023-06-23 08:50:30:943 [HTTP] --> GET /wd/hub/status
2023-06-23 08:50:30:943 [HTTP] {}
2023-06-23 08:50:30:944 [GENERIC] Calling AppiumDriver.getStatus() with args: []
2023-06-23 08:50:30:944 [GENERIC] Responding to client with driver.getStatus() result: {"build":{"version":"1.22.3"}}
2023-06-23 08:50:30:946 [HTTP] <-- GET /wd/hub/status 200 3 ms - 68
2023-06-23 08:50:30:946 [HTTP] 
2023-06-23 08:50:30:958 [HTTP] Request idempotency key: d3399cd5-46cd-4279-b376-3fba2822b9f6
2023-06-23 08:50:30:971 [HTTP] --> POST /wd/hub/session
2023-06-23 08:50:30:972 [HTTP] {"desiredCapabilities":{"appActivity":"com.torummobile.MainActivity","appPackage":"com.torummobile.dev","automationName":"UiAutomator2","chromeDriverPort":"11000","platformName":"Android","udid":"emulator-5554","deviceName":"Pixel_3","systemPort":"10000"},"capabilities":{"firstMatch":[{"appium:appActivity":"com.torummobile.MainActivity","appium:appPackage":"com.torummobile.dev","appium:automationName":"UiAutomator2","chromeDriverPort":"11000","appium:deviceName":"Pixel_3","platformName":"android","appium:systemPort":"10000","appium:udid":"emulator-5554"}]}}
2023-06-23 08:50:30:972 [W3C] Calling AppiumDriver.createSession() with args: [{"appActivity":"com.torummobile.MainActivity","appPackage":"com.torummobile.dev","automationName":"UiAutomator2","chromeDriverPort":"11000","platformName":"Android","udid":"emulator-5554","deviceName":"Pixel_3","systemPort":"10000"},null,{"firstMatch":[{"appium:appActivity":"com.torummobile.MainActivity","appium:appPackage":"com.torummobile.dev","appium:automationName":"UiAutomator2","chromeDriverPort":"11000","appium:deviceName":"Pixel_3","platformName":"android","appium:systemPort":"10000","appium:udid":"emulator-5554"}]}]
2023-06-23 08:50:30:972 [BaseDriver] Event 'newSessionRequested' logged at 1687510230972 (14:20:30 GMT+0530 (India Standard Time))
2023-06-23 08:50:30:975 [BaseDriver] The following capabilities are not standard capabilities and should have an extension prefix:
2023-06-23 08:50:30:975 [BaseDriver]   chromeDriverPort
2023-06-23 08:50:31:180 [Appium] Appium v1.22.3 creating new AndroidUiautomator2Driver (v1.70.1) session
2023-06-23 08:50:31:180 [Appium] There are no active sessions for cleanup
2023-06-23 08:50:31:182 [BaseDriver] W3C capabilities and MJSONWP desired capabilities were provided
2023-06-23 08:50:31:182 [BaseDriver] Creating session with W3C capabilities: {
2023-06-23 08:50:31:182 [BaseDriver]   "alwaysMatch": {
2023-06-23 08:50:31:182 [BaseDriver]     "appium:chromeDriverPort": "11000",
2023-06-23 08:50:31:182 [BaseDriver]     "platformName": "android",
2023-06-23 08:50:31:182 [BaseDriver]     "appium:appActivity": "com.torummobile.MainActivity",
2023-06-23 08:50:31:182 [BaseDriver]     "appium:appPackage": "com.torummobile.dev",
2023-06-23 08:50:31:182 [BaseDriver]     "appium:automationName": "UiAutomator2",
2023-06-23 08:50:31:183 [BaseDriver]     "appium:deviceName": "Pixel_3",
2023-06-23 08:50:31:183 [BaseDriver]     "appium:systemPort": "10000",
2023-06-23 08:50:31:183 [BaseDriver]     "appium:udid": "emulator-5554"
2023-06-23 08:50:31:183 [BaseDriver]   },
2023-06-23 08:50:31:183 [BaseDriver]   "firstMatch": [
2023-06-23 08:50:31:183 [BaseDriver]     {}
2023-06-23 08:50:31:183 [BaseDriver]   ]
2023-06-23 08:50:31:183 [BaseDriver] }
2023-06-23 08:50:31:185 [BaseDriver] Number capability passed in as string. Functionality may be compromised.
2023-06-23 08:50:31:186 [BaseDriver] Number capability passed in as string. Functionality may be compromised.
2023-06-23 08:50:31:188 [BaseDriver] Capability 'systemPort' changed from string ('10000') to integer (10000). This may cause unexpected behavior
2023-06-23 08:50:31:188 [BaseDriver] Capability 'chromeDriverPort' changed from string ('11000') to integer (11000). This may cause unexpected behavior
2023-06-23 08:50:31:190 [BaseDriver] Session created with session id: 7a6aa098-1eb1-495d-a183-695589501ba5
2023-06-23 08:50:31:191 [UiAutomator2] Starting 'com.torummobile.dev' directly on the device
2023-06-23 08:50:31:193 [UiAutomator2] Deleting UiAutomator2 session
2023-06-23 08:50:31:194 [BaseDriver] Event 'newSessionStarted' logged at 1687510231194 (14:20:31 GMT+0530 (India Standard Time))
2023-06-23 08:50:31:271 [W3C] Encountered internal error running command: Error: Neither ANDROID_HOME nor ANDROID_SDK_ROOT environment variable was exported. Read https://developer.android.com/studio/command-line/variables for more details
2023-06-23 08:50:31:271 [W3C]     at requireSdkRoot (C:\Users\Rekha\AppData\Roaming\npm\node_modules\appium\node_modules\appium-adb\lib\helpers.js:36:11)
2023-06-23 08:50:31:272 [W3C]     at Function.createADB (C:\Users\Rekha\AppData\Roaming\npm\node_modules\appium\node_modules\appium-adb\lib\adb.js:57:23)
2023-06-23 08:50:31:272 [W3C]     at Object.createBaseADB (C:\Users\Rekha\AppData\Roaming\npm\node_modules\appium\node_modules\appium-android-driver\lib\android-helpers.js:129:20)
2023-06-23 08:50:31:272 [W3C]     at Object.getDeviceInfoFromCaps (C:\Users\Rekha\AppData\Roaming\npm\node_modules\appium\node_modules\appium-android-driver\lib\android-helpers.js:214:29)
2023-06-23 08:50:31:272 [W3C]     at AndroidUiautomator2Driver.startUiAutomator2Session (C:\Users\Rekha\AppData\Roaming\npm\node_modules\appium\node_modules\appium-uiautomator2-driver\lib\driver.js:338:40)
2023-06-23 08:50:31:272 [W3C]     at AndroidUiautomator2Driver.createSession (C:\Users\Rekha\AppData\Roaming\npm\node_modules\appium\node_modules\appium-uiautomator2-driver\lib\driver.js:229:18)
2023-06-23 08:50:31:272 [W3C]     at processTicksAndRejections (node:internal/process/task_queues:95:5)
2023-06-23 08:50:31:272 [W3C]     at AppiumDriver.createSession (C:\Users\Rekha\AppData\Roaming\npm\node_modules\appium\lib\appium.js:387:35)
2023-06-23 08:50:31:281 [HTTP] <-- POST /wd/hub/session 500 309 ms - 877
2023-06-23 08:50:31:281 [HTTP] 
