2023-07-03 04:53:35:088 [Appium] Welcome to Appium v1.22.3
2023-07-03 04:53:35:091 [Appium] Non-default server args:
2023-07-03 04:53:35:092 [Appium]   port: 14008
2023-07-03 04:53:35:092 [Appium]   sessionOverride: true
2023-07-03 04:53:35:092 [Appium]   logFile: C:\Users\Rekha\eclipse-workspace\Torum-mobile-automation-master\Android_Pixel_3\Server1688360011993.log
2023-07-03 04:53:35:146 [Appium] Appium REST http interface listener started on 0.0.0.0:14008
2023-07-03 04:53:35:304 [HTTP] --> GET /wd/hub/status
2023-07-03 04:53:35:305 [HTTP] {}
2023-07-03 04:53:35:308 [GENERIC] Calling AppiumDriver.getStatus() with args: []
2023-07-03 04:53:35:311 [GENERIC] Responding to client with driver.getStatus() result: {"build":{"version":"1.22.3"}}
2023-07-03 04:53:35:323 [HTTP] <-- GET /wd/hub/status 200 14 ms - 68
2023-07-03 04:53:35:324 [HTTP] 
2023-07-03 04:53:35:331 [HTTP] --> GET /wd/hub/status
2023-07-03 04:53:35:331 [HTTP] {}
2023-07-03 04:53:35:332 [GENERIC] Calling AppiumDriver.getStatus() with args: []
2023-07-03 04:53:35:333 [GENERIC] Responding to client with driver.getStatus() result: {"build":{"version":"1.22.3"}}
2023-07-03 04:53:35:336 [HTTP] <-- GET /wd/hub/status 200 3 ms - 68
2023-07-03 04:53:35:336 [HTTP] 
2023-07-03 04:53:35:353 [HTTP] Request idempotency key: 5f859abc-dc2b-4c42-af6b-ef620005ba23
2023-07-03 04:53:35:379 [HTTP] --> POST /wd/hub/session
2023-07-03 04:53:35:380 [HTTP] {"desiredCapabilities":{"appActivity":"com.torummobile.MainActivity","appPackage":"com.torummobile.dev","automationName":"UiAutomator2","chromeDriverPort":"11000","platformName":"Android","udid":"emulator-5554","deviceName":"Pixel_3","systemPort":"10000"},"capabilities":{"firstMatch":[{"appium:appActivity":"com.torummobile.MainActivity","appium:appPackage":"com.torummobile.dev","appium:automationName":"UiAutomator2","chromeDriverPort":"11000","appium:deviceName":"Pixel_3","platformName":"android","appium:systemPort":"10000","appium:udid":"emulator-5554"}]}}
2023-07-03 04:53:35:381 [W3C] Calling AppiumDriver.createSession() with args: [{"appActivity":"com.torummobile.MainActivity","appPackage":"com.torummobile.dev","automationName":"UiAutomator2","chromeDriverPort":"11000","platformName":"Android","udid":"emulator-5554","deviceName":"Pixel_3","systemPort":"10000"},null,{"firstMatch":[{"appium:appActivity":"com.torummobile.MainActivity","appium:appPackage":"com.torummobile.dev","appium:automationName":"UiAutomator2","chromeDriverPort":"11000","appium:deviceName":"Pixel_3","platformName":"android","appium:systemPort":"10000","appium:udid":"emulator-5554"}]}]
2023-07-03 04:53:35:382 [BaseDriver] Event 'newSessionRequested' logged at 1688360015381 (10:23:35 GMT+0530 (India Standard Time))
2023-07-03 04:53:35:388 [BaseDriver] The following capabilities are not standard capabilities and should have an extension prefix:
2023-07-03 04:53:35:388 [BaseDriver]   chromeDriverPort
2023-07-03 04:53:35:832 [Appium] Appium v1.22.3 creating new AndroidUiautomator2Driver (v1.70.1) session
2023-07-03 04:53:35:832 [Appium] There are no active sessions for cleanup
2023-07-03 04:53:35:836 [BaseDriver] W3C capabilities and MJSONWP desired capabilities were provided
2023-07-03 04:53:35:837 [BaseDriver] Creating session with W3C capabilities: {
2023-07-03 04:53:35:837 [BaseDriver]   "alwaysMatch": {
2023-07-03 04:53:35:837 [BaseDriver]     "appium:chromeDriverPort": "11000",
2023-07-03 04:53:35:837 [BaseDriver]     "platformName": "android",
2023-07-03 04:53:35:837 [BaseDriver]     "appium:appActivity": "com.torummobile.MainActivity",
2023-07-03 04:53:35:837 [BaseDriver]     "appium:appPackage": "com.torummobile.dev",
2023-07-03 04:53:35:838 [BaseDriver]     "appium:automationName": "UiAutomator2",
2023-07-03 04:53:35:838 [BaseDriver]     "appium:deviceName": "Pixel_3",
2023-07-03 04:53:35:838 [BaseDriver]     "appium:systemPort": "10000",
2023-07-03 04:53:35:838 [BaseDriver]     "appium:udid": "emulator-5554"
2023-07-03 04:53:35:838 [BaseDriver]   },
2023-07-03 04:53:35:839 [BaseDriver]   "firstMatch": [
2023-07-03 04:53:35:839 [BaseDriver]     {}
2023-07-03 04:53:35:839 [BaseDriver]   ]
2023-07-03 04:53:35:839 [BaseDriver] }
2023-07-03 04:53:35:842 [BaseDriver] Number capability passed in as string. Functionality may be compromised.
2023-07-03 04:53:35:842 [BaseDriver] Number capability passed in as string. Functionality may be compromised.
2023-07-03 04:53:35:847 [BaseDriver] Capability 'systemPort' changed from string ('10000') to integer (10000). This may cause unexpected behavior
2023-07-03 04:53:35:847 [BaseDriver] Capability 'chromeDriverPort' changed from string ('11000') to integer (11000). This may cause unexpected behavior
2023-07-03 04:53:35:851 [BaseDriver] Session created with session id: 3f410e1f-2711-4f06-ab73-c2569eb8baee
2023-07-03 04:53:35:852 [UiAutomator2] Starting 'com.torummobile.dev' directly on the device
2023-07-03 04:53:35:896 [ADB] Found 2 'build-tools' folders under 'C:\Users\Rekha\AppData\Local\Android\Sdk' (newest first):
2023-07-03 04:53:35:896 [ADB]     C:/Users/Rekha/AppData/Local/Android/Sdk/build-tools/34.0.0
2023-07-03 04:53:35:896 [ADB]     C:/Users/Rekha/AppData/Local/Android/Sdk/build-tools/30.0.3
2023-07-03 04:53:35:898 [ADB] Using 'adb.exe' from 'C:\Users\Rekha\AppData\Local\Android\Sdk\platform-tools\adb.exe'
2023-07-03 04:53:35:899 [ADB] Running 'C:\Users\Rekha\AppData\Local\Android\Sdk\platform-tools\adb.exe -P 5037 start-server'
2023-07-03 04:53:35:945 [AndroidDriver] Retrieving device list
2023-07-03 04:53:35:946 [ADB] Trying to find a connected android device
2023-07-03 04:53:35:947 [ADB] Getting connected devices
2023-07-03 04:53:35:987 [ADB] Connected devices: [{"udid":"ZD2226MYVB","state":"device"}]
2023-07-03 04:53:35:988 [AndroidDriver] Device emulator-5554 was not in the list of connected devices
2023-07-03 04:53:35:988 [UiAutomator2] Deleting UiAutomator2 session
2023-07-03 04:53:35:990 [BaseDriver] Event 'newSessionStarted' logged at 1688360015990 (10:23:35 GMT+0530 (India Standard Time))
2023-07-03 04:53:36:122 [W3C] Encountered internal error running command: Error: Device emulator-5554 was not in the list of connected devices
2023-07-03 04:53:36:122 [W3C]     at Object.errorAndThrow (C:\Users\Rekha\AppData\Roaming\npm\node_modules\appium\node_modules\appium-support\lib\logging.js:94:35)
2023-07-03 04:53:36:122 [W3C]     at Object.getDeviceInfoFromCaps (C:\Users\Rekha\AppData\Roaming\npm\node_modules\appium\node_modules\appium-android-driver\lib\android-helpers.js:231:16)
2023-07-03 04:53:36:123 [W3C]     at AndroidUiautomator2Driver.startUiAutomator2Session (C:\Users\Rekha\AppData\Roaming\npm\node_modules\appium\node_modules\appium-uiautomator2-driver\lib\driver.js:338:26)
2023-07-03 04:53:36:123 [W3C]     at AndroidUiautomator2Driver.createSession (C:\Users\Rekha\AppData\Roaming\npm\node_modules\appium\node_modules\appium-uiautomator2-driver\lib\driver.js:229:7)
2023-07-03 04:53:36:123 [W3C]     at AppiumDriver.createSession (C:\Users\Rekha\AppData\Roaming\npm\node_modules\appium\lib\appium.js:387:35)
2023-07-03 04:53:36:141 [HTTP] <-- POST /wd/hub/session 500 761 ms - 683
2023-07-03 04:53:36:141 [HTTP] 
