2023-07-13 13:06:55:294 [Appium] Welcome to Appium v1.22.3
2023-07-13 13:06:55:300 [Appium] Non-default server args:
2023-07-13 13:06:55:302 [Appium]   port: 11018
2023-07-13 13:06:55:305 [Appium]   sessionOverride: true
2023-07-13 13:06:55:309 [Appium]   logFile: C:\Users\Rekha\eclipse-workspace\Torum-mobile-automation-master\Android_Pixel_3\Server1689253606307.log
2023-07-13 13:06:55:512 [Appium] Appium REST http interface listener started on 0.0.0.0:11018
2023-07-13 13:06:55:825 [HTTP] --> GET /wd/hub/status
2023-07-13 13:06:55:826 [HTTP] {}
2023-07-13 13:06:55:830 [GENERIC] Calling AppiumDriver.getStatus() with args: []
2023-07-13 13:06:55:834 [GENERIC] Responding to client with driver.getStatus() result: {"build":{"version":"1.22.3"}}
2023-07-13 13:06:55:853 [HTTP] <-- GET /wd/hub/status 200 22 ms - 68
2023-07-13 13:06:55:854 [HTTP] 
2023-07-13 13:06:55:868 [HTTP] --> GET /wd/hub/status
2023-07-13 13:06:55:870 [HTTP] {}
2023-07-13 13:06:55:872 [GENERIC] Calling AppiumDriver.getStatus() with args: []
2023-07-13 13:06:55:874 [GENERIC] Responding to client with driver.getStatus() result: {"build":{"version":"1.22.3"}}
2023-07-13 13:06:55:877 [HTTP] <-- GET /wd/hub/status 200 8 ms - 68
2023-07-13 13:06:55:878 [HTTP] 
2023-07-13 13:06:57:250 [HTTP] Request idempotency key: c00ca953-76db-493c-93fc-c0960e85269b
2023-07-13 13:06:57:293 [HTTP] --> POST /wd/hub/session
2023-07-13 13:06:57:294 [HTTP] {"desiredCapabilities":{"appActivity":"com.torummobile.MainActivity","appPackage":"com.torummobile.dev","automationName":"UiAutomator2","chromeDriverPort":"11000","platformName":"Android","udid":"emulator-5554","deviceName":"Pixel_3","systemPort":"10000"},"capabilities":{"firstMatch":[{"appium:appActivity":"com.torummobile.MainActivity","appium:appPackage":"com.torummobile.dev","appium:automationName":"UiAutomator2","chromeDriverPort":"11000","appium:deviceName":"Pixel_3","platformName":"android","appium:systemPort":"10000","appium:udid":"emulator-5554"}]}}
2023-07-13 13:06:57:297 [W3C] Calling AppiumDriver.createSession() with args: [{"appActivity":"com.torummobile.MainActivity","appPackage":"com.torummobile.dev","automationName":"UiAutomator2","chromeDriverPort":"11000","platformName":"Android","udid":"emulator-5554","deviceName":"Pixel_3","systemPort":"10000"},null,{"firstMatch":[{"appium:appActivity":"com.torummobile.MainActivity","appium:appPackage":"com.torummobile.dev","appium:automationName":"UiAutomator2","chromeDriverPort":"11000","appium:deviceName":"Pixel_3","platformName":"android","appium:systemPort":"10000","appium:udid":"emulator-5554"}]}]
2023-07-13 13:06:57:298 [BaseDriver] Event 'newSessionRequested' logged at 1689253617297 (18:36:57 GMT+0530 (India Standard Time))
2023-07-13 13:06:57:308 [BaseDriver] The following capabilities are not standard capabilities and should have an extension prefix:
2023-07-13 13:06:57:308 [BaseDriver]   chromeDriverPort
2023-07-13 13:06:58:125 [Appium] Appium v1.22.3 creating new AndroidUiautomator2Driver (v1.70.1) session
2023-07-13 13:06:58:127 [Appium] There are no active sessions for cleanup
2023-07-13 13:06:58:137 [BaseDriver] W3C capabilities and MJSONWP desired capabilities were provided
2023-07-13 13:06:58:139 [BaseDriver] Creating session with W3C capabilities: {
2023-07-13 13:06:58:140 [BaseDriver]   "alwaysMatch": {
2023-07-13 13:06:58:141 [BaseDriver]     "appium:chromeDriverPort": "11000",
2023-07-13 13:06:58:142 [BaseDriver]     "platformName": "android",
2023-07-13 13:06:58:143 [BaseDriver]     "appium:appActivity": "com.torummobile.MainActivity",
2023-07-13 13:06:58:143 [BaseDriver]     "appium:appPackage": "com.torummobile.dev",
2023-07-13 13:06:58:144 [BaseDriver]     "appium:automationName": "UiAutomator2",
2023-07-13 13:06:58:144 [BaseDriver]     "appium:deviceName": "Pixel_3",
2023-07-13 13:06:58:145 [BaseDriver]     "appium:systemPort": "10000",
2023-07-13 13:06:58:145 [BaseDriver]     "appium:udid": "emulator-5554"
2023-07-13 13:06:58:146 [BaseDriver]   },
2023-07-13 13:06:58:147 [BaseDriver]   "firstMatch": [
2023-07-13 13:06:58:147 [BaseDriver]     {}
2023-07-13 13:06:58:147 [BaseDriver]   ]
2023-07-13 13:06:58:147 [BaseDriver] }
2023-07-13 13:06:58:151 [BaseDriver] Number capability passed in as string. Functionality may be compromised.
2023-07-13 13:06:58:151 [BaseDriver] Number capability passed in as string. Functionality may be compromised.
2023-07-13 13:06:58:162 [BaseDriver] Capability 'systemPort' changed from string ('10000') to integer (10000). This may cause unexpected behavior
2023-07-13 13:06:58:163 [BaseDriver] Capability 'chromeDriverPort' changed from string ('11000') to integer (11000). This may cause unexpected behavior
2023-07-13 13:06:58:173 [BaseDriver] Session created with session id: f7de38ff-eeb7-45d1-bfc9-6bac9c6849ae
2023-07-13 13:06:58:176 [UiAutomator2] Starting 'com.torummobile.dev' directly on the device
2023-07-13 13:06:58:241 [ADB] Found 2 'build-tools' folders under 'C:\Users\Rekha\AppData\Local\Android\Sdk' (newest first):
2023-07-13 13:06:58:242 [ADB]     C:/Users/Rekha/AppData/Local/Android/Sdk/build-tools/34.0.0
2023-07-13 13:06:58:242 [ADB]     C:/Users/Rekha/AppData/Local/Android/Sdk/build-tools/30.0.3
2023-07-13 13:06:58:244 [ADB] Using 'adb.exe' from 'C:\Users\Rekha\AppData\Local\Android\Sdk\platform-tools\adb.exe'
2023-07-13 13:06:58:246 [ADB] Running 'C:\Users\Rekha\AppData\Local\Android\Sdk\platform-tools\adb.exe -P 5037 start-server'
2023-07-13 13:06:58:327 [AndroidDriver] Retrieving device list
2023-07-13 13:06:58:328 [ADB] Trying to find a connected android device
2023-07-13 13:06:58:330 [ADB] Getting connected devices
2023-07-13 13:06:58:393 [ADB] Connected devices: [{"udid":"ZD2226MYVB","state":"device"},{"udid":"emulator-5554","state":"device"}]
2023-07-13 13:06:58:395 [AndroidDriver] Using device: emulator-5554
2023-07-13 13:06:58:398 [ADB] Using 'adb.exe' from 'C:\Users\Rekha\AppData\Local\Android\Sdk\platform-tools\adb.exe'
2023-07-13 13:06:58:398 [ADB] Running 'C:\Users\Rekha\AppData\Local\Android\Sdk\platform-tools\adb.exe -P 5037 start-server'
2023-07-13 13:06:58:458 [ADB] Setting device id to emulator-5554
2023-07-13 13:06:58:459 [ADB] Running 'C:\Users\Rekha\AppData\Local\Android\Sdk\platform-tools\adb.exe -P 5037 -s emulator-5554 shell getprop ro.build.version.sdk'
2023-07-13 13:06:58:594 [ADB] Current device property 'ro.build.version.sdk': 34
2023-07-13 13:06:58:595 [ADB] Getting device platform version
2023-07-13 13:06:58:596 [ADB] Running 'C:\Users\Rekha\AppData\Local\Android\Sdk\platform-tools\adb.exe -P 5037 -s emulator-5554 shell getprop ro.build.version.release'
2023-07-13 13:06:58:751 [ADB] Current device property 'ro.build.version.release': 14
2023-07-13 13:06:58:751 [ADB] Device API level: 34
2023-07-13 13:06:58:752 [UiAutomator2] Relaxing hidden api policy
2023-07-13 13:06:58:753 [ADB] Running 'C:\Users\Rekha\AppData\Local\Android\Sdk\platform-tools\adb.exe -P 5037 -s emulator-5554 shell 'settings put global hidden_api_policy_pre_p_apps 1;settings put global hidden_api_policy_p_apps 1;settings put global hidden_api_policy 1''
2023-07-13 13:06:59:124 [AndroidDriver] No app sent in, not parsing package/activity
2023-07-13 13:06:59:125 [ADB] Running 'C:\Users\Rekha\AppData\Local\Android\Sdk\platform-tools\adb.exe -P 5037 -s emulator-5554 wait-for-device'
2023-07-13 13:06:59:186 [ADB] Running 'C:\Users\Rekha\AppData\Local\Android\Sdk\platform-tools\adb.exe -P 5037 -s emulator-5554 shell echo ping'
2023-07-13 13:06:59:287 [AndroidDriver] Pushing settings apk to device...
2023-07-13 13:06:59:289 [ADB] Getting install status for io.appium.settings
2023-07-13 13:06:59:290 [ADB] Running 'C:\Users\Rekha\AppData\Local\Android\Sdk\platform-tools\adb.exe -P 5037 -s emulator-5554 shell dumpsys package io.appium.settings'
2023-07-13 13:07:00:128 [ADB] 'io.appium.settings' is installed
2023-07-13 13:07:00:129 [ADB] Getting package info for 'io.appium.settings'
2023-07-13 13:07:00:129 [ADB] Running 'C:\Users\Rekha\AppData\Local\Android\Sdk\platform-tools\adb.exe -P 5037 -s emulator-5554 shell dumpsys package io.appium.settings'
2023-07-13 13:07:00:359 [ADB] The version name of the installed 'io.appium.settings' is greater or equal to the application version name ('3.4.0' >= '3.4.0')
2023-07-13 13:07:00:359 [ADB] There is no need to install/upgrade 'C:\Users\Rekha\AppData\Roaming\npm\node_modules\appium\node_modules\io.appium.settings\apks\settings_apk-debug.apk'
2023-07-13 13:07:00:360 [ADB] Getting IDs of all 'io.appium.settings' processes
2023-07-13 13:07:00:361 [ADB] Running 'C:\Users\Rekha\AppData\Local\Android\Sdk\platform-tools\adb.exe -P 5037 -s emulator-5554 shell 'pgrep --help; echo $?''
2023-07-13 13:07:00:548 [ADB] Running 'C:\Users\Rekha\AppData\Local\Android\Sdk\platform-tools\adb.exe -P 5037 -s emulator-5554 shell pgrep -f \(\[\[:blank:\]\]\|\^\)io\.appium\.settings\(\[\[:blank:\]\]\|\$\)'
2023-07-13 13:07:00:750 [AndroidDriver] io.appium.settings is already running. There is no need to reset its permissions.
2023-07-13 13:07:00:753 [Logcat] Starting logs capture with command: C:\\Users\\Rekha\\AppData\\Local\\Android\\Sdk\\platform-tools\\adb.exe -P 5037 -s emulator-5554 logcat -v threadtime
2023-07-13 13:07:00:909 [UiAutomator2] Forwarding UiAutomator2 Server port 6790 to local port 10000
2023-07-13 13:07:00:915 [UiAutomator2] UiAutomator2 Server cannot start because the local port #10000 is busy. Make sure the port you provide via 'systemPort' capability is not occupied. This situation might often be a result of an inaccurate sessions management, e.g. old automation sessions on the same device must always be closed before starting new ones.
2023-07-13 13:07:00:917 [UiAutomator2] Deleting UiAutomator2 session
2023-07-13 13:07:00:918 [ADB] Running 'C:\Users\Rekha\AppData\Local\Android\Sdk\platform-tools\adb.exe -P 5037 -s emulator-5554 shell am force-stop com.torummobile.dev'
2023-07-13 13:07:01:116 [Logcat] Stopping logcat capture
2023-07-13 13:07:01:124 [ADB] Removing forwarded port socket connection: 10000 
2023-07-13 13:07:01:124 [ADB] Running 'C:\Users\Rekha\AppData\Local\Android\Sdk\platform-tools\adb.exe -P 5037 -s emulator-5554 forward --remove tcp:10000'
2023-07-13 13:07:01:187 [UiAutomator2] Restoring hidden api policy to the device default configuration
2023-07-13 13:07:01:188 [ADB] Running 'C:\Users\Rekha\AppData\Local\Android\Sdk\platform-tools\adb.exe -P 5037 -s emulator-5554 shell 'settings delete global hidden_api_policy_pre_p_apps;settings delete global hidden_api_policy_p_apps;settings delete global hidden_api_policy''
2023-07-13 13:07:01:658 [BaseDriver] Event 'newSessionStarted' logged at 1689253621657 (18:37:01 GMT+0530 (India Standard Time))
2023-07-13 13:07:01:875 [W3C] Encountered internal error running command: Error: UiAutomator2 Server cannot start because the local port #10000 is busy. Make sure the port you provide via 'systemPort' capability is not occupied. This situation might often be a result of an inaccurate sessions management, e.g. old automation sessions on the same device must always be closed before starting new ones.
2023-07-13 13:07:01:875 [W3C]     at Object.errorAndThrow (C:\Users\Rekha\AppData\Roaming\npm\node_modules\appium\node_modules\appium-support\lib\logging.js:94:35)
2023-07-13 13:07:01:876 [W3C]     at forwardPort (C:\Users\Rekha\AppData\Roaming\npm\node_modules\appium\node_modules\appium-uiautomator2-driver\lib\driver.js:284:16)
2023-07-13 13:07:01:876 [W3C]     at AndroidUiautomator2Driver.allocateSystemPort (C:\Users\Rekha\AppData\Roaming\npm\node_modules\appium\node_modules\appium-uiautomator2-driver\lib\driver.js:294:14)
2023-07-13 13:07:01:877 [W3C]     at AndroidUiautomator2Driver.startUiAutomator2Session (C:\Users\Rekha\AppData\Roaming\npm\node_modules\appium\node_modules\appium-uiautomator2-driver\lib\driver.js:383:5)
2023-07-13 13:07:01:877 [W3C]     at AndroidUiautomator2Driver.createSession (C:\Users\Rekha\AppData\Roaming\npm\node_modules\appium\node_modules\appium-uiautomator2-driver\lib\driver.js:229:7)
2023-07-13 13:07:01:878 [W3C]     at AppiumDriver.createSession (C:\Users\Rekha\AppData\Roaming\npm\node_modules\appium\lib\appium.js:387:35)
2023-07-13 13:07:01:920 [HTTP] <-- POST /wd/hub/session 500 4625 ms - 1201
2023-07-13 13:07:01:921 [HTTP] 
