2023-06-23 08:11:04:794 [Appium] Welcome to Appium v1.22.3
2023-06-23 08:11:04:797 [Appium] Non-default server args:
2023-06-23 08:11:04:797 [Appium]   port: 61139
2023-06-23 08:11:04:798 [Appium]   sessionOverride: true
2023-06-23 08:11:04:798 [Appium]   logFile: C:\Users\Rekha\eclipse-workspace\Torum-mobile-automation-master\Android_Pixel_3\Server1687507862005.log
2023-06-23 08:11:04:851 [Appium] Appium REST http interface listener started on 0.0.0.0:61139
2023-06-23 08:11:05:112 [HTTP] --> GET /wd/hub/status
2023-06-23 08:11:05:113 [HTTP] {}
2023-06-23 08:11:05:116 [GENERIC] Calling AppiumDriver.getStatus() with args: []
2023-06-23 08:11:05:118 [GENERIC] Responding to client with driver.getStatus() result: {"build":{"version":"1.22.3"}}
2023-06-23 08:11:05:129 [HTTP] <-- GET /wd/hub/status 200 12 ms - 68
2023-06-23 08:11:05:130 [HTTP] 
2023-06-23 08:11:05:137 [HTTP] --> GET /wd/hub/status
2023-06-23 08:11:05:138 [HTTP] {}
2023-06-23 08:11:05:138 [GENERIC] Calling AppiumDriver.getStatus() with args: []
2023-06-23 08:11:05:139 [GENERIC] Responding to client with driver.getStatus() result: {"build":{"version":"1.22.3"}}
2023-06-23 08:11:05:142 [HTTP] <-- GET /wd/hub/status 200 3 ms - 68
2023-06-23 08:11:05:142 [HTTP] 
2023-06-23 08:11:05:155 [HTTP] Request idempotency key: f1115def-c96b-4b7c-98df-e8b8a4b5438b
2023-06-23 08:11:05:184 [HTTP] --> POST /wd/hub/session
2023-06-23 08:11:05:184 [HTTP] {"desiredCapabilities":{"appActivity":"com.torummobile.MainActivity","appPackage":"com.torummobile.dev","automationName":"UiAutomator2","chromeDriverPort":"11000","platformName":"Android","udid":"emulator-5554","deviceName":"Pixel_3","systemPort":"10000"},"capabilities":{"firstMatch":[{"appium:appActivity":"com.torummobile.MainActivity","appium:appPackage":"com.torummobile.dev","appium:automationName":"UiAutomator2","chromeDriverPort":"11000","appium:deviceName":"Pixel_3","platformName":"android","appium:systemPort":"10000","appium:udid":"emulator-5554"}]}}
2023-06-23 08:11:05:185 [W3C] Calling AppiumDriver.createSession() with args: [{"appActivity":"com.torummobile.MainActivity","appPackage":"com.torummobile.dev","automationName":"UiAutomator2","chromeDriverPort":"11000","platformName":"Android","udid":"emulator-5554","deviceName":"Pixel_3","systemPort":"10000"},null,{"firstMatch":[{"appium:appActivity":"com.torummobile.MainActivity","appium:appPackage":"com.torummobile.dev","appium:automationName":"UiAutomator2","chromeDriverPort":"11000","appium:deviceName":"Pixel_3","platformName":"android","appium:systemPort":"10000","appium:udid":"emulator-5554"}]}]
2023-06-23 08:11:05:186 [BaseDriver] Event 'newSessionRequested' logged at 1687507865186 (13:41:05 GMT+0530 (India Standard Time))
2023-06-23 08:11:05:191 [BaseDriver] The following capabilities are not standard capabilities and should have an extension prefix:
2023-06-23 08:11:05:191 [BaseDriver]   chromeDriverPort
2023-06-23 08:11:05:598 [Appium] Appium v1.22.3 creating new AndroidUiautomator2Driver (v1.70.1) session
2023-06-23 08:11:05:598 [Appium] There are no active sessions for cleanup
2023-06-23 08:11:05:602 [BaseDriver] W3C capabilities and MJSONWP desired capabilities were provided
2023-06-23 08:11:05:603 [BaseDriver] Creating session with W3C capabilities: {
2023-06-23 08:11:05:603 [BaseDriver]   "alwaysMatch": {
2023-06-23 08:11:05:603 [BaseDriver]     "appium:chromeDriverPort": "11000",
2023-06-23 08:11:05:603 [BaseDriver]     "platformName": "android",
2023-06-23 08:11:05:603 [BaseDriver]     "appium:appActivity": "com.torummobile.MainActivity",
2023-06-23 08:11:05:603 [BaseDriver]     "appium:appPackage": "com.torummobile.dev",
2023-06-23 08:11:05:604 [BaseDriver]     "appium:automationName": "UiAutomator2",
2023-06-23 08:11:05:604 [BaseDriver]     "appium:deviceName": "Pixel_3",
2023-06-23 08:11:05:604 [BaseDriver]     "appium:systemPort": "10000",
2023-06-23 08:11:05:604 [BaseDriver]     "appium:udid": "emulator-5554"
2023-06-23 08:11:05:604 [BaseDriver]   },
2023-06-23 08:11:05:605 [BaseDriver]   "firstMatch": [
2023-06-23 08:11:05:605 [BaseDriver]     {}
2023-06-23 08:11:05:605 [BaseDriver]   ]
2023-06-23 08:11:05:605 [BaseDriver] }
2023-06-23 08:11:05:608 [BaseDriver] Number capability passed in as string. Functionality may be compromised.
2023-06-23 08:11:05:608 [BaseDriver] Number capability passed in as string. Functionality may be compromised.
2023-06-23 08:11:05:613 [BaseDriver] Capability 'systemPort' changed from string ('10000') to integer (10000). This may cause unexpected behavior
2023-06-23 08:11:05:613 [BaseDriver] Capability 'chromeDriverPort' changed from string ('11000') to integer (11000). This may cause unexpected behavior
2023-06-23 08:11:05:617 [BaseDriver] Session created with session id: b18aa45f-6f13-4e40-bb01-212dfe4f498f
2023-06-23 08:11:05:618 [UiAutomator2] Starting 'com.torummobile.dev' directly on the device
2023-06-23 08:11:05:623 [UiAutomator2] Deleting UiAutomator2 session
2023-06-23 08:11:05:625 [BaseDriver] Event 'newSessionStarted' logged at 1687507865625 (13:41:05 GMT+0530 (India Standard Time))
2023-06-23 08:11:05:773 [W3C] Encountered internal error running command: Error: Neither ANDROID_HOME nor ANDROID_SDK_ROOT environment variable was exported. Read https://developer.android.com/studio/command-line/variables for more details
2023-06-23 08:11:05:773 [W3C]     at requireSdkRoot (C:\Users\Rekha\AppData\Roaming\npm\node_modules\appium\node_modules\appium-adb\lib\helpers.js:36:11)
2023-06-23 08:11:05:773 [W3C]     at Function.createADB (C:\Users\Rekha\AppData\Roaming\npm\node_modules\appium\node_modules\appium-adb\lib\adb.js:57:23)
2023-06-23 08:11:05:774 [W3C]     at Object.createBaseADB (C:\Users\Rekha\AppData\Roaming\npm\node_modules\appium\node_modules\appium-android-driver\lib\android-helpers.js:129:20)
2023-06-23 08:11:05:774 [W3C]     at Object.getDeviceInfoFromCaps (C:\Users\Rekha\AppData\Roaming\npm\node_modules\appium\node_modules\appium-android-driver\lib\android-helpers.js:214:29)
2023-06-23 08:11:05:774 [W3C]     at AndroidUiautomator2Driver.startUiAutomator2Session (C:\Users\Rekha\AppData\Roaming\npm\node_modules\appium\node_modules\appium-uiautomator2-driver\lib\driver.js:338:40)
2023-06-23 08:11:05:774 [W3C]     at AndroidUiautomator2Driver.createSession (C:\Users\Rekha\AppData\Roaming\npm\node_modules\appium\node_modules\appium-uiautomator2-driver\lib\driver.js:229:18)
2023-06-23 08:11:05:774 [W3C]     at processTicksAndRejections (node:internal/process/task_queues:95:5)
2023-06-23 08:11:05:774 [W3C]     at AppiumDriver.createSession (C:\Users\Rekha\AppData\Roaming\npm\node_modules\appium\lib\appium.js:387:35)
2023-06-23 08:11:05:792 [HTTP] <-- POST /wd/hub/session 500 607 ms - 877
2023-06-23 08:11:05:792 [HTTP] 
