2023-06-22 10:11:11:047 [Appium] Welcome to Appium v1.22.3
2023-06-22 10:11:11:049 [Appium] Non-default server args:
2023-06-22 10:11:11:049 [Appium]   port: 28414
2023-06-22 10:11:11:049 [Appium]   sessionOverride: true
2023-06-22 10:11:11:049 [Appium]   logFile: C:\Users\Rekha\eclipse-workspace\Torum-mobile-automation-master\Android_Pixel_3\Server1687428668138.log
2023-06-22 10:11:11:077 [Appium] Appium REST http interface listener started on 0.0.0.0:28414
2023-06-22 10:11:11:313 [HTTP] --> GET /wd/hub/status
2023-06-22 10:11:11:314 [HTTP] {}
2023-06-22 10:11:11:315 [GENERIC] Calling AppiumDriver.getStatus() with args: []
2023-06-22 10:11:11:316 [GENERIC] Responding to client with driver.getStatus() result: {"build":{"version":"1.22.3"}}
2023-06-22 10:11:11:322 [HTTP] <-- GET /wd/hub/status 200 6 ms - 68
2023-06-22 10:11:11:323 [HTTP] 
2023-06-22 10:11:11:326 [HTTP] --> GET /wd/hub/status
2023-06-22 10:11:11:327 [HTTP] {}
2023-06-22 10:11:11:327 [GENERIC] Calling AppiumDriver.getStatus() with args: []
2023-06-22 10:11:11:327 [GENERIC] Responding to client with driver.getStatus() result: {"build":{"version":"1.22.3"}}
2023-06-22 10:11:11:329 [HTTP] <-- GET /wd/hub/status 200 2 ms - 68
2023-06-22 10:11:11:329 [HTTP] 
2023-06-22 10:11:11:337 [HTTP] Request idempotency key: cc55c3d8-fd8e-4d8a-8846-59eba94249dc
2023-06-22 10:11:11:349 [HTTP] --> POST /wd/hub/session
2023-06-22 10:11:11:349 [HTTP] {"desiredCapabilities":{"appActivity":"com.torummobile.MainActivity","appPackage":"com.torummobile.dev","automationName":"UiAutomator2","chromeDriverPort":"11000","platformName":"Android","udid":"emulator-5554","deviceName":"Pixel_3","systemPort":"10000"},"capabilities":{"firstMatch":[{"appium:appActivity":"com.torummobile.MainActivity","appium:appPackage":"com.torummobile.dev","appium:automationName":"UiAutomator2","chromeDriverPort":"11000","appium:deviceName":"Pixel_3","platformName":"android","appium:systemPort":"10000","appium:udid":"emulator-5554"}]}}
2023-06-22 10:11:11:349 [W3C] Calling AppiumDriver.createSession() with args: [{"appActivity":"com.torummobile.MainActivity","appPackage":"com.torummobile.dev","automationName":"UiAutomator2","chromeDriverPort":"11000","platformName":"Android","udid":"emulator-5554","deviceName":"Pixel_3","systemPort":"10000"},null,{"firstMatch":[{"appium:appActivity":"com.torummobile.MainActivity","appium:appPackage":"com.torummobile.dev","appium:automationName":"UiAutomator2","chromeDriverPort":"11000","appium:deviceName":"Pixel_3","platformName":"android","appium:systemPort":"10000","appium:udid":"emulator-5554"}]}]
2023-06-22 10:11:11:350 [BaseDriver] Event 'newSessionRequested' logged at 1687428671350 (15:41:11 GMT+0530 (India Standard Time))
2023-06-22 10:11:11:353 [BaseDriver] The following capabilities are not standard capabilities and should have an extension prefix:
2023-06-22 10:11:11:353 [BaseDriver]   chromeDriverPort
2023-06-22 10:11:11:573 [Appium] Appium v1.22.3 creating new AndroidUiautomator2Driver (v1.70.1) session
2023-06-22 10:11:11:574 [Appium] There are no active sessions for cleanup
2023-06-22 10:11:11:576 [BaseDriver] W3C capabilities and MJSONWP desired capabilities were provided
2023-06-22 10:11:11:576 [BaseDriver] Creating session with W3C capabilities: {
2023-06-22 10:11:11:576 [BaseDriver]   "alwaysMatch": {
2023-06-22 10:11:11:576 [BaseDriver]     "appium:chromeDriverPort": "11000",
2023-06-22 10:11:11:576 [BaseDriver]     "platformName": "android",
2023-06-22 10:11:11:576 [BaseDriver]     "appium:appActivity": "com.torummobile.MainActivity",
2023-06-22 10:11:11:576 [BaseDriver]     "appium:appPackage": "com.torummobile.dev",
2023-06-22 10:11:11:577 [BaseDriver]     "appium:automationName": "UiAutomator2",
2023-06-22 10:11:11:577 [BaseDriver]     "appium:deviceName": "Pixel_3",
2023-06-22 10:11:11:577 [BaseDriver]     "appium:systemPort": "10000",
2023-06-22 10:11:11:577 [BaseDriver]     "appium:udid": "emulator-5554"
2023-06-22 10:11:11:577 [BaseDriver]   },
2023-06-22 10:11:11:577 [BaseDriver]   "firstMatch": [
2023-06-22 10:11:11:577 [BaseDriver]     {}
2023-06-22 10:11:11:577 [BaseDriver]   ]
2023-06-22 10:11:11:577 [BaseDriver] }
2023-06-22 10:11:11:579 [BaseDriver] Number capability passed in as string. Functionality may be compromised.
2023-06-22 10:11:11:579 [BaseDriver] Number capability passed in as string. Functionality may be compromised.
2023-06-22 10:11:11:581 [BaseDriver] Capability 'systemPort' changed from string ('10000') to integer (10000). This may cause unexpected behavior
2023-06-22 10:11:11:581 [BaseDriver] Capability 'chromeDriverPort' changed from string ('11000') to integer (11000). This may cause unexpected behavior
2023-06-22 10:11:11:583 [BaseDriver] Session created with session id: 2ae30d64-f9aa-4a48-b392-0a8bd1323139
2023-06-22 10:11:11:583 [UiAutomator2] Starting 'com.torummobile.dev' directly on the device
2023-06-22 10:11:11:586 [UiAutomator2] Deleting UiAutomator2 session
2023-06-22 10:11:11:587 [BaseDriver] Event 'newSessionStarted' logged at 1687428671587 (15:41:11 GMT+0530 (India Standard Time))
2023-06-22 10:11:11:666 [W3C] Encountered internal error running command: Error: Neither ANDROID_HOME nor ANDROID_SDK_ROOT environment variable was exported. Read https://developer.android.com/studio/command-line/variables for more details
2023-06-22 10:11:11:666 [W3C]     at requireSdkRoot (C:\Users\Rekha\AppData\Roaming\npm\node_modules\appium\node_modules\appium-adb\lib\helpers.js:36:11)
2023-06-22 10:11:11:667 [W3C]     at Function.createADB (C:\Users\Rekha\AppData\Roaming\npm\node_modules\appium\node_modules\appium-adb\lib\adb.js:57:23)
2023-06-22 10:11:11:667 [W3C]     at Object.createBaseADB (C:\Users\Rekha\AppData\Roaming\npm\node_modules\appium\node_modules\appium-android-driver\lib\android-helpers.js:129:20)
2023-06-22 10:11:11:667 [W3C]     at Object.getDeviceInfoFromCaps (C:\Users\Rekha\AppData\Roaming\npm\node_modules\appium\node_modules\appium-android-driver\lib\android-helpers.js:214:29)
2023-06-22 10:11:11:667 [W3C]     at AndroidUiautomator2Driver.startUiAutomator2Session (C:\Users\Rekha\AppData\Roaming\npm\node_modules\appium\node_modules\appium-uiautomator2-driver\lib\driver.js:338:40)
2023-06-22 10:11:11:667 [W3C]     at AndroidUiautomator2Driver.createSession (C:\Users\Rekha\AppData\Roaming\npm\node_modules\appium\node_modules\appium-uiautomator2-driver\lib\driver.js:229:18)
2023-06-22 10:11:11:667 [W3C]     at processTicksAndRejections (node:internal/process/task_queues:95:5)
2023-06-22 10:11:11:667 [W3C]     at AppiumDriver.createSession (C:\Users\Rekha\AppData\Roaming\npm\node_modules\appium\lib\appium.js:387:35)
2023-06-22 10:11:11:677 [HTTP] <-- POST /wd/hub/session 500 327 ms - 877
2023-06-22 10:11:11:677 [HTTP] 
