2023-07-03 04:53:19:996 [Appium] Welcome to Appium v1.22.3
2023-07-03 04:53:19:999 [Appium] Non-default server args:
2023-07-03 04:53:20:000 [Appium]   port: 12063
2023-07-03 04:53:20:000 [Appium]   sessionOverride: true
2023-07-03 04:53:20:001 [Appium]   logFile: C:\Users\Rekha\eclipse-workspace\Torum-mobile-automation-master\Android_Pixel_3\Server1688359995159.log
2023-07-03 04:53:20:055 [Appium] Appium REST http interface listener started on 0.0.0.0:12063
2023-07-03 04:53:20:094 [HTTP] --> GET /wd/hub/status
2023-07-03 04:53:20:095 [HTTP] {}
2023-07-03 04:53:20:100 [GENERIC] Calling AppiumDriver.getStatus() with args: []
2023-07-03 04:53:20:103 [GENERIC] Responding to client with driver.getStatus() result: {"build":{"version":"1.22.3"}}
2023-07-03 04:53:20:119 [HTTP] <-- GET /wd/hub/status 200 18 ms - 68
2023-07-03 04:53:20:120 [HTTP] 
2023-07-03 04:53:20:130 [HTTP] --> GET /wd/hub/status
2023-07-03 04:53:20:131 [HTTP] {}
2023-07-03 04:53:20:131 [GENERIC] Calling AppiumDriver.getStatus() with args: []
2023-07-03 04:53:20:133 [GENERIC] Responding to client with driver.getStatus() result: {"build":{"version":"1.22.3"}}
2023-07-03 04:53:20:136 [HTTP] <-- GET /wd/hub/status 200 4 ms - 68
2023-07-03 04:53:20:136 [HTTP] 
2023-07-03 04:53:20:930 [HTTP] Request idempotency key: d46bf80a-dd40-4d0e-85f7-8fad9d7eaeb8
2023-07-03 04:53:20:956 [HTTP] --> POST /wd/hub/session
2023-07-03 04:53:20:956 [HTTP] {"desiredCapabilities":{"appActivity":"com.torummobile.MainActivity","appPackage":"com.torummobile.dev","automationName":"UiAutomator2","chromeDriverPort":"11000","platformName":"Android","udid":"emulator-5554","deviceName":"Pixel_3","systemPort":"10000"},"capabilities":{"firstMatch":[{"appium:appActivity":"com.torummobile.MainActivity","appium:appPackage":"com.torummobile.dev","appium:automationName":"UiAutomator2","chromeDriverPort":"11000","appium:deviceName":"Pixel_3","platformName":"android","appium:systemPort":"10000","appium:udid":"emulator-5554"}]}}
2023-07-03 04:53:20:957 [W3C] Calling AppiumDriver.createSession() with args: [{"appActivity":"com.torummobile.MainActivity","appPackage":"com.torummobile.dev","automationName":"UiAutomator2","chromeDriverPort":"11000","platformName":"Android","udid":"emulator-5554","deviceName":"Pixel_3","systemPort":"10000"},null,{"firstMatch":[{"appium:appActivity":"com.torummobile.MainActivity","appium:appPackage":"com.torummobile.dev","appium:automationName":"UiAutomator2","chromeDriverPort":"11000","appium:deviceName":"Pixel_3","platformName":"android","appium:systemPort":"10000","appium:udid":"emulator-5554"}]}]
2023-07-03 04:53:20:958 [BaseDriver] Event 'newSessionRequested' logged at 1688360000958 (10:23:20 GMT+0530 (India Standard Time))
2023-07-03 04:53:20:964 [BaseDriver] The following capabilities are not standard capabilities and should have an extension prefix:
2023-07-03 04:53:20:964 [BaseDriver]   chromeDriverPort
2023-07-03 04:53:21:421 [Appium] Appium v1.22.3 creating new AndroidUiautomator2Driver (v1.70.1) session
2023-07-03 04:53:21:421 [Appium] There are no active sessions for cleanup
2023-07-03 04:53:21:426 [BaseDriver] W3C capabilities and MJSONWP desired capabilities were provided
2023-07-03 04:53:21:426 [BaseDriver] Creating session with W3C capabilities: {
2023-07-03 04:53:21:426 [BaseDriver]   "alwaysMatch": {
2023-07-03 04:53:21:426 [BaseDriver]     "appium:chromeDriverPort": "11000",
2023-07-03 04:53:21:426 [BaseDriver]     "platformName": "android",
2023-07-03 04:53:21:426 [BaseDriver]     "appium:appActivity": "com.torummobile.MainActivity",
2023-07-03 04:53:21:427 [BaseDriver]     "appium:appPackage": "com.torummobile.dev",
2023-07-03 04:53:21:427 [BaseDriver]     "appium:automationName": "UiAutomator2",
2023-07-03 04:53:21:427 [BaseDriver]     "appium:deviceName": "Pixel_3",
2023-07-03 04:53:21:427 [BaseDriver]     "appium:systemPort": "10000",
2023-07-03 04:53:21:427 [BaseDriver]     "appium:udid": "emulator-5554"
2023-07-03 04:53:21:428 [BaseDriver]   },
2023-07-03 04:53:21:428 [BaseDriver]   "firstMatch": [
2023-07-03 04:53:21:428 [BaseDriver]     {}
2023-07-03 04:53:21:428 [BaseDriver]   ]
2023-07-03 04:53:21:428 [BaseDriver] }
2023-07-03 04:53:21:431 [BaseDriver] Number capability passed in as string. Functionality may be compromised.
2023-07-03 04:53:21:432 [BaseDriver] Number capability passed in as string. Functionality may be compromised.
2023-07-03 04:53:21:436 [BaseDriver] Capability 'systemPort' changed from string ('10000') to integer (10000). This may cause unexpected behavior
2023-07-03 04:53:21:436 [BaseDriver] Capability 'chromeDriverPort' changed from string ('11000') to integer (11000). This may cause unexpected behavior
2023-07-03 04:53:21:440 [BaseDriver] Session created with session id: 791ce7ac-5412-4f8a-b05f-123def48e636
2023-07-03 04:53:21:441 [UiAutomator2] Starting 'com.torummobile.dev' directly on the device
2023-07-03 04:53:21:485 [ADB] Found 2 'build-tools' folders under 'C:\Users\Rekha\AppData\Local\Android\Sdk' (newest first):
2023-07-03 04:53:21:486 [ADB]     C:/Users/Rekha/AppData/Local/Android/Sdk/build-tools/34.0.0
2023-07-03 04:53:21:486 [ADB]     C:/Users/Rekha/AppData/Local/Android/Sdk/build-tools/30.0.3
2023-07-03 04:53:21:487 [ADB] Using 'adb.exe' from 'C:\Users\Rekha\AppData\Local\Android\Sdk\platform-tools\adb.exe'
2023-07-03 04:53:21:488 [ADB] Running 'C:\Users\Rekha\AppData\Local\Android\Sdk\platform-tools\adb.exe -P 5037 start-server'
2023-07-03 04:53:21:537 [AndroidDriver] Retrieving device list
2023-07-03 04:53:21:538 [ADB] Trying to find a connected android device
2023-07-03 04:53:21:539 [ADB] Getting connected devices
2023-07-03 04:53:21:584 [ADB] Connected devices: [{"udid":"ZD2226MYVB","state":"device"}]
2023-07-03 04:53:21:584 [AndroidDriver] Device emulator-5554 was not in the list of connected devices
2023-07-03 04:53:21:585 [UiAutomator2] Deleting UiAutomator2 session
2023-07-03 04:53:21:588 [BaseDriver] Event 'newSessionStarted' logged at 1688360001587 (10:23:21 GMT+0530 (India Standard Time))
2023-07-03 04:53:21:718 [W3C] Encountered internal error running command: Error: Device emulator-5554 was not in the list of connected devices
2023-07-03 04:53:21:718 [W3C]     at Object.errorAndThrow (C:\Users\Rekha\AppData\Roaming\npm\node_modules\appium\node_modules\appium-support\lib\logging.js:94:35)
2023-07-03 04:53:21:719 [W3C]     at Object.getDeviceInfoFromCaps (C:\Users\Rekha\AppData\Roaming\npm\node_modules\appium\node_modules\appium-android-driver\lib\android-helpers.js:231:16)
2023-07-03 04:53:21:719 [W3C]     at AndroidUiautomator2Driver.startUiAutomator2Session (C:\Users\Rekha\AppData\Roaming\npm\node_modules\appium\node_modules\appium-uiautomator2-driver\lib\driver.js:338:26)
2023-07-03 04:53:21:719 [W3C]     at AndroidUiautomator2Driver.createSession (C:\Users\Rekha\AppData\Roaming\npm\node_modules\appium\node_modules\appium-uiautomator2-driver\lib\driver.js:229:7)
2023-07-03 04:53:21:719 [W3C]     at AppiumDriver.createSession (C:\Users\Rekha\AppData\Roaming\npm\node_modules\appium\lib\appium.js:387:35)
2023-07-03 04:53:21:737 [HTTP] <-- POST /wd/hub/session 500 780 ms - 683
2023-07-03 04:53:21:737 [HTTP] 
