2023-06-22 10:23:54:579 [Appium] Welcome to Appium v1.22.3
2023-06-22 10:23:54:580 [Appium] Non-default server args:
2023-06-22 10:23:54:581 [Appium]   port: 38233
2023-06-22 10:23:54:581 [Appium]   sessionOverride: true
2023-06-22 10:23:54:581 [Appium]   logFile: C:\Users\Rekha\eclipse-workspace\Torum-mobile-automation-master\Android_Pixel_3\Server1687429431657.log
2023-06-22 10:23:54:618 [Appium] Appium REST http interface listener started on 0.0.0.0:38233
2023-06-22 10:23:54:866 [HTTP] --> GET /wd/hub/status
2023-06-22 10:23:54:866 [HTTP] {}
2023-06-22 10:23:54:868 [GENERIC] Calling AppiumDriver.getStatus() with args: []
2023-06-22 10:23:54:869 [GENERIC] Responding to client with driver.getStatus() result: {"build":{"version":"1.22.3"}}
2023-06-22 10:23:54:874 [HTTP] <-- GET /wd/hub/status 200 7 ms - 68
2023-06-22 10:23:54:875 [HTTP] 
2023-06-22 10:23:54:878 [HTTP] --> GET /wd/hub/status
2023-06-22 10:23:54:878 [HTTP] {}
2023-06-22 10:23:54:879 [GENERIC] Calling AppiumDriver.getStatus() with args: []
2023-06-22 10:23:54:879 [GENERIC] Responding to client with driver.getStatus() result: {"build":{"version":"1.22.3"}}
2023-06-22 10:23:54:880 [HTTP] <-- GET /wd/hub/status 200 2 ms - 68
2023-06-22 10:23:54:880 [HTTP] 
2023-06-22 10:23:54:888 [HTTP] Request idempotency key: 6efa64b4-3e17-410b-a6fb-b10145bb8e2d
2023-06-22 10:23:54:905 [HTTP] --> POST /wd/hub/session
2023-06-22 10:23:54:905 [HTTP] {"desiredCapabilities":{"appActivity":"com.torummobile.MainActivity","appPackage":"com.torummobile.dev","automationName":"UiAutomator2","chromeDriverPort":"11000","platformName":"Android","udid":"emulator-5554","deviceName":"Pixel_3","systemPort":"10000"},"capabilities":{"firstMatch":[{"appium:appActivity":"com.torummobile.MainActivity","appium:appPackage":"com.torummobile.dev","appium:automationName":"UiAutomator2","chromeDriverPort":"11000","appium:deviceName":"Pixel_3","platformName":"android","appium:systemPort":"10000","appium:udid":"emulator-5554"}]}}
2023-06-22 10:23:54:906 [W3C] Calling AppiumDriver.createSession() with args: [{"appActivity":"com.torummobile.MainActivity","appPackage":"com.torummobile.dev","automationName":"UiAutomator2","chromeDriverPort":"11000","platformName":"Android","udid":"emulator-5554","deviceName":"Pixel_3","systemPort":"10000"},null,{"firstMatch":[{"appium:appActivity":"com.torummobile.MainActivity","appium:appPackage":"com.torummobile.dev","appium:automationName":"UiAutomator2","chromeDriverPort":"11000","appium:deviceName":"Pixel_3","platformName":"android","appium:systemPort":"10000","appium:udid":"emulator-5554"}]}]
2023-06-22 10:23:54:906 [BaseDriver] Event 'newSessionRequested' logged at 1687429434906 (15:53:54 GMT+0530 (India Standard Time))
2023-06-22 10:23:54:909 [BaseDriver] The following capabilities are not standard capabilities and should have an extension prefix:
2023-06-22 10:23:54:909 [BaseDriver]   chromeDriverPort
2023-06-22 10:23:55:113 [Appium] Appium v1.22.3 creating new AndroidUiautomator2Driver (v1.70.1) session
2023-06-22 10:23:55:113 [Appium] There are no active sessions for cleanup
2023-06-22 10:23:55:115 [BaseDriver] W3C capabilities and MJSONWP desired capabilities were provided
2023-06-22 10:23:55:115 [BaseDriver] Creating session with W3C capabilities: {
2023-06-22 10:23:55:116 [BaseDriver]   "alwaysMatch": {
2023-06-22 10:23:55:116 [BaseDriver]     "appium:chromeDriverPort": "11000",
2023-06-22 10:23:55:116 [BaseDriver]     "platformName": "android",
2023-06-22 10:23:55:116 [BaseDriver]     "appium:appActivity": "com.torummobile.MainActivity",
2023-06-22 10:23:55:116 [BaseDriver]     "appium:appPackage": "com.torummobile.dev",
2023-06-22 10:23:55:116 [BaseDriver]     "appium:automationName": "UiAutomator2",
2023-06-22 10:23:55:116 [BaseDriver]     "appium:deviceName": "Pixel_3",
2023-06-22 10:23:55:116 [BaseDriver]     "appium:systemPort": "10000",
2023-06-22 10:23:55:116 [BaseDriver]     "appium:udid": "emulator-5554"
2023-06-22 10:23:55:116 [BaseDriver]   },
2023-06-22 10:23:55:116 [BaseDriver]   "firstMatch": [
2023-06-22 10:23:55:116 [BaseDriver]     {}
2023-06-22 10:23:55:116 [BaseDriver]   ]
2023-06-22 10:23:55:117 [BaseDriver] }
2023-06-22 10:23:55:118 [BaseDriver] Number capability passed in as string. Functionality may be compromised.
2023-06-22 10:23:55:118 [BaseDriver] Number capability passed in as string. Functionality may be compromised.
2023-06-22 10:23:55:120 [BaseDriver] Capability 'systemPort' changed from string ('10000') to integer (10000). This may cause unexpected behavior
2023-06-22 10:23:55:120 [BaseDriver] Capability 'chromeDriverPort' changed from string ('11000') to integer (11000). This may cause unexpected behavior
2023-06-22 10:23:55:122 [BaseDriver] Session created with session id: f4c9d851-124f-44eb-bb04-c84fa5f00649
2023-06-22 10:23:55:123 [UiAutomator2] Starting 'com.torummobile.dev' directly on the device
2023-06-22 10:23:55:125 [UiAutomator2] Deleting UiAutomator2 session
2023-06-22 10:23:55:126 [BaseDriver] Event 'newSessionStarted' logged at 1687429435126 (15:53:55 GMT+0530 (India Standard Time))
2023-06-22 10:23:55:196 [W3C] Encountered internal error running command: Error: Neither ANDROID_HOME nor ANDROID_SDK_ROOT environment variable was exported. Read https://developer.android.com/studio/command-line/variables for more details
2023-06-22 10:23:55:196 [W3C]     at requireSdkRoot (C:\Users\Rekha\AppData\Roaming\npm\node_modules\appium\node_modules\appium-adb\lib\helpers.js:36:11)
2023-06-22 10:23:55:196 [W3C]     at Function.createADB (C:\Users\Rekha\AppData\Roaming\npm\node_modules\appium\node_modules\appium-adb\lib\adb.js:57:23)
2023-06-22 10:23:55:196 [W3C]     at Object.createBaseADB (C:\Users\Rekha\AppData\Roaming\npm\node_modules\appium\node_modules\appium-android-driver\lib\android-helpers.js:129:20)
2023-06-22 10:23:55:196 [W3C]     at Object.getDeviceInfoFromCaps (C:\Users\Rekha\AppData\Roaming\npm\node_modules\appium\node_modules\appium-android-driver\lib\android-helpers.js:214:29)
2023-06-22 10:23:55:196 [W3C]     at AndroidUiautomator2Driver.startUiAutomator2Session (C:\Users\Rekha\AppData\Roaming\npm\node_modules\appium\node_modules\appium-uiautomator2-driver\lib\driver.js:338:40)
2023-06-22 10:23:55:196 [W3C]     at AndroidUiautomator2Driver.createSession (C:\Users\Rekha\AppData\Roaming\npm\node_modules\appium\node_modules\appium-uiautomator2-driver\lib\driver.js:229:18)
2023-06-22 10:23:55:196 [W3C]     at processTicksAndRejections (node:internal/process/task_queues:95:5)
2023-06-22 10:23:55:197 [W3C]     at AppiumDriver.createSession (C:\Users\Rekha\AppData\Roaming\npm\node_modules\appium\lib\appium.js:387:35)
2023-06-22 10:23:55:205 [HTTP] <-- POST /wd/hub/session 500 300 ms - 877
2023-06-22 10:23:55:205 [HTTP] 
