2023-07-13 13:07:30:563 [Appium] Welcome to Appium v1.22.3
2023-07-13 13:07:30:571 [Appium] Non-default server args:
2023-07-13 13:07:30:574 [Appium]   port: 33459
2023-07-13 13:07:30:575 [Appium]   sessionOverride: true
2023-07-13 13:07:30:576 [Appium]   logFile: C:\Users\Rekha\eclipse-workspace\Torum-mobile-automation-master\Android_Pixel_3\Server1689253641651.log
2023-07-13 13:07:30:719 [Appium] Appium REST http interface listener started on 0.0.0.0:33459
2023-07-13 13:07:30:827 [HTTP] --> GET /wd/hub/status
2023-07-13 13:07:30:829 [HTTP] {}
2023-07-13 13:07:30:833 [GENERIC] Calling AppiumDriver.getStatus() with args: []
2023-07-13 13:07:30:837 [GENERIC] Responding to client with driver.getStatus() result: {"build":{"version":"1.22.3"}}
2023-07-13 13:07:30:856 [HTTP] <-- GET /wd/hub/status 200 20 ms - 68
2023-07-13 13:07:30:857 [HTTP] 
2023-07-13 13:07:30:868 [HTTP] --> GET /wd/hub/status
2023-07-13 13:07:30:869 [HTTP] {}
2023-07-13 13:07:30:870 [GENERIC] Calling AppiumDriver.getStatus() with args: []
2023-07-13 13:07:30:878 [GENERIC] Responding to client with driver.getStatus() result: {"build":{"version":"1.22.3"}}
2023-07-13 13:07:30:890 [HTTP] <-- GET /wd/hub/status 200 14 ms - 68
2023-07-13 13:07:30:892 [HTTP] 
2023-07-13 13:07:30:912 [HTTP] Request idempotency key: b80fa110-1dc0-42a9-b166-6d0b5c46be5d
2023-07-13 13:07:30:951 [HTTP] --> POST /wd/hub/session
2023-07-13 13:07:30:952 [HTTP] {"desiredCapabilities":{"appActivity":"com.torummobile.MainActivity","appPackage":"com.torummobile.dev","automationName":"UiAutomator2","chromeDriverPort":"11000","platformName":"Android","udid":"emulator-5554","deviceName":"Pixel_3","systemPort":"10000"},"capabilities":{"firstMatch":[{"appium:appActivity":"com.torummobile.MainActivity","appium:appPackage":"com.torummobile.dev","appium:automationName":"UiAutomator2","chromeDriverPort":"11000","appium:deviceName":"Pixel_3","platformName":"android","appium:systemPort":"10000","appium:udid":"emulator-5554"}]}}
2023-07-13 13:07:30:953 [W3C] Calling AppiumDriver.createSession() with args: [{"appActivity":"com.torummobile.MainActivity","appPackage":"com.torummobile.dev","automationName":"UiAutomator2","chromeDriverPort":"11000","platformName":"Android","udid":"emulator-5554","deviceName":"Pixel_3","systemPort":"10000"},null,{"firstMatch":[{"appium:appActivity":"com.torummobile.MainActivity","appium:appPackage":"com.torummobile.dev","appium:automationName":"UiAutomator2","chromeDriverPort":"11000","appium:deviceName":"Pixel_3","platformName":"android","appium:systemPort":"10000","appium:udid":"emulator-5554"}]}]
2023-07-13 13:07:30:955 [BaseDriver] Event 'newSessionRequested' logged at 1689253650954 (18:37:30 GMT+0530 (India Standard Time))
2023-07-13 13:07:30:963 [BaseDriver] The following capabilities are not standard capabilities and should have an extension prefix:
2023-07-13 13:07:30:964 [BaseDriver]   chromeDriverPort
2023-07-13 13:07:32:249 [Appium] Appium v1.22.3 creating new AndroidUiautomator2Driver (v1.70.1) session
2023-07-13 13:07:32:250 [Appium] There are no active sessions for cleanup
2023-07-13 13:07:32:259 [BaseDriver] W3C capabilities and MJSONWP desired capabilities were provided
2023-07-13 13:07:32:259 [BaseDriver] Creating session with W3C capabilities: {
2023-07-13 13:07:32:260 [BaseDriver]   "alwaysMatch": {
2023-07-13 13:07:32:260 [BaseDriver]     "appium:chromeDriverPort": "11000",
2023-07-13 13:07:32:261 [BaseDriver]     "platformName": "android",
2023-07-13 13:07:32:261 [BaseDriver]     "appium:appActivity": "com.torummobile.MainActivity",
2023-07-13 13:07:32:261 [BaseDriver]     "appium:appPackage": "com.torummobile.dev",
2023-07-13 13:07:32:262 [BaseDriver]     "appium:automationName": "UiAutomator2",
2023-07-13 13:07:32:262 [BaseDriver]     "appium:deviceName": "Pixel_3",
2023-07-13 13:07:32:262 [BaseDriver]     "appium:systemPort": "10000",
2023-07-13 13:07:32:262 [BaseDriver]     "appium:udid": "emulator-5554"
2023-07-13 13:07:32:263 [BaseDriver]   },
2023-07-13 13:07:32:263 [BaseDriver]   "firstMatch": [
2023-07-13 13:07:32:264 [BaseDriver]     {}
2023-07-13 13:07:32:264 [BaseDriver]   ]
2023-07-13 13:07:32:264 [BaseDriver] }
2023-07-13 13:07:32:274 [BaseDriver] Number capability passed in as string. Functionality may be compromised.
2023-07-13 13:07:32:275 [BaseDriver] Number capability passed in as string. Functionality may be compromised.
2023-07-13 13:07:32:285 [BaseDriver] Capability 'systemPort' changed from string ('10000') to integer (10000). This may cause unexpected behavior
2023-07-13 13:07:32:286 [BaseDriver] Capability 'chromeDriverPort' changed from string ('11000') to integer (11000). This may cause unexpected behavior
2023-07-13 13:07:32:293 [BaseDriver] Session created with session id: 963c7638-2b82-4e8c-b9c3-b2d524b96039
2023-07-13 13:07:32:295 [UiAutomator2] Starting 'com.torummobile.dev' directly on the device
2023-07-13 13:07:32:390 [ADB] Found 2 'build-tools' folders under 'C:\Users\Rekha\AppData\Local\Android\Sdk' (newest first):
2023-07-13 13:07:32:391 [ADB]     C:/Users/Rekha/AppData/Local/Android/Sdk/build-tools/34.0.0
2023-07-13 13:07:32:391 [ADB]     C:/Users/Rekha/AppData/Local/Android/Sdk/build-tools/30.0.3
2023-07-13 13:07:32:393 [ADB] Using 'adb.exe' from 'C:\Users\Rekha\AppData\Local\Android\Sdk\platform-tools\adb.exe'
2023-07-13 13:07:32:395 [ADB] Running 'C:\Users\Rekha\AppData\Local\Android\Sdk\platform-tools\adb.exe -P 5037 start-server'
2023-07-13 13:07:32:462 [AndroidDriver] Retrieving device list
2023-07-13 13:07:32:463 [ADB] Trying to find a connected android device
2023-07-13 13:07:32:464 [ADB] Getting connected devices
2023-07-13 13:07:32:525 [ADB] Connected devices: [{"udid":"ZD2226MYVB","state":"device"},{"udid":"emulator-5554","state":"device"}]
2023-07-13 13:07:32:526 [AndroidDriver] Using device: emulator-5554
2023-07-13 13:07:32:529 [ADB] Using 'adb.exe' from 'C:\Users\Rekha\AppData\Local\Android\Sdk\platform-tools\adb.exe'
2023-07-13 13:07:32:530 [ADB] Running 'C:\Users\Rekha\AppData\Local\Android\Sdk\platform-tools\adb.exe -P 5037 start-server'
2023-07-13 13:07:32:584 [ADB] Setting device id to emulator-5554
2023-07-13 13:07:32:586 [ADB] Running 'C:\Users\Rekha\AppData\Local\Android\Sdk\platform-tools\adb.exe -P 5037 -s emulator-5554 shell getprop ro.build.version.sdk'
2023-07-13 13:07:32:720 [ADB] Current device property 'ro.build.version.sdk': 34
2023-07-13 13:07:32:720 [ADB] Getting device platform version
2023-07-13 13:07:32:721 [ADB] Running 'C:\Users\Rekha\AppData\Local\Android\Sdk\platform-tools\adb.exe -P 5037 -s emulator-5554 shell getprop ro.build.version.release'
2023-07-13 13:07:32:956 [ADB] Current device property 'ro.build.version.release': 14
2023-07-13 13:07:32:957 [ADB] Device API level: 34
2023-07-13 13:07:32:957 [UiAutomator2] Relaxing hidden api policy
2023-07-13 13:07:32:958 [ADB] Running 'C:\Users\Rekha\AppData\Local\Android\Sdk\platform-tools\adb.exe -P 5037 -s emulator-5554 shell 'settings put global hidden_api_policy_pre_p_apps 1;settings put global hidden_api_policy_p_apps 1;settings put global hidden_api_policy 1''
2023-07-13 13:07:33:352 [AndroidDriver] No app sent in, not parsing package/activity
2023-07-13 13:07:33:353 [ADB] Running 'C:\Users\Rekha\AppData\Local\Android\Sdk\platform-tools\adb.exe -P 5037 -s emulator-5554 wait-for-device'
2023-07-13 13:07:33:417 [ADB] Running 'C:\Users\Rekha\AppData\Local\Android\Sdk\platform-tools\adb.exe -P 5037 -s emulator-5554 shell echo ping'
2023-07-13 13:07:33:521 [AndroidDriver] Pushing settings apk to device...
2023-07-13 13:07:33:523 [ADB] Getting install status for io.appium.settings
2023-07-13 13:07:33:523 [ADB] Running 'C:\Users\Rekha\AppData\Local\Android\Sdk\platform-tools\adb.exe -P 5037 -s emulator-5554 shell dumpsys package io.appium.settings'
2023-07-13 13:07:33:660 [ADB] 'io.appium.settings' is installed
2023-07-13 13:07:33:661 [ADB] Getting package info for 'io.appium.settings'
2023-07-13 13:07:33:661 [ADB] Running 'C:\Users\Rekha\AppData\Local\Android\Sdk\platform-tools\adb.exe -P 5037 -s emulator-5554 shell dumpsys package io.appium.settings'
2023-07-13 13:07:33:822 [ADB] The version name of the installed 'io.appium.settings' is greater or equal to the application version name ('3.4.0' >= '3.4.0')
2023-07-13 13:07:33:823 [ADB] There is no need to install/upgrade 'C:\Users\Rekha\AppData\Roaming\npm\node_modules\appium\node_modules\io.appium.settings\apks\settings_apk-debug.apk'
2023-07-13 13:07:33:824 [ADB] Getting IDs of all 'io.appium.settings' processes
2023-07-13 13:07:33:824 [ADB] Running 'C:\Users\Rekha\AppData\Local\Android\Sdk\platform-tools\adb.exe -P 5037 -s emulator-5554 shell 'pgrep --help; echo $?''
2023-07-13 13:07:33:934 [ADB] Running 'C:\Users\Rekha\AppData\Local\Android\Sdk\platform-tools\adb.exe -P 5037 -s emulator-5554 shell pgrep -f \(\[\[:blank:\]\]\|\^\)io\.appium\.settings\(\[\[:blank:\]\]\|\$\)'
2023-07-13 13:07:34:106 [AndroidDriver] io.appium.settings is already running. There is no need to reset its permissions.
2023-07-13 13:07:34:109 [Logcat] Starting logs capture with command: C:\\Users\\Rekha\\AppData\\Local\\Android\\Sdk\\platform-tools\\adb.exe -P 5037 -s emulator-5554 logcat -v threadtime
2023-07-13 13:07:34:235 [UiAutomator2] Forwarding UiAutomator2 Server port 6790 to local port 10000
2023-07-13 13:07:34:246 [ADB] Forwarding system: 10000 to device: 6790
2023-07-13 13:07:34:246 [ADB] Running 'C:\Users\Rekha\AppData\Local\Android\Sdk\platform-tools\adb.exe -P 5037 -s emulator-5554 forward tcp:10000 tcp:6790'
2023-07-13 13:07:34:327 [ADB] Getting install status for io.appium.uiautomator2.server
2023-07-13 13:07:34:328 [ADB] Running 'C:\Users\Rekha\AppData\Local\Android\Sdk\platform-tools\adb.exe -P 5037 -s emulator-5554 shell dumpsys package io.appium.uiautomator2.server'
2023-07-13 13:07:34:532 [ADB] 'io.appium.uiautomator2.server' is installed
2023-07-13 13:07:34:532 [ADB] Getting package info for 'io.appium.uiautomator2.server'
2023-07-13 13:07:34:533 [ADB] Running 'C:\Users\Rekha\AppData\Local\Android\Sdk\platform-tools\adb.exe -P 5037 -s emulator-5554 shell dumpsys package io.appium.uiautomator2.server'
2023-07-13 13:07:35:342 [ADB] The version name of the installed 'io.appium.uiautomator2.server' is greater or equal to the application version name ('4.27.0' >= '4.27.0')
2023-07-13 13:07:35:343 [UiAutomator2] io.appium.uiautomator2.server installation state: sameVersionInstalled
2023-07-13 13:07:35:344 [ADB] Checking app cert for C:\Users\Rekha\AppData\Roaming\npm\node_modules\appium\node_modules\appium-uiautomator2-server\apks\appium-uiautomator2-server-v4.27.0.apk
2023-07-13 13:07:35:462 [ADB] Using 'apksigner.jar' from 'C:\Users\Rekha\AppData\Local\Android\Sdk\build-tools\34.0.0\lib\apksigner.jar'
2023-07-13 13:07:35:468 [ADB] Starting apksigner: 'C:\\Program Files\\Java\\jdk-20\\bin\\java.exe' -Xmx1024M -Xss1m -jar C:\\Users\\Rekha\\AppData\\Local\\Android\\Sdk\\build-tools\\34.0.0\\lib\\apksigner.jar verify --print-certs C:\\Users\\Rekha\\AppData\\Roaming\\npm\\node_modules\\appium\\node_modules\\appium-uiautomator2-server\\apks\\appium-uiautomator2-server-v4.27.0.apk
2023-07-13 13:07:38:086 [ADB] apksigner stdout: Signer #1 certificate DN: EMAILADDRESS=android@android.com, CN=Android, OU=Android, O=Android, L=Mountain View, ST=California, C=US
2023-07-13 13:07:38:086 [ADB] Signer #1 certificate SHA-256 digest: a40da80a59d170caa950cf15c18c454d47a39b26989d8b640ecd745ba71bf5dc
2023-07-13 13:07:38:086 [ADB] Signer #1 certificate SHA-1 digest: 61ed377e85d386a8dfee6b864bd85b0bfaa5af81
2023-07-13 13:07:38:087 [ADB] Signer #1 certificate MD5 digest: e89b158e4bcf988ebd09eb83f5378e87
2023-07-13 13:07:38:087 [ADB] 
2023-07-13 13:07:38:088 [ADB] sha256 hash did match for 'appium-uiautomator2-server-v4.27.0.apk'
2023-07-13 13:07:38:088 [ADB] 'C:\Users\Rekha\AppData\Roaming\npm\node_modules\appium\node_modules\appium-uiautomator2-server\apks\appium-uiautomator2-server-v4.27.0.apk' is signed with the default certificate
2023-07-13 13:07:38:088 [ADB] Getting install status for io.appium.uiautomator2.server.test
2023-07-13 13:07:38:089 [ADB] Running 'C:\Users\Rekha\AppData\Local\Android\Sdk\platform-tools\adb.exe -P 5037 -s emulator-5554 shell dumpsys package io.appium.uiautomator2.server.test'
2023-07-13 13:07:38:251 [ADB] 'io.appium.uiautomator2.server.test' is installed
2023-07-13 13:07:38:252 [ADB] Checking app cert for C:\Users\Rekha\AppData\Roaming\npm\node_modules\appium\node_modules\appium-uiautomator2-server\apks\appium-uiautomator2-server-debug-androidTest.apk
2023-07-13 13:07:38:260 [ADB] Starting apksigner: 'C:\\Program Files\\Java\\jdk-20\\bin\\java.exe' -Xmx1024M -Xss1m -jar C:\\Users\\Rekha\\AppData\\Local\\Android\\Sdk\\build-tools\\34.0.0\\lib\\apksigner.jar verify --print-certs C:\\Users\\Rekha\\AppData\\Roaming\\npm\\node_modules\\appium\\node_modules\\appium-uiautomator2-server\\apks\\appium-uiautomator2-server-debug-androidTest.apk
2023-07-13 13:07:39:290 [ADB] apksigner stdout: Signer #1 certificate DN: EMAILADDRESS=android@android.com, CN=Android, OU=Android, O=Android, L=Mountain View, ST=California, C=US
2023-07-13 13:07:39:290 [ADB] Signer #1 certificate SHA-256 digest: a40da80a59d170caa950cf15c18c454d47a39b26989d8b640ecd745ba71bf5dc
2023-07-13 13:07:39:290 [ADB] Signer #1 certificate SHA-1 digest: 61ed377e85d386a8dfee6b864bd85b0bfaa5af81
2023-07-13 13:07:39:290 [ADB] Signer #1 certificate MD5 digest: e89b158e4bcf988ebd09eb83f5378e87
2023-07-13 13:07:39:290 [ADB] 
2023-07-13 13:07:39:291 [ADB] sha256 hash did match for 'appium-uiautomator2-server-debug-androidTest.apk'
2023-07-13 13:07:39:291 [ADB] 'C:\Users\Rekha\AppData\Roaming\npm\node_modules\appium\node_modules\appium-uiautomator2-server\apks\appium-uiautomator2-server-debug-androidTest.apk' is signed with the default certificate
2023-07-13 13:07:39:291 [UiAutomator2] Server packages are not going to be (re)installed
2023-07-13 13:07:39:297 [UiAutomator2] Waiting up to 30000ms for services to be available
2023-07-13 13:07:39:298 [ADB] Running 'C:\Users\Rekha\AppData\Local\Android\Sdk\platform-tools\adb.exe -P 5037 -s emulator-5554 shell pm list instrumentation'
2023-07-13 13:07:39:472 [UiAutomator2] Instrumentation target 'io.appium.uiautomator2.server.test/androidx.test.runner.AndroidJUnitRunner' is available
2023-07-13 13:07:39:477 [ADB] Adding packages ["io.appium.settings","io.appium.uiautomator2.server","io.appium.uiautomator2.server.test"] to Doze whitelist
2023-07-13 13:07:39:478 [ADB] Got the following command chunks to execute: [["dumpsys","deviceidle","whitelist","+io.appium.settings",";","dumpsys","deviceidle","whitelist","+io.appium.uiautomator2.server",";","dumpsys","deviceidle","whitelist","+io.appium.uiautomator2.server.test",";"]]
2023-07-13 13:07:39:478 [ADB] Running 'C:\Users\Rekha\AppData\Local\Android\Sdk\platform-tools\adb.exe -P 5037 -s emulator-5554 shell dumpsys deviceidle whitelist +io.appium.settings ; dumpsys deviceidle whitelist +io.appium.uiautomator2.server ; dumpsys deviceidle whitelist +io.appium.uiautomator2.server.test ;'
2023-07-13 13:07:39:658 [UiAutomator2] No app capability. Assuming it is already on the device
2023-07-13 13:07:39:659 [ADB] Getting install status for com.torummobile.dev
2023-07-13 13:07:39:659 [ADB] Running 'C:\Users\Rekha\AppData\Local\Android\Sdk\platform-tools\adb.exe -P 5037 -s emulator-5554 shell dumpsys package com.torummobile.dev'
2023-07-13 13:07:39:781 [ADB] 'com.torummobile.dev' is not installed
2023-07-13 13:07:39:782 [UiAutomator2] Deleting UiAutomator2 session
2023-07-13 13:07:39:784 [UiAutomator2] Deleting UiAutomator2 server session
2023-07-13 13:07:39:787 [WD Proxy] Matched '/' to command name 'deleteSession'
2023-07-13 13:07:39:790 [UiAutomator2] Did not get confirmation UiAutomator2 deleteSession worked; Error was: UnknownError: An unknown server-side error occurred while processing the command. Original error: Trying to proxy a session command without session id
2023-07-13 13:07:39:791 [ADB] Running 'C:\Users\Rekha\AppData\Local\Android\Sdk\platform-tools\adb.exe -P 5037 -s emulator-5554 shell am force-stop com.torummobile.dev'
2023-07-13 13:07:39:938 [Logcat] Stopping logcat capture
2023-07-13 13:07:39:945 [ADB] Removing forwarded port socket connection: 10000 
2023-07-13 13:07:39:945 [ADB] Running 'C:\Users\Rekha\AppData\Local\Android\Sdk\platform-tools\adb.exe -P 5037 -s emulator-5554 forward --remove tcp:10000'
2023-07-13 13:07:39:997 [UiAutomator2] Restoring hidden api policy to the device default configuration
2023-07-13 13:07:39:998 [ADB] Running 'C:\Users\Rekha\AppData\Local\Android\Sdk\platform-tools\adb.exe -P 5037 -s emulator-5554 shell 'settings delete global hidden_api_policy_pre_p_apps;settings delete global hidden_api_policy_p_apps;settings delete global hidden_api_policy''
2023-07-13 13:07:40:265 [BaseDriver] Event 'newSessionStarted' logged at 1689253660265 (18:37:40 GMT+0530 (India Standard Time))
2023-07-13 13:07:40:453 [W3C] Encountered internal error running command: Error: 'app' option is required for reinstall
2023-07-13 13:07:40:453 [W3C]     at Object.resetApp (C:\Users\Rekha\AppData\Roaming\npm\node_modules\appium\node_modules\appium-android-driver\lib\android-helpers.js:405:11)
2023-07-13 13:07:40:454 [W3C]     at AndroidUiautomator2Driver.initAUT (C:\Users\Rekha\AppData\Roaming\npm\node_modules\appium\node_modules\appium-uiautomator2-driver\lib\driver.js:546:9)
2023-07-13 13:07:40:454 [W3C]     at AndroidUiautomator2Driver.startUiAutomator2Session (C:\Users\Rekha\AppData\Roaming\npm\node_modules\appium\node_modules\appium-uiautomator2-driver\lib\driver.js:408:5)
2023-07-13 13:07:40:454 [W3C]     at AndroidUiautomator2Driver.createSession (C:\Users\Rekha\AppData\Roaming\npm\node_modules\appium\node_modules\appium-uiautomator2-driver\lib\driver.js:229:7)
2023-07-13 13:07:40:454 [W3C]     at AppiumDriver.createSession (C:\Users\Rekha\AppData\Roaming\npm\node_modules\appium\lib\appium.js:387:35)
2023-07-13 13:07:40:479 [HTTP] <-- POST /wd/hub/session 500 9527 ms - 637
2023-07-13 13:07:40:479 [HTTP] 
