2023-06-23 08:10:31:360 [Appium] Welcome to Appium v1.22.3
2023-06-23 08:10:31:363 [Appium] Non-default server args:
2023-06-23 08:10:31:364 [Appium]   port: 51687
2023-06-23 08:10:31:364 [Appium]   sessionOverride: true
2023-06-23 08:10:31:365 [Appium]   logFile: C:\Users\Rekha\eclipse-workspace\Torum-mobile-automation-master\Android_Pixel_3\Server1687507827751.log
2023-06-23 08:10:31:438 [Appium] Appium REST http interface listener started on 0.0.0.0:51687
2023-06-23 08:10:31:655 [HTTP] --> GET /wd/hub/status
2023-06-23 08:10:31:656 [HTTP] {}
2023-06-23 08:10:31:658 [GENERIC] Calling AppiumDriver.getStatus() with args: []
2023-06-23 08:10:31:660 [GENERIC] Responding to client with driver.getStatus() result: {"build":{"version":"1.22.3"}}
2023-06-23 08:10:31:668 [HTTP] <-- GET /wd/hub/status 200 9 ms - 68
2023-06-23 08:10:31:668 [HTTP] 
2023-06-23 08:10:31:673 [HTTP] --> GET /wd/hub/status
2023-06-23 08:10:31:673 [HTTP] {}
2023-06-23 08:10:31:673 [GENERIC] Calling AppiumDriver.getStatus() with args: []
2023-06-23 08:10:31:674 [GENERIC] Responding to client with driver.getStatus() result: {"build":{"version":"1.22.3"}}
2023-06-23 08:10:31:675 [HTTP] <-- GET /wd/hub/status 200 2 ms - 68
2023-06-23 08:10:31:675 [HTTP] 
2023-06-23 08:10:32:052 [HTTP] Request idempotency key: 8b73f24e-328d-4f27-9f55-d329774cd060
2023-06-23 08:10:32:075 [HTTP] --> POST /wd/hub/session
2023-06-23 08:10:32:076 [HTTP] {"desiredCapabilities":{"appActivity":"com.torummobile.MainActivity","appPackage":"com.torummobile.dev","automationName":"UiAutomator2","chromeDriverPort":"11000","platformName":"Android","udid":"emulator-5554","deviceName":"Pixel_3","systemPort":"10000"},"capabilities":{"firstMatch":[{"appium:appActivity":"com.torummobile.MainActivity","appium:appPackage":"com.torummobile.dev","appium:automationName":"UiAutomator2","chromeDriverPort":"11000","appium:deviceName":"Pixel_3","platformName":"android","appium:systemPort":"10000","appium:udid":"emulator-5554"}]}}
2023-06-23 08:10:32:076 [W3C] Calling AppiumDriver.createSession() with args: [{"appActivity":"com.torummobile.MainActivity","appPackage":"com.torummobile.dev","automationName":"UiAutomator2","chromeDriverPort":"11000","platformName":"Android","udid":"emulator-5554","deviceName":"Pixel_3","systemPort":"10000"},null,{"firstMatch":[{"appium:appActivity":"com.torummobile.MainActivity","appium:appPackage":"com.torummobile.dev","appium:automationName":"UiAutomator2","chromeDriverPort":"11000","appium:deviceName":"Pixel_3","platformName":"android","appium:systemPort":"10000","appium:udid":"emulator-5554"}]}]
2023-06-23 08:10:32:076 [BaseDriver] Event 'newSessionRequested' logged at 1687507832076 (13:40:32 GMT+0530 (India Standard Time))
2023-06-23 08:10:32:079 [BaseDriver] The following capabilities are not standard capabilities and should have an extension prefix:
2023-06-23 08:10:32:079 [BaseDriver]   chromeDriverPort
2023-06-23 08:10:32:393 [Appium] Appium v1.22.3 creating new AndroidUiautomator2Driver (v1.70.1) session
2023-06-23 08:10:32:393 [Appium] There are no active sessions for cleanup
2023-06-23 08:10:32:395 [BaseDriver] W3C capabilities and MJSONWP desired capabilities were provided
2023-06-23 08:10:32:395 [BaseDriver] Creating session with W3C capabilities: {
2023-06-23 08:10:32:395 [BaseDriver]   "alwaysMatch": {
2023-06-23 08:10:32:395 [BaseDriver]     "appium:chromeDriverPort": "11000",
2023-06-23 08:10:32:395 [BaseDriver]     "platformName": "android",
2023-06-23 08:10:32:395 [BaseDriver]     "appium:appActivity": "com.torummobile.MainActivity",
2023-06-23 08:10:32:395 [BaseDriver]     "appium:appPackage": "com.torummobile.dev",
2023-06-23 08:10:32:396 [BaseDriver]     "appium:automationName": "UiAutomator2",
2023-06-23 08:10:32:396 [BaseDriver]     "appium:deviceName": "Pixel_3",
2023-06-23 08:10:32:396 [BaseDriver]     "appium:systemPort": "10000",
2023-06-23 08:10:32:396 [BaseDriver]     "appium:udid": "emulator-5554"
2023-06-23 08:10:32:396 [BaseDriver]   },
2023-06-23 08:10:32:396 [BaseDriver]   "firstMatch": [
2023-06-23 08:10:32:396 [BaseDriver]     {}
2023-06-23 08:10:32:396 [BaseDriver]   ]
2023-06-23 08:10:32:396 [BaseDriver] }
2023-06-23 08:10:32:397 [BaseDriver] Number capability passed in as string. Functionality may be compromised.
2023-06-23 08:10:32:397 [BaseDriver] Number capability passed in as string. Functionality may be compromised.
2023-06-23 08:10:32:400 [BaseDriver] Capability 'systemPort' changed from string ('10000') to integer (10000). This may cause unexpected behavior
2023-06-23 08:10:32:400 [BaseDriver] Capability 'chromeDriverPort' changed from string ('11000') to integer (11000). This may cause unexpected behavior
2023-06-23 08:10:32:402 [BaseDriver] Session created with session id: 7ee92fc0-159e-4362-bc3f-7471b3375083
2023-06-23 08:10:32:402 [UiAutomator2] Starting 'com.torummobile.dev' directly on the device
2023-06-23 08:10:32:405 [UiAutomator2] Deleting UiAutomator2 session
2023-06-23 08:10:32:407 [BaseDriver] Event 'newSessionStarted' logged at 1687507832407 (13:40:32 GMT+0530 (India Standard Time))
2023-06-23 08:10:32:480 [W3C] Encountered internal error running command: Error: Neither ANDROID_HOME nor ANDROID_SDK_ROOT environment variable was exported. Read https://developer.android.com/studio/command-line/variables for more details
2023-06-23 08:10:32:480 [W3C]     at requireSdkRoot (C:\Users\Rekha\AppData\Roaming\npm\node_modules\appium\node_modules\appium-adb\lib\helpers.js:36:11)
2023-06-23 08:10:32:480 [W3C]     at Function.createADB (C:\Users\Rekha\AppData\Roaming\npm\node_modules\appium\node_modules\appium-adb\lib\adb.js:57:23)
2023-06-23 08:10:32:480 [W3C]     at Object.createBaseADB (C:\Users\Rekha\AppData\Roaming\npm\node_modules\appium\node_modules\appium-android-driver\lib\android-helpers.js:129:20)
2023-06-23 08:10:32:480 [W3C]     at Object.getDeviceInfoFromCaps (C:\Users\Rekha\AppData\Roaming\npm\node_modules\appium\node_modules\appium-android-driver\lib\android-helpers.js:214:29)
2023-06-23 08:10:32:480 [W3C]     at AndroidUiautomator2Driver.startUiAutomator2Session (C:\Users\Rekha\AppData\Roaming\npm\node_modules\appium\node_modules\appium-uiautomator2-driver\lib\driver.js:338:40)
2023-06-23 08:10:32:480 [W3C]     at AndroidUiautomator2Driver.createSession (C:\Users\Rekha\AppData\Roaming\npm\node_modules\appium\node_modules\appium-uiautomator2-driver\lib\driver.js:229:18)
2023-06-23 08:10:32:480 [W3C]     at processTicksAndRejections (node:internal/process/task_queues:95:5)
2023-06-23 08:10:32:480 [W3C]     at AppiumDriver.createSession (C:\Users\Rekha\AppData\Roaming\npm\node_modules\appium\lib\appium.js:387:35)
2023-06-23 08:10:32:491 [HTTP] <-- POST /wd/hub/session 500 416 ms - 877
2023-06-23 08:10:32:491 [HTTP] 
