2023-07-13 13:22:26:753 [Appium] Welcome to Appium v1.22.3
2023-07-13 13:22:26:764 [Appium] Non-default server args:
2023-07-13 13:22:26:767 [Appium]   port: 25781
2023-07-13 13:22:26:768 [Appium]   sessionOverride: true
2023-07-13 13:22:26:769 [Appium]   logFile: C:\Users\Rekha\eclipse-workspace\Torum-mobile-automation-master\Android_Pixel_3\Server1689254536457.log
2023-07-13 13:22:26:939 [Appium] Appium REST http interface listener started on 0.0.0.0:25781
2023-07-13 13:22:27:085 [HTTP] --> GET /wd/hub/status
2023-07-13 13:22:27:086 [HTTP] {}
2023-07-13 13:22:27:090 [GENERIC] Calling AppiumDriver.getStatus() with args: []
2023-07-13 13:22:27:093 [GENERIC] Responding to client with driver.getStatus() result: {"build":{"version":"1.22.3"}}
2023-07-13 13:22:27:109 [HTTP] <-- GET /wd/hub/status 200 18 ms - 68
2023-07-13 13:22:27:110 [HTTP] 
2023-07-13 13:22:27:121 [HTTP] --> GET /wd/hub/status
2023-07-13 13:22:27:122 [HTTP] {}
2023-07-13 13:22:27:123 [GENERIC] Calling AppiumDriver.getStatus() with args: []
2023-07-13 13:22:27:125 [GENERIC] Responding to client with driver.getStatus() result: {"build":{"version":"1.22.3"}}
2023-07-13 13:22:27:129 [HTTP] <-- GET /wd/hub/status 200 5 ms - 68
2023-07-13 13:22:27:129 [HTTP] 
2023-07-13 13:22:27:157 [HTTP] Request idempotency key: bc4ab581-0a93-4009-b571-66315ffa9689
2023-07-13 13:22:27:200 [HTTP] --> POST /wd/hub/session
2023-07-13 13:22:27:201 [HTTP] {"desiredCapabilities":{"appActivity":"com.torum.app.MainActivity","appPackage":"com.torum.app.dev","automationName":"UiAutomator2","chromeDriverPort":"11000","platformName":"Android","udid":"emulator-5554","deviceName":"Pixel_3","systemPort":"10000"},"capabilities":{"firstMatch":[{"appium:appActivity":"com.torum.app.MainActivity","appium:appPackage":"com.torum.app.dev","appium:automationName":"UiAutomator2","chromeDriverPort":"11000","appium:deviceName":"Pixel_3","platformName":"android","appium:systemPort":"10000","appium:udid":"emulator-5554"}]}}
2023-07-13 13:22:27:202 [W3C] Calling AppiumDriver.createSession() with args: [{"appActivity":"com.torum.app.MainActivity","appPackage":"com.torum.app.dev","automationName":"UiAutomator2","chromeDriverPort":"11000","platformName":"Android","udid":"emulator-5554","deviceName":"Pixel_3","systemPort":"10000"},null,{"firstMatch":[{"appium:appActivity":"com.torum.app.MainActivity","appium:appPackage":"com.torum.app.dev","appium:automationName":"UiAutomator2","chromeDriverPort":"11000","appium:deviceName":"Pixel_3","platformName":"android","appium:systemPort":"10000","appium:udid":"emulator-5554"}]}]
2023-07-13 13:22:27:204 [BaseDriver] Event 'newSessionRequested' logged at 1689254547203 (18:52:27 GMT+0530 (India Standard Time))
2023-07-13 13:22:27:212 [BaseDriver] The following capabilities are not standard capabilities and should have an extension prefix:
2023-07-13 13:22:27:212 [BaseDriver]   chromeDriverPort
2023-07-13 13:22:28:004 [Appium] Appium v1.22.3 creating new AndroidUiautomator2Driver (v1.70.1) session
2023-07-13 13:22:28:005 [Appium] There are no active sessions for cleanup
2023-07-13 13:22:28:011 [BaseDriver] W3C capabilities and MJSONWP desired capabilities were provided
2023-07-13 13:22:28:012 [BaseDriver] Creating session with W3C capabilities: {
2023-07-13 13:22:28:012 [BaseDriver]   "alwaysMatch": {
2023-07-13 13:22:28:012 [BaseDriver]     "appium:chromeDriverPort": "11000",
2023-07-13 13:22:28:012 [BaseDriver]     "platformName": "android",
2023-07-13 13:22:28:013 [BaseDriver]     "appium:appActivity": "com.torum.app.MainActivity",
2023-07-13 13:22:28:013 [BaseDriver]     "appium:appPackage": "com.torum.app.dev",
2023-07-13 13:22:28:013 [BaseDriver]     "appium:automationName": "UiAutomator2",
2023-07-13 13:22:28:013 [BaseDriver]     "appium:deviceName": "Pixel_3",
2023-07-13 13:22:28:014 [BaseDriver]     "appium:systemPort": "10000",
2023-07-13 13:22:28:014 [BaseDriver]     "appium:udid": "emulator-5554"
2023-07-13 13:22:28:015 [BaseDriver]   },
2023-07-13 13:22:28:015 [BaseDriver]   "firstMatch": [
2023-07-13 13:22:28:015 [BaseDriver]     {}
2023-07-13 13:22:28:015 [BaseDriver]   ]
2023-07-13 13:22:28:015 [BaseDriver] }
2023-07-13 13:22:28:020 [BaseDriver] Number capability passed in as string. Functionality may be compromised.
2023-07-13 13:22:28:021 [BaseDriver] Number capability passed in as string. Functionality may be compromised.
2023-07-13 13:22:28:028 [BaseDriver] Capability 'systemPort' changed from string ('10000') to integer (10000). This may cause unexpected behavior
2023-07-13 13:22:28:029 [BaseDriver] Capability 'chromeDriverPort' changed from string ('11000') to integer (11000). This may cause unexpected behavior
2023-07-13 13:22:28:035 [BaseDriver] Session created with session id: 94fe2d04-0f47-4bb2-9bef-5ef32133a4e7
2023-07-13 13:22:28:036 [UiAutomator2] Starting 'com.torum.app.dev' directly on the device
2023-07-13 13:22:28:087 [ADB] Found 2 'build-tools' folders under 'C:\Users\Rekha\AppData\Local\Android\Sdk' (newest first):
2023-07-13 13:22:28:087 [ADB]     C:/Users/Rekha/AppData/Local/Android/Sdk/build-tools/34.0.0
2023-07-13 13:22:28:088 [ADB]     C:/Users/Rekha/AppData/Local/Android/Sdk/build-tools/30.0.3
2023-07-13 13:22:28:090 [ADB] Using 'adb.exe' from 'C:\Users\Rekha\AppData\Local\Android\Sdk\platform-tools\adb.exe'
2023-07-13 13:22:28:091 [ADB] Running 'C:\Users\Rekha\AppData\Local\Android\Sdk\platform-tools\adb.exe -P 5037 start-server'
2023-07-13 13:22:28:132 [AndroidDriver] Retrieving device list
2023-07-13 13:22:28:133 [ADB] Trying to find a connected android device
2023-07-13 13:22:28:133 [ADB] Getting connected devices
2023-07-13 13:22:28:171 [ADB] Connected devices: [{"udid":"ZD2226MYVB","state":"device"},{"udid":"emulator-5554","state":"device"}]
2023-07-13 13:22:28:171 [AndroidDriver] Using device: emulator-5554
2023-07-13 13:22:28:173 [ADB] Using 'adb.exe' from 'C:\Users\Rekha\AppData\Local\Android\Sdk\platform-tools\adb.exe'
2023-07-13 13:22:28:173 [ADB] Running 'C:\Users\Rekha\AppData\Local\Android\Sdk\platform-tools\adb.exe -P 5037 start-server'
2023-07-13 13:22:28:203 [ADB] Setting device id to emulator-5554
2023-07-13 13:22:28:204 [ADB] Running 'C:\Users\Rekha\AppData\Local\Android\Sdk\platform-tools\adb.exe -P 5037 -s emulator-5554 shell getprop ro.build.version.sdk'
2023-07-13 13:22:28:259 [ADB] Current device property 'ro.build.version.sdk': 34
2023-07-13 13:22:28:260 [ADB] Getting device platform version
2023-07-13 13:22:28:260 [ADB] Running 'C:\Users\Rekha\AppData\Local\Android\Sdk\platform-tools\adb.exe -P 5037 -s emulator-5554 shell getprop ro.build.version.release'
2023-07-13 13:22:28:327 [ADB] Current device property 'ro.build.version.release': 14
2023-07-13 13:22:28:328 [ADB] Device API level: 34
2023-07-13 13:22:28:328 [UiAutomator2] Relaxing hidden api policy
2023-07-13 13:22:28:328 [ADB] Running 'C:\Users\Rekha\AppData\Local\Android\Sdk\platform-tools\adb.exe -P 5037 -s emulator-5554 shell 'settings put global hidden_api_policy_pre_p_apps 1;settings put global hidden_api_policy_p_apps 1;settings put global hidden_api_policy 1''
2023-07-13 13:22:28:540 [AndroidDriver] No app sent in, not parsing package/activity
2023-07-13 13:22:28:541 [ADB] Running 'C:\Users\Rekha\AppData\Local\Android\Sdk\platform-tools\adb.exe -P 5037 -s emulator-5554 wait-for-device'
2023-07-13 13:22:28:576 [ADB] Running 'C:\Users\Rekha\AppData\Local\Android\Sdk\platform-tools\adb.exe -P 5037 -s emulator-5554 shell echo ping'
2023-07-13 13:22:28:650 [AndroidDriver] Pushing settings apk to device...
2023-07-13 13:22:28:652 [ADB] Getting install status for io.appium.settings
2023-07-13 13:22:28:652 [ADB] Running 'C:\Users\Rekha\AppData\Local\Android\Sdk\platform-tools\adb.exe -P 5037 -s emulator-5554 shell dumpsys package io.appium.settings'
2023-07-13 13:22:28:808 [ADB] 'io.appium.settings' is installed
2023-07-13 13:22:28:808 [ADB] Getting package info for 'io.appium.settings'
2023-07-13 13:22:28:808 [ADB] Running 'C:\Users\Rekha\AppData\Local\Android\Sdk\platform-tools\adb.exe -P 5037 -s emulator-5554 shell dumpsys package io.appium.settings'
2023-07-13 13:22:28:933 [ADB] The version name of the installed 'io.appium.settings' is greater or equal to the application version name ('3.4.0' >= '3.4.0')
2023-07-13 13:22:28:934 [ADB] There is no need to install/upgrade 'C:\Users\Rekha\AppData\Roaming\npm\node_modules\appium\node_modules\io.appium.settings\apks\settings_apk-debug.apk'
2023-07-13 13:22:28:935 [ADB] Getting IDs of all 'io.appium.settings' processes
2023-07-13 13:22:28:935 [ADB] Running 'C:\Users\Rekha\AppData\Local\Android\Sdk\platform-tools\adb.exe -P 5037 -s emulator-5554 shell 'pgrep --help; echo $?''
2023-07-13 13:22:29:025 [ADB] Running 'C:\Users\Rekha\AppData\Local\Android\Sdk\platform-tools\adb.exe -P 5037 -s emulator-5554 shell pgrep -f \(\[\[:blank:\]\]\|\^\)io\.appium\.settings\(\[\[:blank:\]\]\|\$\)'
2023-07-13 13:22:29:178 [AndroidDriver] io.appium.settings is already running. There is no need to reset its permissions.
2023-07-13 13:22:29:179 [Logcat] Starting logs capture with command: C:\\Users\\Rekha\\AppData\\Local\\Android\\Sdk\\platform-tools\\adb.exe -P 5037 -s emulator-5554 logcat -v threadtime
2023-07-13 13:22:29:272 [UiAutomator2] Forwarding UiAutomator2 Server port 6790 to local port 10000
2023-07-13 13:22:29:278 [ADB] Forwarding system: 10000 to device: 6790
2023-07-13 13:22:29:278 [ADB] Running 'C:\Users\Rekha\AppData\Local\Android\Sdk\platform-tools\adb.exe -P 5037 -s emulator-5554 forward tcp:10000 tcp:6790'
2023-07-13 13:22:29:336 [ADB] Getting install status for io.appium.uiautomator2.server
2023-07-13 13:22:29:337 [ADB] Running 'C:\Users\Rekha\AppData\Local\Android\Sdk\platform-tools\adb.exe -P 5037 -s emulator-5554 shell dumpsys package io.appium.uiautomator2.server'
2023-07-13 13:22:29:470 [ADB] 'io.appium.uiautomator2.server' is installed
2023-07-13 13:22:29:470 [ADB] Getting package info for 'io.appium.uiautomator2.server'
2023-07-13 13:22:29:471 [ADB] Running 'C:\Users\Rekha\AppData\Local\Android\Sdk\platform-tools\adb.exe -P 5037 -s emulator-5554 shell dumpsys package io.appium.uiautomator2.server'
2023-07-13 13:22:30:362 [ADB] The version name of the installed 'io.appium.uiautomator2.server' is greater or equal to the application version name ('4.27.0' >= '4.27.0')
2023-07-13 13:22:30:363 [UiAutomator2] io.appium.uiautomator2.server installation state: sameVersionInstalled
2023-07-13 13:22:30:364 [ADB] Checking app cert for C:\Users\Rekha\AppData\Roaming\npm\node_modules\appium\node_modules\appium-uiautomator2-server\apks\appium-uiautomator2-server-v4.27.0.apk
2023-07-13 13:22:30:462 [ADB] Using 'apksigner.jar' from 'C:\Users\Rekha\AppData\Local\Android\Sdk\build-tools\34.0.0\lib\apksigner.jar'
2023-07-13 13:22:30:495 [ADB] Starting apksigner: 'C:\\Program Files\\Java\\jdk-20\\bin\\java.exe' -Xmx1024M -Xss1m -jar C:\\Users\\Rekha\\AppData\\Local\\Android\\Sdk\\build-tools\\34.0.0\\lib\\apksigner.jar verify --print-certs C:\\Users\\Rekha\\AppData\\Roaming\\npm\\node_modules\\appium\\node_modules\\appium-uiautomator2-server\\apks\\appium-uiautomator2-server-v4.27.0.apk
2023-07-13 13:22:33:819 [ADB] apksigner stdout: Signer #1 certificate DN: EMAILADDRESS=android@android.com, CN=Android, OU=Android, O=Android, L=Mountain View, ST=California, C=US
2023-07-13 13:22:33:820 [ADB] Signer #1 certificate SHA-256 digest: a40da80a59d170caa950cf15c18c454d47a39b26989d8b640ecd745ba71bf5dc
2023-07-13 13:22:33:820 [ADB] Signer #1 certificate SHA-1 digest: 61ed377e85d386a8dfee6b864bd85b0bfaa5af81
2023-07-13 13:22:33:820 [ADB] Signer #1 certificate MD5 digest: e89b158e4bcf988ebd09eb83f5378e87
2023-07-13 13:22:33:820 [ADB] 
2023-07-13 13:22:33:821 [ADB] sha256 hash did match for 'appium-uiautomator2-server-v4.27.0.apk'
2023-07-13 13:22:33:822 [ADB] 'C:\Users\Rekha\AppData\Roaming\npm\node_modules\appium\node_modules\appium-uiautomator2-server\apks\appium-uiautomator2-server-v4.27.0.apk' is signed with the default certificate
2023-07-13 13:22:33:822 [ADB] Getting install status for io.appium.uiautomator2.server.test
2023-07-13 13:22:33:823 [ADB] Running 'C:\Users\Rekha\AppData\Local\Android\Sdk\platform-tools\adb.exe -P 5037 -s emulator-5554 shell dumpsys package io.appium.uiautomator2.server.test'
2023-07-13 13:22:34:051 [ADB] 'io.appium.uiautomator2.server.test' is installed
2023-07-13 13:22:34:052 [ADB] Checking app cert for C:\Users\Rekha\AppData\Roaming\npm\node_modules\appium\node_modules\appium-uiautomator2-server\apks\appium-uiautomator2-server-debug-androidTest.apk
2023-07-13 13:22:34:060 [ADB] Starting apksigner: 'C:\\Program Files\\Java\\jdk-20\\bin\\java.exe' -Xmx1024M -Xss1m -jar C:\\Users\\Rekha\\AppData\\Local\\Android\\Sdk\\build-tools\\34.0.0\\lib\\apksigner.jar verify --print-certs C:\\Users\\Rekha\\AppData\\Roaming\\npm\\node_modules\\appium\\node_modules\\appium-uiautomator2-server\\apks\\appium-uiautomator2-server-debug-androidTest.apk
2023-07-13 13:22:35:320 [ADB] apksigner stdout: Signer #1 certificate DN: EMAILADDRESS=android@android.com, CN=Android, OU=Android, O=Android, L=Mountain View, ST=California, C=US
2023-07-13 13:22:35:320 [ADB] Signer #1 certificate SHA-256 digest: a40da80a59d170caa950cf15c18c454d47a39b26989d8b640ecd745ba71bf5dc
2023-07-13 13:22:35:320 [ADB] Signer #1 certificate SHA-1 digest: 61ed377e85d386a8dfee6b864bd85b0bfaa5af81
2023-07-13 13:22:35:320 [ADB] Signer #1 certificate MD5 digest: e89b158e4bcf988ebd09eb83f5378e87
2023-07-13 13:22:35:321 [ADB] 
2023-07-13 13:22:35:321 [ADB] sha256 hash did match for 'appium-uiautomator2-server-debug-androidTest.apk'
2023-07-13 13:22:35:321 [ADB] 'C:\Users\Rekha\AppData\Roaming\npm\node_modules\appium\node_modules\appium-uiautomator2-server\apks\appium-uiautomator2-server-debug-androidTest.apk' is signed with the default certificate
2023-07-13 13:22:35:321 [UiAutomator2] Server packages are not going to be (re)installed
2023-07-13 13:22:35:328 [UiAutomator2] Waiting up to 30000ms for services to be available
2023-07-13 13:22:35:329 [ADB] Running 'C:\Users\Rekha\AppData\Local\Android\Sdk\platform-tools\adb.exe -P 5037 -s emulator-5554 shell pm list instrumentation'
2023-07-13 13:22:35:567 [UiAutomator2] Instrumentation target 'io.appium.uiautomator2.server.test/androidx.test.runner.AndroidJUnitRunner' is available
2023-07-13 13:22:35:573 [ADB] Adding packages ["io.appium.settings","io.appium.uiautomator2.server","io.appium.uiautomator2.server.test"] to Doze whitelist
2023-07-13 13:22:35:574 [ADB] Got the following command chunks to execute: [["dumpsys","deviceidle","whitelist","+io.appium.settings",";","dumpsys","deviceidle","whitelist","+io.appium.uiautomator2.server",";","dumpsys","deviceidle","whitelist","+io.appium.uiautomator2.server.test",";"]]
2023-07-13 13:22:35:574 [ADB] Running 'C:\Users\Rekha\AppData\Local\Android\Sdk\platform-tools\adb.exe -P 5037 -s emulator-5554 shell dumpsys deviceidle whitelist +io.appium.settings ; dumpsys deviceidle whitelist +io.appium.uiautomator2.server ; dumpsys deviceidle whitelist +io.appium.uiautomator2.server.test ;'
2023-07-13 13:22:35:828 [UiAutomator2] No app capability. Assuming it is already on the device
2023-07-13 13:22:35:829 [ADB] Getting install status for com.torum.app.dev
2023-07-13 13:22:35:829 [ADB] Running 'C:\Users\Rekha\AppData\Local\Android\Sdk\platform-tools\adb.exe -P 5037 -s emulator-5554 shell dumpsys package com.torum.app.dev'
2023-07-13 13:22:36:061 [ADB] 'com.torum.app.dev' is installed
2023-07-13 13:22:36:061 [ADB] Running 'C:\Users\Rekha\AppData\Local\Android\Sdk\platform-tools\adb.exe -P 5037 -s emulator-5554 shell am force-stop com.torum.app.dev'
2023-07-13 13:22:36:311 [ADB] Running 'C:\Users\Rekha\AppData\Local\Android\Sdk\platform-tools\adb.exe -P 5037 -s emulator-5554 shell pm clear com.torum.app.dev'
2023-07-13 13:22:36:916 [AndroidDriver] Performed fast reset on the installed 'com.torum.app.dev' application (stop and clear)
2023-07-13 13:22:36:917 [UiAutomator2] Performing shallow cleanup of automation leftovers
2023-07-13 13:22:37:054 [UiAutomator2] No obsolete sessions have been detected (socket hang up)
2023-07-13 13:22:37:055 [ADB] Running 'C:\Users\Rekha\AppData\Local\Android\Sdk\platform-tools\adb.exe -P 5037 -s emulator-5554 shell am force-stop io.appium.uiautomator2.server.test'
2023-07-13 13:22:37:267 [UiAutomator2] Starting UIAutomator2 server 4.27.0
2023-07-13 13:22:37:267 [UiAutomator2] Using UIAutomator2 server from 'C:\Users\Rekha\AppData\Roaming\npm\node_modules\appium\node_modules\appium-uiautomator2-server\apks\appium-uiautomator2-server-v4.27.0.apk' and test from 'C:\Users\Rekha\AppData\Roaming\npm\node_modules\appium\node_modules\appium-uiautomator2-server\apks\appium-uiautomator2-server-debug-androidTest.apk'
2023-07-13 13:22:37:268 [UiAutomator2] Waiting up to 30000ms for UiAutomator2 to be online...
2023-07-13 13:22:37:268 [ADB] Creating ADB subprocess with args: ["-P",5037,"-s","emulator-5554","shell","am","instrument","-w","-e","disableAnalytics",true,"io.appium.uiautomator2.server.test/androidx.test.runner.AndroidJUnitRunner"]
2023-07-13 13:22:37:286 [WD Proxy] Matched '/status' to command name 'getStatus'
2023-07-13 13:22:37:288 [WD Proxy] Proxying [GET /status] to [GET http://127.0.0.1:10000/wd/hub/status] with no body
2023-07-13 13:22:37:307 [WD Proxy] socket hang up
2023-07-13 13:22:38:316 [WD Proxy] Matched '/status' to command name 'getStatus'
2023-07-13 13:22:38:317 [WD Proxy] Proxying [GET /status] to [GET http://127.0.0.1:10000/wd/hub/status] with no body
2023-07-13 13:22:38:337 [WD Proxy] socket hang up
2023-07-13 13:22:39:347 [WD Proxy] Matched '/status' to command name 'getStatus'
2023-07-13 13:22:39:348 [WD Proxy] Proxying [GET /status] to [GET http://127.0.0.1:10000/wd/hub/status] with no body
2023-07-13 13:22:39:388 [WD Proxy] socket hang up
2023-07-13 13:22:40:390 [WD Proxy] Matched '/status' to command name 'getStatus'
2023-07-13 13:22:40:391 [WD Proxy] Proxying [GET /status] to [GET http://127.0.0.1:10000/wd/hub/status] with no body
2023-07-13 13:22:40:423 [WD Proxy] socket hang up
2023-07-13 13:22:41:424 [WD Proxy] Matched '/status' to command name 'getStatus'
2023-07-13 13:22:41:425 [WD Proxy] Proxying [GET /status] to [GET http://127.0.0.1:10000/wd/hub/status] with no body
2023-07-13 13:22:41:444 [WD Proxy] socket hang up
2023-07-13 13:22:41:912 [Instrumentation] io.appium.uiautomator2.server.test.AppiumUiAutomator2Server:
2023-07-13 13:22:42:450 [WD Proxy] Matched '/status' to command name 'getStatus'
2023-07-13 13:22:42:451 [WD Proxy] Proxying [GET /status] to [GET http://127.0.0.1:10000/wd/hub/status] with no body
2023-07-13 13:22:42:462 [WD Proxy] socket hang up
2023-07-13 13:22:43:470 [WD Proxy] Matched '/status' to command name 'getStatus'
2023-07-13 13:22:43:470 [WD Proxy] Proxying [GET /status] to [GET http://127.0.0.1:10000/wd/hub/status] with no body
2023-07-13 13:22:43:507 [WD Proxy] socket hang up
2023-07-13 13:22:44:510 [WD Proxy] Matched '/status' to command name 'getStatus'
2023-07-13 13:22:44:510 [WD Proxy] Proxying [GET /status] to [GET http://127.0.0.1:10000/wd/hub/status] with no body
2023-07-13 13:22:45:509 [WD Proxy] Got response with status 200: {"sessionId":"None","value":{"message":"UiAutomator2 Server is ready to accept commands","ready":true}}
2023-07-13 13:22:45:509 [UiAutomator2] The initialization of the instrumentation process took 8242ms
2023-07-13 13:22:45:510 [WD Proxy] Matched '/session' to command name 'createSession'
2023-07-13 13:22:45:511 [WD Proxy] Proxying [POST /session] to [POST http://127.0.0.1:10000/wd/hub/session] with body: {"capabilities":{"firstMatch":[{"platform":"LINUX","webStorageEnabled":false,"takesScreenshot":true,"javascriptEnabled":true,"databaseEnabled":false,"networkConnectionEnabled":true,"locationContextEnabled":false,"warnings":{},"desired":{"platformName":"android","chromeDriverPort":11000,"appActivity":"com.torum.app.MainActivity","appPackage":"com.torum.app.dev","automationName":"UiAutomator2","deviceName":"Pixel_3","systemPort":10000,"udid":"emulator-5554"},"platformName":"android","chromeDriverPort":11000,"appActivity":"com.torum.app.MainActivity","appPackage":"com.torum.app.dev","automationName":"UiAutomator2","deviceName":"emulator-5554","systemPort":10000,"udid":"emulator-5554","deviceUDID":"emulator-5554"}],"alwaysMatch":{}}}
2023-07-13 13:22:45:861 [WD Proxy] Got response with status 200: {"sessionId":"515d1d99-d2a1-41ef-b1a0-f46e7a71af05","value":{"capabilities":{"firstMatch":[{"platform":"LINUX","webStorageEnabled":false,"takesScreenshot":true,"javascriptEnabled":true,"databaseEnabled":false,"networkConnectionEnabled":true,"locationContextEnabled":false,"warnings":{},"desired":{"platformName":"android","chromeDriverPort":11000,"appActivity":"com.torum.app.MainActivity","appPackage":"com.torum.app.dev","automationName":"UiAutomator2","deviceName":"Pixel_3","systemPort":10000,"udid":"emulator-5554"},"platformName":"android","chromeDriverPort":11000,"appActivity":"com.torum.app.MainActivity","appPackage":"com.torum.app.dev","automationName":"UiAutomator2","deviceName":"emulator-5554","systemPort":10000,"udid":"emulator-5554","deviceUDID":"emulator-5554"}],"alwaysMatch":{}},"sessionId":"515d1d99-d2a1-41ef-b1a0-f46e7a71af05"}}
2023-07-13 13:22:45:862 [WD Proxy] Determined the downstream protocol as 'W3C'
2023-07-13 13:22:45:928 [WD Proxy] Proxying [GET /appium/device/info] to [GET http://127.0.0.1:10000/wd/hub/session/515d1d99-d2a1-41ef-b1a0-f46e7a71af05/appium/device/info] with no body
2023-07-13 13:22:46:264 [WD Proxy] Got response with status 200: {"sessionId":"515d1d99-d2a1-41ef-b1a0-f46e7a71af05","value":{"androidId":"c26ebd1f964d0b34","apiVersion":"34","bluetooth":{"state":"OFF"},"brand":"google","carrierName":"T-Mobile","displayDensity":440,"locale":"en_US","manufacturer":"Google","model":"sdk_gphone64_x86_64","networks":[{"capabilities":{"SSID":null,"linkDownBandwidthKbps":30000,"linkUpstreamBandwidthKbps":12000,"networkCapabilities":"NET_CAPABILITY_NOT_METERED,NET_CAPABILITY_INTERNET,NET_CAPABILITY_NOT_RESTRICTED,NET_CAPABILITY_TRUSTED,NET_CAPABILITY_NOT_VPN,NET_CAPABILITY_VALIDATED,NET_CAPABILITY_NOT_ROAMING,NET_CAPABILITY_FOREGROUND,NET_CAPABILITY_NOT_CONGESTED,NET_CAPABILITY_NOT_SUSPENDED","signalStrength":-50,"transportTypes":"TRANSPORT_WIFI"},"detailedState":"CONNECTED","extraInfo":"","isAvailable":true,"isConnected":true,"isFailover":false,"isRoaming":false,"state":"CONNECTED","subtype":-1,"subtypeName":"","type":1,"typeName":"WIFI"},{"capabilities":{"SSID":null,"linkDownBandwidthKbps":4300,"linkUpstreamBandwidthKbps":1800,"networkCapabi...
2023-07-13 13:22:46:265 [ADB] Running 'C:\Users\Rekha\AppData\Local\Android\Sdk\platform-tools\adb.exe -P 5037 -s emulator-5554 shell dumpsys window'
2023-07-13 13:22:46:721 [AndroidDriver] Screen already unlocked, doing nothing
2023-07-13 13:22:46:722 [UiAutomator2] Starting 'com.torum.app.dev/com.torum.app.MainActivity and waiting for 'com.torum.app.dev/com.torum.app.MainActivity'
2023-07-13 13:22:46:725 [ADB] Running 'C:\Users\Rekha\AppData\Local\Android\Sdk\platform-tools\adb.exe -P 5037 -s emulator-5554 shell am start -W -n com.torum.app.dev/com.torum.app.MainActivity -S -a android.intent.action.MAIN -c android.intent.category.LAUNCHER -f 0x10200000'
2023-07-13 13:22:52:312 [WD Proxy] Proxying [GET /appium/device/pixel_ratio] to [GET http://127.0.0.1:10000/wd/hub/session/515d1d99-d2a1-41ef-b1a0-f46e7a71af05/appium/device/pixel_ratio] with no body
2023-07-13 13:22:52:365 [WD Proxy] Got response with status 200: {"sessionId":"515d1d99-d2a1-41ef-b1a0-f46e7a71af05","value":2.75}
2023-07-13 13:22:52:369 [WD Proxy] Matched '/appium/device/system_bars' to command name 'getSystemBars'
2023-07-13 13:22:52:370 [WD Proxy] Proxying [GET /appium/device/system_bars] to [GET http://127.0.0.1:10000/wd/hub/session/515d1d99-d2a1-41ef-b1a0-f46e7a71af05/appium/device/system_bars] with no body
2023-07-13 13:22:52:537 [WD Proxy] Got response with status 200: {"sessionId":"515d1d99-d2a1-41ef-b1a0-f46e7a71af05","value":{"statusBar":66}}
2023-07-13 13:22:52:545 [WD Proxy] Matched '/window/current/size' to command name 'getWindowSize'
2023-07-13 13:22:52:546 [WD Proxy] Proxying [GET /window/current/size] to [GET http://127.0.0.1:10000/wd/hub/session/515d1d99-d2a1-41ef-b1a0-f46e7a71af05/window/current/size] with no body
2023-07-13 13:22:52:595 [WD Proxy] Got response with status 200: {"sessionId":"515d1d99-d2a1-41ef-b1a0-f46e7a71af05","value":{"height":2154,"width":1080}}
2023-07-13 13:22:52:597 [Appium] New AndroidUiautomator2Driver session created successfully, session 94fe2d04-0f47-4bb2-9bef-5ef32133a4e7 added to master session list
2023-07-13 13:22:52:599 [BaseDriver] Event 'newSessionStarted' logged at 1689254572598 (18:52:52 GMT+0530 (India Standard Time))
2023-07-13 13:22:52:601 [W3C (94fe2d04)] Cached the protocol value 'W3C' for the new session 94fe2d04-0f47-4bb2-9bef-5ef32133a4e7
2023-07-13 13:22:52:602 [W3C (94fe2d04)] Responding to client with driver.createSession() result: {"capabilities":{"platform":"LINUX","webStorageEnabled":false,"takesScreenshot":true,"javascriptEnabled":true,"databaseEnabled":false,"networkConnectionEnabled":true,"locationContextEnabled":false,"warnings":{},"desired":{"platformName":"android","chromeDriverPort":11000,"appActivity":"com.torum.app.MainActivity","appPackage":"com.torum.app.dev","automationName":"UiAutomator2","deviceName":"Pixel_3","systemPort":10000,"udid":"emulator-5554"},"platformName":"android","chromeDriverPort":11000,"appActivity":"com.torum.app.MainActivity","appPackage":"com.torum.app.dev","automationName":"UiAutomator2","deviceName":"emulator-5554","systemPort":10000,"udid":"emulator-5554","deviceUDID":"emulator-5554","deviceApiLevel":34,"platformVersion":"14","deviceScreenSize":"1080x2220","deviceScreenDensity":440,"deviceModel":"sdk_gphone64_x86_64","deviceManufacturer":"Google","pixelRatio":2.75,"statBarHeight":66,"viewportRect":{"left":0,"top":66,"width":1080,"height":2088}}}
2023-07-13 13:22:52:608 [HTTP] <-- POST /wd/hub/session 200 25405 ms - 1031
2023-07-13 13:22:52:608 [HTTP] 
2023-07-13 13:22:52:626 [HTTP] --> POST /wd/hub/session/94fe2d04-0f47-4bb2-9bef-5ef32133a4e7/element
2023-07-13 13:22:52:627 [HTTP] {"using":"xpath","value":"//*[contains(@text,'Login here')]/.."}
2023-07-13 13:22:52:633 [W3C (94fe2d04)] Calling AppiumDriver.findElement() with args: ["xpath","//*[contains(@text,'Login here')]/..","94fe2d04-0f47-4bb2-9bef-5ef32133a4e7"]
2023-07-13 13:22:52:635 [BaseDriver] Valid locator strategies for this request: xpath, id, class name, accessibility id, css selector, -android uiautomator
2023-07-13 13:22:52:635 [BaseDriver] Waiting up to 0 ms for condition
2023-07-13 13:22:52:637 [WD Proxy] Matched '/element' to command name 'findElement'
2023-07-13 13:22:52:638 [WD Proxy] Proxying [POST /element] to [POST http://127.0.0.1:10000/wd/hub/session/515d1d99-d2a1-41ef-b1a0-f46e7a71af05/element] with body: {"strategy":"xpath","selector":"//*[contains(@text,'Login here')]/..","context":"","multiple":false}
2023-07-13 13:22:59:268 [WD Proxy] Got response with status 404: {"sessionId":"515d1d99-d2a1-41ef-b1a0-f46e7a71af05","value":{"error":"no such element","message":"An element could not be located on the page using the given search parameters","stacktrace":"io.appium.uiautomator2.common.exceptions.ElementNotFoundException: An element could not be located on the page using the given search parameters\n\tat io.appium.uiautomator2.handler.FindElement.findElement(FindElement.java:90)\n\tat io.appium.uiautomator2.handler.FindElement.safeHandle(FindElement.java:67)\n\tat io.appium.uiautomator2.handler.request.SafeRequestHandler.handle(SafeRequestHandler.java:59)\n\tat io.appium.uiautomator2.server.AppiumServlet.handleRequest(AppiumServlet.java:266)\n\tat io.appium.uiautomator2.server.AppiumServlet.handleHttpRequest(AppiumServlet.java:260)\n\tat io.appium.uiautomator2.http.ServerHandler.channelRead(ServerHandler.java:68)\n\tat io.netty.channel.AbstractChannelHandlerContext.invokeChannelRead(AbstractChannelHandlerContext.java:366)\n\tat io.netty.channel.AbstractChannelHandlerCont...
2023-07-13 13:22:59:269 [W3C] Matched W3C error code 'no such element' to NoSuchElementError
2023-07-13 13:22:59:329 [W3C (94fe2d04)] Encountered internal error running command: NoSuchElementError: An element could not be located on the page using the given search parameters.
2023-07-13 13:22:59:329 [W3C (94fe2d04)]     at AndroidUiautomator2Driver.findElOrEls (C:\Users\Rekha\AppData\Roaming\npm\node_modules\appium\node_modules\appium-android-driver\lib\commands\find.js:75:11)
2023-07-13 13:22:59:330 [W3C (94fe2d04)]     at processTicksAndRejections (node:internal/process/task_queues:95:5)
2023-07-13 13:22:59:330 [W3C (94fe2d04)]     at AndroidUiautomator2Driver.findElOrElsWithProcessing (C:\Users\Rekha\AppData\Roaming\npm\node_modules\appium\node_modules\appium-base-driver\lib\basedriver\commands\find.js:33:12)
2023-07-13 13:22:59:331 [W3C (94fe2d04)]     at AndroidUiautomator2Driver.findElement (C:\Users\Rekha\AppData\Roaming\npm\node_modules\appium\node_modules\appium-base-driver\lib\basedriver\commands\find.js:53:10)
2023-07-13 13:22:59:335 [HTTP] <-- POST /wd/hub/session/94fe2d04-0f47-4bb2-9bef-5ef32133a4e7/element 404 6707 ms - 880
2023-07-13 13:22:59:336 [HTTP] 
2023-07-13 13:22:59:848 [HTTP] --> POST /wd/hub/session/94fe2d04-0f47-4bb2-9bef-5ef32133a4e7/element
2023-07-13 13:22:59:849 [HTTP] {"using":"xpath","value":"//*[contains(@text,'Login here')]/.."}
2023-07-13 13:22:59:857 [W3C (94fe2d04)] Calling AppiumDriver.findElement() with args: ["xpath","//*[contains(@text,'Login here')]/..","94fe2d04-0f47-4bb2-9bef-5ef32133a4e7"]
2023-07-13 13:22:59:858 [BaseDriver] Valid locator strategies for this request: xpath, id, class name, accessibility id, css selector, -android uiautomator
2023-07-13 13:22:59:859 [BaseDriver] Waiting up to 0 ms for condition
2023-07-13 13:22:59:861 [WD Proxy] Matched '/element' to command name 'findElement'
2023-07-13 13:22:59:861 [WD Proxy] Proxying [POST /element] to [POST http://127.0.0.1:10000/wd/hub/session/515d1d99-d2a1-41ef-b1a0-f46e7a71af05/element] with body: {"strategy":"xpath","selector":"//*[contains(@text,'Login here')]/..","context":"","multiple":false}
2023-07-13 13:23:00:582 [WD Proxy] Got response with status 404: {"sessionId":"515d1d99-d2a1-41ef-b1a0-f46e7a71af05","value":{"error":"no such element","message":"An element could not be located on the page using the given search parameters","stacktrace":"io.appium.uiautomator2.common.exceptions.ElementNotFoundException: An element could not be located on the page using the given search parameters\n\tat io.appium.uiautomator2.handler.FindElement.findElement(FindElement.java:90)\n\tat io.appium.uiautomator2.handler.FindElement.safeHandle(FindElement.java:67)\n\tat io.appium.uiautomator2.handler.request.SafeRequestHandler.handle(SafeRequestHandler.java:59)\n\tat io.appium.uiautomator2.server.AppiumServlet.handleRequest(AppiumServlet.java:266)\n\tat io.appium.uiautomator2.server.AppiumServlet.handleHttpRequest(AppiumServlet.java:260)\n\tat io.appium.uiautomator2.http.ServerHandler.channelRead(ServerHandler.java:68)\n\tat io.netty.channel.AbstractChannelHandlerContext.invokeChannelRead(AbstractChannelHandlerContext.java:366)\n\tat io.netty.channel.AbstractChannelHandlerCont...
2023-07-13 13:23:00:583 [W3C] Matched W3C error code 'no such element' to NoSuchElementError
2023-07-13 13:23:00:585 [W3C (94fe2d04)] Encountered internal error running command: NoSuchElementError: An element could not be located on the page using the given search parameters.
2023-07-13 13:23:00:586 [W3C (94fe2d04)]     at AndroidUiautomator2Driver.findElOrEls (C:\Users\Rekha\AppData\Roaming\npm\node_modules\appium\node_modules\appium-android-driver\lib\commands\find.js:75:11)
2023-07-13 13:23:00:586 [W3C (94fe2d04)]     at processTicksAndRejections (node:internal/process/task_queues:95:5)
2023-07-13 13:23:00:586 [W3C (94fe2d04)]     at AndroidUiautomator2Driver.findElOrElsWithProcessing (C:\Users\Rekha\AppData\Roaming\npm\node_modules\appium\node_modules\appium-base-driver\lib\basedriver\commands\find.js:33:12)
2023-07-13 13:23:00:587 [W3C (94fe2d04)]     at AndroidUiautomator2Driver.findElement (C:\Users\Rekha\AppData\Roaming\npm\node_modules\appium\node_modules\appium-base-driver\lib\basedriver\commands\find.js:53:10)
2023-07-13 13:23:00:590 [HTTP] <-- POST /wd/hub/session/94fe2d04-0f47-4bb2-9bef-5ef32133a4e7/element 404 740 ms - 880
2023-07-13 13:23:00:590 [HTTP] 
2023-07-13 13:23:01:101 [HTTP] --> POST /wd/hub/session/94fe2d04-0f47-4bb2-9bef-5ef32133a4e7/element
2023-07-13 13:23:01:101 [HTTP] {"using":"xpath","value":"//*[contains(@text,'Login here')]/.."}
2023-07-13 13:23:01:102 [W3C (94fe2d04)] Calling AppiumDriver.findElement() with args: ["xpath","//*[contains(@text,'Login here')]/..","94fe2d04-0f47-4bb2-9bef-5ef32133a4e7"]
2023-07-13 13:23:01:103 [BaseDriver] Valid locator strategies for this request: xpath, id, class name, accessibility id, css selector, -android uiautomator
2023-07-13 13:23:01:104 [BaseDriver] Waiting up to 0 ms for condition
2023-07-13 13:23:01:105 [WD Proxy] Matched '/element' to command name 'findElement'
2023-07-13 13:23:01:106 [WD Proxy] Proxying [POST /element] to [POST http://127.0.0.1:10000/wd/hub/session/515d1d99-d2a1-41ef-b1a0-f46e7a71af05/element] with body: {"strategy":"xpath","selector":"//*[contains(@text,'Login here')]/..","context":"","multiple":false}
2023-07-13 13:23:01:747 [WD Proxy] Got response with status 404: {"sessionId":"515d1d99-d2a1-41ef-b1a0-f46e7a71af05","value":{"error":"no such element","message":"An element could not be located on the page using the given search parameters","stacktrace":"io.appium.uiautomator2.common.exceptions.ElementNotFoundException: An element could not be located on the page using the given search parameters\n\tat io.appium.uiautomator2.handler.FindElement.findElement(FindElement.java:90)\n\tat io.appium.uiautomator2.handler.FindElement.safeHandle(FindElement.java:67)\n\tat io.appium.uiautomator2.handler.request.SafeRequestHandler.handle(SafeRequestHandler.java:59)\n\tat io.appium.uiautomator2.server.AppiumServlet.handleRequest(AppiumServlet.java:266)\n\tat io.appium.uiautomator2.server.AppiumServlet.handleHttpRequest(AppiumServlet.java:260)\n\tat io.appium.uiautomator2.http.ServerHandler.channelRead(ServerHandler.java:68)\n\tat io.netty.channel.AbstractChannelHandlerContext.invokeChannelRead(AbstractChannelHandlerContext.java:366)\n\tat io.netty.channel.AbstractChannelHandlerCont...
2023-07-13 13:23:01:748 [W3C] Matched W3C error code 'no such element' to NoSuchElementError
2023-07-13 13:23:01:752 [W3C (94fe2d04)] Encountered internal error running command: NoSuchElementError: An element could not be located on the page using the given search parameters.
2023-07-13 13:23:01:752 [W3C (94fe2d04)]     at AndroidUiautomator2Driver.findElOrEls (C:\Users\Rekha\AppData\Roaming\npm\node_modules\appium\node_modules\appium-android-driver\lib\commands\find.js:75:11)
2023-07-13 13:23:01:753 [W3C (94fe2d04)]     at processTicksAndRejections (node:internal/process/task_queues:95:5)
2023-07-13 13:23:01:753 [W3C (94fe2d04)]     at AndroidUiautomator2Driver.findElOrElsWithProcessing (C:\Users\Rekha\AppData\Roaming\npm\node_modules\appium\node_modules\appium-base-driver\lib\basedriver\commands\find.js:33:12)
2023-07-13 13:23:01:753 [W3C (94fe2d04)]     at AndroidUiautomator2Driver.findElement (C:\Users\Rekha\AppData\Roaming\npm\node_modules\appium\node_modules\appium-base-driver\lib\basedriver\commands\find.js:53:10)
2023-07-13 13:23:01:755 [HTTP] <-- POST /wd/hub/session/94fe2d04-0f47-4bb2-9bef-5ef32133a4e7/element 404 653 ms - 880
2023-07-13 13:23:01:755 [HTTP] 
2023-07-13 13:23:02:264 [HTTP] --> POST /wd/hub/session/94fe2d04-0f47-4bb2-9bef-5ef32133a4e7/element
2023-07-13 13:23:02:264 [HTTP] {"using":"xpath","value":"//*[contains(@text,'Login here')]/.."}
2023-07-13 13:23:02:265 [W3C (94fe2d04)] Calling AppiumDriver.findElement() with args: ["xpath","//*[contains(@text,'Login here')]/..","94fe2d04-0f47-4bb2-9bef-5ef32133a4e7"]
2023-07-13 13:23:02:265 [BaseDriver] Valid locator strategies for this request: xpath, id, class name, accessibility id, css selector, -android uiautomator
2023-07-13 13:23:02:266 [BaseDriver] Waiting up to 0 ms for condition
2023-07-13 13:23:02:267 [WD Proxy] Matched '/element' to command name 'findElement'
2023-07-13 13:23:02:268 [WD Proxy] Proxying [POST /element] to [POST http://127.0.0.1:10000/wd/hub/session/515d1d99-d2a1-41ef-b1a0-f46e7a71af05/element] with body: {"strategy":"xpath","selector":"//*[contains(@text,'Login here')]/..","context":"","multiple":false}
2023-07-13 13:23:02:753 [WD Proxy] Got response with status 404: {"sessionId":"515d1d99-d2a1-41ef-b1a0-f46e7a71af05","value":{"error":"no such element","message":"An element could not be located on the page using the given search parameters","stacktrace":"io.appium.uiautomator2.common.exceptions.ElementNotFoundException: An element could not be located on the page using the given search parameters\n\tat io.appium.uiautomator2.handler.FindElement.findElement(FindElement.java:90)\n\tat io.appium.uiautomator2.handler.FindElement.safeHandle(FindElement.java:67)\n\tat io.appium.uiautomator2.handler.request.SafeRequestHandler.handle(SafeRequestHandler.java:59)\n\tat io.appium.uiautomator2.server.AppiumServlet.handleRequest(AppiumServlet.java:266)\n\tat io.appium.uiautomator2.server.AppiumServlet.handleHttpRequest(AppiumServlet.java:260)\n\tat io.appium.uiautomator2.http.ServerHandler.channelRead(ServerHandler.java:68)\n\tat io.netty.channel.AbstractChannelHandlerContext.invokeChannelRead(AbstractChannelHandlerContext.java:366)\n\tat io.netty.channel.AbstractChannelHandlerCont...
2023-07-13 13:23:02:753 [W3C] Matched W3C error code 'no such element' to NoSuchElementError
2023-07-13 13:23:02:756 [W3C (94fe2d04)] Encountered internal error running command: NoSuchElementError: An element could not be located on the page using the given search parameters.
2023-07-13 13:23:02:757 [W3C (94fe2d04)]     at AndroidUiautomator2Driver.findElOrEls (C:\Users\Rekha\AppData\Roaming\npm\node_modules\appium\node_modules\appium-android-driver\lib\commands\find.js:75:11)
2023-07-13 13:23:02:757 [W3C (94fe2d04)]     at processTicksAndRejections (node:internal/process/task_queues:95:5)
2023-07-13 13:23:02:757 [W3C (94fe2d04)]     at AndroidUiautomator2Driver.findElOrElsWithProcessing (C:\Users\Rekha\AppData\Roaming\npm\node_modules\appium\node_modules\appium-base-driver\lib\basedriver\commands\find.js:33:12)
2023-07-13 13:23:02:758 [W3C (94fe2d04)]     at AndroidUiautomator2Driver.findElement (C:\Users\Rekha\AppData\Roaming\npm\node_modules\appium\node_modules\appium-base-driver\lib\basedriver\commands\find.js:53:10)
2023-07-13 13:23:02:760 [HTTP] <-- POST /wd/hub/session/94fe2d04-0f47-4bb2-9bef-5ef32133a4e7/element 404 495 ms - 880
2023-07-13 13:23:02:760 [HTTP] 
2023-07-13 13:23:02:774 [HTTP] --> GET /wd/hub/session/94fe2d04-0f47-4bb2-9bef-5ef32133a4e7/screenshot
2023-07-13 13:23:02:774 [HTTP] {}
2023-07-13 13:23:02:776 [W3C (94fe2d04)] Calling AppiumDriver.getScreenshot() with args: ["94fe2d04-0f47-4bb2-9bef-5ef32133a4e7"]
2023-07-13 13:23:02:777 [WD Proxy] Matched '/screenshot' to command name 'getScreenshot'
2023-07-13 13:23:02:777 [WD Proxy] Proxying [GET /screenshot] to [GET http://127.0.0.1:10000/wd/hub/session/515d1d99-d2a1-41ef-b1a0-f46e7a71af05/screenshot] with no body
2023-07-13 13:23:05:446 [WD Proxy] Got response with status 200: {"sessionId":"515d1d99-d2a1-41ef-b1a0-f46e7a71af05","value":"iVBORw0KGgoAAAANSUhEUgAABDgAAAisCAYAAACtR1KuAAAAAXNSR0IArs4c6QAAAARzQklUCAgI\nCHwIZIgAACAASURBVHic7N1/rJZ1/cfxd0czFYoiZY5l/DqLNUQDZ9ZqbLlmP3BJc1HNGKbT1TDX\nYqSW0zlnbUVmq02cP2ASY6c2Q7GyTQ0pKyQNwSAR+SFoJOyYgHAUOOf7h6MpcO77HA4eeH15PDb+\nOPfnc3+uzzn3+ON+3td13e/o6urqKgAAAIBgLUd6AwAAAAB9JXAAAAAA8QQOAAAAIJ7AAQAAAMQT\nOAAAAIB4AgcAAAAQT+AAAAAA4gkcAAAAQDyBAwAAAIgncAAAAADxBA4AAAAgnsABAAAAxBM4AAAA\ngHgCBwAAABBP4AAAAADiCRwAAABAPIEDAAAAiCdwAAAAAPEEDgAAACCewAEAAADEEzgAAACAeAIH\nAAAAEE/gAAAAAOIJHAAAAEA8gQMAAACIJ3AAAAAA8QQOAAAAIJ7AAQAAAMQTOAAAAIB4AgcAAAAQ\nT+AAAAAA4gkcAAAAQDyBAwAAAIgncAAAAADxBA4AAAAgnsABAAAAxBM4AAAAgHgCBwAAABBP4AAA\nAADiCRwAAABAPIEDAAAAiCdwAAAAAPEEDgAAACCewAEAAADEEzgAAACAeAIHAAAAEE/gAAAAAOIJ\nHAAAAEA8gQMAAACIJ3AAAAAA8QQOAAAAIJ7AAQAAAMQTOAAAAIB4AgcAAAAQT+AAAAAA4gkcAAAA\nQDyBAwAAAIgncAAAAADxBA4AAAAgnsABAAAAxBM4AAAAgHgCBwAAABBP4AAAAADiCRwAAABAPIED\nAAAAiCdwAAAAAPEEDgAAACCewAEAAADEEzgAAACAeAIHAAAAEE/gAAAAAOIJHAAAAEA8gQMAAACI\nJ3AAAAAA8QQOAAAAIJ7AAQAA...
2023-07-13 13:23:05:449 [W3C (94fe2d04)] Responding to client with driver.getScreenshot() result: "iVBORw0KGgoAAAANSUhEUgAABDgAAAisCAYAAACtR1KuAAAAAXNSR0IArs4c6QAAAARzQklUCAgI\nCHwIZIgAACAASURBVHic7N1/rJZ1/cfxd0czFYoiZY5l/DqLNUQDZ9ZqbLlmP3BJc1HNGKbT1TDX\nYqSW0zlnbUVmq02cP2ASY6c2Q7GyTQ0pKyQNwSAR+SFoJOyYgHAUOOf7h6MpcO77HA4eeH15PDb+\nOPfnc3+uzzn3+ON+3td13e/o6urqKgAAAIBgLUd6AwAAAAB9JXAAAAAA8QQOAAAAIJ7AAQAAAMQT\nOAAAAIB4AgcAAAAQT+AAAAAA4gkcAAAAQDyBAwAAAIgncAAAAADxBA4AAAAgnsABAAAAxBM4AAAA\ngHgCBwAAABBP4AAAAADiCRwAAABAPIEDAAAAiCdwAAAAAPEEDgAAACCewAEAAADEEzgAAACAeAIH\nAAAAEE/gAAAAAOIJHAAAAEA8gQMAAACIJ3AAAAAA8QQOAAAAIJ7AAQAAAMQTOAAAAIB4AgcAAAAQ\nT+AAAAAA4gkcAAAAQDyBAwAAAIgncAAAAADxBA4AAAAgnsABAAAAxBM4AAAAgHgCBwAAABBP4AAA\nAADiCRwAAABAPIEDAAAAiCdwAAAAAPEEDgAAACCewAEAAADEEzgAAACAeAIHAAAAEE/gAAAAAOIJ\nHAAAAEA8gQMAAACIJ3AAAAAA8QQOAAAAIJ7AAQAAAMQTOAAAAIB4AgcAAAAQT+AAAAAA4gkcAAAA\nQDyBAwAAAIgncAAAAADxBA4AAAAgnsABAAAAxBM4AAAAgHgCBwAAABBP4AAAAADiCRwAAABAPIED\nAAAAiCdwAAAAAPEEDgAAACCewAEAAADEEzgAAACAeAIHAAAAEE/gAAAAAOIJHAAAAEA8gQMAAACI\nJ3AAAAAA8QQOAAAAIJ7AAQAAAMQTOAAAAIB4AgcAAAAQT+AAAAAA4gkcAAAAQDyBAwAAAIgncAAA\nAADxBA...
2023-07-13 13:23:05:458 [HTTP] <-- GET /wd/hub/session/94fe2d04-0f47-4bb2-9bef-5ef32133a4e7/screenshot 200 2681 ms - 97800
2023-07-13 13:23:05:458 [HTTP] 
2023-07-13 13:23:05:495 [HTTP] --> POST /wd/hub/session/94fe2d04-0f47-4bb2-9bef-5ef32133a4e7/appium/app/close
2023-07-13 13:23:05:496 [HTTP] {}
2023-07-13 13:23:05:512 [W3C (94fe2d04)] Calling AppiumDriver.closeApp() with args: ["94fe2d04-0f47-4bb2-9bef-5ef32133a4e7"]
2023-07-13 13:23:05:514 [ADB] Running 'C:\Users\Rekha\AppData\Local\Android\Sdk\platform-tools\adb.exe -P 5037 -s emulator-5554 shell am force-stop com.torum.app.dev'
2023-07-13 13:23:06:044 [W3C (94fe2d04)] Responding to client with driver.closeApp() result: null
2023-07-13 13:23:06:048 [HTTP] <-- POST /wd/hub/session/94fe2d04-0f47-4bb2-9bef-5ef32133a4e7/appium/app/close 200 551 ms - 14
2023-07-13 13:23:06:048 [HTTP] 
2023-07-13 13:23:06:054 [HTTP] --> DELETE /wd/hub/session/94fe2d04-0f47-4bb2-9bef-5ef32133a4e7
2023-07-13 13:23:06:054 [HTTP] {}
2023-07-13 13:23:06:055 [W3C (94fe2d04)] Calling AppiumDriver.deleteSession() with args: ["94fe2d04-0f47-4bb2-9bef-5ef32133a4e7"]
2023-07-13 13:23:06:055 [BaseDriver] Event 'quitSessionRequested' logged at 1689254586055 (18:53:06 GMT+0530 (India Standard Time))
2023-07-13 13:23:06:056 [Appium] Removing session 94fe2d04-0f47-4bb2-9bef-5ef32133a4e7 from our master session list
2023-07-13 13:23:06:058 [UiAutomator2] Deleting UiAutomator2 session
2023-07-13 13:23:06:060 [UiAutomator2] Deleting UiAutomator2 server session
2023-07-13 13:23:06:060 [WD Proxy] Matched '/' to command name 'deleteSession'
2023-07-13 13:23:06:061 [WD Proxy] Proxying [DELETE /] to [DELETE http://127.0.0.1:10000/wd/hub/session/515d1d99-d2a1-41ef-b1a0-f46e7a71af05] with no body
2023-07-13 13:23:06:158 [WD Proxy] Got response with status 200: {"sessionId":"515d1d99-d2a1-41ef-b1a0-f46e7a71af05","value":null}
2023-07-13 13:23:06:158 [ADB] Running 'C:\Users\Rekha\AppData\Local\Android\Sdk\platform-tools\adb.exe -P 5037 -s emulator-5554 shell am force-stop com.torum.app.dev'
2023-07-13 13:23:06:680 [Instrumentation] .
2023-07-13 13:23:06:962 [Logcat] Stopping logcat capture
2023-07-13 13:23:06:969 [ADB] Removing forwarded port socket connection: 10000 
2023-07-13 13:23:06:970 [ADB] Running 'C:\Users\Rekha\AppData\Local\Android\Sdk\platform-tools\adb.exe -P 5037 -s emulator-5554 forward --remove tcp:10000'
2023-07-13 13:23:07:040 [UiAutomator2] Restoring hidden api policy to the device default configuration
2023-07-13 13:23:07:041 [ADB] Running 'C:\Users\Rekha\AppData\Local\Android\Sdk\platform-tools\adb.exe -P 5037 -s emulator-5554 shell 'settings delete global hidden_api_policy_pre_p_apps;settings delete global hidden_api_policy_p_apps;settings delete global hidden_api_policy''
2023-07-13 13:23:07:168 [Instrumentation] Time: 24.825
2023-07-13 13:23:07:168 [Instrumentation] 
2023-07-13 13:23:07:168 [Instrumentation] OK (1 test)
2023-07-13 13:23:07:219 [Instrumentation] The process has exited with code 0
2023-07-13 13:23:07:963 [BaseDriver] Event 'quitSessionFinished' logged at 1689254587962 (18:53:07 GMT+0530 (India Standard Time))
2023-07-13 13:23:07:964 [W3C (94fe2d04)] Received response: null
