2023-06-23 09:01:14:323 [Appium] Welcome to Appium v1.22.3
2023-06-23 09:01:14:324 [Appium] Non-default server args:
2023-06-23 09:01:14:324 [Appium]   port: 33274
2023-06-23 09:01:14:325 [Appium]   sessionOverride: true
2023-06-23 09:01:14:325 [Appium]   logFile: C:\Users\Rekha\eclipse-workspace\Torum-mobile-automation-master\Android_Pixel_3\Server1687510871359.log
2023-06-23 09:01:14:353 [Appium] Appium REST http interface listener started on 0.0.0.0:33274
2023-06-23 09:01:14:692 [HTTP] --> GET /wd/hub/status
2023-06-23 09:01:14:693 [HTTP] {}
2023-06-23 09:01:14:695 [GENERIC] Calling AppiumDriver.getStatus() with args: []
2023-06-23 09:01:14:697 [GENERIC] Responding to client with driver.getStatus() result: {"build":{"version":"1.22.3"}}
2023-06-23 09:01:14:704 [HTTP] <-- GET /wd/hub/status 200 9 ms - 68
2023-06-23 09:01:14:704 [HTTP] 
2023-06-23 09:01:14:708 [HTTP] --> GET /wd/hub/status
2023-06-23 09:01:14:708 [HTTP] {}
2023-06-23 09:01:14:708 [GENERIC] Calling AppiumDriver.getStatus() with args: []
2023-06-23 09:01:14:709 [GENERIC] Responding to client with driver.getStatus() result: {"build":{"version":"1.22.3"}}
2023-06-23 09:01:14:710 [HTTP] <-- GET /wd/hub/status 200 2 ms - 68
2023-06-23 09:01:14:710 [HTTP] 
2023-06-23 09:01:14:720 [HTTP] Request idempotency key: 6037416e-facd-4c75-91b0-dbbc9c373bd5
2023-06-23 09:01:14:738 [HTTP] --> POST /wd/hub/session
2023-06-23 09:01:14:738 [HTTP] {"desiredCapabilities":{"appActivity":"com.torummobile.MainActivity","appPackage":"com.torummobile.dev","automationName":"UiAutomator2","chromeDriverPort":"11000","platformName":"Android","udid":"emulator-5554","deviceName":"Pixel_3","systemPort":"10000"},"capabilities":{"firstMatch":[{"appium:appActivity":"com.torummobile.MainActivity","appium:appPackage":"com.torummobile.dev","appium:automationName":"UiAutomator2","chromeDriverPort":"11000","appium:deviceName":"Pixel_3","platformName":"android","appium:systemPort":"10000","appium:udid":"emulator-5554"}]}}
2023-06-23 09:01:14:739 [W3C] Calling AppiumDriver.createSession() with args: [{"appActivity":"com.torummobile.MainActivity","appPackage":"com.torummobile.dev","automationName":"UiAutomator2","chromeDriverPort":"11000","platformName":"Android","udid":"emulator-5554","deviceName":"Pixel_3","systemPort":"10000"},null,{"firstMatch":[{"appium:appActivity":"com.torummobile.MainActivity","appium:appPackage":"com.torummobile.dev","appium:automationName":"UiAutomator2","chromeDriverPort":"11000","appium:deviceName":"Pixel_3","platformName":"android","appium:systemPort":"10000","appium:udid":"emulator-5554"}]}]
2023-06-23 09:01:14:739 [BaseDriver] Event 'newSessionRequested' logged at 1687510874739 (14:31:14 GMT+0530 (India Standard Time))
2023-06-23 09:01:14:742 [BaseDriver] The following capabilities are not standard capabilities and should have an extension prefix:
2023-06-23 09:01:14:742 [BaseDriver]   chromeDriverPort
2023-06-23 09:01:15:093 [Appium] Appium v1.22.3 creating new AndroidUiautomator2Driver (v1.70.1) session
2023-06-23 09:01:15:093 [Appium] There are no active sessions for cleanup
2023-06-23 09:01:15:098 [BaseDriver] W3C capabilities and MJSONWP desired capabilities were provided
2023-06-23 09:01:15:098 [BaseDriver] Creating session with W3C capabilities: {
2023-06-23 09:01:15:098 [BaseDriver]   "alwaysMatch": {
2023-06-23 09:01:15:098 [BaseDriver]     "appium:chromeDriverPort": "11000",
2023-06-23 09:01:15:098 [BaseDriver]     "platformName": "android",
2023-06-23 09:01:15:099 [BaseDriver]     "appium:appActivity": "com.torummobile.MainActivity",
2023-06-23 09:01:15:099 [BaseDriver]     "appium:appPackage": "com.torummobile.dev",
2023-06-23 09:01:15:099 [BaseDriver]     "appium:automationName": "UiAutomator2",
2023-06-23 09:01:15:099 [BaseDriver]     "appium:deviceName": "Pixel_3",
2023-06-23 09:01:15:099 [BaseDriver]     "appium:systemPort": "10000",
2023-06-23 09:01:15:099 [BaseDriver]     "appium:udid": "emulator-5554"
2023-06-23 09:01:15:100 [BaseDriver]   },
2023-06-23 09:01:15:100 [BaseDriver]   "firstMatch": [
2023-06-23 09:01:15:100 [BaseDriver]     {}
2023-06-23 09:01:15:100 [BaseDriver]   ]
2023-06-23 09:01:15:100 [BaseDriver] }
2023-06-23 09:01:15:103 [BaseDriver] Number capability passed in as string. Functionality may be compromised.
2023-06-23 09:01:15:103 [BaseDriver] Number capability passed in as string. Functionality may be compromised.
2023-06-23 09:01:15:109 [BaseDriver] Capability 'systemPort' changed from string ('10000') to integer (10000). This may cause unexpected behavior
2023-06-23 09:01:15:109 [BaseDriver] Capability 'chromeDriverPort' changed from string ('11000') to integer (11000). This may cause unexpected behavior
2023-06-23 09:01:15:114 [BaseDriver] Session created with session id: f94f69d2-8180-4034-8cc5-b8b3cb905f25
2023-06-23 09:01:15:115 [UiAutomator2] Starting 'com.torummobile.dev' directly on the device
2023-06-23 09:01:15:119 [UiAutomator2] Deleting UiAutomator2 session
2023-06-23 09:01:15:122 [BaseDriver] Event 'newSessionStarted' logged at 1687510875121 (14:31:15 GMT+0530 (India Standard Time))
2023-06-23 09:01:15:270 [W3C] Encountered internal error running command: Error: Neither ANDROID_HOME nor ANDROID_SDK_ROOT environment variable was exported. Read https://developer.android.com/studio/command-line/variables for more details
2023-06-23 09:01:15:271 [W3C]     at requireSdkRoot (C:\Users\Rekha\AppData\Roaming\npm\node_modules\appium\node_modules\appium-adb\lib\helpers.js:36:11)
2023-06-23 09:01:15:271 [W3C]     at Function.createADB (C:\Users\Rekha\AppData\Roaming\npm\node_modules\appium\node_modules\appium-adb\lib\adb.js:57:23)
2023-06-23 09:01:15:271 [W3C]     at Object.createBaseADB (C:\Users\Rekha\AppData\Roaming\npm\node_modules\appium\node_modules\appium-android-driver\lib\android-helpers.js:129:20)
2023-06-23 09:01:15:271 [W3C]     at Object.getDeviceInfoFromCaps (C:\Users\Rekha\AppData\Roaming\npm\node_modules\appium\node_modules\appium-android-driver\lib\android-helpers.js:214:29)
2023-06-23 09:01:15:271 [W3C]     at AndroidUiautomator2Driver.startUiAutomator2Session (C:\Users\Rekha\AppData\Roaming\npm\node_modules\appium\node_modules\appium-uiautomator2-driver\lib\driver.js:338:40)
2023-06-23 09:01:15:271 [W3C]     at AndroidUiautomator2Driver.createSession (C:\Users\Rekha\AppData\Roaming\npm\node_modules\appium\node_modules\appium-uiautomator2-driver\lib\driver.js:229:18)
2023-06-23 09:01:15:271 [W3C]     at processTicksAndRejections (node:internal/process/task_queues:95:5)
2023-06-23 09:01:15:271 [W3C]     at AppiumDriver.createSession (C:\Users\Rekha\AppData\Roaming\npm\node_modules\appium\lib\appium.js:387:35)
2023-06-23 09:01:15:289 [HTTP] <-- POST /wd/hub/session 500 550 ms - 877
2023-06-23 09:01:15:289 [HTTP] 
