2023-07-13 12:49:50:172 [Appium] Welcome to Appium v1.22.3
2023-07-13 12:49:50:177 [Appium] Non-default server args:
2023-07-13 12:49:50:179 [Appium]   port: 41748
2023-07-13 12:49:50:179 [Appium]   sessionOverride: true
2023-07-13 12:49:50:180 [Appium]   logFile: C:\Users\Rekha\eclipse-workspace\Torum-mobile-automation-master\Android_Pixel_3\Server1689252583544.log
2023-07-13 12:49:50:253 [Appium] Appium REST http interface listener started on 0.0.0.0:41748
2023-07-13 12:49:50:496 [HTTP] --> GET /wd/hub/status
2023-07-13 12:49:50:497 [HTTP] {}
2023-07-13 12:49:50:500 [GENERIC] Calling AppiumDriver.getStatus() with args: []
2023-07-13 12:49:50:505 [GENERIC] Responding to client with driver.getStatus() result: {"build":{"version":"1.22.3"}}
2023-07-13 12:49:50:519 [HTTP] <-- GET /wd/hub/status 200 17 ms - 68
2023-07-13 12:49:50:520 [HTTP] 
2023-07-13 12:49:50:531 [HTTP] --> GET /wd/hub/status
2023-07-13 12:49:50:532 [HTTP] {}
2023-07-13 12:49:50:533 [GENERIC] Calling AppiumDriver.getStatus() with args: []
2023-07-13 12:49:50:535 [GENERIC] Responding to client with driver.getStatus() result: {"build":{"version":"1.22.3"}}
2023-07-13 12:49:50:540 [HTTP] <-- GET /wd/hub/status 200 7 ms - 68
2023-07-13 12:49:50:541 [HTTP] 
2023-07-13 12:49:51:522 [HTTP] Request idempotency key: 71a555de-cd74-44e8-9224-707c5a5ce929
2023-07-13 12:49:51:555 [HTTP] --> POST /wd/hub/session
2023-07-13 12:49:51:556 [HTTP] {"desiredCapabilities":{"appActivity":"com.torummobile.MainActivity","appPackage":"com.torummobile.dev","automationName":"UiAutomator2","chromeDriverPort":"11000","platformName":"Android","udid":"emulator-5554","deviceName":"Pixel_3","systemPort":"10000"},"capabilities":{"firstMatch":[{"appium:appActivity":"com.torummobile.MainActivity","appium:appPackage":"com.torummobile.dev","appium:automationName":"UiAutomator2","chromeDriverPort":"11000","appium:deviceName":"Pixel_3","platformName":"android","appium:systemPort":"10000","appium:udid":"emulator-5554"}]}}
2023-07-13 12:49:51:557 [W3C] Calling AppiumDriver.createSession() with args: [{"appActivity":"com.torummobile.MainActivity","appPackage":"com.torummobile.dev","automationName":"UiAutomator2","chromeDriverPort":"11000","platformName":"Android","udid":"emulator-5554","deviceName":"Pixel_3","systemPort":"10000"},null,{"firstMatch":[{"appium:appActivity":"com.torummobile.MainActivity","appium:appPackage":"com.torummobile.dev","appium:automationName":"UiAutomator2","chromeDriverPort":"11000","appium:deviceName":"Pixel_3","platformName":"android","appium:systemPort":"10000","appium:udid":"emulator-5554"}]}]
2023-07-13 12:49:51:558 [BaseDriver] Event 'newSessionRequested' logged at 1689252591558 (18:19:51 GMT+0530 (India Standard Time))
2023-07-13 12:49:51:567 [BaseDriver] The following capabilities are not standard capabilities and should have an extension prefix:
2023-07-13 12:49:51:567 [BaseDriver]   chromeDriverPort
2023-07-13 12:49:52:145 [Appium] Appium v1.22.3 creating new AndroidUiautomator2Driver (v1.70.1) session
2023-07-13 12:49:52:145 [Appium] There are no active sessions for cleanup
2023-07-13 12:49:52:150 [BaseDriver] W3C capabilities and MJSONWP desired capabilities were provided
2023-07-13 12:49:52:150 [BaseDriver] Creating session with W3C capabilities: {
2023-07-13 12:49:52:151 [BaseDriver]   "alwaysMatch": {
2023-07-13 12:49:52:151 [BaseDriver]     "appium:chromeDriverPort": "11000",
2023-07-13 12:49:52:151 [BaseDriver]     "platformName": "android",
2023-07-13 12:49:52:151 [BaseDriver]     "appium:appActivity": "com.torummobile.MainActivity",
2023-07-13 12:49:52:151 [BaseDriver]     "appium:appPackage": "com.torummobile.dev",
2023-07-13 12:49:52:151 [BaseDriver]     "appium:automationName": "UiAutomator2",
2023-07-13 12:49:52:152 [BaseDriver]     "appium:deviceName": "Pixel_3",
2023-07-13 12:49:52:152 [BaseDriver]     "appium:systemPort": "10000",
2023-07-13 12:49:52:152 [BaseDriver]     "appium:udid": "emulator-5554"
2023-07-13 12:49:52:152 [BaseDriver]   },
2023-07-13 12:49:52:152 [BaseDriver]   "firstMatch": [
2023-07-13 12:49:52:153 [BaseDriver]     {}
2023-07-13 12:49:52:153 [BaseDriver]   ]
2023-07-13 12:49:52:154 [BaseDriver] }
2023-07-13 12:49:52:157 [BaseDriver] Number capability passed in as string. Functionality may be compromised.
2023-07-13 12:49:52:158 [BaseDriver] Number capability passed in as string. Functionality may be compromised.
2023-07-13 12:49:52:163 [BaseDriver] Capability 'systemPort' changed from string ('10000') to integer (10000). This may cause unexpected behavior
2023-07-13 12:49:52:163 [BaseDriver] Capability 'chromeDriverPort' changed from string ('11000') to integer (11000). This may cause unexpected behavior
2023-07-13 12:49:52:166 [BaseDriver] Session created with session id: 5e46e0b7-d16c-4470-8823-156c685b7fe2
2023-07-13 12:49:52:167 [UiAutomator2] Starting 'com.torummobile.dev' directly on the device
2023-07-13 12:49:52:216 [ADB] Found 2 'build-tools' folders under 'C:\Users\Rekha\AppData\Local\Android\Sdk' (newest first):
2023-07-13 12:49:52:216 [ADB]     C:/Users/Rekha/AppData/Local/Android/Sdk/build-tools/34.0.0
2023-07-13 12:49:52:217 [ADB]     C:/Users/Rekha/AppData/Local/Android/Sdk/build-tools/30.0.3
2023-07-13 12:49:52:218 [ADB] Using 'adb.exe' from 'C:\Users\Rekha\AppData\Local\Android\Sdk\platform-tools\adb.exe'
2023-07-13 12:49:52:219 [ADB] Running 'C:\Users\Rekha\AppData\Local\Android\Sdk\platform-tools\adb.exe -P 5037 start-server'
2023-07-13 12:49:52:273 [AndroidDriver] Retrieving device list
2023-07-13 12:49:52:273 [ADB] Trying to find a connected android device
2023-07-13 12:49:52:274 [ADB] Getting connected devices
2023-07-13 12:49:52:325 [ADB] Connected devices: [{"udid":"ZD2226MYVB","state":"device"}]
2023-07-13 12:49:52:326 [AndroidDriver] Device emulator-5554 was not in the list of connected devices
2023-07-13 12:49:52:327 [UiAutomator2] Deleting UiAutomator2 session
2023-07-13 12:49:52:330 [BaseDriver] Event 'newSessionStarted' logged at 1689252592329 (18:19:52 GMT+0530 (India Standard Time))
2023-07-13 12:49:52:491 [W3C] Encountered internal error running command: Error: Device emulator-5554 was not in the list of connected devices
2023-07-13 12:49:52:491 [W3C]     at Object.errorAndThrow (C:\Users\Rekha\AppData\Roaming\npm\node_modules\appium\node_modules\appium-support\lib\logging.js:94:35)
2023-07-13 12:49:52:492 [W3C]     at Object.getDeviceInfoFromCaps (C:\Users\Rekha\AppData\Roaming\npm\node_modules\appium\node_modules\appium-android-driver\lib\android-helpers.js:231:16)
2023-07-13 12:49:52:492 [W3C]     at AndroidUiautomator2Driver.startUiAutomator2Session (C:\Users\Rekha\AppData\Roaming\npm\node_modules\appium\node_modules\appium-uiautomator2-driver\lib\driver.js:338:26)
2023-07-13 12:49:52:492 [W3C]     at AndroidUiautomator2Driver.createSession (C:\Users\Rekha\AppData\Roaming\npm\node_modules\appium\node_modules\appium-uiautomator2-driver\lib\driver.js:229:7)
2023-07-13 12:49:52:492 [W3C]     at AppiumDriver.createSession (C:\Users\Rekha\AppData\Roaming\npm\node_modules\appium\lib\appium.js:387:35)
2023-07-13 12:49:52:513 [HTTP] <-- POST /wd/hub/session 500 957 ms - 683
2023-07-13 12:49:52:514 [HTTP] 
