2023-07-13 13:21:21:443 [Appium] Welcome to Appium v1.22.3
2023-07-13 13:21:21:448 [Appium] Non-default server args:
2023-07-13 13:21:21:450 [Appium]   port: 38341
2023-07-13 13:21:21:450 [Appium]   sessionOverride: true
2023-07-13 13:21:21:451 [Appium]   logFile: C:\Users\Rekha\eclipse-workspace\Torum-mobile-automation-master\Android_Pixel_3\Server1689254470648.log
2023-07-13 13:21:21:577 [Appium] Appium REST http interface listener started on 0.0.0.0:38341
2023-07-13 13:21:21:894 [HTTP] --> GET /wd/hub/status
2023-07-13 13:21:21:895 [HTTP] {}
2023-07-13 13:21:21:900 [GENERIC] Calling AppiumDriver.getStatus() with args: []
2023-07-13 13:21:21:904 [GENERIC] Responding to client with driver.getStatus() result: {"build":{"version":"1.22.3"}}
2023-07-13 13:21:21:922 [HTTP] <-- GET /wd/hub/status 200 22 ms - 68
2023-07-13 13:21:21:924 [HTTP] 
2023-07-13 13:21:21:937 [HTTP] --> GET /wd/hub/status
2023-07-13 13:21:21:939 [HTTP] {}
2023-07-13 13:21:21:941 [GENERIC] Calling AppiumDriver.getStatus() with args: []
2023-07-13 13:21:21:943 [GENERIC] Responding to client with driver.getStatus() result: {"build":{"version":"1.22.3"}}
2023-07-13 13:21:21:948 [HTTP] <-- GET /wd/hub/status 200 7 ms - 68
2023-07-13 13:21:21:953 [HTTP] 
2023-07-13 13:21:21:976 [HTTP] Request idempotency key: cfc68c29-fe6b-4391-b58c-7480a5276a6b
2023-07-13 13:21:22:031 [HTTP] --> POST /wd/hub/session
2023-07-13 13:21:22:032 [HTTP] {"desiredCapabilities":{"appActivity":"com.torum.app.MainActivity","appPackage":"com.torum.app.dev","automationName":"UiAutomator2","chromeDriverPort":"11000","platformName":"Android","udid":"emulator-5554","deviceName":"Pixel_3","systemPort":"10000"},"capabilities":{"firstMatch":[{"appium:appActivity":"com.torum.app.MainActivity","appium:appPackage":"com.torum.app.dev","appium:automationName":"UiAutomator2","chromeDriverPort":"11000","appium:deviceName":"Pixel_3","platformName":"android","appium:systemPort":"10000","appium:udid":"emulator-5554"}]}}
2023-07-13 13:21:22:035 [W3C] Calling AppiumDriver.createSession() with args: [{"appActivity":"com.torum.app.MainActivity","appPackage":"com.torum.app.dev","automationName":"UiAutomator2","chromeDriverPort":"11000","platformName":"Android","udid":"emulator-5554","deviceName":"Pixel_3","systemPort":"10000"},null,{"firstMatch":[{"appium:appActivity":"com.torum.app.MainActivity","appium:appPackage":"com.torum.app.dev","appium:automationName":"UiAutomator2","chromeDriverPort":"11000","appium:deviceName":"Pixel_3","platformName":"android","appium:systemPort":"10000","appium:udid":"emulator-5554"}]}]
2023-07-13 13:21:22:037 [BaseDriver] Event 'newSessionRequested' logged at 1689254482036 (18:51:22 GMT+0530 (India Standard Time))
2023-07-13 13:21:22:052 [BaseDriver] The following capabilities are not standard capabilities and should have an extension prefix:
2023-07-13 13:21:22:053 [BaseDriver]   chromeDriverPort
2023-07-13 13:21:23:192 [Appium] Appium v1.22.3 creating new AndroidUiautomator2Driver (v1.70.1) session
2023-07-13 13:21:23:193 [Appium] There are no active sessions for cleanup
2023-07-13 13:21:23:208 [BaseDriver] W3C capabilities and MJSONWP desired capabilities were provided
2023-07-13 13:21:23:208 [BaseDriver] Creating session with W3C capabilities: {
2023-07-13 13:21:23:209 [BaseDriver]   "alwaysMatch": {
2023-07-13 13:21:23:211 [BaseDriver]     "appium:chromeDriverPort": "11000",
2023-07-13 13:21:23:211 [BaseDriver]     "platformName": "android",
2023-07-13 13:21:23:212 [BaseDriver]     "appium:appActivity": "com.torum.app.MainActivity",
2023-07-13 13:21:23:213 [BaseDriver]     "appium:appPackage": "com.torum.app.dev",
2023-07-13 13:21:23:214 [BaseDriver]     "appium:automationName": "UiAutomator2",
2023-07-13 13:21:23:215 [BaseDriver]     "appium:deviceName": "Pixel_3",
2023-07-13 13:21:23:215 [BaseDriver]     "appium:systemPort": "10000",
2023-07-13 13:21:23:216 [BaseDriver]     "appium:udid": "emulator-5554"
2023-07-13 13:21:23:217 [BaseDriver]   },
2023-07-13 13:21:23:217 [BaseDriver]   "firstMatch": [
2023-07-13 13:21:23:218 [BaseDriver]     {}
2023-07-13 13:21:23:218 [BaseDriver]   ]
2023-07-13 13:21:23:219 [BaseDriver] }
2023-07-13 13:21:23:228 [BaseDriver] Number capability passed in as string. Functionality may be compromised.
2023-07-13 13:21:23:229 [BaseDriver] Number capability passed in as string. Functionality may be compromised.
2023-07-13 13:21:23:243 [BaseDriver] Capability 'systemPort' changed from string ('10000') to integer (10000). This may cause unexpected behavior
2023-07-13 13:21:23:243 [BaseDriver] Capability 'chromeDriverPort' changed from string ('11000') to integer (11000). This may cause unexpected behavior
2023-07-13 13:21:23:250 [BaseDriver] Session created with session id: f28075f7-c7e8-4985-8e56-ef3d5ab56fdc
2023-07-13 13:21:23:253 [UiAutomator2] Starting 'com.torum.app.dev' directly on the device
2023-07-13 13:21:23:356 [ADB] Found 2 'build-tools' folders under 'C:\Users\Rekha\AppData\Local\Android\Sdk' (newest first):
2023-07-13 13:21:23:358 [ADB]     C:/Users/Rekha/AppData/Local/Android/Sdk/build-tools/34.0.0
2023-07-13 13:21:23:359 [ADB]     C:/Users/Rekha/AppData/Local/Android/Sdk/build-tools/30.0.3
2023-07-13 13:21:23:362 [ADB] Using 'adb.exe' from 'C:\Users\Rekha\AppData\Local\Android\Sdk\platform-tools\adb.exe'
2023-07-13 13:21:23:366 [ADB] Running 'C:\Users\Rekha\AppData\Local\Android\Sdk\platform-tools\adb.exe -P 5037 start-server'
2023-07-13 13:21:23:476 [AndroidDriver] Retrieving device list
2023-07-13 13:21:23:477 [ADB] Trying to find a connected android device
2023-07-13 13:21:23:479 [ADB] Getting connected devices
2023-07-13 13:21:23:559 [ADB] Connected devices: [{"udid":"ZD2226MYVB","state":"device"},{"udid":"emulator-5554","state":"device"}]
2023-07-13 13:21:23:561 [AndroidDriver] Using device: emulator-5554
2023-07-13 13:21:23:564 [ADB] Using 'adb.exe' from 'C:\Users\Rekha\AppData\Local\Android\Sdk\platform-tools\adb.exe'
2023-07-13 13:21:23:565 [ADB] Running 'C:\Users\Rekha\AppData\Local\Android\Sdk\platform-tools\adb.exe -P 5037 start-server'
2023-07-13 13:21:23:630 [ADB] Setting device id to emulator-5554
2023-07-13 13:21:23:631 [ADB] Running 'C:\Users\Rekha\AppData\Local\Android\Sdk\platform-tools\adb.exe -P 5037 -s emulator-5554 shell getprop ro.build.version.sdk'
2023-07-13 13:21:23:809 [ADB] Current device property 'ro.build.version.sdk': 34
2023-07-13 13:21:23:809 [ADB] Getting device platform version
2023-07-13 13:21:23:810 [ADB] Running 'C:\Users\Rekha\AppData\Local\Android\Sdk\platform-tools\adb.exe -P 5037 -s emulator-5554 shell getprop ro.build.version.release'
2023-07-13 13:21:23:998 [ADB] Current device property 'ro.build.version.release': 14
2023-07-13 13:21:23:999 [ADB] Device API level: 34
2023-07-13 13:21:23:999 [UiAutomator2] Relaxing hidden api policy
2023-07-13 13:21:24:000 [ADB] Running 'C:\Users\Rekha\AppData\Local\Android\Sdk\platform-tools\adb.exe -P 5037 -s emulator-5554 shell 'settings put global hidden_api_policy_pre_p_apps 1;settings put global hidden_api_policy_p_apps 1;settings put global hidden_api_policy 1''
2023-07-13 13:21:24:383 [AndroidDriver] No app sent in, not parsing package/activity
2023-07-13 13:21:24:384 [ADB] Running 'C:\Users\Rekha\AppData\Local\Android\Sdk\platform-tools\adb.exe -P 5037 -s emulator-5554 wait-for-device'
2023-07-13 13:21:24:418 [ADB] Running 'C:\Users\Rekha\AppData\Local\Android\Sdk\platform-tools\adb.exe -P 5037 -s emulator-5554 shell echo ping'
2023-07-13 13:21:24:492 [AndroidDriver] Pushing settings apk to device...
2023-07-13 13:21:24:493 [ADB] Getting install status for io.appium.settings
2023-07-13 13:21:24:494 [ADB] Running 'C:\Users\Rekha\AppData\Local\Android\Sdk\platform-tools\adb.exe -P 5037 -s emulator-5554 shell dumpsys package io.appium.settings'
2023-07-13 13:21:24:613 [ADB] 'io.appium.settings' is installed
2023-07-13 13:21:24:614 [ADB] Getting package info for 'io.appium.settings'
2023-07-13 13:21:24:614 [ADB] Running 'C:\Users\Rekha\AppData\Local\Android\Sdk\platform-tools\adb.exe -P 5037 -s emulator-5554 shell dumpsys package io.appium.settings'
2023-07-13 13:21:24:758 [ADB] The version name of the installed 'io.appium.settings' is greater or equal to the application version name ('3.4.0' >= '3.4.0')
2023-07-13 13:21:24:759 [ADB] There is no need to install/upgrade 'C:\Users\Rekha\AppData\Roaming\npm\node_modules\appium\node_modules\io.appium.settings\apks\settings_apk-debug.apk'
2023-07-13 13:21:24:760 [ADB] Getting IDs of all 'io.appium.settings' processes
2023-07-13 13:21:24:761 [ADB] Running 'C:\Users\Rekha\AppData\Local\Android\Sdk\platform-tools\adb.exe -P 5037 -s emulator-5554 shell 'pgrep --help; echo $?''
2023-07-13 13:21:24:866 [ADB] Running 'C:\Users\Rekha\AppData\Local\Android\Sdk\platform-tools\adb.exe -P 5037 -s emulator-5554 shell pgrep -f \(\[\[:blank:\]\]\|\^\)io\.appium\.settings\(\[\[:blank:\]\]\|\$\)'
2023-07-13 13:21:25:025 [AndroidDriver] io.appium.settings is already running. There is no need to reset its permissions.
2023-07-13 13:21:25:027 [Logcat] Starting logs capture with command: C:\\Users\\Rekha\\AppData\\Local\\Android\\Sdk\\platform-tools\\adb.exe -P 5037 -s emulator-5554 logcat -v threadtime
2023-07-13 13:21:25:129 [UiAutomator2] Forwarding UiAutomator2 Server port 6790 to local port 10000
2023-07-13 13:21:25:135 [ADB] Forwarding system: 10000 to device: 6790
2023-07-13 13:21:25:136 [ADB] Running 'C:\Users\Rekha\AppData\Local\Android\Sdk\platform-tools\adb.exe -P 5037 -s emulator-5554 forward tcp:10000 tcp:6790'
2023-07-13 13:21:25:187 [ADB] Getting install status for io.appium.uiautomator2.server
2023-07-13 13:21:25:187 [ADB] Running 'C:\Users\Rekha\AppData\Local\Android\Sdk\platform-tools\adb.exe -P 5037 -s emulator-5554 shell dumpsys package io.appium.uiautomator2.server'
2023-07-13 13:21:25:382 [ADB] 'io.appium.uiautomator2.server' is installed
2023-07-13 13:21:25:382 [ADB] Getting package info for 'io.appium.uiautomator2.server'
2023-07-13 13:21:25:382 [ADB] Running 'C:\Users\Rekha\AppData\Local\Android\Sdk\platform-tools\adb.exe -P 5037 -s emulator-5554 shell dumpsys package io.appium.uiautomator2.server'
2023-07-13 13:21:26:237 [ADB] The version name of the installed 'io.appium.uiautomator2.server' is greater or equal to the application version name ('4.27.0' >= '4.27.0')
2023-07-13 13:21:26:237 [UiAutomator2] io.appium.uiautomator2.server installation state: sameVersionInstalled
2023-07-13 13:21:26:239 [ADB] Checking app cert for C:\Users\Rekha\AppData\Roaming\npm\node_modules\appium\node_modules\appium-uiautomator2-server\apks\appium-uiautomator2-server-v4.27.0.apk
2023-07-13 13:21:26:327 [ADB] Using 'apksigner.jar' from 'C:\Users\Rekha\AppData\Local\Android\Sdk\build-tools\34.0.0\lib\apksigner.jar'
2023-07-13 13:21:26:331 [ADB] Starting apksigner: 'C:\\Program Files\\Java\\jdk-20\\bin\\java.exe' -Xmx1024M -Xss1m -jar C:\\Users\\Rekha\\AppData\\Local\\Android\\Sdk\\build-tools\\34.0.0\\lib\\apksigner.jar verify --print-certs C:\\Users\\Rekha\\AppData\\Roaming\\npm\\node_modules\\appium\\node_modules\\appium-uiautomator2-server\\apks\\appium-uiautomator2-server-v4.27.0.apk
2023-07-13 13:21:30:607 [ADB] apksigner stdout: Signer #1 certificate DN: EMAILADDRESS=android@android.com, CN=Android, OU=Android, O=Android, L=Mountain View, ST=California, C=US
2023-07-13 13:21:30:608 [ADB] Signer #1 certificate SHA-256 digest: a40da80a59d170caa950cf15c18c454d47a39b26989d8b640ecd745ba71bf5dc
2023-07-13 13:21:30:608 [ADB] Signer #1 certificate SHA-1 digest: 61ed377e85d386a8dfee6b864bd85b0bfaa5af81
2023-07-13 13:21:30:608 [ADB] Signer #1 certificate MD5 digest: e89b158e4bcf988ebd09eb83f5378e87
2023-07-13 13:21:30:608 [ADB] 
2023-07-13 13:21:30:609 [ADB] sha256 hash did match for 'appium-uiautomator2-server-v4.27.0.apk'
2023-07-13 13:21:30:610 [ADB] 'C:\Users\Rekha\AppData\Roaming\npm\node_modules\appium\node_modules\appium-uiautomator2-server\apks\appium-uiautomator2-server-v4.27.0.apk' is signed with the default certificate
2023-07-13 13:21:30:610 [ADB] Getting install status for io.appium.uiautomator2.server.test
2023-07-13 13:21:30:611 [ADB] Running 'C:\Users\Rekha\AppData\Local\Android\Sdk\platform-tools\adb.exe -P 5037 -s emulator-5554 shell dumpsys package io.appium.uiautomator2.server.test'
2023-07-13 13:21:31:208 [ADB] 'io.appium.uiautomator2.server.test' is installed
2023-07-13 13:21:31:209 [ADB] Checking app cert for C:\Users\Rekha\AppData\Roaming\npm\node_modules\appium\node_modules\appium-uiautomator2-server\apks\appium-uiautomator2-server-debug-androidTest.apk
2023-07-13 13:21:31:221 [ADB] Starting apksigner: 'C:\\Program Files\\Java\\jdk-20\\bin\\java.exe' -Xmx1024M -Xss1m -jar C:\\Users\\Rekha\\AppData\\Local\\Android\\Sdk\\build-tools\\34.0.0\\lib\\apksigner.jar verify --print-certs C:\\Users\\Rekha\\AppData\\Roaming\\npm\\node_modules\\appium\\node_modules\\appium-uiautomator2-server\\apks\\appium-uiautomator2-server-debug-androidTest.apk
2023-07-13 13:21:32:792 [ADB] apksigner stdout: Signer #1 certificate DN: EMAILADDRESS=android@android.com, CN=Android, OU=Android, O=Android, L=Mountain View, ST=California, C=US
2023-07-13 13:21:32:792 [ADB] Signer #1 certificate SHA-256 digest: a40da80a59d170caa950cf15c18c454d47a39b26989d8b640ecd745ba71bf5dc
2023-07-13 13:21:32:792 [ADB] Signer #1 certificate SHA-1 digest: 61ed377e85d386a8dfee6b864bd85b0bfaa5af81
2023-07-13 13:21:32:793 [ADB] Signer #1 certificate MD5 digest: e89b158e4bcf988ebd09eb83f5378e87
2023-07-13 13:21:32:793 [ADB] 
2023-07-13 13:21:32:793 [ADB] sha256 hash did match for 'appium-uiautomator2-server-debug-androidTest.apk'
2023-07-13 13:21:32:793 [ADB] 'C:\Users\Rekha\AppData\Roaming\npm\node_modules\appium\node_modules\appium-uiautomator2-server\apks\appium-uiautomator2-server-debug-androidTest.apk' is signed with the default certificate
2023-07-13 13:21:32:794 [UiAutomator2] Server packages are not going to be (re)installed
2023-07-13 13:21:32:802 [UiAutomator2] Waiting up to 30000ms for services to be available
2023-07-13 13:21:32:804 [ADB] Running 'C:\Users\Rekha\AppData\Local\Android\Sdk\platform-tools\adb.exe -P 5037 -s emulator-5554 shell pm list instrumentation'
2023-07-13 13:21:33:242 [UiAutomator2] Instrumentation target 'io.appium.uiautomator2.server.test/androidx.test.runner.AndroidJUnitRunner' is available
2023-07-13 13:21:33:248 [ADB] Adding packages ["io.appium.settings","io.appium.uiautomator2.server","io.appium.uiautomator2.server.test"] to Doze whitelist
2023-07-13 13:21:33:249 [ADB] Got the following command chunks to execute: [["dumpsys","deviceidle","whitelist","+io.appium.settings",";","dumpsys","deviceidle","whitelist","+io.appium.uiautomator2.server",";","dumpsys","deviceidle","whitelist","+io.appium.uiautomator2.server.test",";"]]
2023-07-13 13:21:33:249 [ADB] Running 'C:\Users\Rekha\AppData\Local\Android\Sdk\platform-tools\adb.exe -P 5037 -s emulator-5554 shell dumpsys deviceidle whitelist +io.appium.settings ; dumpsys deviceidle whitelist +io.appium.uiautomator2.server ; dumpsys deviceidle whitelist +io.appium.uiautomator2.server.test ;'
2023-07-13 13:21:33:819 [UiAutomator2] No app capability. Assuming it is already on the device
2023-07-13 13:21:33:820 [ADB] Getting install status for com.torum.app.dev
2023-07-13 13:21:33:820 [ADB] Running 'C:\Users\Rekha\AppData\Local\Android\Sdk\platform-tools\adb.exe -P 5037 -s emulator-5554 shell dumpsys package com.torum.app.dev'
2023-07-13 13:21:34:299 [ADB] 'com.torum.app.dev' is installed
2023-07-13 13:21:34:300 [ADB] Running 'C:\Users\Rekha\AppData\Local\Android\Sdk\platform-tools\adb.exe -P 5037 -s emulator-5554 shell am force-stop com.torum.app.dev'
2023-07-13 13:21:34:802 [ADB] Running 'C:\Users\Rekha\AppData\Local\Android\Sdk\platform-tools\adb.exe -P 5037 -s emulator-5554 shell pm clear com.torum.app.dev'
2023-07-13 13:21:36:262 [AndroidDriver] Performed fast reset on the installed 'com.torum.app.dev' application (stop and clear)
2023-07-13 13:21:36:263 [UiAutomator2] Performing shallow cleanup of automation leftovers
2023-07-13 13:21:36:344 [UiAutomator2] No obsolete sessions have been detected (socket hang up)
2023-07-13 13:21:36:345 [ADB] Running 'C:\Users\Rekha\AppData\Local\Android\Sdk\platform-tools\adb.exe -P 5037 -s emulator-5554 shell am force-stop io.appium.uiautomator2.server.test'
2023-07-13 13:21:36:618 [UiAutomator2] Starting UIAutomator2 server 4.27.0
2023-07-13 13:21:36:619 [UiAutomator2] Using UIAutomator2 server from 'C:\Users\Rekha\AppData\Roaming\npm\node_modules\appium\node_modules\appium-uiautomator2-server\apks\appium-uiautomator2-server-v4.27.0.apk' and test from 'C:\Users\Rekha\AppData\Roaming\npm\node_modules\appium\node_modules\appium-uiautomator2-server\apks\appium-uiautomator2-server-debug-androidTest.apk'
2023-07-13 13:21:36:619 [UiAutomator2] Waiting up to 30000ms for UiAutomator2 to be online...
2023-07-13 13:21:36:620 [ADB] Creating ADB subprocess with args: ["-P",5037,"-s","emulator-5554","shell","am","instrument","-w","-e","disableAnalytics",true,"io.appium.uiautomator2.server.test/androidx.test.runner.AndroidJUnitRunner"]
2023-07-13 13:21:36:639 [WD Proxy] Matched '/status' to command name 'getStatus'
2023-07-13 13:21:36:643 [WD Proxy] Proxying [GET /status] to [GET http://127.0.0.1:10000/wd/hub/status] with no body
2023-07-13 13:21:36:663 [WD Proxy] socket hang up
2023-07-13 13:21:37:679 [WD Proxy] Matched '/status' to command name 'getStatus'
2023-07-13 13:21:37:680 [WD Proxy] Proxying [GET /status] to [GET http://127.0.0.1:10000/wd/hub/status] with no body
2023-07-13 13:21:37:691 [WD Proxy] socket hang up
2023-07-13 13:21:38:703 [WD Proxy] Matched '/status' to command name 'getStatus'
2023-07-13 13:21:38:704 [WD Proxy] Proxying [GET /status] to [GET http://127.0.0.1:10000/wd/hub/status] with no body
2023-07-13 13:21:38:744 [WD Proxy] socket hang up
2023-07-13 13:21:39:752 [WD Proxy] Matched '/status' to command name 'getStatus'
2023-07-13 13:21:39:753 [WD Proxy] Proxying [GET /status] to [GET http://127.0.0.1:10000/wd/hub/status] with no body
2023-07-13 13:21:39:776 [WD Proxy] socket hang up
2023-07-13 13:21:40:782 [WD Proxy] Matched '/status' to command name 'getStatus'
2023-07-13 13:21:40:783 [WD Proxy] Proxying [GET /status] to [GET http://127.0.0.1:10000/wd/hub/status] with no body
2023-07-13 13:21:40:823 [WD Proxy] socket hang up
2023-07-13 13:21:41:826 [WD Proxy] Matched '/status' to command name 'getStatus'
2023-07-13 13:21:41:827 [WD Proxy] Proxying [GET /status] to [GET http://127.0.0.1:10000/wd/hub/status] with no body
2023-07-13 13:21:41:878 [WD Proxy] socket hang up
2023-07-13 13:21:42:880 [WD Proxy] Matched '/status' to command name 'getStatus'
2023-07-13 13:21:42:880 [WD Proxy] Proxying [GET /status] to [GET http://127.0.0.1:10000/wd/hub/status] with no body
2023-07-13 13:21:42:891 [WD Proxy] socket hang up
2023-07-13 13:21:43:903 [WD Proxy] Matched '/status' to command name 'getStatus'
2023-07-13 13:21:43:903 [WD Proxy] Proxying [GET /status] to [GET http://127.0.0.1:10000/wd/hub/status] with no body
2023-07-13 13:21:43:913 [WD Proxy] socket hang up
2023-07-13 13:21:44:924 [WD Proxy] Matched '/status' to command name 'getStatus'
2023-07-13 13:21:44:926 [WD Proxy] Proxying [GET /status] to [GET http://127.0.0.1:10000/wd/hub/status] with no body
2023-07-13 13:21:44:955 [WD Proxy] socket hang up
2023-07-13 13:21:45:496 [Instrumentation] io.appium.uiautomator2.server.test.AppiumUiAutomator2Server:
2023-07-13 13:21:45:964 [WD Proxy] Matched '/status' to command name 'getStatus'
2023-07-13 13:21:45:967 [WD Proxy] Proxying [GET /status] to [GET http://127.0.0.1:10000/wd/hub/status] with no body
2023-07-13 13:21:45:990 [WD Proxy] socket hang up
2023-07-13 13:21:46:996 [WD Proxy] Matched '/status' to command name 'getStatus'
2023-07-13 13:21:46:998 [WD Proxy] Proxying [GET /status] to [GET http://127.0.0.1:10000/wd/hub/status] with no body
2023-07-13 13:21:47:116 [WD Proxy] socket hang up
2023-07-13 13:21:48:125 [WD Proxy] Matched '/status' to command name 'getStatus'
2023-07-13 13:21:48:127 [WD Proxy] Proxying [GET /status] to [GET http://127.0.0.1:10000/wd/hub/status] with no body
2023-07-13 13:21:48:151 [WD Proxy] socket hang up
2023-07-13 13:21:49:161 [WD Proxy] Matched '/status' to command name 'getStatus'
2023-07-13 13:21:49:163 [WD Proxy] Proxying [GET /status] to [GET http://127.0.0.1:10000/wd/hub/status] with no body
2023-07-13 13:21:49:193 [WD Proxy] socket hang up
2023-07-13 13:21:50:201 [WD Proxy] Matched '/status' to command name 'getStatus'
2023-07-13 13:21:50:201 [WD Proxy] Proxying [GET /status] to [GET http://127.0.0.1:10000/wd/hub/status] with no body
2023-07-13 13:21:50:884 [WD Proxy] Got response with status 200: {"sessionId":"None","value":{"message":"UiAutomator2 Server is ready to accept commands","ready":true}}
2023-07-13 13:21:50:886 [UiAutomator2] The initialization of the instrumentation process took 14267ms
2023-07-13 13:21:50:887 [WD Proxy] Matched '/session' to command name 'createSession'
2023-07-13 13:21:50:888 [WD Proxy] Proxying [POST /session] to [POST http://127.0.0.1:10000/wd/hub/session] with body: {"capabilities":{"firstMatch":[{"platform":"LINUX","webStorageEnabled":false,"takesScreenshot":true,"javascriptEnabled":true,"databaseEnabled":false,"networkConnectionEnabled":true,"locationContextEnabled":false,"warnings":{},"desired":{"platformName":"android","chromeDriverPort":11000,"appActivity":"com.torum.app.MainActivity","appPackage":"com.torum.app.dev","automationName":"UiAutomator2","deviceName":"Pixel_3","systemPort":10000,"udid":"emulator-5554"},"platformName":"android","chromeDriverPort":11000,"appActivity":"com.torum.app.MainActivity","appPackage":"com.torum.app.dev","automationName":"UiAutomator2","deviceName":"emulator-5554","systemPort":10000,"udid":"emulator-5554","deviceUDID":"emulator-5554"}],"alwaysMatch":{}}}
2023-07-13 13:21:51:096 [WD Proxy] Got response with status 200: {"sessionId":"d8b46176-6a96-4e21-9708-78a29a619269","value":{"capabilities":{"firstMatch":[{"platform":"LINUX","webStorageEnabled":false,"takesScreenshot":true,"javascriptEnabled":true,"databaseEnabled":false,"networkConnectionEnabled":true,"locationContextEnabled":false,"warnings":{},"desired":{"platformName":"android","chromeDriverPort":11000,"appActivity":"com.torum.app.MainActivity","appPackage":"com.torum.app.dev","automationName":"UiAutomator2","deviceName":"Pixel_3","systemPort":10000,"udid":"emulator-5554"},"platformName":"android","chromeDriverPort":11000,"appActivity":"com.torum.app.MainActivity","appPackage":"com.torum.app.dev","automationName":"UiAutomator2","deviceName":"emulator-5554","systemPort":10000,"udid":"emulator-5554","deviceUDID":"emulator-5554"}],"alwaysMatch":{}},"sessionId":"d8b46176-6a96-4e21-9708-78a29a619269"}}
2023-07-13 13:21:51:097 [WD Proxy] Determined the downstream protocol as 'W3C'
2023-07-13 13:21:51:148 [WD Proxy] Proxying [GET /appium/device/info] to [GET http://127.0.0.1:10000/wd/hub/session/d8b46176-6a96-4e21-9708-78a29a619269/appium/device/info] with no body
2023-07-13 13:21:51:501 [WD Proxy] Got response with status 200: {"sessionId":"d8b46176-6a96-4e21-9708-78a29a619269","value":{"androidId":"c26ebd1f964d0b34","apiVersion":"34","bluetooth":{"state":"OFF"},"brand":"google","carrierName":"T-Mobile","displayDensity":440,"locale":"en_US","manufacturer":"Google","model":"sdk_gphone64_x86_64","networks":[{"capabilities":{"SSID":null,"linkDownBandwidthKbps":30000,"linkUpstreamBandwidthKbps":12000,"networkCapabilities":"NET_CAPABILITY_NOT_METERED,NET_CAPABILITY_INTERNET,NET_CAPABILITY_NOT_RESTRICTED,NET_CAPABILITY_TRUSTED,NET_CAPABILITY_NOT_VPN,NET_CAPABILITY_VALIDATED,NET_CAPABILITY_NOT_ROAMING,NET_CAPABILITY_FOREGROUND,NET_CAPABILITY_NOT_CONGESTED,NET_CAPABILITY_NOT_SUSPENDED","signalStrength":-50,"transportTypes":"TRANSPORT_WIFI"},"detailedState":"CONNECTED","extraInfo":"","isAvailable":true,"isConnected":true,"isFailover":false,"isRoaming":false,"state":"CONNECTED","subtype":-1,"subtypeName":"","type":1,"typeName":"WIFI"},{"capabilities":{"SSID":null,"linkDownBandwidthKbps":4300,"linkUpstreamBandwidthKbps":1800,"networkCapabi...
2023-07-13 13:21:51:504 [ADB] Running 'C:\Users\Rekha\AppData\Local\Android\Sdk\platform-tools\adb.exe -P 5037 -s emulator-5554 shell dumpsys window'
2023-07-13 13:21:51:878 [AndroidDriver] Screen already unlocked, doing nothing
2023-07-13 13:21:51:879 [UiAutomator2] Starting 'com.torum.app.dev/com.torum.app.MainActivity and waiting for 'com.torum.app.dev/com.torum.app.MainActivity'
2023-07-13 13:21:51:881 [ADB] Running 'C:\Users\Rekha\AppData\Local\Android\Sdk\platform-tools\adb.exe -P 5037 -s emulator-5554 shell am start -W -n com.torum.app.dev/com.torum.app.MainActivity -S -a android.intent.action.MAIN -c android.intent.category.LAUNCHER -f 0x10200000'
2023-07-13 13:21:57:288 [WD Proxy] Proxying [GET /appium/device/pixel_ratio] to [GET http://127.0.0.1:10000/wd/hub/session/d8b46176-6a96-4e21-9708-78a29a619269/appium/device/pixel_ratio] with no body
2023-07-13 13:21:57:352 [WD Proxy] Got response with status 200: {"sessionId":"d8b46176-6a96-4e21-9708-78a29a619269","value":2.75}
2023-07-13 13:21:57:354 [WD Proxy] Matched '/appium/device/system_bars' to command name 'getSystemBars'
2023-07-13 13:21:57:354 [WD Proxy] Proxying [GET /appium/device/system_bars] to [GET http://127.0.0.1:10000/wd/hub/session/d8b46176-6a96-4e21-9708-78a29a619269/appium/device/system_bars] with no body
2023-07-13 13:21:57:418 [WD Proxy] Got response with status 200: {"sessionId":"d8b46176-6a96-4e21-9708-78a29a619269","value":{"statusBar":66}}
2023-07-13 13:21:57:420 [WD Proxy] Matched '/window/current/size' to command name 'getWindowSize'
2023-07-13 13:21:57:421 [WD Proxy] Proxying [GET /window/current/size] to [GET http://127.0.0.1:10000/wd/hub/session/d8b46176-6a96-4e21-9708-78a29a619269/window/current/size] with no body
2023-07-13 13:21:57:481 [WD Proxy] Got response with status 200: {"sessionId":"d8b46176-6a96-4e21-9708-78a29a619269","value":{"height":2154,"width":1080}}
2023-07-13 13:21:57:483 [Appium] New AndroidUiautomator2Driver session created successfully, session f28075f7-c7e8-4985-8e56-ef3d5ab56fdc added to master session list
2023-07-13 13:21:57:484 [BaseDriver] Event 'newSessionStarted' logged at 1689254517484 (18:51:57 GMT+0530 (India Standard Time))
2023-07-13 13:21:57:485 [W3C (f28075f7)] Cached the protocol value 'W3C' for the new session f28075f7-c7e8-4985-8e56-ef3d5ab56fdc
2023-07-13 13:21:57:486 [W3C (f28075f7)] Responding to client with driver.createSession() result: {"capabilities":{"platform":"LINUX","webStorageEnabled":false,"takesScreenshot":true,"javascriptEnabled":true,"databaseEnabled":false,"networkConnectionEnabled":true,"locationContextEnabled":false,"warnings":{},"desired":{"platformName":"android","chromeDriverPort":11000,"appActivity":"com.torum.app.MainActivity","appPackage":"com.torum.app.dev","automationName":"UiAutomator2","deviceName":"Pixel_3","systemPort":10000,"udid":"emulator-5554"},"platformName":"android","chromeDriverPort":11000,"appActivity":"com.torum.app.MainActivity","appPackage":"com.torum.app.dev","automationName":"UiAutomator2","deviceName":"emulator-5554","systemPort":10000,"udid":"emulator-5554","deviceUDID":"emulator-5554","deviceApiLevel":34,"platformVersion":"14","deviceScreenSize":"1080x2220","deviceScreenDensity":440,"deviceModel":"sdk_gphone64_x86_64","deviceManufacturer":"Google","pixelRatio":2.75,"statBarHeight":66,"viewportRect":{"left":0,"top":66,"width":1080,"height":2088}}}
2023-07-13 13:21:57:496 [HTTP] <-- POST /wd/hub/session 200 35459 ms - 1031
2023-07-13 13:21:57:496 [HTTP] 
2023-07-13 13:21:57:680 [HTTP] --> POST /wd/hub/session/f28075f7-c7e8-4985-8e56-ef3d5ab56fdc/element
2023-07-13 13:21:57:681 [HTTP] {"using":"xpath","value":"//*[contains(@text,'Login here')]/.."}
2023-07-13 13:21:57:690 [W3C (f28075f7)] Calling AppiumDriver.findElement() with args: ["xpath","//*[contains(@text,'Login here')]/..","f28075f7-c7e8-4985-8e56-ef3d5ab56fdc"]
2023-07-13 13:21:57:692 [BaseDriver] Valid locator strategies for this request: xpath, id, class name, accessibility id, css selector, -android uiautomator
2023-07-13 13:21:57:694 [BaseDriver] Waiting up to 0 ms for condition
2023-07-13 13:21:57:696 [WD Proxy] Matched '/element' to command name 'findElement'
2023-07-13 13:21:57:698 [WD Proxy] Proxying [POST /element] to [POST http://127.0.0.1:10000/wd/hub/session/d8b46176-6a96-4e21-9708-78a29a619269/element] with body: {"strategy":"xpath","selector":"//*[contains(@text,'Login here')]/..","context":"","multiple":false}
2023-07-13 13:22:04:288 [WD Proxy] Got response with status 404: {"sessionId":"d8b46176-6a96-4e21-9708-78a29a619269","value":{"error":"no such element","message":"An element could not be located on the page using the given search parameters","stacktrace":"io.appium.uiautomator2.common.exceptions.ElementNotFoundException: An element could not be located on the page using the given search parameters\n\tat io.appium.uiautomator2.handler.FindElement.findElement(FindElement.java:90)\n\tat io.appium.uiautomator2.handler.FindElement.safeHandle(FindElement.java:67)\n\tat io.appium.uiautomator2.handler.request.SafeRequestHandler.handle(SafeRequestHandler.java:59)\n\tat io.appium.uiautomator2.server.AppiumServlet.handleRequest(AppiumServlet.java:266)\n\tat io.appium.uiautomator2.server.AppiumServlet.handleHttpRequest(AppiumServlet.java:260)\n\tat io.appium.uiautomator2.http.ServerHandler.channelRead(ServerHandler.java:68)\n\tat io.netty.channel.AbstractChannelHandlerContext.invokeChannelRead(AbstractChannelHandlerContext.java:366)\n\tat io.netty.channel.AbstractChannelHandlerCont...
2023-07-13 13:22:04:289 [W3C] Matched W3C error code 'no such element' to NoSuchElementError
2023-07-13 13:22:04:327 [W3C (f28075f7)] Encountered internal error running command: NoSuchElementError: An element could not be located on the page using the given search parameters.
2023-07-13 13:22:04:327 [W3C (f28075f7)]     at AndroidUiautomator2Driver.findElOrEls (C:\Users\Rekha\AppData\Roaming\npm\node_modules\appium\node_modules\appium-android-driver\lib\commands\find.js:75:11)
2023-07-13 13:22:04:327 [W3C (f28075f7)]     at processTicksAndRejections (node:internal/process/task_queues:95:5)
2023-07-13 13:22:04:327 [W3C (f28075f7)]     at AndroidUiautomator2Driver.findElOrElsWithProcessing (C:\Users\Rekha\AppData\Roaming\npm\node_modules\appium\node_modules\appium-base-driver\lib\basedriver\commands\find.js:33:12)
2023-07-13 13:22:04:327 [W3C (f28075f7)]     at AndroidUiautomator2Driver.findElement (C:\Users\Rekha\AppData\Roaming\npm\node_modules\appium\node_modules\appium-base-driver\lib\basedriver\commands\find.js:53:10)
2023-07-13 13:22:04:330 [HTTP] <-- POST /wd/hub/session/f28075f7-c7e8-4985-8e56-ef3d5ab56fdc/element 404 6649 ms - 880
2023-07-13 13:22:04:330 [HTTP] 
2023-07-13 13:22:04:856 [HTTP] --> POST /wd/hub/session/f28075f7-c7e8-4985-8e56-ef3d5ab56fdc/element
2023-07-13 13:22:04:856 [HTTP] {"using":"xpath","value":"//*[contains(@text,'Login here')]/.."}
2023-07-13 13:22:04:861 [W3C (f28075f7)] Calling AppiumDriver.findElement() with args: ["xpath","//*[contains(@text,'Login here')]/..","f28075f7-c7e8-4985-8e56-ef3d5ab56fdc"]
2023-07-13 13:22:04:861 [BaseDriver] Valid locator strategies for this request: xpath, id, class name, accessibility id, css selector, -android uiautomator
2023-07-13 13:22:04:862 [BaseDriver] Waiting up to 0 ms for condition
2023-07-13 13:22:04:862 [WD Proxy] Matched '/element' to command name 'findElement'
2023-07-13 13:22:04:862 [WD Proxy] Proxying [POST /element] to [POST http://127.0.0.1:10000/wd/hub/session/d8b46176-6a96-4e21-9708-78a29a619269/element] with body: {"strategy":"xpath","selector":"//*[contains(@text,'Login here')]/..","context":"","multiple":false}
2023-07-13 13:22:05:847 [WD Proxy] Got response with status 404: {"sessionId":"d8b46176-6a96-4e21-9708-78a29a619269","value":{"error":"no such element","message":"An element could not be located on the page using the given search parameters","stacktrace":"io.appium.uiautomator2.common.exceptions.ElementNotFoundException: An element could not be located on the page using the given search parameters\n\tat io.appium.uiautomator2.handler.FindElement.findElement(FindElement.java:90)\n\tat io.appium.uiautomator2.handler.FindElement.safeHandle(FindElement.java:67)\n\tat io.appium.uiautomator2.handler.request.SafeRequestHandler.handle(SafeRequestHandler.java:59)\n\tat io.appium.uiautomator2.server.AppiumServlet.handleRequest(AppiumServlet.java:266)\n\tat io.appium.uiautomator2.server.AppiumServlet.handleHttpRequest(AppiumServlet.java:260)\n\tat io.appium.uiautomator2.http.ServerHandler.channelRead(ServerHandler.java:68)\n\tat io.netty.channel.AbstractChannelHandlerContext.invokeChannelRead(AbstractChannelHandlerContext.java:366)\n\tat io.netty.channel.AbstractChannelHandlerCont...
2023-07-13 13:22:05:849 [W3C] Matched W3C error code 'no such element' to NoSuchElementError
2023-07-13 13:22:05:851 [W3C (f28075f7)] Encountered internal error running command: NoSuchElementError: An element could not be located on the page using the given search parameters.
2023-07-13 13:22:05:852 [W3C (f28075f7)]     at AndroidUiautomator2Driver.findElOrEls (C:\Users\Rekha\AppData\Roaming\npm\node_modules\appium\node_modules\appium-android-driver\lib\commands\find.js:75:11)
2023-07-13 13:22:05:852 [W3C (f28075f7)]     at processTicksAndRejections (node:internal/process/task_queues:95:5)
2023-07-13 13:22:05:853 [W3C (f28075f7)]     at AndroidUiautomator2Driver.findElOrElsWithProcessing (C:\Users\Rekha\AppData\Roaming\npm\node_modules\appium\node_modules\appium-base-driver\lib\basedriver\commands\find.js:33:12)
2023-07-13 13:22:05:853 [W3C (f28075f7)]     at AndroidUiautomator2Driver.findElement (C:\Users\Rekha\AppData\Roaming\npm\node_modules\appium\node_modules\appium-base-driver\lib\basedriver\commands\find.js:53:10)
2023-07-13 13:22:05:856 [HTTP] <-- POST /wd/hub/session/f28075f7-c7e8-4985-8e56-ef3d5ab56fdc/element 404 999 ms - 880
2023-07-13 13:22:05:857 [HTTP] 
2023-07-13 13:22:06:369 [HTTP] --> POST /wd/hub/session/f28075f7-c7e8-4985-8e56-ef3d5ab56fdc/element
2023-07-13 13:22:06:370 [HTTP] {"using":"xpath","value":"//*[contains(@text,'Login here')]/.."}
2023-07-13 13:22:06:371 [W3C (f28075f7)] Calling AppiumDriver.findElement() with args: ["xpath","//*[contains(@text,'Login here')]/..","f28075f7-c7e8-4985-8e56-ef3d5ab56fdc"]
2023-07-13 13:22:06:372 [BaseDriver] Valid locator strategies for this request: xpath, id, class name, accessibility id, css selector, -android uiautomator
2023-07-13 13:22:06:373 [BaseDriver] Waiting up to 0 ms for condition
2023-07-13 13:22:06:374 [WD Proxy] Matched '/element' to command name 'findElement'
2023-07-13 13:22:06:375 [WD Proxy] Proxying [POST /element] to [POST http://127.0.0.1:10000/wd/hub/session/d8b46176-6a96-4e21-9708-78a29a619269/element] with body: {"strategy":"xpath","selector":"//*[contains(@text,'Login here')]/..","context":"","multiple":false}
2023-07-13 13:22:07:725 [WD Proxy] Got response with status 404: {"sessionId":"d8b46176-6a96-4e21-9708-78a29a619269","value":{"error":"no such element","message":"An element could not be located on the page using the given search parameters","stacktrace":"io.appium.uiautomator2.common.exceptions.ElementNotFoundException: An element could not be located on the page using the given search parameters\n\tat io.appium.uiautomator2.handler.FindElement.findElement(FindElement.java:90)\n\tat io.appium.uiautomator2.handler.FindElement.safeHandle(FindElement.java:67)\n\tat io.appium.uiautomator2.handler.request.SafeRequestHandler.handle(SafeRequestHandler.java:59)\n\tat io.appium.uiautomator2.server.AppiumServlet.handleRequest(AppiumServlet.java:266)\n\tat io.appium.uiautomator2.server.AppiumServlet.handleHttpRequest(AppiumServlet.java:260)\n\tat io.appium.uiautomator2.http.ServerHandler.channelRead(ServerHandler.java:68)\n\tat io.netty.channel.AbstractChannelHandlerContext.invokeChannelRead(AbstractChannelHandlerContext.java:366)\n\tat io.netty.channel.AbstractChannelHandlerCont...
2023-07-13 13:22:07:726 [W3C] Matched W3C error code 'no such element' to NoSuchElementError
2023-07-13 13:22:07:730 [W3C (f28075f7)] Encountered internal error running command: NoSuchElementError: An element could not be located on the page using the given search parameters.
2023-07-13 13:22:07:730 [W3C (f28075f7)]     at AndroidUiautomator2Driver.findElOrEls (C:\Users\Rekha\AppData\Roaming\npm\node_modules\appium\node_modules\appium-android-driver\lib\commands\find.js:75:11)
2023-07-13 13:22:07:730 [W3C (f28075f7)]     at processTicksAndRejections (node:internal/process/task_queues:95:5)
2023-07-13 13:22:07:731 [W3C (f28075f7)]     at AndroidUiautomator2Driver.findElOrElsWithProcessing (C:\Users\Rekha\AppData\Roaming\npm\node_modules\appium\node_modules\appium-base-driver\lib\basedriver\commands\find.js:33:12)
2023-07-13 13:22:07:731 [W3C (f28075f7)]     at AndroidUiautomator2Driver.findElement (C:\Users\Rekha\AppData\Roaming\npm\node_modules\appium\node_modules\appium-base-driver\lib\basedriver\commands\find.js:53:10)
2023-07-13 13:22:07:734 [HTTP] <-- POST /wd/hub/session/f28075f7-c7e8-4985-8e56-ef3d5ab56fdc/element 404 1363 ms - 880
2023-07-13 13:22:07:734 [HTTP] 
2023-07-13 13:22:07:766 [HTTP] --> GET /wd/hub/session/f28075f7-c7e8-4985-8e56-ef3d5ab56fdc/screenshot
2023-07-13 13:22:07:767 [HTTP] {}
2023-07-13 13:22:07:772 [W3C (f28075f7)] Calling AppiumDriver.getScreenshot() with args: ["f28075f7-c7e8-4985-8e56-ef3d5ab56fdc"]
2023-07-13 13:22:07:774 [WD Proxy] Matched '/screenshot' to command name 'getScreenshot'
2023-07-13 13:22:07:774 [WD Proxy] Proxying [GET /screenshot] to [GET http://127.0.0.1:10000/wd/hub/session/d8b46176-6a96-4e21-9708-78a29a619269/screenshot] with no body
2023-07-13 13:22:12:764 [WD Proxy] Got response with status 200: {"sessionId":"d8b46176-6a96-4e21-9708-78a29a619269","value":"iVBORw0KGgoAAAANSUhEUgAABDgAAAisCAYAAACtR1KuAAAAAXNSR0IArs4c6QAAAARzQklUCAgI\nCHwIZIgAACAASURBVHic7N1/rJZ1/cfxd0czFYoiZY5l/DqLNUQDZ9ZqbLlmP3BJc1HNGKbT1TDX\nYqSW0zlnbUVmq02cP2ASY6c2Q7GyTQ0pKyQNwSAR+SFoJOyYgHAUOOf7h6MpcO77HA4eeH15PDb+\nOPfnc3+uzzn3+ON+3td13e/o6urqKgAAAIBgLUd6AwAAAAB9JXAAAAAA8QQOAAAAIJ7AAQAAAMQT\nOAAAAIB4AgcAAAAQT+AAAAAA4gkcAAAAQDyBAwAAAIgncAAAAADxBA4AAAAgnsABAAAAxBM4AAAA\ngHgCBwAAABBP4AAAAADiCRwAAABAPIEDAAAAiCdwAAAAAPEEDgAAACCewAEAAADEEzgAAACAeAIH\nAAAAEE/gAAAAAOIJHAAAAEA8gQMAAACIJ3AAAAAA8QQOAAAAIJ7AAQAAAMQTOAAAAIB4AgcAAAAQ\nT+AAAAAA4gkcAAAAQDyBAwAAAIgncAAAAADxBA4AAAAgnsABAAAAxBM4AAAAgHgCBwAAABBP4AAA\nAADiCRwAAABAPIEDAAAAiCdwAAAAAPEEDgAAACCewAEAAADEEzgAAACAeAIHAAAAEE/gAAAAAOIJ\nHAAAAEA8gQMAAACIJ3AAAAAA8QQOAAAAIJ7AAQAAAMQTOAAAAIB4AgcAAAAQT+AAAAAA4gkcAAAA\nQDyBAwAAAIgncAAAAADxBA4AAAAgnsABAAAAxBM4AAAAgHgCBwAAABBP4AAAAADiCRwAAABAPIED\nAAAAiCdwAAAAAPEEDgAAACCewAEAAADEEzgAAACAeAIHAAAAEE/gAAAAAOIJHAAAAEA8gQMAAACI\nJ3AAAAAA8QQOAAAAIJ7AAQAA...
2023-07-13 13:22:12:765 [W3C (f28075f7)] Responding to client with driver.getScreenshot() result: "iVBORw0KGgoAAAANSUhEUgAABDgAAAisCAYAAACtR1KuAAAAAXNSR0IArs4c6QAAAARzQklUCAgI\nCHwIZIgAACAASURBVHic7N1/rJZ1/cfxd0czFYoiZY5l/DqLNUQDZ9ZqbLlmP3BJc1HNGKbT1TDX\nYqSW0zlnbUVmq02cP2ASY6c2Q7GyTQ0pKyQNwSAR+SFoJOyYgHAUOOf7h6MpcO77HA4eeH15PDb+\nOPfnc3+uzzn3+ON+3td13e/o6urqKgAAAIBgLUd6AwAAAAB9JXAAAAAA8QQOAAAAIJ7AAQAAAMQT\nOAAAAIB4AgcAAAAQT+AAAAAA4gkcAAAAQDyBAwAAAIgncAAAAADxBA4AAAAgnsABAAAAxBM4AAAA\ngHgCBwAAABBP4AAAAADiCRwAAABAPIEDAAAAiCdwAAAAAPEEDgAAACCewAEAAADEEzgAAACAeAIH\nAAAAEE/gAAAAAOIJHAAAAEA8gQMAAACIJ3AAAAAA8QQOAAAAIJ7AAQAAAMQTOAAAAIB4AgcAAAAQ\nT+AAAAAA4gkcAAAAQDyBAwAAAIgncAAAAADxBA4AAAAgnsABAAAAxBM4AAAAgHgCBwAAABBP4AAA\nAADiCRwAAABAPIEDAAAAiCdwAAAAAPEEDgAAACCewAEAAADEEzgAAACAeAIHAAAAEE/gAAAAAOIJ\nHAAAAEA8gQMAAACIJ3AAAAAA8QQOAAAAIJ7AAQAAAMQTOAAAAIB4AgcAAAAQT+AAAAAA4gkcAAAA\nQDyBAwAAAIgncAAAAADxBA4AAAAgnsABAAAAxBM4AAAAgHgCBwAAABBP4AAAAADiCRwAAABAPIED\nAAAAiCdwAAAAAPEEDgAAACCewAEAAADEEzgAAACAeAIHAAAAEE/gAAAAAOIJHAAAAEA8gQMAAACI\nJ3AAAAAA8QQOAAAAIJ7AAQAAAMQTOAAAAIB4AgcAAAAQT+AAAAAA4gkcAAAAQDyBAwAAAIgncAAA\nAADxBA...
2023-07-13 13:22:12:773 [HTTP] <-- GET /wd/hub/session/f28075f7-c7e8-4985-8e56-ef3d5ab56fdc/screenshot 200 5004 ms - 97800
2023-07-13 13:22:12:774 [HTTP] 
2023-07-13 13:22:12:854 [HTTP] --> POST /wd/hub/session/f28075f7-c7e8-4985-8e56-ef3d5ab56fdc/appium/app/close
2023-07-13 13:22:12:854 [HTTP] {}
2023-07-13 13:22:12:876 [W3C (f28075f7)] Calling AppiumDriver.closeApp() with args: ["f28075f7-c7e8-4985-8e56-ef3d5ab56fdc"]
2023-07-13 13:22:12:878 [ADB] Running 'C:\Users\Rekha\AppData\Local\Android\Sdk\platform-tools\adb.exe -P 5037 -s emulator-5554 shell am force-stop com.torum.app.dev'
2023-07-13 13:22:14:427 [W3C (f28075f7)] Responding to client with driver.closeApp() result: null
2023-07-13 13:22:14:429 [HTTP] <-- POST /wd/hub/session/f28075f7-c7e8-4985-8e56-ef3d5ab56fdc/appium/app/close 200 1574 ms - 14
2023-07-13 13:22:14:429 [HTTP] 
2023-07-13 13:22:14:436 [HTTP] --> DELETE /wd/hub/session/f28075f7-c7e8-4985-8e56-ef3d5ab56fdc
2023-07-13 13:22:14:437 [HTTP] {}
2023-07-13 13:22:14:438 [W3C (f28075f7)] Calling AppiumDriver.deleteSession() with args: ["f28075f7-c7e8-4985-8e56-ef3d5ab56fdc"]
2023-07-13 13:22:14:439 [BaseDriver] Event 'quitSessionRequested' logged at 1689254534438 (18:52:14 GMT+0530 (India Standard Time))
2023-07-13 13:22:14:440 [Appium] Removing session f28075f7-c7e8-4985-8e56-ef3d5ab56fdc from our master session list
2023-07-13 13:22:14:441 [UiAutomator2] Deleting UiAutomator2 session
2023-07-13 13:22:14:443 [UiAutomator2] Deleting UiAutomator2 server session
2023-07-13 13:22:14:443 [WD Proxy] Matched '/' to command name 'deleteSession'
2023-07-13 13:22:14:444 [WD Proxy] Proxying [DELETE /] to [DELETE http://127.0.0.1:10000/wd/hub/session/d8b46176-6a96-4e21-9708-78a29a619269] with no body
2023-07-13 13:22:14:675 [WD Proxy] Got response with status 200: {"sessionId":"d8b46176-6a96-4e21-9708-78a29a619269","value":null}
2023-07-13 13:22:14:675 [ADB] Running 'C:\Users\Rekha\AppData\Local\Android\Sdk\platform-tools\adb.exe -P 5037 -s emulator-5554 shell am force-stop com.torum.app.dev'
2023-07-13 13:22:14:758 [Instrumentation] .
2023-07-13 13:22:15:833 [Logcat] Stopping logcat capture
2023-07-13 13:22:15:843 [ADB] Removing forwarded port socket connection: 10000 
2023-07-13 13:22:15:844 [ADB] Running 'C:\Users\Rekha\AppData\Local\Android\Sdk\platform-tools\adb.exe -P 5037 -s emulator-5554 forward --remove tcp:10000'
2023-07-13 13:22:15:936 [UiAutomator2] Restoring hidden api policy to the device default configuration
2023-07-13 13:22:15:937 [ADB] Running 'C:\Users\Rekha\AppData\Local\Android\Sdk\platform-tools\adb.exe -P 5037 -s emulator-5554 shell 'settings delete global hidden_api_policy_pre_p_apps;settings delete global hidden_api_policy_p_apps;settings delete global hidden_api_policy''
2023-07-13 13:22:16:251 [Instrumentation] Time: 29.527
2023-07-13 13:22:16:252 [Instrumentation] 
2023-07-13 13:22:16:252 [Instrumentation] OK (1 test)
2023-07-13 13:22:16:309 [Instrumentation] The process has exited with code 0
2023-07-13 13:22:16:373 [BaseDriver] Event 'quitSessionFinished' logged at 1689254536372 (18:52:16 GMT+0530 (India Standard Time))
2023-07-13 13:22:16:375 [W3C (f28075f7)] Received response: null
2023-07-13 13:22:16:375 [W3C (f28075f7)] But deleting session, so not returning
2023-07-13 13:22:16:376 [W3C (f28075f7)] Responding to client with driver.deleteSession() result: null
2023-07-13 13:22:16:378 [HTTP] <-- DELETE /wd/hub/session/f28075f7-c7e8-4985-8e56-ef3d5ab56fdc 200 1942 ms - 14
2023-07-13 13:22:16:378 [HTTP] 
