2023-06-23 08:50:26:487 [Appium] Welcome to Appium v1.22.3
2023-06-23 08:50:26:489 [Appium] Non-default server args:
2023-06-23 08:50:26:490 [Appium]   port: 37700
2023-06-23 08:50:26:490 [Appium]   sessionOverride: true
2023-06-23 08:50:26:491 [Appium]   logFile: C:\Users\Rekha\eclipse-workspace\Torum-mobile-automation-master\Android_Pixel_3\Server1687510223581.log
2023-06-23 08:50:26:545 [Appium] Appium REST http interface listener started on 0.0.0.0:37700
2023-06-23 08:50:26:850 [HTTP] --> GET /wd/hub/status
2023-06-23 08:50:26:850 [HTTP] {}
2023-06-23 08:50:26:853 [GENERIC] Calling AppiumDriver.getStatus() with args: []
2023-06-23 08:50:26:855 [GENERIC] Responding to client with driver.getStatus() result: {"build":{"version":"1.22.3"}}
2023-06-23 08:50:26:867 [HTTP] <-- GET /wd/hub/status 200 12 ms - 68
2023-06-23 08:50:26:867 [HTTP] 
2023-06-23 08:50:26:875 [HTTP] --> GET /wd/hub/status
2023-06-23 08:50:26:875 [HTTP] {}
2023-06-23 08:50:26:876 [GENERIC] Calling AppiumDriver.getStatus() with args: []
2023-06-23 08:50:26:877 [GENERIC] Responding to client with driver.getStatus() result: {"build":{"version":"1.22.3"}}
2023-06-23 08:50:26:879 [HTTP] <-- GET /wd/hub/status 200 3 ms - 68
2023-06-23 08:50:26:880 [HTTP] 
2023-06-23 08:50:26:911 [HTTP] Request idempotency key: aa34af74-f61d-432b-b41a-9d0089ca8e59
2023-06-23 08:50:26:939 [HTTP] --> POST /wd/hub/session
2023-06-23 08:50:26:940 [HTTP] {"desiredCapabilities":{"appActivity":"com.torummobile.MainActivity","appPackage":"com.torummobile.dev","automationName":"UiAutomator2","chromeDriverPort":"11000","platformName":"Android","udid":"emulator-5554","deviceName":"Pixel_3","systemPort":"10000"},"capabilities":{"firstMatch":[{"appium:appActivity":"com.torummobile.MainActivity","appium:appPackage":"com.torummobile.dev","appium:automationName":"UiAutomator2","chromeDriverPort":"11000","appium:deviceName":"Pixel_3","platformName":"android","appium:systemPort":"10000","appium:udid":"emulator-5554"}]}}
2023-06-23 08:50:26:940 [W3C] Calling AppiumDriver.createSession() with args: [{"appActivity":"com.torummobile.MainActivity","appPackage":"com.torummobile.dev","automationName":"UiAutomator2","chromeDriverPort":"11000","platformName":"Android","udid":"emulator-5554","deviceName":"Pixel_3","systemPort":"10000"},null,{"firstMatch":[{"appium:appActivity":"com.torummobile.MainActivity","appium:appPackage":"com.torummobile.dev","appium:automationName":"UiAutomator2","chromeDriverPort":"11000","appium:deviceName":"Pixel_3","platformName":"android","appium:systemPort":"10000","appium:udid":"emulator-5554"}]}]
2023-06-23 08:50:26:941 [BaseDriver] Event 'newSessionRequested' logged at 1687510226941 (14:20:26 GMT+0530 (India Standard Time))
2023-06-23 08:50:26:947 [BaseDriver] The following capabilities are not standard capabilities and should have an extension prefix:
2023-06-23 08:50:26:947 [BaseDriver]   chromeDriverPort
2023-06-23 08:50:27:392 [Appium] Appium v1.22.3 creating new AndroidUiautomator2Driver (v1.70.1) session
2023-06-23 08:50:27:392 [Appium] There are no active sessions for cleanup
2023-06-23 08:50:27:394 [BaseDriver] W3C capabilities and MJSONWP desired capabilities were provided
2023-06-23 08:50:27:395 [BaseDriver] Creating session with W3C capabilities: {
2023-06-23 08:50:27:395 [BaseDriver]   "alwaysMatch": {
2023-06-23 08:50:27:395 [BaseDriver]     "appium:chromeDriverPort": "11000",
2023-06-23 08:50:27:395 [BaseDriver]     "platformName": "android",
2023-06-23 08:50:27:395 [BaseDriver]     "appium:appActivity": "com.torummobile.MainActivity",
2023-06-23 08:50:27:395 [BaseDriver]     "appium:appPackage": "com.torummobile.dev",
2023-06-23 08:50:27:395 [BaseDriver]     "appium:automationName": "UiAutomator2",
2023-06-23 08:50:27:395 [BaseDriver]     "appium:deviceName": "Pixel_3",
2023-06-23 08:50:27:395 [BaseDriver]     "appium:systemPort": "10000",
2023-06-23 08:50:27:395 [BaseDriver]     "appium:udid": "emulator-5554"
2023-06-23 08:50:27:395 [BaseDriver]   },
2023-06-23 08:50:27:396 [BaseDriver]   "firstMatch": [
2023-06-23 08:50:27:396 [BaseDriver]     {}
2023-06-23 08:50:27:396 [BaseDriver]   ]
2023-06-23 08:50:27:396 [BaseDriver] }
2023-06-23 08:50:27:397 [BaseDriver] Number capability passed in as string. Functionality may be compromised.
2023-06-23 08:50:27:397 [BaseDriver] Number capability passed in as string. Functionality may be compromised.
2023-06-23 08:50:27:400 [BaseDriver] Capability 'systemPort' changed from string ('10000') to integer (10000). This may cause unexpected behavior
2023-06-23 08:50:27:400 [BaseDriver] Capability 'chromeDriverPort' changed from string ('11000') to integer (11000). This may cause unexpected behavior
2023-06-23 08:50:27:402 [BaseDriver] Session created with session id: dcde4bc9-94e4-402d-bc54-9d0541f077f7
2023-06-23 08:50:27:402 [UiAutomator2] Starting 'com.torummobile.dev' directly on the device
2023-06-23 08:50:27:404 [UiAutomator2] Deleting UiAutomator2 session
2023-06-23 08:50:27:405 [BaseDriver] Event 'newSessionStarted' logged at 1687510227405 (14:20:27 GMT+0530 (India Standard Time))
2023-06-23 08:50:27:476 [W3C] Encountered internal error running command: Error: Neither ANDROID_HOME nor ANDROID_SDK_ROOT environment variable was exported. Read https://developer.android.com/studio/command-line/variables for more details
2023-06-23 08:50:27:476 [W3C]     at requireSdkRoot (C:\Users\Rekha\AppData\Roaming\npm\node_modules\appium\node_modules\appium-adb\lib\helpers.js:36:11)
2023-06-23 08:50:27:476 [W3C]     at Function.createADB (C:\Users\Rekha\AppData\Roaming\npm\node_modules\appium\node_modules\appium-adb\lib\adb.js:57:23)
2023-06-23 08:50:27:476 [W3C]     at Object.createBaseADB (C:\Users\Rekha\AppData\Roaming\npm\node_modules\appium\node_modules\appium-android-driver\lib\android-helpers.js:129:20)
2023-06-23 08:50:27:476 [W3C]     at Object.getDeviceInfoFromCaps (C:\Users\Rekha\AppData\Roaming\npm\node_modules\appium\node_modules\appium-android-driver\lib\android-helpers.js:214:29)
2023-06-23 08:50:27:476 [W3C]     at AndroidUiautomator2Driver.startUiAutomator2Session (C:\Users\Rekha\AppData\Roaming\npm\node_modules\appium\node_modules\appium-uiautomator2-driver\lib\driver.js:338:40)
2023-06-23 08:50:27:476 [W3C]     at AndroidUiautomator2Driver.createSession (C:\Users\Rekha\AppData\Roaming\npm\node_modules\appium\node_modules\appium-uiautomator2-driver\lib\driver.js:229:18)
2023-06-23 08:50:27:476 [W3C]     at processTicksAndRejections (node:internal/process/task_queues:95:5)
2023-06-23 08:50:27:476 [W3C]     at AppiumDriver.createSession (C:\Users\Rekha\AppData\Roaming\npm\node_modules\appium\lib\appium.js:387:35)
2023-06-23 08:50:27:485 [HTTP] <-- POST /wd/hub/session 500 546 ms - 877
2023-06-23 08:50:27:486 [HTTP] 
