2023-06-22 09:14:01:232 [Appium] Welcome to Appium v1.22.3
2023-06-22 09:14:01:233 [Appium] Non-default server args:
2023-06-22 09:14:01:234 [Appium]   port: 31250
2023-06-22 09:14:01:234 [Appium]   sessionOverride: true
2023-06-22 09:14:01:234 [Appium]   logFile: C:\Users\Rekha\eclipse-workspace\Torum-mobile-automation-master\Android_Pixel_3\Server1687425237949.log
2023-06-22 09:14:01:263 [Appium] Appium REST http interface listener started on 0.0.0.0:31250
2023-06-22 09:14:01:364 [HTTP] --> GET /wd/hub/status
2023-06-22 09:14:01:365 [HTTP] {}
2023-06-22 09:14:01:367 [GENERIC] Calling AppiumDriver.getStatus() with args: []
2023-06-22 09:14:01:368 [GENERIC] Responding to client with driver.getStatus() result: {"build":{"version":"1.22.3"}}
2023-06-22 09:14:01:375 [HTTP] <-- GET /wd/hub/status 200 8 ms - 68
2023-06-22 09:14:01:375 [HTTP] 
2023-06-22 09:14:01:381 [HTTP] --> GET /wd/hub/status
2023-06-22 09:14:01:382 [HTTP] {}
2023-06-22 09:14:01:382 [GENERIC] Calling AppiumDriver.getStatus() with args: []
2023-06-22 09:14:01:383 [GENERIC] Responding to client with driver.getStatus() result: {"build":{"version":"1.22.3"}}
2023-06-22 09:14:01:384 [HTTP] <-- GET /wd/hub/status 200 2 ms - 68
2023-06-22 09:14:01:384 [HTTP] 
2023-06-22 09:14:01:861 [HTTP] Request idempotency key: 37bc9a97-83bd-4e51-aafa-59f0c96ce7f4
2023-06-22 09:14:01:890 [HTTP] --> POST /wd/hub/session
2023-06-22 09:14:01:890 [HTTP] {"desiredCapabilities":{"appActivity":"com.torummobile.MainActivity","appPackage":"com.torummobile.dev","automationName":"UiAutomator2","chromeDriverPort":"11000","platformName":"Android","udid":"emulator-5554","deviceName":"Pixel_3","systemPort":"10000"},"capabilities":{"firstMatch":[{"appium:appActivity":"com.torummobile.MainActivity","appium:appPackage":"com.torummobile.dev","appium:automationName":"UiAutomator2","chromeDriverPort":"11000","appium:deviceName":"Pixel_3","platformName":"android","appium:systemPort":"10000","appium:udid":"emulator-5554"}]}}
2023-06-22 09:14:01:891 [W3C] Calling AppiumDriver.createSession() with args: [{"appActivity":"com.torummobile.MainActivity","appPackage":"com.torummobile.dev","automationName":"UiAutomator2","chromeDriverPort":"11000","platformName":"Android","udid":"emulator-5554","deviceName":"Pixel_3","systemPort":"10000"},null,{"firstMatch":[{"appium:appActivity":"com.torummobile.MainActivity","appium:appPackage":"com.torummobile.dev","appium:automationName":"UiAutomator2","chromeDriverPort":"11000","appium:deviceName":"Pixel_3","platformName":"android","appium:systemPort":"10000","appium:udid":"emulator-5554"}]}]
2023-06-22 09:14:01:892 [BaseDriver] Event 'newSessionRequested' logged at 1687425241892 (14:44:01 GMT+0530 (India Standard Time))
2023-06-22 09:14:01:897 [BaseDriver] The following capabilities are not standard capabilities and should have an extension prefix:
2023-06-22 09:14:01:897 [BaseDriver]   chromeDriverPort
2023-06-22 09:14:02:421 [Appium] Appium v1.22.3 creating new AndroidUiautomator2Driver (v1.70.1) session
2023-06-22 09:14:02:422 [Appium] There are no active sessions for cleanup
2023-06-22 09:14:02:426 [BaseDriver] W3C capabilities and MJSONWP desired capabilities were provided
2023-06-22 09:14:02:426 [BaseDriver] Creating session with W3C capabilities: {
2023-06-22 09:14:02:426 [BaseDriver]   "alwaysMatch": {
2023-06-22 09:14:02:426 [BaseDriver]     "appium:chromeDriverPort": "11000",
2023-06-22 09:14:02:427 [BaseDriver]     "platformName": "android",
2023-06-22 09:14:02:427 [BaseDriver]     "appium:appActivity": "com.torummobile.MainActivity",
2023-06-22 09:14:02:427 [BaseDriver]     "appium:appPackage": "com.torummobile.dev",
2023-06-22 09:14:02:427 [BaseDriver]     "appium:automationName": "UiAutomator2",
2023-06-22 09:14:02:427 [BaseDriver]     "appium:deviceName": "Pixel_3",
2023-06-22 09:14:02:427 [BaseDriver]     "appium:systemPort": "10000",
2023-06-22 09:14:02:427 [BaseDriver]     "appium:udid": "emulator-5554"
2023-06-22 09:14:02:428 [BaseDriver]   },
2023-06-22 09:14:02:428 [BaseDriver]   "firstMatch": [
2023-06-22 09:14:02:428 [BaseDriver]     {}
2023-06-22 09:14:02:428 [BaseDriver]   ]
2023-06-22 09:14:02:428 [BaseDriver] }
2023-06-22 09:14:02:431 [BaseDriver] Number capability passed in as string. Functionality may be compromised.
2023-06-22 09:14:02:432 [BaseDriver] Number capability passed in as string. Functionality may be compromised.
2023-06-22 09:14:02:437 [BaseDriver] Capability 'systemPort' changed from string ('10000') to integer (10000). This may cause unexpected behavior
2023-06-22 09:14:02:438 [BaseDriver] Capability 'chromeDriverPort' changed from string ('11000') to integer (11000). This may cause unexpected behavior
2023-06-22 09:14:02:441 [BaseDriver] Session created with session id: 6228d3c8-7100-4b10-9641-53648c1d5e4f
2023-06-22 09:14:02:442 [UiAutomator2] Starting 'com.torummobile.dev' directly on the device
2023-06-22 09:14:02:446 [UiAutomator2] Deleting UiAutomator2 session
2023-06-22 09:14:02:449 [BaseDriver] Event 'newSessionStarted' logged at 1687425242448 (14:44:02 GMT+0530 (India Standard Time))
2023-06-22 09:14:02:584 [W3C] Encountered internal error running command: Error: Neither ANDROID_HOME nor ANDROID_SDK_ROOT environment variable was exported. Read https://developer.android.com/studio/command-line/variables for more details
2023-06-22 09:14:02:584 [W3C]     at requireSdkRoot (C:\Users\Rekha\AppData\Roaming\npm\node_modules\appium\node_modules\appium-adb\lib\helpers.js:36:11)
2023-06-22 09:14:02:584 [W3C]     at Function.createADB (C:\Users\Rekha\AppData\Roaming\npm\node_modules\appium\node_modules\appium-adb\lib\adb.js:57:23)
2023-06-22 09:14:02:584 [W3C]     at Object.createBaseADB (C:\Users\Rekha\AppData\Roaming\npm\node_modules\appium\node_modules\appium-android-driver\lib\android-helpers.js:129:20)
2023-06-22 09:14:02:584 [W3C]     at Object.getDeviceInfoFromCaps (C:\Users\Rekha\AppData\Roaming\npm\node_modules\appium\node_modules\appium-android-driver\lib\android-helpers.js:214:29)
2023-06-22 09:14:02:585 [W3C]     at AndroidUiautomator2Driver.startUiAutomator2Session (C:\Users\Rekha\AppData\Roaming\npm\node_modules\appium\node_modules\appium-uiautomator2-driver\lib\driver.js:338:40)
2023-06-22 09:14:02:585 [W3C]     at AndroidUiautomator2Driver.createSession (C:\Users\Rekha\AppData\Roaming\npm\node_modules\appium\node_modules\appium-uiautomator2-driver\lib\driver.js:229:18)
2023-06-22 09:14:02:585 [W3C]     at processTicksAndRejections (node:internal/process/task_queues:95:5)
2023-06-22 09:14:02:585 [W3C]     at AppiumDriver.createSession (C:\Users\Rekha\AppData\Roaming\npm\node_modules\appium\lib\appium.js:387:35)
2023-06-22 09:14:02:603 [HTTP] <-- POST /wd/hub/session 500 712 ms - 877
2023-06-22 09:14:02:603 [HTTP] 
