2023-06-22 09:14:22:118 [Appium] Welcome to Appium v1.22.3
2023-06-22 09:14:22:119 [Appium] Non-default server args:
2023-06-22 09:14:22:119 [Appium]   port: 29371
2023-06-22 09:14:22:119 [Appium]   sessionOverride: true
2023-06-22 09:14:22:119 [Appium]   logFile: C:\Users\Rekha\eclipse-workspace\Torum-mobile-automation-master\Android_Pixel_3\Server1687425259426.log
2023-06-22 09:14:22:148 [Appium] Appium REST http interface listener started on 0.0.0.0:29371
2023-06-22 09:14:22:360 [HTTP] --> GET /wd/hub/status
2023-06-22 09:14:22:361 [HTTP] {}
2023-06-22 09:14:22:364 [GENERIC] Calling AppiumDriver.getStatus() with args: []
2023-06-22 09:14:22:366 [GENERIC] Responding to client with driver.getStatus() result: {"build":{"version":"1.22.3"}}
2023-06-22 09:14:22:375 [HTTP] <-- GET /wd/hub/status 200 13 ms - 68
2023-06-22 09:14:22:376 [HTTP] 
2023-06-22 09:14:22:380 [HTTP] --> GET /wd/hub/status
2023-06-22 09:14:22:381 [HTTP] {}
2023-06-22 09:14:22:381 [GENERIC] Calling AppiumDriver.getStatus() with args: []
2023-06-22 09:14:22:382 [GENERIC] Responding to client with driver.getStatus() result: {"build":{"version":"1.22.3"}}
2023-06-22 09:14:22:384 [HTTP] <-- GET /wd/hub/status 200 2 ms - 68
2023-06-22 09:14:22:385 [HTTP] 
2023-06-22 09:14:22:394 [HTTP] Request idempotency key: 98ef8fbd-e7a2-473a-a308-1e9daf268b31
2023-06-22 09:14:22:408 [HTTP] --> POST /wd/hub/session
2023-06-22 09:14:22:408 [HTTP] {"desiredCapabilities":{"appActivity":"com.torummobile.MainActivity","appPackage":"com.torummobile.dev","automationName":"UiAutomator2","chromeDriverPort":"11000","platformName":"Android","udid":"emulator-5554","deviceName":"Pixel_3","systemPort":"10000"},"capabilities":{"firstMatch":[{"appium:appActivity":"com.torummobile.MainActivity","appium:appPackage":"com.torummobile.dev","appium:automationName":"UiAutomator2","chromeDriverPort":"11000","appium:deviceName":"Pixel_3","platformName":"android","appium:systemPort":"10000","appium:udid":"emulator-5554"}]}}
2023-06-22 09:14:22:408 [W3C] Calling AppiumDriver.createSession() with args: [{"appActivity":"com.torummobile.MainActivity","appPackage":"com.torummobile.dev","automationName":"UiAutomator2","chromeDriverPort":"11000","platformName":"Android","udid":"emulator-5554","deviceName":"Pixel_3","systemPort":"10000"},null,{"firstMatch":[{"appium:appActivity":"com.torummobile.MainActivity","appium:appPackage":"com.torummobile.dev","appium:automationName":"UiAutomator2","chromeDriverPort":"11000","appium:deviceName":"Pixel_3","platformName":"android","appium:systemPort":"10000","appium:udid":"emulator-5554"}]}]
2023-06-22 09:14:22:409 [BaseDriver] Event 'newSessionRequested' logged at 1687425262409 (14:44:22 GMT+0530 (India Standard Time))
2023-06-22 09:14:22:411 [BaseDriver] The following capabilities are not standard capabilities and should have an extension prefix:
2023-06-22 09:14:22:411 [BaseDriver]   chromeDriverPort
2023-06-22 09:14:22:608 [Appium] Appium v1.22.3 creating new AndroidUiautomator2Driver (v1.70.1) session
2023-06-22 09:14:22:608 [Appium] There are no active sessions for cleanup
2023-06-22 09:14:22:610 [BaseDriver] W3C capabilities and MJSONWP desired capabilities were provided
2023-06-22 09:14:22:610 [BaseDriver] Creating session with W3C capabilities: {
2023-06-22 09:14:22:610 [BaseDriver]   "alwaysMatch": {
2023-06-22 09:14:22:610 [BaseDriver]     "appium:chromeDriverPort": "11000",
2023-06-22 09:14:22:610 [BaseDriver]     "platformName": "android",
2023-06-22 09:14:22:611 [BaseDriver]     "appium:appActivity": "com.torummobile.MainActivity",
2023-06-22 09:14:22:611 [BaseDriver]     "appium:appPackage": "com.torummobile.dev",
2023-06-22 09:14:22:611 [BaseDriver]     "appium:automationName": "UiAutomator2",
2023-06-22 09:14:22:611 [BaseDriver]     "appium:deviceName": "Pixel_3",
2023-06-22 09:14:22:611 [BaseDriver]     "appium:systemPort": "10000",
2023-06-22 09:14:22:611 [BaseDriver]     "appium:udid": "emulator-5554"
2023-06-22 09:14:22:611 [BaseDriver]   },
2023-06-22 09:14:22:611 [BaseDriver]   "firstMatch": [
2023-06-22 09:14:22:611 [BaseDriver]     {}
2023-06-22 09:14:22:611 [BaseDriver]   ]
2023-06-22 09:14:22:611 [BaseDriver] }
2023-06-22 09:14:22:612 [BaseDriver] Number capability passed in as string. Functionality may be compromised.
2023-06-22 09:14:22:613 [BaseDriver] Number capability passed in as string. Functionality may be compromised.
2023-06-22 09:14:22:614 [BaseDriver] Capability 'systemPort' changed from string ('10000') to integer (10000). This may cause unexpected behavior
2023-06-22 09:14:22:615 [BaseDriver] Capability 'chromeDriverPort' changed from string ('11000') to integer (11000). This may cause unexpected behavior
2023-06-22 09:14:22:616 [BaseDriver] Session created with session id: 4a1b67f3-78fd-4f08-9a26-a57c35297299
2023-06-22 09:14:22:617 [UiAutomator2] Starting 'com.torummobile.dev' directly on the device
2023-06-22 09:14:22:618 [UiAutomator2] Deleting UiAutomator2 session
2023-06-22 09:14:22:620 [BaseDriver] Event 'newSessionStarted' logged at 1687425262619 (14:44:22 GMT+0530 (India Standard Time))
2023-06-22 09:14:22:689 [W3C] Encountered internal error running command: Error: Neither ANDROID_HOME nor ANDROID_SDK_ROOT environment variable was exported. Read https://developer.android.com/studio/command-line/variables for more details
2023-06-22 09:14:22:689 [W3C]     at requireSdkRoot (C:\Users\Rekha\AppData\Roaming\npm\node_modules\appium\node_modules\appium-adb\lib\helpers.js:36:11)
2023-06-22 09:14:22:690 [W3C]     at Function.createADB (C:\Users\Rekha\AppData\Roaming\npm\node_modules\appium\node_modules\appium-adb\lib\adb.js:57:23)
2023-06-22 09:14:22:690 [W3C]     at Object.createBaseADB (C:\Users\Rekha\AppData\Roaming\npm\node_modules\appium\node_modules\appium-android-driver\lib\android-helpers.js:129:20)
2023-06-22 09:14:22:690 [W3C]     at Object.getDeviceInfoFromCaps (C:\Users\Rekha\AppData\Roaming\npm\node_modules\appium\node_modules\appium-android-driver\lib\android-helpers.js:214:29)
2023-06-22 09:14:22:690 [W3C]     at AndroidUiautomator2Driver.startUiAutomator2Session (C:\Users\Rekha\AppData\Roaming\npm\node_modules\appium\node_modules\appium-uiautomator2-driver\lib\driver.js:338:40)
2023-06-22 09:14:22:690 [W3C]     at AndroidUiautomator2Driver.createSession (C:\Users\Rekha\AppData\Roaming\npm\node_modules\appium\node_modules\appium-uiautomator2-driver\lib\driver.js:229:18)
2023-06-22 09:14:22:690 [W3C]     at processTicksAndRejections (node:internal/process/task_queues:95:5)
2023-06-22 09:14:22:690 [W3C]     at AppiumDriver.createSession (C:\Users\Rekha\AppData\Roaming\npm\node_modules\appium\lib\appium.js:387:35)
2023-06-22 09:14:22:700 [HTTP] <-- POST /wd/hub/session 500 291 ms - 877
2023-06-22 09:14:22:700 [HTTP] 
