2023-07-03 04:53:30:892 [Appium] Welcome to Appium v1.22.3
2023-07-03 04:53:30:894 [Appium] Non-default server args:
2023-07-03 04:53:30:895 [Appium]   port: 61302
2023-07-03 04:53:30:896 [Appium]   sessionOverride: true
2023-07-03 04:53:30:897 [Appium]   logFile: C:\Users\Rekha\eclipse-workspace\Torum-mobile-automation-master\Android_Pixel_3\Server1688360006151.log
2023-07-03 04:53:30:953 [Appium] Appium REST http interface listener started on 0.0.0.0:61302
2023-07-03 04:53:31:121 [HTTP] --> GET /wd/hub/status
2023-07-03 04:53:31:122 [HTTP] {}
2023-07-03 04:53:31:125 [GENERIC] Calling AppiumDriver.getStatus() with args: []
2023-07-03 04:53:31:128 [GENERIC] Responding to client with driver.getStatus() result: {"build":{"version":"1.22.3"}}
2023-07-03 04:53:31:139 [HTTP] <-- GET /wd/hub/status 200 13 ms - 68
2023-07-03 04:53:31:139 [HTTP] 
2023-07-03 04:53:31:146 [HTTP] --> GET /wd/hub/status
2023-07-03 04:53:31:147 [HTTP] {}
2023-07-03 04:53:31:148 [GENERIC] Calling AppiumDriver.getStatus() with args: []
2023-07-03 04:53:31:150 [GENERIC] Responding to client with driver.getStatus() result: {"build":{"version":"1.22.3"}}
2023-07-03 04:53:31:153 [HTTP] <-- GET /wd/hub/status 200 5 ms - 68
2023-07-03 04:53:31:153 [HTTP] 
2023-07-03 04:53:31:170 [HTTP] Request idempotency key: a990efc2-a36d-40f9-a7bd-400953290937
2023-07-03 04:53:31:197 [HTTP] --> POST /wd/hub/session
2023-07-03 04:53:31:198 [HTTP] {"desiredCapabilities":{"appActivity":"com.torummobile.MainActivity","appPackage":"com.torummobile.dev","automationName":"UiAutomator2","chromeDriverPort":"11000","platformName":"Android","udid":"emulator-5554","deviceName":"Pixel_3","systemPort":"10000"},"capabilities":{"firstMatch":[{"appium:appActivity":"com.torummobile.MainActivity","appium:appPackage":"com.torummobile.dev","appium:automationName":"UiAutomator2","chromeDriverPort":"11000","appium:deviceName":"Pixel_3","platformName":"android","appium:systemPort":"10000","appium:udid":"emulator-5554"}]}}
2023-07-03 04:53:31:199 [W3C] Calling AppiumDriver.createSession() with args: [{"appActivity":"com.torummobile.MainActivity","appPackage":"com.torummobile.dev","automationName":"UiAutomator2","chromeDriverPort":"11000","platformName":"Android","udid":"emulator-5554","deviceName":"Pixel_3","systemPort":"10000"},null,{"firstMatch":[{"appium:appActivity":"com.torummobile.MainActivity","appium:appPackage":"com.torummobile.dev","appium:automationName":"UiAutomator2","chromeDriverPort":"11000","appium:deviceName":"Pixel_3","platformName":"android","appium:systemPort":"10000","appium:udid":"emulator-5554"}]}]
2023-07-03 04:53:31:200 [BaseDriver] Event 'newSessionRequested' logged at 1688360011200 (10:23:31 GMT+0530 (India Standard Time))
2023-07-03 04:53:31:206 [BaseDriver] The following capabilities are not standard capabilities and should have an extension prefix:
2023-07-03 04:53:31:207 [BaseDriver]   chromeDriverPort
2023-07-03 04:53:31:661 [Appium] Appium v1.22.3 creating new AndroidUiautomator2Driver (v1.70.1) session
2023-07-03 04:53:31:662 [Appium] There are no active sessions for cleanup
2023-07-03 04:53:31:667 [BaseDriver] W3C capabilities and MJSONWP desired capabilities were provided
2023-07-03 04:53:31:667 [BaseDriver] Creating session with W3C capabilities: {
2023-07-03 04:53:31:667 [BaseDriver]   "alwaysMatch": {
2023-07-03 04:53:31:668 [BaseDriver]     "appium:chromeDriverPort": "11000",
2023-07-03 04:53:31:668 [BaseDriver]     "platformName": "android",
2023-07-03 04:53:31:669 [BaseDriver]     "appium:appActivity": "com.torummobile.MainActivity",
2023-07-03 04:53:31:669 [BaseDriver]     "appium:appPackage": "com.torummobile.dev",
2023-07-03 04:53:31:670 [BaseDriver]     "appium:automationName": "UiAutomator2",
2023-07-03 04:53:31:670 [BaseDriver]     "appium:deviceName": "Pixel_3",
2023-07-03 04:53:31:670 [BaseDriver]     "appium:systemPort": "10000",
2023-07-03 04:53:31:670 [BaseDriver]     "appium:udid": "emulator-5554"
2023-07-03 04:53:31:671 [BaseDriver]   },
2023-07-03 04:53:31:671 [BaseDriver]   "firstMatch": [
2023-07-03 04:53:31:671 [BaseDriver]     {}
2023-07-03 04:53:31:671 [BaseDriver]   ]
2023-07-03 04:53:31:671 [BaseDriver] }
2023-07-03 04:53:31:674 [BaseDriver] Number capability passed in as string. Functionality may be compromised.
2023-07-03 04:53:31:675 [BaseDriver] Number capability passed in as string. Functionality may be compromised.
2023-07-03 04:53:31:679 [BaseDriver] Capability 'systemPort' changed from string ('10000') to integer (10000). This may cause unexpected behavior
2023-07-03 04:53:31:680 [BaseDriver] Capability 'chromeDriverPort' changed from string ('11000') to integer (11000). This may cause unexpected behavior
2023-07-03 04:53:31:684 [BaseDriver] Session created with session id: aaefaf35-7782-4d25-aa73-aa77fa08ebba
2023-07-03 04:53:31:685 [UiAutomator2] Starting 'com.torummobile.dev' directly on the device
2023-07-03 04:53:31:727 [ADB] Found 2 'build-tools' folders under 'C:\Users\Rekha\AppData\Local\Android\Sdk' (newest first):
2023-07-03 04:53:31:727 [ADB]     C:/Users/Rekha/AppData/Local/Android/Sdk/build-tools/34.0.0
2023-07-03 04:53:31:727 [ADB]     C:/Users/Rekha/AppData/Local/Android/Sdk/build-tools/30.0.3
2023-07-03 04:53:31:728 [ADB] Using 'adb.exe' from 'C:\Users\Rekha\AppData\Local\Android\Sdk\platform-tools\adb.exe'
2023-07-03 04:53:31:729 [ADB] Running 'C:\Users\Rekha\AppData\Local\Android\Sdk\platform-tools\adb.exe -P 5037 start-server'
2023-07-03 04:53:31:772 [AndroidDriver] Retrieving device list
2023-07-03 04:53:31:773 [ADB] Trying to find a connected android device
2023-07-03 04:53:31:773 [ADB] Getting connected devices
2023-07-03 04:53:31:813 [ADB] Connected devices: [{"udid":"ZD2226MYVB","state":"device"}]
2023-07-03 04:53:31:813 [AndroidDriver] Device emulator-5554 was not in the list of connected devices
2023-07-03 04:53:31:814 [UiAutomator2] Deleting UiAutomator2 session
2023-07-03 04:53:31:817 [BaseDriver] Event 'newSessionStarted' logged at 1688360011817 (10:23:31 GMT+0530 (India Standard Time))
2023-07-03 04:53:31:950 [W3C] Encountered internal error running command: Error: Device emulator-5554 was not in the list of connected devices
2023-07-03 04:53:31:950 [W3C]     at Object.errorAndThrow (C:\Users\Rekha\AppData\Roaming\npm\node_modules\appium\node_modules\appium-support\lib\logging.js:94:35)
2023-07-03 04:53:31:951 [W3C]     at Object.getDeviceInfoFromCaps (C:\Users\Rekha\AppData\Roaming\npm\node_modules\appium\node_modules\appium-android-driver\lib\android-helpers.js:231:16)
2023-07-03 04:53:31:951 [W3C]     at AndroidUiautomator2Driver.startUiAutomator2Session (C:\Users\Rekha\AppData\Roaming\npm\node_modules\appium\node_modules\appium-uiautomator2-driver\lib\driver.js:338:26)
2023-07-03 04:53:31:951 [W3C]     at AndroidUiautomator2Driver.createSession (C:\Users\Rekha\AppData\Roaming\npm\node_modules\appium\node_modules\appium-uiautomator2-driver\lib\driver.js:229:7)
2023-07-03 04:53:31:951 [W3C]     at AppiumDriver.createSession (C:\Users\Rekha\AppData\Roaming\npm\node_modules\appium\lib\appium.js:387:35)
2023-07-03 04:53:31:968 [HTTP] <-- POST /wd/hub/session 500 770 ms - 683
2023-07-03 04:53:31:968 [HTTP] 
