2023-06-22 10:10:49:558 [Appium] Welcome to Appium v1.22.3
2023-06-22 10:10:49:559 [Appium] Non-default server args:
2023-06-22 10:10:49:559 [Appium]   port: 56072
2023-06-22 10:10:49:560 [Appium]   sessionOverride: true
2023-06-22 10:10:49:560 [Appium]   logFile: C:\Users\Rekha\eclipse-workspace\Torum-mobile-automation-master\Android_Pixel_3\Server1687428646756.log
2023-06-22 10:10:49:586 [Appium] Appium REST http interface listener started on 0.0.0.0:56072
2023-06-22 10:10:49:922 [HTTP] --> GET /wd/hub/status
2023-06-22 10:10:49:923 [HTTP] {}
2023-06-22 10:10:49:926 [GENERIC] Calling AppiumDriver.getStatus() with args: []
2023-06-22 10:10:49:929 [GENERIC] Responding to client with driver.getStatus() result: {"build":{"version":"1.22.3"}}
2023-06-22 10:10:49:940 [HTTP] <-- GET /wd/hub/status 200 15 ms - 68
2023-06-22 10:10:49:941 [HTTP] 
2023-06-22 10:10:49:949 [HTTP] --> GET /wd/hub/status
2023-06-22 10:10:49:949 [HTTP] {}
2023-06-22 10:10:49:950 [GENERIC] Calling AppiumDriver.getStatus() with args: []
2023-06-22 10:10:49:951 [GENERIC] Responding to client with driver.getStatus() result: {"build":{"version":"1.22.3"}}
2023-06-22 10:10:49:953 [HTTP] <-- GET /wd/hub/status 200 3 ms - 68
2023-06-22 10:10:49:953 [HTTP] 
2023-06-22 10:10:50:331 [HTTP] Request idempotency key: 0a70ec50-14cf-4142-95e0-2da3619f6689
2023-06-22 10:10:50:349 [HTTP] --> POST /wd/hub/session
2023-06-22 10:10:50:349 [HTTP] {"desiredCapabilities":{"appActivity":"com.torummobile.MainActivity","appPackage":"com.torummobile.dev","automationName":"UiAutomator2","chromeDriverPort":"11000","platformName":"Android","udid":"emulator-5554","deviceName":"Pixel_3","systemPort":"10000"},"capabilities":{"firstMatch":[{"appium:appActivity":"com.torummobile.MainActivity","appium:appPackage":"com.torummobile.dev","appium:automationName":"UiAutomator2","chromeDriverPort":"11000","appium:deviceName":"Pixel_3","platformName":"android","appium:systemPort":"10000","appium:udid":"emulator-5554"}]}}
2023-06-22 10:10:50:350 [W3C] Calling AppiumDriver.createSession() with args: [{"appActivity":"com.torummobile.MainActivity","appPackage":"com.torummobile.dev","automationName":"UiAutomator2","chromeDriverPort":"11000","platformName":"Android","udid":"emulator-5554","deviceName":"Pixel_3","systemPort":"10000"},null,{"firstMatch":[{"appium:appActivity":"com.torummobile.MainActivity","appium:appPackage":"com.torummobile.dev","appium:automationName":"UiAutomator2","chromeDriverPort":"11000","appium:deviceName":"Pixel_3","platformName":"android","appium:systemPort":"10000","appium:udid":"emulator-5554"}]}]
2023-06-22 10:10:50:350 [BaseDriver] Event 'newSessionRequested' logged at 1687428650350 (15:40:50 GMT+0530 (India Standard Time))
2023-06-22 10:10:50:353 [BaseDriver] The following capabilities are not standard capabilities and should have an extension prefix:
2023-06-22 10:10:50:353 [BaseDriver]   chromeDriverPort
2023-06-22 10:10:50:576 [Appium] Appium v1.22.3 creating new AndroidUiautomator2Driver (v1.70.1) session
2023-06-22 10:10:50:576 [Appium] There are no active sessions for cleanup
2023-06-22 10:10:50:578 [BaseDriver] W3C capabilities and MJSONWP desired capabilities were provided
2023-06-22 10:10:50:578 [BaseDriver] Creating session with W3C capabilities: {
2023-06-22 10:10:50:578 [BaseDriver]   "alwaysMatch": {
2023-06-22 10:10:50:578 [BaseDriver]     "appium:chromeDriverPort": "11000",
2023-06-22 10:10:50:578 [BaseDriver]     "platformName": "android",
2023-06-22 10:10:50:578 [BaseDriver]     "appium:appActivity": "com.torummobile.MainActivity",
2023-06-22 10:10:50:578 [BaseDriver]     "appium:appPackage": "com.torummobile.dev",
2023-06-22 10:10:50:578 [BaseDriver]     "appium:automationName": "UiAutomator2",
2023-06-22 10:10:50:578 [BaseDriver]     "appium:deviceName": "Pixel_3",
2023-06-22 10:10:50:578 [BaseDriver]     "appium:systemPort": "10000",
2023-06-22 10:10:50:578 [BaseDriver]     "appium:udid": "emulator-5554"
2023-06-22 10:10:50:579 [BaseDriver]   },
2023-06-22 10:10:50:579 [BaseDriver]   "firstMatch": [
2023-06-22 10:10:50:579 [BaseDriver]     {}
2023-06-22 10:10:50:579 [BaseDriver]   ]
2023-06-22 10:10:50:579 [BaseDriver] }
2023-06-22 10:10:50:580 [BaseDriver] Number capability passed in as string. Functionality may be compromised.
2023-06-22 10:10:50:580 [BaseDriver] Number capability passed in as string. Functionality may be compromised.
2023-06-22 10:10:50:582 [BaseDriver] Capability 'systemPort' changed from string ('10000') to integer (10000). This may cause unexpected behavior
2023-06-22 10:10:50:583 [BaseDriver] Capability 'chromeDriverPort' changed from string ('11000') to integer (11000). This may cause unexpected behavior
2023-06-22 10:10:50:584 [BaseDriver] Session created with session id: 674e9c7d-4106-41d0-b196-13b8be0631b8
2023-06-22 10:10:50:585 [UiAutomator2] Starting 'com.torummobile.dev' directly on the device
2023-06-22 10:10:50:587 [UiAutomator2] Deleting UiAutomator2 session
2023-06-22 10:10:50:588 [BaseDriver] Event 'newSessionStarted' logged at 1687428650588 (15:40:50 GMT+0530 (India Standard Time))
2023-06-22 10:10:50:657 [W3C] Encountered internal error running command: Error: Neither ANDROID_HOME nor ANDROID_SDK_ROOT environment variable was exported. Read https://developer.android.com/studio/command-line/variables for more details
2023-06-22 10:10:50:657 [W3C]     at requireSdkRoot (C:\Users\Rekha\AppData\Roaming\npm\node_modules\appium\node_modules\appium-adb\lib\helpers.js:36:11)
2023-06-22 10:10:50:657 [W3C]     at Function.createADB (C:\Users\Rekha\AppData\Roaming\npm\node_modules\appium\node_modules\appium-adb\lib\adb.js:57:23)
2023-06-22 10:10:50:657 [W3C]     at Object.createBaseADB (C:\Users\Rekha\AppData\Roaming\npm\node_modules\appium\node_modules\appium-android-driver\lib\android-helpers.js:129:20)
2023-06-22 10:10:50:657 [W3C]     at Object.getDeviceInfoFromCaps (C:\Users\Rekha\AppData\Roaming\npm\node_modules\appium\node_modules\appium-android-driver\lib\android-helpers.js:214:29)
2023-06-22 10:10:50:657 [W3C]     at AndroidUiautomator2Driver.startUiAutomator2Session (C:\Users\Rekha\AppData\Roaming\npm\node_modules\appium\node_modules\appium-uiautomator2-driver\lib\driver.js:338:40)
2023-06-22 10:10:50:657 [W3C]     at AndroidUiautomator2Driver.createSession (C:\Users\Rekha\AppData\Roaming\npm\node_modules\appium\node_modules\appium-uiautomator2-driver\lib\driver.js:229:18)
2023-06-22 10:10:50:657 [W3C]     at processTicksAndRejections (node:internal/process/task_queues:95:5)
2023-06-22 10:10:50:657 [W3C]     at AppiumDriver.createSession (C:\Users\Rekha\AppData\Roaming\npm\node_modules\appium\lib\appium.js:387:35)
2023-06-22 10:10:50:666 [HTTP] <-- POST /wd/hub/session 500 317 ms - 877
2023-06-22 10:10:50:666 [HTTP] 
