2023-06-22 10:23:46:944 [Appium] Welcome to Appium v1.22.3
2023-06-22 10:23:46:946 [Appium] Non-default server args:
2023-06-22 10:23:46:947 [Appium]   port: 38594
2023-06-22 10:23:46:947 [Appium]   sessionOverride: true
2023-06-22 10:23:46:947 [Appium]   logFile: C:\Users\Rekha\eclipse-workspace\Torum-mobile-automation-master\Android_Pixel_3\Server1687429423976.log
2023-06-22 10:23:46:999 [Appium] Appium REST http interface listener started on 0.0.0.0:38594
2023-06-22 10:23:47:310 [HTTP] --> GET /wd/hub/status
2023-06-22 10:23:47:311 [HTTP] {}
2023-06-22 10:23:47:314 [GENERIC] Calling AppiumDriver.getStatus() with args: []
2023-06-22 10:23:47:316 [GENERIC] Responding to client with driver.getStatus() result: {"build":{"version":"1.22.3"}}
2023-06-22 10:23:47:327 [HTTP] <-- GET /wd/hub/status 200 12 ms - 68
2023-06-22 10:23:47:328 [HTTP] 
2023-06-22 10:23:47:334 [HTTP] --> GET /wd/hub/status
2023-06-22 10:23:47:335 [HTTP] {}
2023-06-22 10:23:47:335 [GENERIC] Calling AppiumDriver.getStatus() with args: []
2023-06-22 10:23:47:336 [GENERIC] Responding to client with driver.getStatus() result: {"build":{"version":"1.22.3"}}
2023-06-22 10:23:47:339 [HTTP] <-- GET /wd/hub/status 200 3 ms - 68
2023-06-22 10:23:47:339 [HTTP] 
2023-06-22 10:23:47:353 [HTTP] Request idempotency key: 482acc13-0a49-49b6-8ce6-3c59bd2676e4
2023-06-22 10:23:47:379 [HTTP] --> POST /wd/hub/session
2023-06-22 10:23:47:380 [HTTP] {"desiredCapabilities":{"appActivity":"com.torummobile.MainActivity","appPackage":"com.torummobile.dev","automationName":"UiAutomator2","chromeDriverPort":"11000","platformName":"Android","udid":"emulator-5554","deviceName":"Pixel_3","systemPort":"10000"},"capabilities":{"firstMatch":[{"appium:appActivity":"com.torummobile.MainActivity","appium:appPackage":"com.torummobile.dev","appium:automationName":"UiAutomator2","chromeDriverPort":"11000","appium:deviceName":"Pixel_3","platformName":"android","appium:systemPort":"10000","appium:udid":"emulator-5554"}]}}
2023-06-22 10:23:47:380 [W3C] Calling AppiumDriver.createSession() with args: [{"appActivity":"com.torummobile.MainActivity","appPackage":"com.torummobile.dev","automationName":"UiAutomator2","chromeDriverPort":"11000","platformName":"Android","udid":"emulator-5554","deviceName":"Pixel_3","systemPort":"10000"},null,{"firstMatch":[{"appium:appActivity":"com.torummobile.MainActivity","appium:appPackage":"com.torummobile.dev","appium:automationName":"UiAutomator2","chromeDriverPort":"11000","appium:deviceName":"Pixel_3","platformName":"android","appium:systemPort":"10000","appium:udid":"emulator-5554"}]}]
2023-06-22 10:23:47:381 [BaseDriver] Event 'newSessionRequested' logged at 1687429427381 (15:53:47 GMT+0530 (India Standard Time))
2023-06-22 10:23:47:386 [BaseDriver] The following capabilities are not standard capabilities and should have an extension prefix:
2023-06-22 10:23:47:387 [BaseDriver]   chromeDriverPort
2023-06-22 10:23:47:808 [Appium] Appium v1.22.3 creating new AndroidUiautomator2Driver (v1.70.1) session
2023-06-22 10:23:47:809 [Appium] There are no active sessions for cleanup
2023-06-22 10:23:47:813 [BaseDriver] W3C capabilities and MJSONWP desired capabilities were provided
2023-06-22 10:23:47:813 [BaseDriver] Creating session with W3C capabilities: {
2023-06-22 10:23:47:813 [BaseDriver]   "alwaysMatch": {
2023-06-22 10:23:47:813 [BaseDriver]     "appium:chromeDriverPort": "11000",
2023-06-22 10:23:47:814 [BaseDriver]     "platformName": "android",
2023-06-22 10:23:47:814 [BaseDriver]     "appium:appActivity": "com.torummobile.MainActivity",
2023-06-22 10:23:47:814 [BaseDriver]     "appium:appPackage": "com.torummobile.dev",
2023-06-22 10:23:47:814 [BaseDriver]     "appium:automationName": "UiAutomator2",
2023-06-22 10:23:47:814 [BaseDriver]     "appium:deviceName": "Pixel_3",
2023-06-22 10:23:47:814 [BaseDriver]     "appium:systemPort": "10000",
2023-06-22 10:23:47:814 [BaseDriver]     "appium:udid": "emulator-5554"
2023-06-22 10:23:47:815 [BaseDriver]   },
2023-06-22 10:23:47:815 [BaseDriver]   "firstMatch": [
2023-06-22 10:23:47:815 [BaseDriver]     {}
2023-06-22 10:23:47:815 [BaseDriver]   ]
2023-06-22 10:23:47:815 [BaseDriver] }
2023-06-22 10:23:47:818 [BaseDriver] Number capability passed in as string. Functionality may be compromised.
2023-06-22 10:23:47:819 [BaseDriver] Number capability passed in as string. Functionality may be compromised.
2023-06-22 10:23:47:823 [BaseDriver] Capability 'systemPort' changed from string ('10000') to integer (10000). This may cause unexpected behavior
2023-06-22 10:23:47:823 [BaseDriver] Capability 'chromeDriverPort' changed from string ('11000') to integer (11000). This may cause unexpected behavior
2023-06-22 10:23:47:827 [BaseDriver] Session created with session id: c9fd4a44-e1c3-4bbf-a8cc-937ce3a8995e
2023-06-22 10:23:47:828 [UiAutomator2] Starting 'com.torummobile.dev' directly on the device
2023-06-22 10:23:47:832 [UiAutomator2] Deleting UiAutomator2 session
2023-06-22 10:23:47:835 [BaseDriver] Event 'newSessionStarted' logged at 1687429427834 (15:53:47 GMT+0530 (India Standard Time))
2023-06-22 10:23:47:982 [W3C] Encountered internal error running command: Error: Neither ANDROID_HOME nor ANDROID_SDK_ROOT environment variable was exported. Read https://developer.android.com/studio/command-line/variables for more details
2023-06-22 10:23:47:982 [W3C]     at requireSdkRoot (C:\Users\Rekha\AppData\Roaming\npm\node_modules\appium\node_modules\appium-adb\lib\helpers.js:36:11)
2023-06-22 10:23:47:982 [W3C]     at Function.createADB (C:\Users\Rekha\AppData\Roaming\npm\node_modules\appium\node_modules\appium-adb\lib\adb.js:57:23)
2023-06-22 10:23:47:982 [W3C]     at Object.createBaseADB (C:\Users\Rekha\AppData\Roaming\npm\node_modules\appium\node_modules\appium-android-driver\lib\android-helpers.js:129:20)
2023-06-22 10:23:47:982 [W3C]     at Object.getDeviceInfoFromCaps (C:\Users\Rekha\AppData\Roaming\npm\node_modules\appium\node_modules\appium-android-driver\lib\android-helpers.js:214:29)
2023-06-22 10:23:47:983 [W3C]     at AndroidUiautomator2Driver.startUiAutomator2Session (C:\Users\Rekha\AppData\Roaming\npm\node_modules\appium\node_modules\appium-uiautomator2-driver\lib\driver.js:338:40)
2023-06-22 10:23:47:983 [W3C]     at AndroidUiautomator2Driver.createSession (C:\Users\Rekha\AppData\Roaming\npm\node_modules\appium\node_modules\appium-uiautomator2-driver\lib\driver.js:229:18)
2023-06-22 10:23:47:983 [W3C]     at processTicksAndRejections (node:internal/process/task_queues:95:5)
2023-06-22 10:23:47:983 [W3C]     at AppiumDriver.createSession (C:\Users\Rekha\AppData\Roaming\npm\node_modules\appium\lib\appium.js:387:35)
2023-06-22 10:23:48:000 [HTTP] <-- POST /wd/hub/session 500 620 ms - 877
2023-06-22 10:23:48:001 [HTTP] 
