2023-06-23 08:10:43:007 [Appium] Welcome to Appium v1.22.3
2023-06-23 08:10:43:009 [Appium] Non-default server args:
2023-06-23 08:10:43:010 [Appium]   port: 63332
2023-06-23 08:10:43:010 [Appium]   sessionOverride: true
2023-06-23 08:10:43:011 [Appium]   logFile: C:\Users\Rekha\eclipse-workspace\Torum-mobile-automation-master\Android_Pixel_3\Server1687507840208.log
2023-06-23 08:10:43:064 [Appium] Appium REST http interface listener started on 0.0.0.0:63332
2023-06-23 08:10:43:166 [HTTP] --> GET /wd/hub/status
2023-06-23 08:10:43:167 [HTTP] {}
2023-06-23 08:10:43:170 [GENERIC] Calling AppiumDriver.getStatus() with args: []
2023-06-23 08:10:43:173 [GENERIC] Responding to client with driver.getStatus() result: {"build":{"version":"1.22.3"}}
2023-06-23 08:10:43:190 [HTTP] <-- GET /wd/hub/status 200 18 ms - 68
2023-06-23 08:10:43:190 [HTTP] 
2023-06-23 08:10:43:198 [HTTP] --> GET /wd/hub/status
2023-06-23 08:10:43:198 [HTTP] {}
2023-06-23 08:10:43:199 [GENERIC] Calling AppiumDriver.getStatus() with args: []
2023-06-23 08:10:43:200 [GENERIC] Responding to client with driver.getStatus() result: {"build":{"version":"1.22.3"}}
2023-06-23 08:10:43:202 [HTTP] <-- GET /wd/hub/status 200 3 ms - 68
2023-06-23 08:10:43:203 [HTTP] 
2023-06-23 08:10:43:226 [HTTP] Request idempotency key: 7a9d2708-905e-4402-abeb-4e829e41d378
2023-06-23 08:10:43:251 [HTTP] --> POST /wd/hub/session
2023-06-23 08:10:43:251 [HTTP] {"desiredCapabilities":{"appActivity":"com.torummobile.MainActivity","appPackage":"com.torummobile.dev","automationName":"UiAutomator2","chromeDriverPort":"11000","platformName":"Android","udid":"emulator-5554","deviceName":"Pixel_3","systemPort":"10000"},"capabilities":{"firstMatch":[{"appium:appActivity":"com.torummobile.MainActivity","appium:appPackage":"com.torummobile.dev","appium:automationName":"UiAutomator2","chromeDriverPort":"11000","appium:deviceName":"Pixel_3","platformName":"android","appium:systemPort":"10000","appium:udid":"emulator-5554"}]}}
2023-06-23 08:10:43:252 [W3C] Calling AppiumDriver.createSession() with args: [{"appActivity":"com.torummobile.MainActivity","appPackage":"com.torummobile.dev","automationName":"UiAutomator2","chromeDriverPort":"11000","platformName":"Android","udid":"emulator-5554","deviceName":"Pixel_3","systemPort":"10000"},null,{"firstMatch":[{"appium:appActivity":"com.torummobile.MainActivity","appium:appPackage":"com.torummobile.dev","appium:automationName":"UiAutomator2","chromeDriverPort":"11000","appium:deviceName":"Pixel_3","platformName":"android","appium:systemPort":"10000","appium:udid":"emulator-5554"}]}]
2023-06-23 08:10:43:253 [BaseDriver] Event 'newSessionRequested' logged at 1687507843253 (13:40:43 GMT+0530 (India Standard Time))
2023-06-23 08:10:43:258 [BaseDriver] The following capabilities are not standard capabilities and should have an extension prefix:
2023-06-23 08:10:43:258 [BaseDriver]   chromeDriverPort
2023-06-23 08:10:43:664 [Appium] Appium v1.22.3 creating new AndroidUiautomator2Driver (v1.70.1) session
2023-06-23 08:10:43:665 [Appium] There are no active sessions for cleanup
2023-06-23 08:10:43:668 [BaseDriver] W3C capabilities and MJSONWP desired capabilities were provided
2023-06-23 08:10:43:668 [BaseDriver] Creating session with W3C capabilities: {
2023-06-23 08:10:43:668 [BaseDriver]   "alwaysMatch": {
2023-06-23 08:10:43:668 [BaseDriver]     "appium:chromeDriverPort": "11000",
2023-06-23 08:10:43:668 [BaseDriver]     "platformName": "android",
2023-06-23 08:10:43:668 [BaseDriver]     "appium:appActivity": "com.torummobile.MainActivity",
2023-06-23 08:10:43:668 [BaseDriver]     "appium:appPackage": "com.torummobile.dev",
2023-06-23 08:10:43:668 [BaseDriver]     "appium:automationName": "UiAutomator2",
2023-06-23 08:10:43:668 [BaseDriver]     "appium:deviceName": "Pixel_3",
2023-06-23 08:10:43:668 [BaseDriver]     "appium:systemPort": "10000",
2023-06-23 08:10:43:668 [BaseDriver]     "appium:udid": "emulator-5554"
2023-06-23 08:10:43:669 [BaseDriver]   },
2023-06-23 08:10:43:669 [BaseDriver]   "firstMatch": [
2023-06-23 08:10:43:669 [BaseDriver]     {}
2023-06-23 08:10:43:669 [BaseDriver]   ]
2023-06-23 08:10:43:669 [BaseDriver] }
2023-06-23 08:10:43:670 [BaseDriver] Number capability passed in as string. Functionality may be compromised.
2023-06-23 08:10:43:670 [BaseDriver] Number capability passed in as string. Functionality may be compromised.
2023-06-23 08:10:43:673 [BaseDriver] Capability 'systemPort' changed from string ('10000') to integer (10000). This may cause unexpected behavior
2023-06-23 08:10:43:673 [BaseDriver] Capability 'chromeDriverPort' changed from string ('11000') to integer (11000). This may cause unexpected behavior
2023-06-23 08:10:43:674 [BaseDriver] Session created with session id: 2650d4b8-d6e9-45ae-83b0-44e34faee1fd
2023-06-23 08:10:43:675 [UiAutomator2] Starting 'com.torummobile.dev' directly on the device
2023-06-23 08:10:43:677 [UiAutomator2] Deleting UiAutomator2 session
2023-06-23 08:10:43:678 [BaseDriver] Event 'newSessionStarted' logged at 1687507843678 (13:40:43 GMT+0530 (India Standard Time))
2023-06-23 08:10:43:749 [W3C] Encountered internal error running command: Error: Neither ANDROID_HOME nor ANDROID_SDK_ROOT environment variable was exported. Read https://developer.android.com/studio/command-line/variables for more details
2023-06-23 08:10:43:749 [W3C]     at requireSdkRoot (C:\Users\Rekha\AppData\Roaming\npm\node_modules\appium\node_modules\appium-adb\lib\helpers.js:36:11)
2023-06-23 08:10:43:749 [W3C]     at Function.createADB (C:\Users\Rekha\AppData\Roaming\npm\node_modules\appium\node_modules\appium-adb\lib\adb.js:57:23)
2023-06-23 08:10:43:750 [W3C]     at Object.createBaseADB (C:\Users\Rekha\AppData\Roaming\npm\node_modules\appium\node_modules\appium-android-driver\lib\android-helpers.js:129:20)
2023-06-23 08:10:43:750 [W3C]     at Object.getDeviceInfoFromCaps (C:\Users\Rekha\AppData\Roaming\npm\node_modules\appium\node_modules\appium-android-driver\lib\android-helpers.js:214:29)
2023-06-23 08:10:43:750 [W3C]     at AndroidUiautomator2Driver.startUiAutomator2Session (C:\Users\Rekha\AppData\Roaming\npm\node_modules\appium\node_modules\appium-uiautomator2-driver\lib\driver.js:338:40)
2023-06-23 08:10:43:750 [W3C]     at AndroidUiautomator2Driver.createSession (C:\Users\Rekha\AppData\Roaming\npm\node_modules\appium\node_modules\appium-uiautomator2-driver\lib\driver.js:229:18)
2023-06-23 08:10:43:750 [W3C]     at processTicksAndRejections (node:internal/process/task_queues:95:5)
2023-06-23 08:10:43:750 [W3C]     at AppiumDriver.createSession (C:\Users\Rekha\AppData\Roaming\npm\node_modules\appium\lib\appium.js:387:35)
2023-06-23 08:10:43:758 [HTTP] <-- POST /wd/hub/session 500 507 ms - 877
2023-06-23 08:10:43:758 [HTTP] 
