2023-06-23 09:01:10:878 [Appium] Welcome to Appium v1.22.3
2023-06-23 09:01:10:879 [Appium] Non-default server args:
2023-06-23 09:01:10:880 [Appium]   port: 59648
2023-06-23 09:01:10:880 [Appium]   sessionOverride: true
2023-06-23 09:01:10:880 [Appium]   logFile: C:\Users\Rekha\eclipse-workspace\Torum-mobile-automation-master\Android_Pixel_3\Server1687510867535.log
2023-06-23 09:01:10:910 [Appium] Appium REST http interface listener started on 0.0.0.0:59648
2023-06-23 09:01:10:982 [HTTP] --> GET /wd/hub/status
2023-06-23 09:01:10:983 [HTTP] {}
2023-06-23 09:01:10:987 [GENERIC] Calling AppiumDriver.getStatus() with args: []
2023-06-23 09:01:10:989 [GENERIC] Responding to client with driver.getStatus() result: {"build":{"version":"1.22.3"}}
2023-06-23 09:01:10:998 [HTTP] <-- GET /wd/hub/status 200 13 ms - 68
2023-06-23 09:01:10:998 [HTTP] 
2023-06-23 09:01:11:003 [HTTP] --> GET /wd/hub/status
2023-06-23 09:01:11:003 [HTTP] {}
2023-06-23 09:01:11:003 [GENERIC] Calling AppiumDriver.getStatus() with args: []
2023-06-23 09:01:11:004 [GENERIC] Responding to client with driver.getStatus() result: {"build":{"version":"1.22.3"}}
2023-06-23 09:01:11:007 [HTTP] <-- GET /wd/hub/status 200 2 ms - 68
2023-06-23 09:01:11:008 [HTTP] 
2023-06-23 09:01:11:022 [HTTP] Request idempotency key: f2716b53-3fcf-42bf-8384-84c841a495b7
2023-06-23 09:01:11:034 [HTTP] --> POST /wd/hub/session
2023-06-23 09:01:11:035 [HTTP] {"desiredCapabilities":{"appActivity":"com.torummobile.MainActivity","appPackage":"com.torummobile.dev","automationName":"UiAutomator2","chromeDriverPort":"11000","platformName":"Android","udid":"emulator-5554","deviceName":"Pixel_3","systemPort":"10000"},"capabilities":{"firstMatch":[{"appium:appActivity":"com.torummobile.MainActivity","appium:appPackage":"com.torummobile.dev","appium:automationName":"UiAutomator2","chromeDriverPort":"11000","appium:deviceName":"Pixel_3","platformName":"android","appium:systemPort":"10000","appium:udid":"emulator-5554"}]}}
2023-06-23 09:01:11:035 [W3C] Calling AppiumDriver.createSession() with args: [{"appActivity":"com.torummobile.MainActivity","appPackage":"com.torummobile.dev","automationName":"UiAutomator2","chromeDriverPort":"11000","platformName":"Android","udid":"emulator-5554","deviceName":"Pixel_3","systemPort":"10000"},null,{"firstMatch":[{"appium:appActivity":"com.torummobile.MainActivity","appium:appPackage":"com.torummobile.dev","appium:automationName":"UiAutomator2","chromeDriverPort":"11000","appium:deviceName":"Pixel_3","platformName":"android","appium:systemPort":"10000","appium:udid":"emulator-5554"}]}]
2023-06-23 09:01:11:035 [BaseDriver] Event 'newSessionRequested' logged at 1687510871035 (14:31:11 GMT+0530 (India Standard Time))
2023-06-23 09:01:11:038 [BaseDriver] The following capabilities are not standard capabilities and should have an extension prefix:
2023-06-23 09:01:11:038 [BaseDriver]   chromeDriverPort
2023-06-23 09:01:11:242 [Appium] Appium v1.22.3 creating new AndroidUiautomator2Driver (v1.70.1) session
2023-06-23 09:01:11:243 [Appium] There are no active sessions for cleanup
2023-06-23 09:01:11:245 [BaseDriver] W3C capabilities and MJSONWP desired capabilities were provided
2023-06-23 09:01:11:245 [BaseDriver] Creating session with W3C capabilities: {
2023-06-23 09:01:11:245 [BaseDriver]   "alwaysMatch": {
2023-06-23 09:01:11:245 [BaseDriver]     "appium:chromeDriverPort": "11000",
2023-06-23 09:01:11:245 [BaseDriver]     "platformName": "android",
2023-06-23 09:01:11:246 [BaseDriver]     "appium:appActivity": "com.torummobile.MainActivity",
2023-06-23 09:01:11:246 [BaseDriver]     "appium:appPackage": "com.torummobile.dev",
2023-06-23 09:01:11:246 [BaseDriver]     "appium:automationName": "UiAutomator2",
2023-06-23 09:01:11:246 [BaseDriver]     "appium:deviceName": "Pixel_3",
2023-06-23 09:01:11:246 [BaseDriver]     "appium:systemPort": "10000",
2023-06-23 09:01:11:246 [BaseDriver]     "appium:udid": "emulator-5554"
2023-06-23 09:01:11:246 [BaseDriver]   },
2023-06-23 09:01:11:246 [BaseDriver]   "firstMatch": [
2023-06-23 09:01:11:246 [BaseDriver]     {}
2023-06-23 09:01:11:246 [BaseDriver]   ]
2023-06-23 09:01:11:246 [BaseDriver] }
2023-06-23 09:01:11:248 [BaseDriver] Number capability passed in as string. Functionality may be compromised.
2023-06-23 09:01:11:248 [BaseDriver] Number capability passed in as string. Functionality may be compromised.
2023-06-23 09:01:11:251 [BaseDriver] Capability 'systemPort' changed from string ('10000') to integer (10000). This may cause unexpected behavior
2023-06-23 09:01:11:251 [BaseDriver] Capability 'chromeDriverPort' changed from string ('11000') to integer (11000). This may cause unexpected behavior
2023-06-23 09:01:11:253 [BaseDriver] Session created with session id: bd9b0b60-35da-4f16-bc23-e49dea8393d5
2023-06-23 09:01:11:254 [UiAutomator2] Starting 'com.torummobile.dev' directly on the device
2023-06-23 09:01:11:256 [UiAutomator2] Deleting UiAutomator2 session
2023-06-23 09:01:11:258 [BaseDriver] Event 'newSessionStarted' logged at 1687510871257 (14:31:11 GMT+0530 (India Standard Time))
2023-06-23 09:01:11:334 [W3C] Encountered internal error running command: Error: Neither ANDROID_HOME nor ANDROID_SDK_ROOT environment variable was exported. Read https://developer.android.com/studio/command-line/variables for more details
2023-06-23 09:01:11:334 [W3C]     at requireSdkRoot (C:\Users\Rekha\AppData\Roaming\npm\node_modules\appium\node_modules\appium-adb\lib\helpers.js:36:11)
2023-06-23 09:01:11:334 [W3C]     at Function.createADB (C:\Users\Rekha\AppData\Roaming\npm\node_modules\appium\node_modules\appium-adb\lib\adb.js:57:23)
2023-06-23 09:01:11:334 [W3C]     at Object.createBaseADB (C:\Users\Rekha\AppData\Roaming\npm\node_modules\appium\node_modules\appium-android-driver\lib\android-helpers.js:129:20)
2023-06-23 09:01:11:334 [W3C]     at Object.getDeviceInfoFromCaps (C:\Users\Rekha\AppData\Roaming\npm\node_modules\appium\node_modules\appium-android-driver\lib\android-helpers.js:214:29)
2023-06-23 09:01:11:334 [W3C]     at AndroidUiautomator2Driver.startUiAutomator2Session (C:\Users\Rekha\AppData\Roaming\npm\node_modules\appium\node_modules\appium-uiautomator2-driver\lib\driver.js:338:40)
2023-06-23 09:01:11:335 [W3C]     at AndroidUiautomator2Driver.createSession (C:\Users\Rekha\AppData\Roaming\npm\node_modules\appium\node_modules\appium-uiautomator2-driver\lib\driver.js:229:18)
2023-06-23 09:01:11:335 [W3C]     at processTicksAndRejections (node:internal/process/task_queues:95:5)
2023-06-23 09:01:11:335 [W3C]     at AppiumDriver.createSession (C:\Users\Rekha\AppData\Roaming\npm\node_modules\appium\lib\appium.js:387:35)
2023-06-23 09:01:11:343 [HTTP] <-- POST /wd/hub/session 500 308 ms - 877
2023-06-23 09:01:11:343 [HTTP] 
