2023-06-23 08:10:39:148 [Appium] Welcome to Appium v1.22.3
2023-06-23 08:10:39:151 [Appium] Non-default server args:
2023-06-23 08:10:39:152 [Appium]   port: 29774
2023-06-23 08:10:39:152 [Appium]   sessionOverride: true
2023-06-23 08:10:39:152 [Appium]   logFile: C:\Users\Rekha\eclipse-workspace\Torum-mobile-automation-master\Android_Pixel_3\Server1687507836385.log
2023-06-23 08:10:39:204 [Appium] Appium REST http interface listener started on 0.0.0.0:29774
2023-06-23 08:10:39:495 [HTTP] --> GET /wd/hub/status
2023-06-23 08:10:39:496 [HTTP] {}
2023-06-23 08:10:39:499 [GENERIC] Calling AppiumDriver.getStatus() with args: []
2023-06-23 08:10:39:501 [GENERIC] Responding to client with driver.getStatus() result: {"build":{"version":"1.22.3"}}
2023-06-23 08:10:39:512 [HTTP] <-- GET /wd/hub/status 200 12 ms - 68
2023-06-23 08:10:39:512 [HTTP] 
2023-06-23 08:10:39:519 [HTTP] --> GET /wd/hub/status
2023-06-23 08:10:39:520 [HTTP] {}
2023-06-23 08:10:39:520 [GENERIC] Calling AppiumDriver.getStatus() with args: []
2023-06-23 08:10:39:521 [GENERIC] Responding to client with driver.getStatus() result: {"build":{"version":"1.22.3"}}
2023-06-23 08:10:39:524 [HTTP] <-- GET /wd/hub/status 200 3 ms - 68
2023-06-23 08:10:39:524 [HTTP] 
2023-06-23 08:10:39:542 [HTTP] Request idempotency key: a2012d82-e0cb-4493-aa17-1a8940b35acb
2023-06-23 08:10:39:566 [HTTP] --> POST /wd/hub/session
2023-06-23 08:10:39:567 [HTTP] {"desiredCapabilities":{"appActivity":"com.torummobile.MainActivity","appPackage":"com.torummobile.dev","automationName":"UiAutomator2","chromeDriverPort":"11000","platformName":"Android","udid":"emulator-5554","deviceName":"Pixel_3","systemPort":"10000"},"capabilities":{"firstMatch":[{"appium:appActivity":"com.torummobile.MainActivity","appium:appPackage":"com.torummobile.dev","appium:automationName":"UiAutomator2","chromeDriverPort":"11000","appium:deviceName":"Pixel_3","platformName":"android","appium:systemPort":"10000","appium:udid":"emulator-5554"}]}}
2023-06-23 08:10:39:568 [W3C] Calling AppiumDriver.createSession() with args: [{"appActivity":"com.torummobile.MainActivity","appPackage":"com.torummobile.dev","automationName":"UiAutomator2","chromeDriverPort":"11000","platformName":"Android","udid":"emulator-5554","deviceName":"Pixel_3","systemPort":"10000"},null,{"firstMatch":[{"appium:appActivity":"com.torummobile.MainActivity","appium:appPackage":"com.torummobile.dev","appium:automationName":"UiAutomator2","chromeDriverPort":"11000","appium:deviceName":"Pixel_3","platformName":"android","appium:systemPort":"10000","appium:udid":"emulator-5554"}]}]
2023-06-23 08:10:39:569 [BaseDriver] Event 'newSessionRequested' logged at 1687507839568 (13:40:39 GMT+0530 (India Standard Time))
2023-06-23 08:10:39:574 [BaseDriver] The following capabilities are not standard capabilities and should have an extension prefix:
2023-06-23 08:10:39:574 [BaseDriver]   chromeDriverPort
2023-06-23 08:10:39:996 [Appium] Appium v1.22.3 creating new AndroidUiautomator2Driver (v1.70.1) session
2023-06-23 08:10:39:996 [Appium] There are no active sessions for cleanup
2023-06-23 08:10:40:000 [BaseDriver] W3C capabilities and MJSONWP desired capabilities were provided
2023-06-23 08:10:40:001 [BaseDriver] Creating session with W3C capabilities: {
2023-06-23 08:10:40:001 [BaseDriver]   "alwaysMatch": {
2023-06-23 08:10:40:001 [BaseDriver]     "appium:chromeDriverPort": "11000",
2023-06-23 08:10:40:001 [BaseDriver]     "platformName": "android",
2023-06-23 08:10:40:001 [BaseDriver]     "appium:appActivity": "com.torummobile.MainActivity",
2023-06-23 08:10:40:001 [BaseDriver]     "appium:appPackage": "com.torummobile.dev",
2023-06-23 08:10:40:002 [BaseDriver]     "appium:automationName": "UiAutomator2",
2023-06-23 08:10:40:002 [BaseDriver]     "appium:deviceName": "Pixel_3",
2023-06-23 08:10:40:002 [BaseDriver]     "appium:systemPort": "10000",
2023-06-23 08:10:40:002 [BaseDriver]     "appium:udid": "emulator-5554"
2023-06-23 08:10:40:002 [BaseDriver]   },
2023-06-23 08:10:40:003 [BaseDriver]   "firstMatch": [
2023-06-23 08:10:40:003 [BaseDriver]     {}
2023-06-23 08:10:40:003 [BaseDriver]   ]
2023-06-23 08:10:40:003 [BaseDriver] }
2023-06-23 08:10:40:006 [BaseDriver] Number capability passed in as string. Functionality may be compromised.
2023-06-23 08:10:40:006 [BaseDriver] Number capability passed in as string. Functionality may be compromised.
2023-06-23 08:10:40:013 [BaseDriver] Capability 'systemPort' changed from string ('10000') to integer (10000). This may cause unexpected behavior
2023-06-23 08:10:40:013 [BaseDriver] Capability 'chromeDriverPort' changed from string ('11000') to integer (11000). This may cause unexpected behavior
2023-06-23 08:10:40:017 [BaseDriver] Session created with session id: d9b81b82-d055-4e0c-8f6c-a15d6db13bda
2023-06-23 08:10:40:018 [UiAutomator2] Starting 'com.torummobile.dev' directly on the device
2023-06-23 08:10:40:022 [UiAutomator2] Deleting UiAutomator2 session
2023-06-23 08:10:40:024 [BaseDriver] Event 'newSessionStarted' logged at 1687507840024 (13:40:40 GMT+0530 (India Standard Time))
2023-06-23 08:10:40:163 [W3C] Encountered internal error running command: Error: Neither ANDROID_HOME nor ANDROID_SDK_ROOT environment variable was exported. Read https://developer.android.com/studio/command-line/variables for more details
2023-06-23 08:10:40:163 [W3C]     at requireSdkRoot (C:\Users\Rekha\AppData\Roaming\npm\node_modules\appium\node_modules\appium-adb\lib\helpers.js:36:11)
2023-06-23 08:10:40:163 [W3C]     at Function.createADB (C:\Users\Rekha\AppData\Roaming\npm\node_modules\appium\node_modules\appium-adb\lib\adb.js:57:23)
2023-06-23 08:10:40:163 [W3C]     at Object.createBaseADB (C:\Users\Rekha\AppData\Roaming\npm\node_modules\appium\node_modules\appium-android-driver\lib\android-helpers.js:129:20)
2023-06-23 08:10:40:163 [W3C]     at Object.getDeviceInfoFromCaps (C:\Users\Rekha\AppData\Roaming\npm\node_modules\appium\node_modules\appium-android-driver\lib\android-helpers.js:214:29)
2023-06-23 08:10:40:163 [W3C]     at AndroidUiautomator2Driver.startUiAutomator2Session (C:\Users\Rekha\AppData\Roaming\npm\node_modules\appium\node_modules\appium-uiautomator2-driver\lib\driver.js:338:40)
2023-06-23 08:10:40:164 [W3C]     at AndroidUiautomator2Driver.createSession (C:\Users\Rekha\AppData\Roaming\npm\node_modules\appium\node_modules\appium-uiautomator2-driver\lib\driver.js:229:18)
2023-06-23 08:10:40:164 [W3C]     at processTicksAndRejections (node:internal/process/task_queues:95:5)
2023-06-23 08:10:40:164 [W3C]     at AppiumDriver.createSession (C:\Users\Rekha\AppData\Roaming\npm\node_modules\appium\lib\appium.js:387:35)
2023-06-23 08:10:40:182 [HTTP] <-- POST /wd/hub/session 500 614 ms - 877
2023-06-23 08:10:40:182 [HTTP] 
