2023-06-22 10:23:22:321 [Appium] Welcome to Appium v1.22.3
2023-06-22 10:23:22:323 [Appium] Non-default server args:
2023-06-22 10:23:22:324 [Appium]   port: 9429
2023-06-22 10:23:22:325 [Appium]   sessionOverride: true
2023-06-22 10:23:22:325 [Appium]   logFile: C:\Users\Rekha\eclipse-workspace\Torum-mobile-automation-master\Android_Pixel_3\Server1687429399568.log
2023-06-22 10:23:22:383 [Appium] Appium REST http interface listener started on 0.0.0.0:9429
2023-06-22 10:23:22:628 [HTTP] --> GET /wd/hub/status
2023-06-22 10:23:22:629 [HTTP] {}
2023-06-22 10:23:22:635 [GENERIC] Calling AppiumDriver.getStatus() with args: []
2023-06-22 10:23:22:638 [GENERIC] Responding to client with driver.getStatus() result: {"build":{"version":"1.22.3"}}
2023-06-22 10:23:22:656 [HTTP] <-- GET /wd/hub/status 200 21 ms - 68
2023-06-22 10:23:22:657 [HTTP] 
2023-06-22 10:23:22:674 [HTTP] --> GET /wd/hub/status
2023-06-22 10:23:22:675 [HTTP] {}
2023-06-22 10:23:22:676 [GENERIC] Calling AppiumDriver.getStatus() with args: []
2023-06-22 10:23:22:677 [GENERIC] Responding to client with driver.getStatus() result: {"build":{"version":"1.22.3"}}
2023-06-22 10:23:22:680 [HTTP] <-- GET /wd/hub/status 200 4 ms - 68
2023-06-22 10:23:22:680 [HTTP] 
2023-06-22 10:23:23:086 [HTTP] Request idempotency key: 3a4a3734-1b7e-492a-881f-9d22b9af7d7b
2023-06-22 10:23:23:097 [HTTP] --> POST /wd/hub/session
2023-06-22 10:23:23:097 [HTTP] {"desiredCapabilities":{"appActivity":"com.torummobile.MainActivity","appPackage":"com.torummobile.dev","automationName":"UiAutomator2","chromeDriverPort":"11000","platformName":"Android","udid":"emulator-5554","deviceName":"Pixel_3","systemPort":"10000"},"capabilities":{"firstMatch":[{"appium:appActivity":"com.torummobile.MainActivity","appium:appPackage":"com.torummobile.dev","appium:automationName":"UiAutomator2","chromeDriverPort":"11000","appium:deviceName":"Pixel_3","platformName":"android","appium:systemPort":"10000","appium:udid":"emulator-5554"}]}}
2023-06-22 10:23:23:098 [W3C] Calling AppiumDriver.createSession() with args: [{"appActivity":"com.torummobile.MainActivity","appPackage":"com.torummobile.dev","automationName":"UiAutomator2","chromeDriverPort":"11000","platformName":"Android","udid":"emulator-5554","deviceName":"Pixel_3","systemPort":"10000"},null,{"firstMatch":[{"appium:appActivity":"com.torummobile.MainActivity","appium:appPackage":"com.torummobile.dev","appium:automationName":"UiAutomator2","chromeDriverPort":"11000","appium:deviceName":"Pixel_3","platformName":"android","appium:systemPort":"10000","appium:udid":"emulator-5554"}]}]
2023-06-22 10:23:23:098 [BaseDriver] Event 'newSessionRequested' logged at 1687429403098 (15:53:23 GMT+0530 (India Standard Time))
2023-06-22 10:23:23:100 [BaseDriver] The following capabilities are not standard capabilities and should have an extension prefix:
2023-06-22 10:23:23:100 [BaseDriver]   chromeDriverPort
2023-06-22 10:23:23:301 [Appium] Appium v1.22.3 creating new AndroidUiautomator2Driver (v1.70.1) session
2023-06-22 10:23:23:301 [Appium] There are no active sessions for cleanup
2023-06-22 10:23:23:303 [BaseDriver] W3C capabilities and MJSONWP desired capabilities were provided
2023-06-22 10:23:23:303 [BaseDriver] Creating session with W3C capabilities: {
2023-06-22 10:23:23:303 [BaseDriver]   "alwaysMatch": {
2023-06-22 10:23:23:303 [BaseDriver]     "appium:chromeDriverPort": "11000",
2023-06-22 10:23:23:303 [BaseDriver]     "platformName": "android",
2023-06-22 10:23:23:303 [BaseDriver]     "appium:appActivity": "com.torummobile.MainActivity",
2023-06-22 10:23:23:303 [BaseDriver]     "appium:appPackage": "com.torummobile.dev",
2023-06-22 10:23:23:303 [BaseDriver]     "appium:automationName": "UiAutomator2",
2023-06-22 10:23:23:303 [BaseDriver]     "appium:deviceName": "Pixel_3",
2023-06-22 10:23:23:304 [BaseDriver]     "appium:systemPort": "10000",
2023-06-22 10:23:23:304 [BaseDriver]     "appium:udid": "emulator-5554"
2023-06-22 10:23:23:304 [BaseDriver]   },
2023-06-22 10:23:23:304 [BaseDriver]   "firstMatch": [
2023-06-22 10:23:23:304 [BaseDriver]     {}
2023-06-22 10:23:23:304 [BaseDriver]   ]
2023-06-22 10:23:23:304 [BaseDriver] }
2023-06-22 10:23:23:305 [BaseDriver] Number capability passed in as string. Functionality may be compromised.
2023-06-22 10:23:23:306 [BaseDriver] Number capability passed in as string. Functionality may be compromised.
2023-06-22 10:23:23:308 [BaseDriver] Capability 'systemPort' changed from string ('10000') to integer (10000). This may cause unexpected behavior
2023-06-22 10:23:23:308 [BaseDriver] Capability 'chromeDriverPort' changed from string ('11000') to integer (11000). This may cause unexpected behavior
2023-06-22 10:23:23:309 [BaseDriver] Session created with session id: 7657f048-b6b1-4db9-bcf2-0ed7548d7c0e
2023-06-22 10:23:23:310 [UiAutomator2] Starting 'com.torummobile.dev' directly on the device
2023-06-22 10:23:23:312 [UiAutomator2] Deleting UiAutomator2 session
2023-06-22 10:23:23:313 [BaseDriver] Event 'newSessionStarted' logged at 1687429403313 (15:53:23 GMT+0530 (India Standard Time))
2023-06-22 10:23:23:387 [W3C] Encountered internal error running command: Error: Neither ANDROID_HOME nor ANDROID_SDK_ROOT environment variable was exported. Read https://developer.android.com/studio/command-line/variables for more details
2023-06-22 10:23:23:387 [W3C]     at requireSdkRoot (C:\Users\Rekha\AppData\Roaming\npm\node_modules\appium\node_modules\appium-adb\lib\helpers.js:36:11)
2023-06-22 10:23:23:387 [W3C]     at Function.createADB (C:\Users\Rekha\AppData\Roaming\npm\node_modules\appium\node_modules\appium-adb\lib\adb.js:57:23)
2023-06-22 10:23:23:387 [W3C]     at Object.createBaseADB (C:\Users\Rekha\AppData\Roaming\npm\node_modules\appium\node_modules\appium-android-driver\lib\android-helpers.js:129:20)
2023-06-22 10:23:23:387 [W3C]     at Object.getDeviceInfoFromCaps (C:\Users\Rekha\AppData\Roaming\npm\node_modules\appium\node_modules\appium-android-driver\lib\android-helpers.js:214:29)
2023-06-22 10:23:23:387 [W3C]     at AndroidUiautomator2Driver.startUiAutomator2Session (C:\Users\Rekha\AppData\Roaming\npm\node_modules\appium\node_modules\appium-uiautomator2-driver\lib\driver.js:338:40)
2023-06-22 10:23:23:387 [W3C]     at AndroidUiautomator2Driver.createSession (C:\Users\Rekha\AppData\Roaming\npm\node_modules\appium\node_modules\appium-uiautomator2-driver\lib\driver.js:229:18)
2023-06-22 10:23:23:387 [W3C]     at processTicksAndRejections (node:internal/process/task_queues:95:5)
2023-06-22 10:23:23:387 [W3C]     at AppiumDriver.createSession (C:\Users\Rekha\AppData\Roaming\npm\node_modules\appium\lib\appium.js:387:35)
2023-06-22 10:23:23:398 [HTTP] <-- POST /wd/hub/session 500 300 ms - 877
2023-06-22 10:23:23:398 [HTTP] 
