2023-07-13 13:26:05:404 [Appium] Welcome to Appium v1.22.3
2023-07-13 13:26:05:418 [Appium] Non-default server args:
2023-07-13 13:26:05:420 [Appium]   port: 19259
2023-07-13 13:26:05:421 [Appium]   sessionOverride: true
2023-07-13 13:26:05:421 [Appium]   logFile: C:\Users\Rekha\eclipse-workspace\Torum-mobile-automation-master\Android_Pixel_3\Server1689254753513.log
2023-07-13 13:26:05:695 [Appium] Appium REST http interface listener started on 0.0.0.0:19259
2023-07-13 13:26:05:710 [HTTP] --> GET /wd/hub/status
2023-07-13 13:26:05:712 [HTTP] {}
2023-07-13 13:26:05:719 [GENERIC] Calling AppiumDriver.getStatus() with args: []
2023-07-13 13:26:05:726 [GENERIC] Responding to client with driver.getStatus() result: {"build":{"version":"1.22.3"}}
2023-07-13 13:26:05:756 [HTTP] <-- GET /wd/hub/status 200 35 ms - 68
2023-07-13 13:26:05:759 [HTTP] 
2023-07-13 13:26:05:776 [HTTP] --> GET /wd/hub/status
2023-07-13 13:26:05:778 [HTTP] {}
2023-07-13 13:26:05:779 [GENERIC] Calling AppiumDriver.getStatus() with args: []
2023-07-13 13:26:05:780 [GENERIC] Responding to client with driver.getStatus() result: {"build":{"version":"1.22.3"}}
2023-07-13 13:26:05:788 [HTTP] <-- GET /wd/hub/status 200 6 ms - 68
2023-07-13 13:26:05:797 [HTTP] 
2023-07-13 13:26:05:810 [HTTP] Request idempotency key: 28158890-a605-44e4-a0de-a803a08eee6c
2023-07-13 13:26:05:855 [HTTP] --> POST /wd/hub/session
2023-07-13 13:26:05:857 [HTTP] {"desiredCapabilities":{"appActivity":"com.torum.app.MainActivity","appPackage":"com.torum.app.dev","automationName":"UiAutomator2","chromeDriverPort":"11000","platformName":"Android","udid":"emulator-5554","deviceName":"Pixel_3","systemPort":"10000"},"capabilities":{"firstMatch":[{"appium:appActivity":"com.torum.app.MainActivity","appium:appPackage":"com.torum.app.dev","appium:automationName":"UiAutomator2","chromeDriverPort":"11000","appium:deviceName":"Pixel_3","platformName":"android","appium:systemPort":"10000","appium:udid":"emulator-5554"}]}}
2023-07-13 13:26:05:865 [W3C] Calling AppiumDriver.createSession() with args: [{"appActivity":"com.torum.app.MainActivity","appPackage":"com.torum.app.dev","automationName":"UiAutomator2","chromeDriverPort":"11000","platformName":"Android","udid":"emulator-5554","deviceName":"Pixel_3","systemPort":"10000"},null,{"firstMatch":[{"appium:appActivity":"com.torum.app.MainActivity","appium:appPackage":"com.torum.app.dev","appium:automationName":"UiAutomator2","chromeDriverPort":"11000","appium:deviceName":"Pixel_3","platformName":"android","appium:systemPort":"10000","appium:udid":"emulator-5554"}]}]
2023-07-13 13:26:05:869 [BaseDriver] Event 'newSessionRequested' logged at 1689254765867 (18:56:05 GMT+0530 (India Standard Time))
2023-07-13 13:26:05:888 [BaseDriver] The following capabilities are not standard capabilities and should have an extension prefix:
2023-07-13 13:26:05:889 [BaseDriver]   chromeDriverPort
2023-07-13 13:26:07:113 [Appium] Appium v1.22.3 creating new AndroidUiautomator2Driver (v1.70.1) session
2023-07-13 13:26:07:115 [Appium] There are no active sessions for cleanup
2023-07-13 13:26:07:128 [BaseDriver] W3C capabilities and MJSONWP desired capabilities were provided
2023-07-13 13:26:07:129 [BaseDriver] Creating session with W3C capabilities: {
2023-07-13 13:26:07:130 [BaseDriver]   "alwaysMatch": {
2023-07-13 13:26:07:131 [BaseDriver]     "appium:chromeDriverPort": "11000",
2023-07-13 13:26:07:131 [BaseDriver]     "platformName": "android",
2023-07-13 13:26:07:132 [BaseDriver]     "appium:appActivity": "com.torum.app.MainActivity",
2023-07-13 13:26:07:132 [BaseDriver]     "appium:appPackage": "com.torum.app.dev",
2023-07-13 13:26:07:133 [BaseDriver]     "appium:automationName": "UiAutomator2",
2023-07-13 13:26:07:133 [BaseDriver]     "appium:deviceName": "Pixel_3",
2023-07-13 13:26:07:134 [BaseDriver]     "appium:systemPort": "10000",
2023-07-13 13:26:07:134 [BaseDriver]     "appium:udid": "emulator-5554"
2023-07-13 13:26:07:135 [BaseDriver]   },
2023-07-13 13:26:07:135 [BaseDriver]   "firstMatch": [
2023-07-13 13:26:07:135 [BaseDriver]     {}
2023-07-13 13:26:07:135 [BaseDriver]   ]
2023-07-13 13:26:07:135 [BaseDriver] }
2023-07-13 13:26:07:143 [BaseDriver] Number capability passed in as string. Functionality may be compromised.
2023-07-13 13:26:07:145 [BaseDriver] Number capability passed in as string. Functionality may be compromised.
2023-07-13 13:26:07:162 [BaseDriver] Capability 'systemPort' changed from string ('10000') to integer (10000). This may cause unexpected behavior
2023-07-13 13:26:07:163 [BaseDriver] Capability 'chromeDriverPort' changed from string ('11000') to integer (11000). This may cause unexpected behavior
2023-07-13 13:26:07:171 [BaseDriver] Session created with session id: 30c718c7-982c-4d82-b569-2e164e42a325
2023-07-13 13:26:07:174 [UiAutomator2] Starting 'com.torum.app.dev' directly on the device
2023-07-13 13:26:07:272 [ADB] Found 2 'build-tools' folders under 'C:\Users\Rekha\AppData\Local\Android\Sdk' (newest first):
2023-07-13 13:26:07:274 [ADB]     C:/Users/Rekha/AppData/Local/Android/Sdk/build-tools/34.0.0
2023-07-13 13:26:07:275 [ADB]     C:/Users/Rekha/AppData/Local/Android/Sdk/build-tools/30.0.3
2023-07-13 13:26:07:277 [ADB] Using 'adb.exe' from 'C:\Users\Rekha\AppData\Local\Android\Sdk\platform-tools\adb.exe'
2023-07-13 13:26:07:280 [ADB] Running 'C:\Users\Rekha\AppData\Local\Android\Sdk\platform-tools\adb.exe -P 5037 start-server'
2023-07-13 13:26:07:358 [AndroidDriver] Retrieving device list
2023-07-13 13:26:07:359 [ADB] Trying to find a connected android device
2023-07-13 13:26:07:360 [ADB] Getting connected devices
2023-07-13 13:26:07:443 [ADB] Connected devices: [{"udid":"ZD2226MYVB","state":"device"},{"udid":"emulator-5554","state":"device"}]
2023-07-13 13:26:07:445 [AndroidDriver] Using device: emulator-5554
2023-07-13 13:26:07:449 [ADB] Using 'adb.exe' from 'C:\Users\Rekha\AppData\Local\Android\Sdk\platform-tools\adb.exe'
2023-07-13 13:26:07:450 [ADB] Running 'C:\Users\Rekha\AppData\Local\Android\Sdk\platform-tools\adb.exe -P 5037 start-server'
2023-07-13 13:26:07:521 [ADB] Setting device id to emulator-5554
2023-07-13 13:26:07:523 [ADB] Running 'C:\Users\Rekha\AppData\Local\Android\Sdk\platform-tools\adb.exe -P 5037 -s emulator-5554 shell getprop ro.build.version.sdk'
2023-07-13 13:26:07:678 [ADB] Current device property 'ro.build.version.sdk': 34
2023-07-13 13:26:07:678 [ADB] Getting device platform version
2023-07-13 13:26:07:679 [ADB] Running 'C:\Users\Rekha\AppData\Local\Android\Sdk\platform-tools\adb.exe -P 5037 -s emulator-5554 shell getprop ro.build.version.release'
2023-07-13 13:26:07:820 [ADB] Current device property 'ro.build.version.release': 14
2023-07-13 13:26:07:821 [ADB] Device API level: 34
2023-07-13 13:26:07:821 [UiAutomator2] Relaxing hidden api policy
2023-07-13 13:26:07:822 [ADB] Running 'C:\Users\Rekha\AppData\Local\Android\Sdk\platform-tools\adb.exe -P 5037 -s emulator-5554 shell 'settings put global hidden_api_policy_pre_p_apps 1;settings put global hidden_api_policy_p_apps 1;settings put global hidden_api_policy 1''
2023-07-13 13:26:08:250 [AndroidDriver] No app sent in, not parsing package/activity
2023-07-13 13:26:08:252 [ADB] Running 'C:\Users\Rekha\AppData\Local\Android\Sdk\platform-tools\adb.exe -P 5037 -s emulator-5554 wait-for-device'
2023-07-13 13:26:08:337 [ADB] Running 'C:\Users\Rekha\AppData\Local\Android\Sdk\platform-tools\adb.exe -P 5037 -s emulator-5554 shell echo ping'
2023-07-13 13:26:08:489 [AndroidDriver] Pushing settings apk to device...
2023-07-13 13:26:08:492 [ADB] Getting install status for io.appium.settings
2023-07-13 13:26:08:492 [ADB] Running 'C:\Users\Rekha\AppData\Local\Android\Sdk\platform-tools\adb.exe -P 5037 -s emulator-5554 shell dumpsys package io.appium.settings'
2023-07-13 13:26:08:956 [ADB] 'io.appium.settings' is installed
2023-07-13 13:26:08:957 [ADB] Getting package info for 'io.appium.settings'
2023-07-13 13:26:08:958 [ADB] Running 'C:\Users\Rekha\AppData\Local\Android\Sdk\platform-tools\adb.exe -P 5037 -s emulator-5554 shell dumpsys package io.appium.settings'
2023-07-13 13:26:09:257 [ADB] The version name of the installed 'io.appium.settings' is greater or equal to the application version name ('3.4.0' >= '3.4.0')
2023-07-13 13:26:09:258 [ADB] There is no need to install/upgrade 'C:\Users\Rekha\AppData\Roaming\npm\node_modules\appium\node_modules\io.appium.settings\apks\settings_apk-debug.apk'
2023-07-13 13:26:09:259 [ADB] Getting IDs of all 'io.appium.settings' processes
2023-07-13 13:26:09:260 [ADB] Running 'C:\Users\Rekha\AppData\Local\Android\Sdk\platform-tools\adb.exe -P 5037 -s emulator-5554 shell 'pgrep --help; echo $?''
2023-07-13 13:26:09:455 [ADB] Running 'C:\Users\Rekha\AppData\Local\Android\Sdk\platform-tools\adb.exe -P 5037 -s emulator-5554 shell pgrep -f \(\[\[:blank:\]\]\|\^\)io\.appium\.settings\(\[\[:blank:\]\]\|\$\)'
2023-07-13 13:26:09:707 [AndroidDriver] io.appium.settings is already running. There is no need to reset its permissions.
2023-07-13 13:26:09:709 [Logcat] Starting logs capture with command: C:\\Users\\Rekha\\AppData\\Local\\Android\\Sdk\\platform-tools\\adb.exe -P 5037 -s emulator-5554 logcat -v threadtime
2023-07-13 13:26:09:841 [UiAutomator2] Forwarding UiAutomator2 Server port 6790 to local port 10000
2023-07-13 13:26:09:849 [ADB] Forwarding system: 10000 to device: 6790
2023-07-13 13:26:09:850 [ADB] Running 'C:\Users\Rekha\AppData\Local\Android\Sdk\platform-tools\adb.exe -P 5037 -s emulator-5554 forward tcp:10000 tcp:6790'
2023-07-13 13:26:09:939 [ADB] Getting install status for io.appium.uiautomator2.server
2023-07-13 13:26:09:940 [ADB] Running 'C:\Users\Rekha\AppData\Local\Android\Sdk\platform-tools\adb.exe -P 5037 -s emulator-5554 shell dumpsys package io.appium.uiautomator2.server'
2023-07-13 13:26:10:251 [ADB] 'io.appium.uiautomator2.server' is installed
2023-07-13 13:26:10:251 [ADB] Getting package info for 'io.appium.uiautomator2.server'
2023-07-13 13:26:10:251 [ADB] Running 'C:\Users\Rekha\AppData\Local\Android\Sdk\platform-tools\adb.exe -P 5037 -s emulator-5554 shell dumpsys package io.appium.uiautomator2.server'
2023-07-13 13:26:11:661 [ADB] The version name of the installed 'io.appium.uiautomator2.server' is greater or equal to the application version name ('4.27.0' >= '4.27.0')
2023-07-13 13:26:11:662 [UiAutomator2] io.appium.uiautomator2.server installation state: sameVersionInstalled
2023-07-13 13:26:11:663 [ADB] Checking app cert for C:\Users\Rekha\AppData\Roaming\npm\node_modules\appium\node_modules\appium-uiautomator2-server\apks\appium-uiautomator2-server-v4.27.0.apk
2023-07-13 13:26:11:817 [ADB] Using 'apksigner.jar' from 'C:\Users\Rekha\AppData\Local\Android\Sdk\build-tools\34.0.0\lib\apksigner.jar'
2023-07-13 13:26:11:870 [ADB] Starting apksigner: 'C:\\Program Files\\Java\\jdk-20\\bin\\java.exe' -Xmx1024M -Xss1m -jar C:\\Users\\Rekha\\AppData\\Local\\Android\\Sdk\\build-tools\\34.0.0\\lib\\apksigner.jar verify --print-certs C:\\Users\\Rekha\\AppData\\Roaming\\npm\\node_modules\\appium\\node_modules\\appium-uiautomator2-server\\apks\\appium-uiautomator2-server-v4.27.0.apk
2023-07-13 13:26:16:822 [ADB] apksigner stdout: Signer #1 certificate DN: EMAILADDRESS=android@android.com, CN=Android, OU=Android, O=Android, L=Mountain View, ST=California, C=US
2023-07-13 13:26:16:822 [ADB] Signer #1 certificate SHA-256 digest: a40da80a59d170caa950cf15c18c454d47a39b26989d8b640ecd745ba71bf5dc
2023-07-13 13:26:16:822 [ADB] Signer #1 certificate SHA-1 digest: 61ed377e85d386a8dfee6b864bd85b0bfaa5af81
2023-07-13 13:26:16:823 [ADB] Signer #1 certificate MD5 digest: e89b158e4bcf988ebd09eb83f5378e87
2023-07-13 13:26:16:823 [ADB] 
2023-07-13 13:26:16:824 [ADB] sha256 hash did match for 'appium-uiautomator2-server-v4.27.0.apk'
2023-07-13 13:26:16:824 [ADB] 'C:\Users\Rekha\AppData\Roaming\npm\node_modules\appium\node_modules\appium-uiautomator2-server\apks\appium-uiautomator2-server-v4.27.0.apk' is signed with the default certificate
2023-07-13 13:26:16:824 [ADB] Getting install status for io.appium.uiautomator2.server.test
2023-07-13 13:26:16:825 [ADB] Running 'C:\Users\Rekha\AppData\Local\Android\Sdk\platform-tools\adb.exe -P 5037 -s emulator-5554 shell dumpsys package io.appium.uiautomator2.server.test'
2023-07-13 13:26:17:034 [ADB] 'io.appium.uiautomator2.server.test' is installed
2023-07-13 13:26:17:034 [ADB] Checking app cert for C:\Users\Rekha\AppData\Roaming\npm\node_modules\appium\node_modules\appium-uiautomator2-server\apks\appium-uiautomator2-server-debug-androidTest.apk
2023-07-13 13:26:17:042 [ADB] Starting apksigner: 'C:\\Program Files\\Java\\jdk-20\\bin\\java.exe' -Xmx1024M -Xss1m -jar C:\\Users\\Rekha\\AppData\\Local\\Android\\Sdk\\build-tools\\34.0.0\\lib\\apksigner.jar verify --print-certs C:\\Users\\Rekha\\AppData\\Roaming\\npm\\node_modules\\appium\\node_modules\\appium-uiautomator2-server\\apks\\appium-uiautomator2-server-debug-androidTest.apk
2023-07-13 13:26:18:217 [ADB] apksigner stdout: Signer #1 certificate DN: EMAILADDRESS=android@android.com, CN=Android, OU=Android, O=Android, L=Mountain View, ST=California, C=US
2023-07-13 13:26:18:217 [ADB] Signer #1 certificate SHA-256 digest: a40da80a59d170caa950cf15c18c454d47a39b26989d8b640ecd745ba71bf5dc
2023-07-13 13:26:18:217 [ADB] Signer #1 certificate SHA-1 digest: 61ed377e85d386a8dfee6b864bd85b0bfaa5af81
2023-07-13 13:26:18:218 [ADB] Signer #1 certificate MD5 digest: e89b158e4bcf988ebd09eb83f5378e87
2023-07-13 13:26:18:218 [ADB] 
2023-07-13 13:26:18:218 [ADB] sha256 hash did match for 'appium-uiautomator2-server-debug-androidTest.apk'
2023-07-13 13:26:18:219 [ADB] 'C:\Users\Rekha\AppData\Roaming\npm\node_modules\appium\node_modules\appium-uiautomator2-server\apks\appium-uiautomator2-server-debug-androidTest.apk' is signed with the default certificate
2023-07-13 13:26:18:219 [UiAutomator2] Server packages are not going to be (re)installed
2023-07-13 13:26:18:226 [UiAutomator2] Waiting up to 30000ms for services to be available
2023-07-13 13:26:18:228 [ADB] Running 'C:\Users\Rekha\AppData\Local\Android\Sdk\platform-tools\adb.exe -P 5037 -s emulator-5554 shell pm list instrumentation'
2023-07-13 13:26:18:394 [UiAutomator2] Instrumentation target 'io.appium.uiautomator2.server.test/androidx.test.runner.AndroidJUnitRunner' is available
2023-07-13 13:26:18:400 [ADB] Adding packages ["io.appium.settings","io.appium.uiautomator2.server","io.appium.uiautomator2.server.test"] to Doze whitelist
2023-07-13 13:26:18:401 [ADB] Got the following command chunks to execute: [["dumpsys","deviceidle","whitelist","+io.appium.settings",";","dumpsys","deviceidle","whitelist","+io.appium.uiautomator2.server",";","dumpsys","deviceidle","whitelist","+io.appium.uiautomator2.server.test",";"]]
2023-07-13 13:26:18:401 [ADB] Running 'C:\Users\Rekha\AppData\Local\Android\Sdk\platform-tools\adb.exe -P 5037 -s emulator-5554 shell dumpsys deviceidle whitelist +io.appium.settings ; dumpsys deviceidle whitelist +io.appium.uiautomator2.server ; dumpsys deviceidle whitelist +io.appium.uiautomator2.server.test ;'
2023-07-13 13:26:18:674 [UiAutomator2] No app capability. Assuming it is already on the device
2023-07-13 13:26:18:675 [ADB] Getting install status for com.torum.app.dev
2023-07-13 13:26:18:675 [ADB] Running 'C:\Users\Rekha\AppData\Local\Android\Sdk\platform-tools\adb.exe -P 5037 -s emulator-5554 shell dumpsys package com.torum.app.dev'
2023-07-13 13:26:18:851 [ADB] 'com.torum.app.dev' is installed
2023-07-13 13:26:18:853 [ADB] Running 'C:\Users\Rekha\AppData\Local\Android\Sdk\platform-tools\adb.exe -P 5037 -s emulator-5554 shell am force-stop com.torum.app.dev'
2023-07-13 13:26:19:075 [ADB] Running 'C:\Users\Rekha\AppData\Local\Android\Sdk\platform-tools\adb.exe -P 5037 -s emulator-5554 shell pm clear com.torum.app.dev'
2023-07-13 13:26:19:327 [AndroidDriver] Performed fast reset on the installed 'com.torum.app.dev' application (stop and clear)
2023-07-13 13:26:19:328 [UiAutomator2] Performing shallow cleanup of automation leftovers
2023-07-13 13:26:19:368 [UiAutomator2] No obsolete sessions have been detected (socket hang up)
2023-07-13 13:26:19:368 [ADB] Running 'C:\Users\Rekha\AppData\Local\Android\Sdk\platform-tools\adb.exe -P 5037 -s emulator-5554 shell am force-stop io.appium.uiautomator2.server.test'
2023-07-13 13:26:19:602 [UiAutomator2] Starting UIAutomator2 server 4.27.0
2023-07-13 13:26:19:602 [UiAutomator2] Using UIAutomator2 server from 'C:\Users\Rekha\AppData\Roaming\npm\node_modules\appium\node_modules\appium-uiautomator2-server\apks\appium-uiautomator2-server-v4.27.0.apk' and test from 'C:\Users\Rekha\AppData\Roaming\npm\node_modules\appium\node_modules\appium-uiautomator2-server\apks\appium-uiautomator2-server-debug-androidTest.apk'
2023-07-13 13:26:19:602 [UiAutomator2] Waiting up to 30000ms for UiAutomator2 to be online...
2023-07-13 13:26:19:603 [ADB] Creating ADB subprocess with args: ["-P",5037,"-s","emulator-5554","shell","am","instrument","-w","-e","disableAnalytics",true,"io.appium.uiautomator2.server.test/androidx.test.runner.AndroidJUnitRunner"]
2023-07-13 13:26:19:615 [WD Proxy] Matched '/status' to command name 'getStatus'
2023-07-13 13:26:19:617 [WD Proxy] Proxying [GET /status] to [GET http://127.0.0.1:10000/wd/hub/status] with no body
2023-07-13 13:26:19:640 [WD Proxy] socket hang up
2023-07-13 13:26:20:651 [WD Proxy] Matched '/status' to command name 'getStatus'
2023-07-13 13:26:20:653 [WD Proxy] Proxying [GET /status] to [GET http://127.0.0.1:10000/wd/hub/status] with no body
2023-07-13 13:26:20:668 [WD Proxy] socket hang up
2023-07-13 13:26:21:679 [WD Proxy] Matched '/status' to command name 'getStatus'
2023-07-13 13:26:21:680 [WD Proxy] Proxying [GET /status] to [GET http://127.0.0.1:10000/wd/hub/status] with no body
2023-07-13 13:26:21:696 [WD Proxy] socket hang up
2023-07-13 13:26:22:712 [WD Proxy] Matched '/status' to command name 'getStatus'
2023-07-13 13:26:22:713 [WD Proxy] Proxying [GET /status] to [GET http://127.0.0.1:10000/wd/hub/status] with no body
2023-07-13 13:26:22:729 [WD Proxy] socket hang up
2023-07-13 13:26:23:741 [WD Proxy] Matched '/status' to command name 'getStatus'
2023-07-13 13:26:23:742 [WD Proxy] Proxying [GET /status] to [GET http://127.0.0.1:10000/wd/hub/status] with no body
2023-07-13 13:26:23:767 [WD Proxy] socket hang up
2023-07-13 13:26:23:824 [Instrumentation] io.appium.uiautomator2.server.test.AppiumUiAutomator2Server:
2023-07-13 13:26:24:770 [WD Proxy] Matched '/status' to command name 'getStatus'
2023-07-13 13:26:24:770 [WD Proxy] Proxying [GET /status] to [GET http://127.0.0.1:10000/wd/hub/status] with no body
2023-07-13 13:26:24:788 [WD Proxy] socket hang up
2023-07-13 13:26:25:801 [WD Proxy] Matched '/status' to command name 'getStatus'
2023-07-13 13:26:25:801 [WD Proxy] Proxying [GET /status] to [GET http://127.0.0.1:10000/wd/hub/status] with no body
2023-07-13 13:26:26:068 [WD Proxy] Got response with status 200: {"sessionId":"None","value":{"message":"UiAutomator2 Server is ready to accept commands","ready":true}}
2023-07-13 13:26:26:069 [UiAutomator2] The initialization of the instrumentation process took 6466ms
2023-07-13 13:26:26:069 [WD Proxy] Matched '/session' to command name 'createSession'
2023-07-13 13:26:26:070 [WD Proxy] Proxying [POST /session] to [POST http://127.0.0.1:10000/wd/hub/session] with body: {"capabilities":{"firstMatch":[{"platform":"LINUX","webStorageEnabled":false,"takesScreenshot":true,"javascriptEnabled":true,"databaseEnabled":false,"networkConnectionEnabled":true,"locationContextEnabled":false,"warnings":{},"desired":{"platformName":"android","chromeDriverPort":11000,"appActivity":"com.torum.app.MainActivity","appPackage":"com.torum.app.dev","automationName":"UiAutomator2","deviceName":"Pixel_3","systemPort":10000,"udid":"emulator-5554"},"platformName":"android","chromeDriverPort":11000,"appActivity":"com.torum.app.MainActivity","appPackage":"com.torum.app.dev","automationName":"UiAutomator2","deviceName":"emulator-5554","systemPort":10000,"udid":"emulator-5554","deviceUDID":"emulator-5554"}],"alwaysMatch":{}}}
2023-07-13 13:26:26:157 [WD Proxy] Got response with status 200: {"sessionId":"99f6b855-5ab4-435f-a860-7f05e92707a0","value":{"capabilities":{"firstMatch":[{"platform":"LINUX","webStorageEnabled":false,"takesScreenshot":true,"javascriptEnabled":true,"databaseEnabled":false,"networkConnectionEnabled":true,"locationContextEnabled":false,"warnings":{},"desired":{"platformName":"android","chromeDriverPort":11000,"appActivity":"com.torum.app.MainActivity","appPackage":"com.torum.app.dev","automationName":"UiAutomator2","deviceName":"Pixel_3","systemPort":10000,"udid":"emulator-5554"},"platformName":"android","chromeDriverPort":11000,"appActivity":"com.torum.app.MainActivity","appPackage":"com.torum.app.dev","automationName":"UiAutomator2","deviceName":"emulator-5554","systemPort":10000,"udid":"emulator-5554","deviceUDID":"emulator-5554"}],"alwaysMatch":{}},"sessionId":"99f6b855-5ab4-435f-a860-7f05e92707a0"}}
2023-07-13 13:26:26:158 [WD Proxy] Determined the downstream protocol as 'W3C'
2023-07-13 13:26:26:183 [WD Proxy] Proxying [GET /appium/device/info] to [GET http://127.0.0.1:10000/wd/hub/session/99f6b855-5ab4-435f-a860-7f05e92707a0/appium/device/info] with no body
2023-07-13 13:26:26:256 [WD Proxy] Got response with status 200: {"sessionId":"99f6b855-5ab4-435f-a860-7f05e92707a0","value":{"androidId":"c26ebd1f964d0b34","apiVersion":"34","bluetooth":{"state":"OFF"},"brand":"google","carrierName":"T-Mobile","displayDensity":440,"locale":"en_US","manufacturer":"Google","model":"sdk_gphone64_x86_64","networks":[{"capabilities":{"SSID":null,"linkDownBandwidthKbps":30000,"linkUpstreamBandwidthKbps":12000,"networkCapabilities":"NET_CAPABILITY_NOT_METERED,NET_CAPABILITY_INTERNET,NET_CAPABILITY_NOT_RESTRICTED,NET_CAPABILITY_TRUSTED,NET_CAPABILITY_NOT_VPN,NET_CAPABILITY_VALIDATED,NET_CAPABILITY_NOT_ROAMING,NET_CAPABILITY_FOREGROUND,NET_CAPABILITY_NOT_CONGESTED,NET_CAPABILITY_NOT_SUSPENDED","signalStrength":-50,"transportTypes":"TRANSPORT_WIFI"},"detailedState":"CONNECTED","extraInfo":"","isAvailable":true,"isConnected":true,"isFailover":false,"isRoaming":false,"state":"CONNECTED","subtype":-1,"subtypeName":"","type":1,"typeName":"WIFI"},{"capabilities":{"SSID":null,"linkDownBandwidthKbps":4300,"linkUpstreamBandwidthKbps":1800,"networkCapabi...
2023-07-13 13:26:26:256 [ADB] Running 'C:\Users\Rekha\AppData\Local\Android\Sdk\platform-tools\adb.exe -P 5037 -s emulator-5554 shell dumpsys window'
2023-07-13 13:26:26:398 [AndroidDriver] Screen already unlocked, doing nothing
2023-07-13 13:26:26:399 [UiAutomator2] Starting 'com.torum.app.dev/com.torum.app.MainActivity and waiting for 'com.torum.app.dev/com.torum.app.MainActivity'
2023-07-13 13:26:26:400 [ADB] Running 'C:\Users\Rekha\AppData\Local\Android\Sdk\platform-tools\adb.exe -P 5037 -s emulator-5554 shell am start -W -n com.torum.app.dev/com.torum.app.MainActivity -S -a android.intent.action.MAIN -c android.intent.category.LAUNCHER -f 0x10200000'
2023-07-13 13:26:29:926 [WD Proxy] Proxying [GET /appium/device/pixel_ratio] to [GET http://127.0.0.1:10000/wd/hub/session/99f6b855-5ab4-435f-a860-7f05e92707a0/appium/device/pixel_ratio] with no body
2023-07-13 13:26:30:044 [WD Proxy] Got response with status 200: {"sessionId":"99f6b855-5ab4-435f-a860-7f05e92707a0","value":2.75}
2023-07-13 13:26:30:046 [WD Proxy] Matched '/appium/device/system_bars' to command name 'getSystemBars'
2023-07-13 13:26:30:047 [WD Proxy] Proxying [GET /appium/device/system_bars] to [GET http://127.0.0.1:10000/wd/hub/session/99f6b855-5ab4-435f-a860-7f05e92707a0/appium/device/system_bars] with no body
2023-07-13 13:26:30:169 [WD Proxy] Got response with status 200: {"sessionId":"99f6b855-5ab4-435f-a860-7f05e92707a0","value":{"statusBar":66}}
2023-07-13 13:26:30:170 [WD Proxy] Matched '/window/current/size' to command name 'getWindowSize'
2023-07-13 13:26:30:170 [WD Proxy] Proxying [GET /window/current/size] to [GET http://127.0.0.1:10000/wd/hub/session/99f6b855-5ab4-435f-a860-7f05e92707a0/window/current/size] with no body
2023-07-13 13:26:30:218 [WD Proxy] Got response with status 200: {"sessionId":"99f6b855-5ab4-435f-a860-7f05e92707a0","value":{"height":2154,"width":1080}}
2023-07-13 13:26:30:220 [Appium] New AndroidUiautomator2Driver session created successfully, session 30c718c7-982c-4d82-b569-2e164e42a325 added to master session list
2023-07-13 13:26:30:221 [BaseDriver] Event 'newSessionStarted' logged at 1689254790221 (18:56:30 GMT+0530 (India Standard Time))
2023-07-13 13:26:30:222 [W3C (30c718c7)] Cached the protocol value 'W3C' for the new session 30c718c7-982c-4d82-b569-2e164e42a325
2023-07-13 13:26:30:224 [W3C (30c718c7)] Responding to client with driver.createSession() result: {"capabilities":{"platform":"LINUX","webStorageEnabled":false,"takesScreenshot":true,"javascriptEnabled":true,"databaseEnabled":false,"networkConnectionEnabled":true,"locationContextEnabled":false,"warnings":{},"desired":{"platformName":"android","chromeDriverPort":11000,"appActivity":"com.torum.app.MainActivity","appPackage":"com.torum.app.dev","automationName":"UiAutomator2","deviceName":"Pixel_3","systemPort":10000,"udid":"emulator-5554"},"platformName":"android","chromeDriverPort":11000,"appActivity":"com.torum.app.MainActivity","appPackage":"com.torum.app.dev","automationName":"UiAutomator2","deviceName":"emulator-5554","systemPort":10000,"udid":"emulator-5554","deviceUDID":"emulator-5554","deviceApiLevel":34,"platformVersion":"14","deviceScreenSize":"1080x2220","deviceScreenDensity":440,"deviceModel":"sdk_gphone64_x86_64","deviceManufacturer":"Google","pixelRatio":2.75,"statBarHeight":66,"viewportRect":{"left":0,"top":66,"width":1080,"height":2088}}}
2023-07-13 13:26:30:228 [HTTP] <-- POST /wd/hub/session 200 24370 ms - 1031
2023-07-13 13:26:30:228 [HTTP] 
2023-07-13 13:26:30:241 [HTTP] --> POST /wd/hub/session/30c718c7-982c-4d82-b569-2e164e42a325/element
2023-07-13 13:26:30:241 [HTTP] {"using":"xpath","value":"//*[contains(@text,'Login here')]/.."}
2023-07-13 13:26:30:252 [W3C (30c718c7)] Calling AppiumDriver.findElement() with args: ["xpath","//*[contains(@text,'Login here')]/..","30c718c7-982c-4d82-b569-2e164e42a325"]
2023-07-13 13:26:30:254 [BaseDriver] Valid locator strategies for this request: xpath, id, class name, accessibility id, css selector, -android uiautomator
2023-07-13 13:26:30:255 [BaseDriver] Waiting up to 0 ms for condition
2023-07-13 13:26:30:257 [WD Proxy] Matched '/element' to command name 'findElement'
2023-07-13 13:26:30:258 [WD Proxy] Proxying [POST /element] to [POST http://127.0.0.1:10000/wd/hub/session/99f6b855-5ab4-435f-a860-7f05e92707a0/element] with body: {"strategy":"xpath","selector":"//*[contains(@text,'Login here')]/..","context":"","multiple":false}
2023-07-13 13:26:37:698 [WD Proxy] Got response with status 404: {"sessionId":"99f6b855-5ab4-435f-a860-7f05e92707a0","value":{"error":"no such element","message":"An element could not be located on the page using the given search parameters","stacktrace":"io.appium.uiautomator2.common.exceptions.ElementNotFoundException: An element could not be located on the page using the given search parameters\n\tat io.appium.uiautomator2.handler.FindElement.findElement(FindElement.java:90)\n\tat io.appium.uiautomator2.handler.FindElement.safeHandle(FindElement.java:67)\n\tat io.appium.uiautomator2.handler.request.SafeRequestHandler.handle(SafeRequestHandler.java:59)\n\tat io.appium.uiautomator2.server.AppiumServlet.handleRequest(AppiumServlet.java:266)\n\tat io.appium.uiautomator2.server.AppiumServlet.handleHttpRequest(AppiumServlet.java:260)\n\tat io.appium.uiautomator2.http.ServerHandler.channelRead(ServerHandler.java:68)\n\tat io.netty.channel.AbstractChannelHandlerContext.invokeChannelRead(AbstractChannelHandlerContext.java:366)\n\tat io.netty.channel.AbstractChannelHandlerCont...
2023-07-13 13:26:37:699 [W3C] Matched W3C error code 'no such element' to NoSuchElementError
2023-07-13 13:26:37:734 [W3C (30c718c7)] Encountered internal error running command: NoSuchElementError: An element could not be located on the page using the given search parameters.
2023-07-13 13:26:37:735 [W3C (30c718c7)]     at AndroidUiautomator2Driver.findElOrEls (C:\Users\Rekha\AppData\Roaming\npm\node_modules\appium\node_modules\appium-android-driver\lib\commands\find.js:75:11)
2023-07-13 13:26:37:735 [W3C (30c718c7)]     at processTicksAndRejections (node:internal/process/task_queues:95:5)
2023-07-13 13:26:37:735 [W3C (30c718c7)]     at AndroidUiautomator2Driver.findElOrElsWithProcessing (C:\Users\Rekha\AppData\Roaming\npm\node_modules\appium\node_modules\appium-base-driver\lib\basedriver\commands\find.js:33:12)
2023-07-13 13:26:37:735 [W3C (30c718c7)]     at AndroidUiautomator2Driver.findElement (C:\Users\Rekha\AppData\Roaming\npm\node_modules\appium\node_modules\appium-base-driver\lib\basedriver\commands\find.js:53:10)
2023-07-13 13:26:37:737 [HTTP] <-- POST /wd/hub/session/30c718c7-982c-4d82-b569-2e164e42a325/element 404 7495 ms - 880
2023-07-13 13:26:37:737 [HTTP] 
2023-07-13 13:26:38:259 [HTTP] --> POST /wd/hub/session/30c718c7-982c-4d82-b569-2e164e42a325/element
2023-07-13 13:26:38:259 [HTTP] {"using":"xpath","value":"//*[contains(@text,'Login here')]/.."}
2023-07-13 13:26:38:265 [W3C (30c718c7)] Calling AppiumDriver.findElement() with args: ["xpath","//*[contains(@text,'Login here')]/..","30c718c7-982c-4d82-b569-2e164e42a325"]
2023-07-13 13:26:38:265 [BaseDriver] Valid locator strategies for this request: xpath, id, class name, accessibility id, css selector, -android uiautomator
2023-07-13 13:26:38:266 [BaseDriver] Waiting up to 0 ms for condition
2023-07-13 13:26:38:272 [WD Proxy] Matched '/element' to command name 'findElement'
2023-07-13 13:26:38:273 [WD Proxy] Proxying [POST /element] to [POST http://127.0.0.1:10000/wd/hub/session/99f6b855-5ab4-435f-a860-7f05e92707a0/element] with body: {"strategy":"xpath","selector":"//*[contains(@text,'Login here')]/..","context":"","multiple":false}
2023-07-13 13:26:38:650 [WD Proxy] Got response with status 404: {"sessionId":"99f6b855-5ab4-435f-a860-7f05e92707a0","value":{"error":"no such element","message":"An element could not be located on the page using the given search parameters","stacktrace":"io.appium.uiautomator2.common.exceptions.ElementNotFoundException: An element could not be located on the page using the given search parameters\n\tat io.appium.uiautomator2.handler.FindElement.findElement(FindElement.java:90)\n\tat io.appium.uiautomator2.handler.FindElement.safeHandle(FindElement.java:67)\n\tat io.appium.uiautomator2.handler.request.SafeRequestHandler.handle(SafeRequestHandler.java:59)\n\tat io.appium.uiautomator2.server.AppiumServlet.handleRequest(AppiumServlet.java:266)\n\tat io.appium.uiautomator2.server.AppiumServlet.handleHttpRequest(AppiumServlet.java:260)\n\tat io.appium.uiautomator2.http.ServerHandler.channelRead(ServerHandler.java:68)\n\tat io.netty.channel.AbstractChannelHandlerContext.invokeChannelRead(AbstractChannelHandlerContext.java:366)\n\tat io.netty.channel.AbstractChannelHandlerCont...
2023-07-13 13:26:38:652 [W3C] Matched W3C error code 'no such element' to NoSuchElementError
2023-07-13 13:26:38:654 [W3C (30c718c7)] Encountered internal error running command: NoSuchElementError: An element could not be located on the page using the given search parameters.
2023-07-13 13:26:38:655 [W3C (30c718c7)]     at AndroidUiautomator2Driver.findElOrEls (C:\Users\Rekha\AppData\Roaming\npm\node_modules\appium\node_modules\appium-android-driver\lib\commands\find.js:75:11)
2023-07-13 13:26:38:655 [W3C (30c718c7)]     at processTicksAndRejections (node:internal/process/task_queues:95:5)
2023-07-13 13:26:38:655 [W3C (30c718c7)]     at AndroidUiautomator2Driver.findElOrElsWithProcessing (C:\Users\Rekha\AppData\Roaming\npm\node_modules\appium\node_modules\appium-base-driver\lib\basedriver\commands\find.js:33:12)
2023-07-13 13:26:38:655 [W3C (30c718c7)]     at AndroidUiautomator2Driver.findElement (C:\Users\Rekha\AppData\Roaming\npm\node_modules\appium\node_modules\appium-base-driver\lib\basedriver\commands\find.js:53:10)
2023-07-13 13:26:38:658 [HTTP] <-- POST /wd/hub/session/30c718c7-982c-4d82-b569-2e164e42a325/element 404 397 ms - 880
2023-07-13 13:26:38:659 [HTTP] 
2023-07-13 13:26:39:180 [HTTP] --> POST /wd/hub/session/30c718c7-982c-4d82-b569-2e164e42a325/element
2023-07-13 13:26:39:180 [HTTP] {"using":"xpath","value":"//*[contains(@text,'Login here')]/.."}
2023-07-13 13:26:39:182 [W3C (30c718c7)] Calling AppiumDriver.findElement() with args: ["xpath","//*[contains(@text,'Login here')]/..","30c718c7-982c-4d82-b569-2e164e42a325"]
2023-07-13 13:26:39:183 [BaseDriver] Valid locator strategies for this request: xpath, id, class name, accessibility id, css selector, -android uiautomator
2023-07-13 13:26:39:183 [BaseDriver] Waiting up to 0 ms for condition
2023-07-13 13:26:39:193 [WD Proxy] Matched '/element' to command name 'findElement'
2023-07-13 13:26:39:194 [WD Proxy] Proxying [POST /element] to [POST http://127.0.0.1:10000/wd/hub/session/99f6b855-5ab4-435f-a860-7f05e92707a0/element] with body: {"strategy":"xpath","selector":"//*[contains(@text,'Login here')]/..","context":"","multiple":false}
2023-07-13 13:26:39:677 [WD Proxy] Got response with status 404: {"sessionId":"99f6b855-5ab4-435f-a860-7f05e92707a0","value":{"error":"no such element","message":"An element could not be located on the page using the given search parameters","stacktrace":"io.appium.uiautomator2.common.exceptions.ElementNotFoundException: An element could not be located on the page using the given search parameters\n\tat io.appium.uiautomator2.handler.FindElement.findElement(FindElement.java:90)\n\tat io.appium.uiautomator2.handler.FindElement.safeHandle(FindElement.java:67)\n\tat io.appium.uiautomator2.handler.request.SafeRequestHandler.handle(SafeRequestHandler.java:59)\n\tat io.appium.uiautomator2.server.AppiumServlet.handleRequest(AppiumServlet.java:266)\n\tat io.appium.uiautomator2.server.AppiumServlet.handleHttpRequest(AppiumServlet.java:260)\n\tat io.appium.uiautomator2.http.ServerHandler.channelRead(ServerHandler.java:68)\n\tat io.netty.channel.AbstractChannelHandlerContext.invokeChannelRead(AbstractChannelHandlerContext.java:366)\n\tat io.netty.channel.AbstractChannelHandlerCont...
2023-07-13 13:26:39:678 [W3C] Matched W3C error code 'no such element' to NoSuchElementError
2023-07-13 13:26:39:682 [W3C (30c718c7)] Encountered internal error running command: NoSuchElementError: An element could not be located on the page using the given search parameters.
2023-07-13 13:26:39:682 [W3C (30c718c7)]     at AndroidUiautomator2Driver.findElOrEls (C:\Users\Rekha\AppData\Roaming\npm\node_modules\appium\node_modules\appium-android-driver\lib\commands\find.js:75:11)
2023-07-13 13:26:39:682 [W3C (30c718c7)]     at processTicksAndRejections (node:internal/process/task_queues:95:5)
2023-07-13 13:26:39:682 [W3C (30c718c7)]     at AndroidUiautomator2Driver.findElOrElsWithProcessing (C:\Users\Rekha\AppData\Roaming\npm\node_modules\appium\node_modules\appium-base-driver\lib\basedriver\commands\find.js:33:12)
2023-07-13 13:26:39:683 [W3C (30c718c7)]     at AndroidUiautomator2Driver.findElement (C:\Users\Rekha\AppData\Roaming\npm\node_modules\appium\node_modules\appium-base-driver\lib\basedriver\commands\find.js:53:10)
2023-07-13 13:26:39:686 [HTTP] <-- POST /wd/hub/session/30c718c7-982c-4d82-b569-2e164e42a325/element 404 505 ms - 880
2023-07-13 13:26:39:686 [HTTP] 
2023-07-13 13:26:40:196 [HTTP] --> POST /wd/hub/session/30c718c7-982c-4d82-b569-2e164e42a325/element
2023-07-13 13:26:40:196 [HTTP] {"using":"xpath","value":"//*[contains(@text,'Login here')]/.."}
2023-07-13 13:26:40:197 [W3C (30c718c7)] Calling AppiumDriver.findElement() with args: ["xpath","//*[contains(@text,'Login here')]/..","30c718c7-982c-4d82-b569-2e164e42a325"]
2023-07-13 13:26:40:198 [BaseDriver] Valid locator strategies for this request: xpath, id, class name, accessibility id, css selector, -android uiautomator
2023-07-13 13:26:40:198 [BaseDriver] Waiting up to 0 ms for condition
2023-07-13 13:26:40:199 [WD Proxy] Matched '/element' to command name 'findElement'
2023-07-13 13:26:40:201 [WD Proxy] Proxying [POST /element] to [POST http://127.0.0.1:10000/wd/hub/session/99f6b855-5ab4-435f-a860-7f05e92707a0/element] with body: {"strategy":"xpath","selector":"//*[contains(@text,'Login here')]/..","context":"","multiple":false}
2023-07-13 13:26:40:922 [WD Proxy] Got response with status 404: {"sessionId":"99f6b855-5ab4-435f-a860-7f05e92707a0","value":{"error":"no such element","message":"An element could not be located on the page using the given search parameters","stacktrace":"io.appium.uiautomator2.common.exceptions.ElementNotFoundException: An element could not be located on the page using the given search parameters\n\tat io.appium.uiautomator2.handler.FindElement.findElement(FindElement.java:90)\n\tat io.appium.uiautomator2.handler.FindElement.safeHandle(FindElement.java:67)\n\tat io.appium.uiautomator2.handler.request.SafeRequestHandler.handle(SafeRequestHandler.java:59)\n\tat io.appium.uiautomator2.server.AppiumServlet.handleRequest(AppiumServlet.java:266)\n\tat io.appium.uiautomator2.server.AppiumServlet.handleHttpRequest(AppiumServlet.java:260)\n\tat io.appium.uiautomator2.http.ServerHandler.channelRead(ServerHandler.java:68)\n\tat io.netty.channel.AbstractChannelHandlerContext.invokeChannelRead(AbstractChannelHandlerContext.java:366)\n\tat io.netty.channel.AbstractChannelHandlerCont...
2023-07-13 13:26:40:923 [W3C] Matched W3C error code 'no such element' to NoSuchElementError
2023-07-13 13:26:40:925 [W3C (30c718c7)] Encountered internal error running command: NoSuchElementError: An element could not be located on the page using the given search parameters.
2023-07-13 13:26:40:926 [W3C (30c718c7)]     at AndroidUiautomator2Driver.findElOrEls (C:\Users\Rekha\AppData\Roaming\npm\node_modules\appium\node_modules\appium-android-driver\lib\commands\find.js:75:11)
2023-07-13 13:26:40:926 [W3C (30c718c7)]     at processTicksAndRejections (node:internal/process/task_queues:95:5)
2023-07-13 13:26:40:928 [W3C (30c718c7)]     at AndroidUiautomator2Driver.findElOrElsWithProcessing (C:\Users\Rekha\AppData\Roaming\npm\node_modules\appium\node_modules\appium-base-driver\lib\basedriver\commands\find.js:33:12)
2023-07-13 13:26:40:928 [W3C (30c718c7)]     at AndroidUiautomator2Driver.findElement (C:\Users\Rekha\AppData\Roaming\npm\node_modules\appium\node_modules\appium-base-driver\lib\basedriver\commands\find.js:53:10)
2023-07-13 13:26:40:930 [HTTP] <-- POST /wd/hub/session/30c718c7-982c-4d82-b569-2e164e42a325/element 404 733 ms - 880
2023-07-13 13:26:40:930 [HTTP] 
2023-07-13 13:26:40:951 [HTTP] --> GET /wd/hub/session/30c718c7-982c-4d82-b569-2e164e42a325/screenshot
2023-07-13 13:26:40:951 [HTTP] {}
2023-07-13 13:26:40:954 [W3C (30c718c7)] Calling AppiumDriver.getScreenshot() with args: ["30c718c7-982c-4d82-b569-2e164e42a325"]
2023-07-13 13:26:40:955 [WD Proxy] Matched '/screenshot' to command name 'getScreenshot'
2023-07-13 13:26:40:956 [WD Proxy] Proxying [GET /screenshot] to [GET http://127.0.0.1:10000/wd/hub/session/99f6b855-5ab4-435f-a860-7f05e92707a0/screenshot] with no body
2023-07-13 13:26:42:695 [WD Proxy] Got response with status 200: {"sessionId":"99f6b855-5ab4-435f-a860-7f05e92707a0","value":"iVBORw0KGgoAAAANSUhEUgAABDgAAAisCAYAAACtR1KuAAAAAXNSR0IArs4c6QAAAARzQklUCAgI\nCHwIZIgAACAASURBVHic7N1/rJZ1/cfxd0czFYoiZY5l/DqLNUQDZ9ZqbLlmP3BJc1HNGKbT1TDX\nYqSW0zlnbUVmq02cP2ASY6c2Q7GyTQ0pKyQNwSAR+SFoJOyYgHAUOOf7h6MpcO77HA4eeH15PDb+\nOPfnc3+uzzn3+ON+3td13e/o6urqKgAAAIBgLUd6AwAAAAB9JXAAAAAA8QQOAAAAIJ7AAQAAAMQT\nOAAAAIB4AgcAAAAQT+AAAAAA4gkcAAAAQDyBAwAAAIgncAAAAADxBA4AAAAgnsABAAAAxBM4AAAA\ngHgCBwAAABBP4AAAAADiCRwAAABAPIEDAAAAiCdwAAAAAPEEDgAAACCewAEAAADEEzgAAACAeAIH\nAAAAEE/gAAAAAOIJHAAAAEA8gQMAAACIJ3AAAAAA8QQOAAAAIJ7AAQAAAMQTOAAAAIB4AgcAAAAQ\nT+AAAAAA4gkcAAAAQDyBAwAAAIgncAAAAADxBA4AAAAgnsABAAAAxBM4AAAAgHgCBwAAABBP4AAA\nAADiCRwAAABAPIEDAAAAiCdwAAAAAPEEDgAAACCewAEAAADEEzgAAACAeAIHAAAAEE/gAAAAAOIJ\nHAAAAEA8gQMAAACIJ3AAAAAA8QQOAAAAIJ7AAQAAAMQTOAAAAIB4AgcAAAAQT+AAAAAA4gkcAAAA\nQDyBAwAAAIgncAAAAADxBA4AAAAgnsABAAAAxBM4AAAAgHgCBwAAABBP4AAAAADiCRwAAABAPIED\nAAAAiCdwAAAAAPEEDgAAACCewAEAAADEEzgAAACAeAIHAAAAEE/gAAAAAOIJHAAAAEA8gQMAAACI\nJ3AAAAAA8QQOAAAAIJ7AAQAA...
2023-07-13 13:26:42:699 [W3C (30c718c7)] Responding to client with driver.getScreenshot() result: "iVBORw0KGgoAAAANSUhEUgAABDgAAAisCAYAAACtR1KuAAAAAXNSR0IArs4c6QAAAARzQklUCAgI\nCHwIZIgAACAASURBVHic7N1/rJZ1/cfxd0czFYoiZY5l/DqLNUQDZ9ZqbLlmP3BJc1HNGKbT1TDX\nYqSW0zlnbUVmq02cP2ASY6c2Q7GyTQ0pKyQNwSAR+SFoJOyYgHAUOOf7h6MpcO77HA4eeH15PDb+\nOPfnc3+uzzn3+ON+3td13e/o6urqKgAAAIBgLUd6AwAAAAB9JXAAAAAA8QQOAAAAIJ7AAQAAAMQT\nOAAAAIB4AgcAAAAQT+AAAAAA4gkcAAAAQDyBAwAAAIgncAAAAADxBA4AAAAgnsABAAAAxBM4AAAA\ngHgCBwAAABBP4AAAAADiCRwAAABAPIEDAAAAiCdwAAAAAPEEDgAAACCewAEAAADEEzgAAACAeAIH\nAAAAEE/gAAAAAOIJHAAAAEA8gQMAAACIJ3AAAAAA8QQOAAAAIJ7AAQAAAMQTOAAAAIB4AgcAAAAQ\nT+AAAAAA4gkcAAAAQDyBAwAAAIgncAAAAADxBA4AAAAgnsABAAAAxBM4AAAAgHgCBwAAABBP4AAA\nAADiCRwAAABAPIEDAAAAiCdwAAAAAPEEDgAAACCewAEAAADEEzgAAACAeAIHAAAAEE/gAAAAAOIJ\nHAAAAEA8gQMAAACIJ3AAAAAA8QQOAAAAIJ7AAQAAAMQTOAAAAIB4AgcAAAAQT+AAAAAA4gkcAAAA\nQDyBAwAAAIgncAAAAADxBA4AAAAgnsABAAAAxBM4AAAAgHgCBwAAABBP4AAAAADiCRwAAABAPIED\nAAAAiCdwAAAAAPEEDgAAACCewAEAAADEEzgAAACAeAIHAAAAEE/gAAAAAOIJHAAAAEA8gQMAAACI\nJ3AAAAAA8QQOAAAAIJ7AAQAAAMQTOAAAAIB4AgcAAAAQT+AAAAAA4gkcAAAAQDyBAwAAAIgncAAA\nAADxBA...
2023-07-13 13:26:42:706 [HTTP] <-- GET /wd/hub/session/30c718c7-982c-4d82-b569-2e164e42a325/screenshot 200 1752 ms - 97800
2023-07-13 13:26:42:706 [HTTP] 
2023-07-13 13:26:42:729 [HTTP] --> POST /wd/hub/session/30c718c7-982c-4d82-b569-2e164e42a325/appium/app/close
2023-07-13 13:26:42:729 [HTTP] {}
2023-07-13 13:26:42:744 [W3C (30c718c7)] Calling AppiumDriver.closeApp() with args: ["30c718c7-982c-4d82-b569-2e164e42a325"]
2023-07-13 13:26:42:746 [ADB] Running 'C:\Users\Rekha\AppData\Local\Android\Sdk\platform-tools\adb.exe -P 5037 -s emulator-5554 shell am force-stop com.torum.app.dev'
2023-07-13 13:26:43:446 [W3C (30c718c7)] Responding to client with driver.closeApp() result: null
2023-07-13 13:26:43:448 [HTTP] <-- POST /wd/hub/session/30c718c7-982c-4d82-b569-2e164e42a325/appium/app/close 200 718 ms - 14
2023-07-13 13:26:43:448 [HTTP] 
2023-07-13 13:26:43:453 [HTTP] --> DELETE /wd/hub/session/30c718c7-982c-4d82-b569-2e164e42a325
2023-07-13 13:26:43:454 [HTTP] {}
2023-07-13 13:26:43:454 [W3C (30c718c7)] Calling AppiumDriver.deleteSession() with args: ["30c718c7-982c-4d82-b569-2e164e42a325"]
2023-07-13 13:26:43:454 [BaseDriver] Event 'quitSessionRequested' logged at 1689254803454 (18:56:43 GMT+0530 (India Standard Time))
2023-07-13 13:26:43:455 [Appium] Removing session 30c718c7-982c-4d82-b569-2e164e42a325 from our master session list
2023-07-13 13:26:43:456 [UiAutomator2] Deleting UiAutomator2 session
2023-07-13 13:26:43:458 [UiAutomator2] Deleting UiAutomator2 server session
2023-07-13 13:26:43:458 [WD Proxy] Matched '/' to command name 'deleteSession'
2023-07-13 13:26:43:458 [WD Proxy] Proxying [DELETE /] to [DELETE http://127.0.0.1:10000/wd/hub/session/99f6b855-5ab4-435f-a860-7f05e92707a0] with no body
2023-07-13 13:26:43:512 [WD Proxy] Got response with status 200: {"sessionId":"99f6b855-5ab4-435f-a860-7f05e92707a0","value":null}
2023-07-13 13:26:43:513 [ADB] Running 'C:\Users\Rekha\AppData\Local\Android\Sdk\platform-tools\adb.exe -P 5037 -s emulator-5554 shell am force-stop com.torum.app.dev'
2023-07-13 13:26:43:700 [Logcat] Stopping logcat capture
2023-07-13 13:26:43:706 [ADB] Removing forwarded port socket connection: 10000 
2023-07-13 13:26:43:706 [ADB] Running 'C:\Users\Rekha\AppData\Local\Android\Sdk\platform-tools\adb.exe -P 5037 -s emulator-5554 forward --remove tcp:10000'
2023-07-13 13:26:43:748 [UiAutomator2] Restoring hidden api policy to the device default configuration
2023-07-13 13:26:43:749 [ADB] Running 'C:\Users\Rekha\AppData\Local\Android\Sdk\platform-tools\adb.exe -P 5037 -s emulator-5554 shell 'settings delete global hidden_api_policy_pre_p_apps;settings delete global hidden_api_policy_p_apps;settings delete global hidden_api_policy''
2023-07-13 13:26:44:192 [BaseDriver] Event 'quitSessionFinished' logged at 1689254804191 (18:56:44 GMT+0530 (India Standard Time))
2023-07-13 13:26:44:192 [W3C (30c718c7)] Received response: null
2023-07-13 13:26:44:192 [W3C (30c718c7)] But deleting session, so not returning
2023-07-13 13:26:44:192 [W3C (30c718c7)] Responding to client with driver.deleteSession() result: null
2023-07-13 13:26:44:194 [HTTP] <-- DELETE /wd/hub/session/30c718c7-982c-4d82-b569-2e164e42a325 200 740 ms - 14
2023-07-13 13:26:44:195 [HTTP] 
