2023-06-22 10:23:29:507 [Appium] Welcome to Appium v1.22.3
2023-06-22 10:23:29:510 [Appium] Non-default server args:
2023-06-22 10:23:29:511 [Appium]   port: 11284
2023-06-22 10:23:29:512 [Appium]   sessionOverride: true
2023-06-22 10:23:29:512 [Appium]   logFile: C:\Users\Rekha\eclipse-workspace\Torum-mobile-automation-master\Android_Pixel_3\Server1687429407086.log
2023-06-22 10:23:29:564 [Appium] Appium REST http interface listener started on 0.0.0.0:11284
2023-06-22 10:23:29:624 [HTTP] --> GET /wd/hub/status
2023-06-22 10:23:29:625 [HTTP] {}
2023-06-22 10:23:29:629 [GENERIC] Calling AppiumDriver.getStatus() with args: []
2023-06-22 10:23:29:631 [GENERIC] Responding to client with driver.getStatus() result: {"build":{"version":"1.22.3"}}
2023-06-22 10:23:29:643 [HTTP] <-- GET /wd/hub/status 200 15 ms - 68
2023-06-22 10:23:29:644 [HTTP] 
2023-06-22 10:23:29:651 [HTTP] --> GET /wd/hub/status
2023-06-22 10:23:29:651 [HTTP] {}
2023-06-22 10:23:29:652 [GENERIC] Calling AppiumDriver.getStatus() with args: []
2023-06-22 10:23:29:653 [GENERIC] Responding to client with driver.getStatus() result: {"build":{"version":"1.22.3"}}
2023-06-22 10:23:29:655 [HTTP] <-- GET /wd/hub/status 200 3 ms - 68
2023-06-22 10:23:29:656 [HTTP] 
2023-06-22 10:23:29:673 [HTTP] Request idempotency key: dc11a308-709d-478b-b17b-5069e5233bae
2023-06-22 10:23:29:696 [HTTP] --> POST /wd/hub/session
2023-06-22 10:23:29:697 [HTTP] {"desiredCapabilities":{"appActivity":"com.torummobile.MainActivity","appPackage":"com.torummobile.dev","automationName":"UiAutomator2","chromeDriverPort":"11000","platformName":"Android","udid":"emulator-5554","deviceName":"Pixel_3","systemPort":"10000"},"capabilities":{"firstMatch":[{"appium:appActivity":"com.torummobile.MainActivity","appium:appPackage":"com.torummobile.dev","appium:automationName":"UiAutomator2","chromeDriverPort":"11000","appium:deviceName":"Pixel_3","platformName":"android","appium:systemPort":"10000","appium:udid":"emulator-5554"}]}}
2023-06-22 10:23:29:698 [W3C] Calling AppiumDriver.createSession() with args: [{"appActivity":"com.torummobile.MainActivity","appPackage":"com.torummobile.dev","automationName":"UiAutomator2","chromeDriverPort":"11000","platformName":"Android","udid":"emulator-5554","deviceName":"Pixel_3","systemPort":"10000"},null,{"firstMatch":[{"appium:appActivity":"com.torummobile.MainActivity","appium:appPackage":"com.torummobile.dev","appium:automationName":"UiAutomator2","chromeDriverPort":"11000","appium:deviceName":"Pixel_3","platformName":"android","appium:systemPort":"10000","appium:udid":"emulator-5554"}]}]
2023-06-22 10:23:29:699 [BaseDriver] Event 'newSessionRequested' logged at 1687429409698 (15:53:29 GMT+0530 (India Standard Time))
2023-06-22 10:23:29:704 [BaseDriver] The following capabilities are not standard capabilities and should have an extension prefix:
2023-06-22 10:23:29:704 [BaseDriver]   chromeDriverPort
2023-06-22 10:23:30:104 [Appium] Appium v1.22.3 creating new AndroidUiautomator2Driver (v1.70.1) session
2023-06-22 10:23:30:105 [Appium] There are no active sessions for cleanup
2023-06-22 10:23:30:109 [BaseDriver] W3C capabilities and MJSONWP desired capabilities were provided
2023-06-22 10:23:30:109 [BaseDriver] Creating session with W3C capabilities: {
2023-06-22 10:23:30:109 [BaseDriver]   "alwaysMatch": {
2023-06-22 10:23:30:110 [BaseDriver]     "appium:chromeDriverPort": "11000",
2023-06-22 10:23:30:110 [BaseDriver]     "platformName": "android",
2023-06-22 10:23:30:110 [BaseDriver]     "appium:appActivity": "com.torummobile.MainActivity",
2023-06-22 10:23:30:110 [BaseDriver]     "appium:appPackage": "com.torummobile.dev",
2023-06-22 10:23:30:110 [BaseDriver]     "appium:automationName": "UiAutomator2",
2023-06-22 10:23:30:110 [BaseDriver]     "appium:deviceName": "Pixel_3",
2023-06-22 10:23:30:110 [BaseDriver]     "appium:systemPort": "10000",
2023-06-22 10:23:30:111 [BaseDriver]     "appium:udid": "emulator-5554"
2023-06-22 10:23:30:111 [BaseDriver]   },
2023-06-22 10:23:30:111 [BaseDriver]   "firstMatch": [
2023-06-22 10:23:30:111 [BaseDriver]     {}
2023-06-22 10:23:30:111 [BaseDriver]   ]
2023-06-22 10:23:30:112 [BaseDriver] }
2023-06-22 10:23:30:114 [BaseDriver] Number capability passed in as string. Functionality may be compromised.
2023-06-22 10:23:30:115 [BaseDriver] Number capability passed in as string. Functionality may be compromised.
2023-06-22 10:23:30:119 [BaseDriver] Capability 'systemPort' changed from string ('10000') to integer (10000). This may cause unexpected behavior
2023-06-22 10:23:30:120 [BaseDriver] Capability 'chromeDriverPort' changed from string ('11000') to integer (11000). This may cause unexpected behavior
2023-06-22 10:23:30:124 [BaseDriver] Session created with session id: f86ef940-59d3-49df-a203-b6b681eef5fa
2023-06-22 10:23:30:125 [UiAutomator2] Starting 'com.torummobile.dev' directly on the device
2023-06-22 10:23:30:131 [UiAutomator2] Deleting UiAutomator2 session
2023-06-22 10:23:30:134 [BaseDriver] Event 'newSessionStarted' logged at 1687429410134 (15:53:30 GMT+0530 (India Standard Time))
2023-06-22 10:23:30:273 [W3C] Encountered internal error running command: Error: Neither ANDROID_HOME nor ANDROID_SDK_ROOT environment variable was exported. Read https://developer.android.com/studio/command-line/variables for more details
2023-06-22 10:23:30:273 [W3C]     at requireSdkRoot (C:\Users\Rekha\AppData\Roaming\npm\node_modules\appium\node_modules\appium-adb\lib\helpers.js:36:11)
2023-06-22 10:23:30:273 [W3C]     at Function.createADB (C:\Users\Rekha\AppData\Roaming\npm\node_modules\appium\node_modules\appium-adb\lib\adb.js:57:23)
2023-06-22 10:23:30:273 [W3C]     at Object.createBaseADB (C:\Users\Rekha\AppData\Roaming\npm\node_modules\appium\node_modules\appium-android-driver\lib\android-helpers.js:129:20)
2023-06-22 10:23:30:273 [W3C]     at Object.getDeviceInfoFromCaps (C:\Users\Rekha\AppData\Roaming\npm\node_modules\appium\node_modules\appium-android-driver\lib\android-helpers.js:214:29)
2023-06-22 10:23:30:273 [W3C]     at AndroidUiautomator2Driver.startUiAutomator2Session (C:\Users\Rekha\AppData\Roaming\npm\node_modules\appium\node_modules\appium-uiautomator2-driver\lib\driver.js:338:40)
2023-06-22 10:23:30:274 [W3C]     at AndroidUiautomator2Driver.createSession (C:\Users\Rekha\AppData\Roaming\npm\node_modules\appium\node_modules\appium-uiautomator2-driver\lib\driver.js:229:18)
2023-06-22 10:23:30:274 [W3C]     at processTicksAndRejections (node:internal/process/task_queues:95:5)
2023-06-22 10:23:30:274 [W3C]     at AppiumDriver.createSession (C:\Users\Rekha\AppData\Roaming\npm\node_modules\appium\lib\appium.js:387:35)
2023-06-22 10:23:30:291 [HTTP] <-- POST /wd/hub/session 500 594 ms - 877
2023-06-22 10:23:30:291 [HTTP] 
