2023-06-23 08:50:22:024 [Appium] Welcome to Appium v1.22.3
2023-06-23 08:50:22:026 [Appium] Non-default server args:
2023-06-23 08:50:22:026 [Appium]   port: 7172
2023-06-23 08:50:22:026 [Appium]   sessionOverride: true
2023-06-23 08:50:22:027 [Appium]   logFile: C:\Users\Rekha\eclipse-workspace\Torum-mobile-automation-master\Android_Pixel_3\Server1687510217362.log
2023-06-23 08:50:22:055 [Appium] Appium REST http interface listener started on 0.0.0.0:7172
2023-06-23 08:50:22:204 [HTTP] --> GET /wd/hub/status
2023-06-23 08:50:22:206 [HTTP] {}
2023-06-23 08:50:22:209 [GENERIC] Calling AppiumDriver.getStatus() with args: []
2023-06-23 08:50:22:211 [GENERIC] Responding to client with driver.getStatus() result: {"build":{"version":"1.22.3"}}
2023-06-23 08:50:22:220 [HTTP] <-- GET /wd/hub/status 200 12 ms - 68
2023-06-23 08:50:22:220 [HTTP] 
2023-06-23 08:50:22:228 [HTTP] --> GET /wd/hub/status
2023-06-23 08:50:22:228 [HTTP] {}
2023-06-23 08:50:22:228 [GENERIC] Calling AppiumDriver.getStatus() with args: []
2023-06-23 08:50:22:229 [GENERIC] Responding to client with driver.getStatus() result: {"build":{"version":"1.22.3"}}
2023-06-23 08:50:22:230 [HTTP] <-- GET /wd/hub/status 200 2 ms - 68
2023-06-23 08:50:22:230 [HTTP] 
2023-06-23 08:50:22:715 [HTTP] Request idempotency key: 817b0f47-b9b6-4358-b3a4-6993954e39fe
2023-06-23 08:50:22:738 [HTTP] --> POST /wd/hub/session
2023-06-23 08:50:22:738 [HTTP] {"desiredCapabilities":{"appActivity":"com.torummobile.MainActivity","appPackage":"com.torummobile.dev","automationName":"UiAutomator2","chromeDriverPort":"11000","platformName":"Android","udid":"emulator-5554","deviceName":"Pixel_3","systemPort":"10000"},"capabilities":{"firstMatch":[{"appium:appActivity":"com.torummobile.MainActivity","appium:appPackage":"com.torummobile.dev","appium:automationName":"UiAutomator2","chromeDriverPort":"11000","appium:deviceName":"Pixel_3","platformName":"android","appium:systemPort":"10000","appium:udid":"emulator-5554"}]}}
2023-06-23 08:50:22:739 [W3C] Calling AppiumDriver.createSession() with args: [{"appActivity":"com.torummobile.MainActivity","appPackage":"com.torummobile.dev","automationName":"UiAutomator2","chromeDriverPort":"11000","platformName":"Android","udid":"emulator-5554","deviceName":"Pixel_3","systemPort":"10000"},null,{"firstMatch":[{"appium:appActivity":"com.torummobile.MainActivity","appium:appPackage":"com.torummobile.dev","appium:automationName":"UiAutomator2","chromeDriverPort":"11000","appium:deviceName":"Pixel_3","platformName":"android","appium:systemPort":"10000","appium:udid":"emulator-5554"}]}]
2023-06-23 08:50:22:739 [BaseDriver] Event 'newSessionRequested' logged at 1687510222739 (14:20:22 GMT+0530 (India Standard Time))
2023-06-23 08:50:22:743 [BaseDriver] The following capabilities are not standard capabilities and should have an extension prefix:
2023-06-23 08:50:22:743 [BaseDriver]   chromeDriverPort
2023-06-23 08:50:23:287 [Appium] Appium v1.22.3 creating new AndroidUiautomator2Driver (v1.70.1) session
2023-06-23 08:50:23:287 [Appium] There are no active sessions for cleanup
2023-06-23 08:50:23:291 [BaseDriver] W3C capabilities and MJSONWP desired capabilities were provided
2023-06-23 08:50:23:292 [BaseDriver] Creating session with W3C capabilities: {
2023-06-23 08:50:23:292 [BaseDriver]   "alwaysMatch": {
2023-06-23 08:50:23:292 [BaseDriver]     "appium:chromeDriverPort": "11000",
2023-06-23 08:50:23:292 [BaseDriver]     "platformName": "android",
2023-06-23 08:50:23:292 [BaseDriver]     "appium:appActivity": "com.torummobile.MainActivity",
2023-06-23 08:50:23:292 [BaseDriver]     "appium:appPackage": "com.torummobile.dev",
2023-06-23 08:50:23:293 [BaseDriver]     "appium:automationName": "UiAutomator2",
2023-06-23 08:50:23:293 [BaseDriver]     "appium:deviceName": "Pixel_3",
2023-06-23 08:50:23:293 [BaseDriver]     "appium:systemPort": "10000",
2023-06-23 08:50:23:293 [BaseDriver]     "appium:udid": "emulator-5554"
2023-06-23 08:50:23:293 [BaseDriver]   },
2023-06-23 08:50:23:294 [BaseDriver]   "firstMatch": [
2023-06-23 08:50:23:294 [BaseDriver]     {}
2023-06-23 08:50:23:294 [BaseDriver]   ]
2023-06-23 08:50:23:294 [BaseDriver] }
2023-06-23 08:50:23:297 [BaseDriver] Number capability passed in as string. Functionality may be compromised.
2023-06-23 08:50:23:297 [BaseDriver] Number capability passed in as string. Functionality may be compromised.
2023-06-23 08:50:23:302 [BaseDriver] Capability 'systemPort' changed from string ('10000') to integer (10000). This may cause unexpected behavior
2023-06-23 08:50:23:302 [BaseDriver] Capability 'chromeDriverPort' changed from string ('11000') to integer (11000). This may cause unexpected behavior
2023-06-23 08:50:23:306 [BaseDriver] Session created with session id: 381126f8-930b-494e-8230-fbe6151cb49f
2023-06-23 08:50:23:307 [UiAutomator2] Starting 'com.torummobile.dev' directly on the device
2023-06-23 08:50:23:311 [UiAutomator2] Deleting UiAutomator2 session
2023-06-23 08:50:23:313 [BaseDriver] Event 'newSessionStarted' logged at 1687510223313 (14:20:23 GMT+0530 (India Standard Time))
2023-06-23 08:50:23:452 [W3C] Encountered internal error running command: Error: Neither ANDROID_HOME nor ANDROID_SDK_ROOT environment variable was exported. Read https://developer.android.com/studio/command-line/variables for more details
2023-06-23 08:50:23:453 [W3C]     at requireSdkRoot (C:\Users\Rekha\AppData\Roaming\npm\node_modules\appium\node_modules\appium-adb\lib\helpers.js:36:11)
2023-06-23 08:50:23:453 [W3C]     at Function.createADB (C:\Users\Rekha\AppData\Roaming\npm\node_modules\appium\node_modules\appium-adb\lib\adb.js:57:23)
2023-06-23 08:50:23:453 [W3C]     at Object.createBaseADB (C:\Users\Rekha\AppData\Roaming\npm\node_modules\appium\node_modules\appium-android-driver\lib\android-helpers.js:129:20)
2023-06-23 08:50:23:453 [W3C]     at Object.getDeviceInfoFromCaps (C:\Users\Rekha\AppData\Roaming\npm\node_modules\appium\node_modules\appium-android-driver\lib\android-helpers.js:214:29)
2023-06-23 08:50:23:453 [W3C]     at AndroidUiautomator2Driver.startUiAutomator2Session (C:\Users\Rekha\AppData\Roaming\npm\node_modules\appium\node_modules\appium-uiautomator2-driver\lib\driver.js:338:40)
2023-06-23 08:50:23:453 [W3C]     at AndroidUiautomator2Driver.createSession (C:\Users\Rekha\AppData\Roaming\npm\node_modules\appium\node_modules\appium-uiautomator2-driver\lib\driver.js:229:18)
2023-06-23 08:50:23:454 [W3C]     at processTicksAndRejections (node:internal/process/task_queues:95:5)
2023-06-23 08:50:23:454 [W3C]     at AppiumDriver.createSession (C:\Users\Rekha\AppData\Roaming\npm\node_modules\appium\lib\appium.js:387:35)
2023-06-23 08:50:23:472 [HTTP] <-- POST /wd/hub/session 500 734 ms - 877
2023-06-23 08:50:23:473 [HTTP] 
