2023-06-22 10:11:00:341 [Appium] Welcome to Appium v1.22.3
2023-06-22 10:11:00:342 [Appium] Non-default server args:
2023-06-22 10:11:00:342 [Appium]   port: 45067
2023-06-22 10:11:00:343 [Appium]   sessionOverride: true
2023-06-22 10:11:00:343 [Appium]   logFile: C:\Users\Rekha\eclipse-workspace\Torum-mobile-automation-master\Android_Pixel_3\Server1687428657503.log
2023-06-22 10:11:00:368 [Appium] Appium REST http interface listener started on 0.0.0.0:45067
2023-06-22 10:11:00:512 [HTTP] --> GET /wd/hub/status
2023-06-22 10:11:00:513 [HTTP] {}
2023-06-22 10:11:00:516 [GENERIC] Calling AppiumDriver.getStatus() with args: []
2023-06-22 10:11:00:519 [GENERIC] Responding to client with driver.getStatus() result: {"build":{"version":"1.22.3"}}
2023-06-22 10:11:00:530 [HTTP] <-- GET /wd/hub/status 200 15 ms - 68
2023-06-22 10:11:00:531 [HTTP] 
2023-06-22 10:11:00:535 [HTTP] --> GET /wd/hub/status
2023-06-22 10:11:00:536 [HTTP] {}
2023-06-22 10:11:00:536 [GENERIC] Calling AppiumDriver.getStatus() with args: []
2023-06-22 10:11:00:537 [GENERIC] Responding to client with driver.getStatus() result: {"build":{"version":"1.22.3"}}
2023-06-22 10:11:00:539 [HTTP] <-- GET /wd/hub/status 200 3 ms - 68
2023-06-22 10:11:00:540 [HTTP] 
2023-06-22 10:11:00:558 [HTTP] Request idempotency key: bfcc1de1-3ed9-46a7-a717-c9f01646be4a
2023-06-22 10:11:00:572 [HTTP] --> POST /wd/hub/session
2023-06-22 10:11:00:572 [HTTP] {"desiredCapabilities":{"appActivity":"com.torummobile.MainActivity","appPackage":"com.torummobile.dev","automationName":"UiAutomator2","chromeDriverPort":"11000","platformName":"Android","udid":"emulator-5554","deviceName":"Pixel_3","systemPort":"10000"},"capabilities":{"firstMatch":[{"appium:appActivity":"com.torummobile.MainActivity","appium:appPackage":"com.torummobile.dev","appium:automationName":"UiAutomator2","chromeDriverPort":"11000","appium:deviceName":"Pixel_3","platformName":"android","appium:systemPort":"10000","appium:udid":"emulator-5554"}]}}
2023-06-22 10:11:00:573 [W3C] Calling AppiumDriver.createSession() with args: [{"appActivity":"com.torummobile.MainActivity","appPackage":"com.torummobile.dev","automationName":"UiAutomator2","chromeDriverPort":"11000","platformName":"Android","udid":"emulator-5554","deviceName":"Pixel_3","systemPort":"10000"},null,{"firstMatch":[{"appium:appActivity":"com.torummobile.MainActivity","appium:appPackage":"com.torummobile.dev","appium:automationName":"UiAutomator2","chromeDriverPort":"11000","appium:deviceName":"Pixel_3","platformName":"android","appium:systemPort":"10000","appium:udid":"emulator-5554"}]}]
2023-06-22 10:11:00:573 [BaseDriver] Event 'newSessionRequested' logged at 1687428660573 (15:41:00 GMT+0530 (India Standard Time))
2023-06-22 10:11:00:576 [BaseDriver] The following capabilities are not standard capabilities and should have an extension prefix:
2023-06-22 10:11:00:576 [BaseDriver]   chromeDriverPort
2023-06-22 10:11:00:794 [Appium] Appium v1.22.3 creating new AndroidUiautomator2Driver (v1.70.1) session
2023-06-22 10:11:00:795 [Appium] There are no active sessions for cleanup
2023-06-22 10:11:00:797 [BaseDriver] W3C capabilities and MJSONWP desired capabilities were provided
2023-06-22 10:11:00:797 [BaseDriver] Creating session with W3C capabilities: {
2023-06-22 10:11:00:797 [BaseDriver]   "alwaysMatch": {
2023-06-22 10:11:00:797 [BaseDriver]     "appium:chromeDriverPort": "11000",
2023-06-22 10:11:00:797 [BaseDriver]     "platformName": "android",
2023-06-22 10:11:00:797 [BaseDriver]     "appium:appActivity": "com.torummobile.MainActivity",
2023-06-22 10:11:00:797 [BaseDriver]     "appium:appPackage": "com.torummobile.dev",
2023-06-22 10:11:00:797 [BaseDriver]     "appium:automationName": "UiAutomator2",
2023-06-22 10:11:00:797 [BaseDriver]     "appium:deviceName": "Pixel_3",
2023-06-22 10:11:00:797 [BaseDriver]     "appium:systemPort": "10000",
2023-06-22 10:11:00:797 [BaseDriver]     "appium:udid": "emulator-5554"
2023-06-22 10:11:00:798 [BaseDriver]   },
2023-06-22 10:11:00:798 [BaseDriver]   "firstMatch": [
2023-06-22 10:11:00:798 [BaseDriver]     {}
2023-06-22 10:11:00:798 [BaseDriver]   ]
2023-06-22 10:11:00:798 [BaseDriver] }
2023-06-22 10:11:00:800 [BaseDriver] Number capability passed in as string. Functionality may be compromised.
2023-06-22 10:11:00:800 [BaseDriver] Number capability passed in as string. Functionality may be compromised.
2023-06-22 10:11:00:802 [BaseDriver] Capability 'systemPort' changed from string ('10000') to integer (10000). This may cause unexpected behavior
2023-06-22 10:11:00:803 [BaseDriver] Capability 'chromeDriverPort' changed from string ('11000') to integer (11000). This may cause unexpected behavior
2023-06-22 10:11:00:804 [BaseDriver] Session created with session id: 8cdc5582-408a-479a-bee8-a1ffa76f4704
2023-06-22 10:11:00:805 [UiAutomator2] Starting 'com.torummobile.dev' directly on the device
2023-06-22 10:11:00:807 [UiAutomator2] Deleting UiAutomator2 session
2023-06-22 10:11:00:808 [BaseDriver] Event 'newSessionStarted' logged at 1687428660808 (15:41:00 GMT+0530 (India Standard Time))
2023-06-22 10:11:00:879 [W3C] Encountered internal error running command: Error: Neither ANDROID_HOME nor ANDROID_SDK_ROOT environment variable was exported. Read https://developer.android.com/studio/command-line/variables for more details
2023-06-22 10:11:00:879 [W3C]     at requireSdkRoot (C:\Users\Rekha\AppData\Roaming\npm\node_modules\appium\node_modules\appium-adb\lib\helpers.js:36:11)
2023-06-22 10:11:00:879 [W3C]     at Function.createADB (C:\Users\Rekha\AppData\Roaming\npm\node_modules\appium\node_modules\appium-adb\lib\adb.js:57:23)
2023-06-22 10:11:00:879 [W3C]     at Object.createBaseADB (C:\Users\Rekha\AppData\Roaming\npm\node_modules\appium\node_modules\appium-android-driver\lib\android-helpers.js:129:20)
2023-06-22 10:11:00:879 [W3C]     at Object.getDeviceInfoFromCaps (C:\Users\Rekha\AppData\Roaming\npm\node_modules\appium\node_modules\appium-android-driver\lib\android-helpers.js:214:29)
2023-06-22 10:11:00:879 [W3C]     at AndroidUiautomator2Driver.startUiAutomator2Session (C:\Users\Rekha\AppData\Roaming\npm\node_modules\appium\node_modules\appium-uiautomator2-driver\lib\driver.js:338:40)
2023-06-22 10:11:00:879 [W3C]     at AndroidUiautomator2Driver.createSession (C:\Users\Rekha\AppData\Roaming\npm\node_modules\appium\node_modules\appium-uiautomator2-driver\lib\driver.js:229:18)
2023-06-22 10:11:00:879 [W3C]     at processTicksAndRejections (node:internal/process/task_queues:95:5)
2023-06-22 10:11:00:879 [W3C]     at AppiumDriver.createSession (C:\Users\Rekha\AppData\Roaming\npm\node_modules\appium\lib\appium.js:387:35)
2023-06-22 10:11:00:889 [HTTP] <-- POST /wd/hub/session 500 316 ms - 877
2023-06-22 10:11:00:889 [HTTP] 
