2023-06-22 10:23:36:598 [Appium] Welcome to Appium v1.22.3
2023-06-22 10:23:36:599 [Appium] Non-default server args:
2023-06-22 10:23:36:599 [Appium]   port: 30426
2023-06-22 10:23:36:599 [Appium]   sessionOverride: true
2023-06-22 10:23:36:599 [Appium]   logFile: C:\Users\Rekha\eclipse-workspace\Torum-mobile-automation-master\Android_Pixel_3\Server1687429413690.log
2023-06-22 10:23:36:627 [Appium] Appium REST http interface listener started on 0.0.0.0:30426
2023-06-22 10:23:36:915 [HTTP] --> GET /wd/hub/status
2023-06-22 10:23:36:916 [HTTP] {}
2023-06-22 10:23:36:917 [GENERIC] Calling AppiumDriver.getStatus() with args: []
2023-06-22 10:23:36:918 [GENERIC] Responding to client with driver.getStatus() result: {"build":{"version":"1.22.3"}}
2023-06-22 10:23:36:923 [HTTP] <-- GET /wd/hub/status 200 6 ms - 68
2023-06-22 10:23:36:923 [HTTP] 
2023-06-22 10:23:36:927 [HTTP] --> GET /wd/hub/status
2023-06-22 10:23:36:927 [HTTP] {}
2023-06-22 10:23:36:927 [GENERIC] Calling AppiumDriver.getStatus() with args: []
2023-06-22 10:23:36:928 [GENERIC] Responding to client with driver.getStatus() result: {"build":{"version":"1.22.3"}}
2023-06-22 10:23:36:929 [HTTP] <-- GET /wd/hub/status 200 2 ms - 68
2023-06-22 10:23:36:929 [HTTP] 
2023-06-22 10:23:36:937 [HTTP] Request idempotency key: 630ce1ee-ad4f-45f5-a479-0f0cc12f6a1a
2023-06-22 10:23:36:949 [HTTP] --> POST /wd/hub/session
2023-06-22 10:23:36:949 [HTTP] {"desiredCapabilities":{"appActivity":"com.torummobile.MainActivity","appPackage":"com.torummobile.dev","automationName":"UiAutomator2","chromeDriverPort":"11000","platformName":"Android","udid":"emulator-5554","deviceName":"Pixel_3","systemPort":"10000"},"capabilities":{"firstMatch":[{"appium:appActivity":"com.torummobile.MainActivity","appium:appPackage":"com.torummobile.dev","appium:automationName":"UiAutomator2","chromeDriverPort":"11000","appium:deviceName":"Pixel_3","platformName":"android","appium:systemPort":"10000","appium:udid":"emulator-5554"}]}}
2023-06-22 10:23:36:949 [W3C] Calling AppiumDriver.createSession() with args: [{"appActivity":"com.torummobile.MainActivity","appPackage":"com.torummobile.dev","automationName":"UiAutomator2","chromeDriverPort":"11000","platformName":"Android","udid":"emulator-5554","deviceName":"Pixel_3","systemPort":"10000"},null,{"firstMatch":[{"appium:appActivity":"com.torummobile.MainActivity","appium:appPackage":"com.torummobile.dev","appium:automationName":"UiAutomator2","chromeDriverPort":"11000","appium:deviceName":"Pixel_3","platformName":"android","appium:systemPort":"10000","appium:udid":"emulator-5554"}]}]
2023-06-22 10:23:36:950 [BaseDriver] Event 'newSessionRequested' logged at 1687429416949 (15:53:36 GMT+0530 (India Standard Time))
2023-06-22 10:23:36:952 [BaseDriver] The following capabilities are not standard capabilities and should have an extension prefix:
2023-06-22 10:23:36:952 [BaseDriver]   chromeDriverPort
2023-06-22 10:23:37:156 [Appium] Appium v1.22.3 creating new AndroidUiautomator2Driver (v1.70.1) session
2023-06-22 10:23:37:156 [Appium] There are no active sessions for cleanup
2023-06-22 10:23:37:158 [BaseDriver] W3C capabilities and MJSONWP desired capabilities were provided
2023-06-22 10:23:37:158 [BaseDriver] Creating session with W3C capabilities: {
2023-06-22 10:23:37:158 [BaseDriver]   "alwaysMatch": {
2023-06-22 10:23:37:158 [BaseDriver]     "appium:chromeDriverPort": "11000",
2023-06-22 10:23:37:158 [BaseDriver]     "platformName": "android",
2023-06-22 10:23:37:158 [BaseDriver]     "appium:appActivity": "com.torummobile.MainActivity",
2023-06-22 10:23:37:158 [BaseDriver]     "appium:appPackage": "com.torummobile.dev",
2023-06-22 10:23:37:158 [BaseDriver]     "appium:automationName": "UiAutomator2",
2023-06-22 10:23:37:158 [BaseDriver]     "appium:deviceName": "Pixel_3",
2023-06-22 10:23:37:158 [BaseDriver]     "appium:systemPort": "10000",
2023-06-22 10:23:37:159 [BaseDriver]     "appium:udid": "emulator-5554"
2023-06-22 10:23:37:159 [BaseDriver]   },
2023-06-22 10:23:37:159 [BaseDriver]   "firstMatch": [
2023-06-22 10:23:37:159 [BaseDriver]     {}
2023-06-22 10:23:37:159 [BaseDriver]   ]
2023-06-22 10:23:37:159 [BaseDriver] }
2023-06-22 10:23:37:160 [BaseDriver] Number capability passed in as string. Functionality may be compromised.
2023-06-22 10:23:37:160 [BaseDriver] Number capability passed in as string. Functionality may be compromised.
2023-06-22 10:23:37:162 [BaseDriver] Capability 'systemPort' changed from string ('10000') to integer (10000). This may cause unexpected behavior
2023-06-22 10:23:37:163 [BaseDriver] Capability 'chromeDriverPort' changed from string ('11000') to integer (11000). This may cause unexpected behavior
2023-06-22 10:23:37:164 [BaseDriver] Session created with session id: f426bd81-3067-4f59-bbbc-b0537f073a3f
2023-06-22 10:23:37:165 [UiAutomator2] Starting 'com.torummobile.dev' directly on the device
2023-06-22 10:23:37:167 [UiAutomator2] Deleting UiAutomator2 session
2023-06-22 10:23:37:168 [BaseDriver] Event 'newSessionStarted' logged at 1687429417168 (15:53:37 GMT+0530 (India Standard Time))
2023-06-22 10:23:37:241 [W3C] Encountered internal error running command: Error: Neither ANDROID_HOME nor ANDROID_SDK_ROOT environment variable was exported. Read https://developer.android.com/studio/command-line/variables for more details
2023-06-22 10:23:37:241 [W3C]     at requireSdkRoot (C:\Users\Rekha\AppData\Roaming\npm\node_modules\appium\node_modules\appium-adb\lib\helpers.js:36:11)
2023-06-22 10:23:37:241 [W3C]     at Function.createADB (C:\Users\Rekha\AppData\Roaming\npm\node_modules\appium\node_modules\appium-adb\lib\adb.js:57:23)
2023-06-22 10:23:37:241 [W3C]     at Object.createBaseADB (C:\Users\Rekha\AppData\Roaming\npm\node_modules\appium\node_modules\appium-android-driver\lib\android-helpers.js:129:20)
2023-06-22 10:23:37:241 [W3C]     at Object.getDeviceInfoFromCaps (C:\Users\Rekha\AppData\Roaming\npm\node_modules\appium\node_modules\appium-android-driver\lib\android-helpers.js:214:29)
2023-06-22 10:23:37:241 [W3C]     at AndroidUiautomator2Driver.startUiAutomator2Session (C:\Users\Rekha\AppData\Roaming\npm\node_modules\appium\node_modules\appium-uiautomator2-driver\lib\driver.js:338:40)
2023-06-22 10:23:37:242 [W3C]     at AndroidUiautomator2Driver.createSession (C:\Users\Rekha\AppData\Roaming\npm\node_modules\appium\node_modules\appium-uiautomator2-driver\lib\driver.js:229:18)
2023-06-22 10:23:37:242 [W3C]     at processTicksAndRejections (node:internal/process/task_queues:95:5)
2023-06-22 10:23:37:242 [W3C]     at AppiumDriver.createSession (C:\Users\Rekha\AppData\Roaming\npm\node_modules\appium\lib\appium.js:387:35)
2023-06-22 10:23:37:250 [HTTP] <-- POST /wd/hub/session 500 301 ms - 877
2023-06-22 10:23:37:250 [HTTP] 
