2023-07-13 12:49:58:332 [Appium] Welcome to Appium v1.22.3
2023-07-13 12:49:58:335 [Appium] Non-default server args:
2023-07-13 12:49:58:337 [Appium]   port: 26743
2023-07-13 12:49:58:338 [Appium]   sessionOverride: true
2023-07-13 12:49:58:339 [Appium]   logFile: C:\Users\Rekha\eclipse-workspace\Torum-mobile-automation-master\Android_Pixel_3\Server1689252592632.log
2023-07-13 12:49:58:400 [Appium] Appium REST http interface listener started on 0.0.0.0:26743
2023-07-13 12:49:58:734 [HTTP] --> GET /wd/hub/status
2023-07-13 12:49:58:735 [HTTP] {}
2023-07-13 12:49:58:740 [GENERIC] Calling AppiumDriver.getStatus() with args: []
2023-07-13 12:49:58:742 [GENERIC] Responding to client with driver.getStatus() result: {"build":{"version":"1.22.3"}}
2023-07-13 12:49:58:754 [HTTP] <-- GET /wd/hub/status 200 16 ms - 68
2023-07-13 12:49:58:755 [HTTP] 
2023-07-13 12:49:58:763 [HTTP] --> GET /wd/hub/status
2023-07-13 12:49:58:764 [HTTP] {}
2023-07-13 12:49:58:765 [GENERIC] Calling AppiumDriver.getStatus() with args: []
2023-07-13 12:49:58:766 [GENERIC] Responding to client with driver.getStatus() result: {"build":{"version":"1.22.3"}}
2023-07-13 12:49:58:769 [HTTP] <-- GET /wd/hub/status 200 4 ms - 68
2023-07-13 12:49:58:771 [HTTP] 
2023-07-13 12:49:58:792 [HTTP] Request idempotency key: 8ddb24d3-34be-4a7b-bff6-53c399120b15
2023-07-13 12:49:58:822 [HTTP] --> POST /wd/hub/session
2023-07-13 12:49:58:823 [HTTP] {"desiredCapabilities":{"appActivity":"com.torummobile.MainActivity","appPackage":"com.torummobile.dev","automationName":"UiAutomator2","chromeDriverPort":"11000","platformName":"Android","udid":"emulator-5554","deviceName":"Pixel_3","systemPort":"10000"},"capabilities":{"firstMatch":[{"appium:appActivity":"com.torummobile.MainActivity","appium:appPackage":"com.torummobile.dev","appium:automationName":"UiAutomator2","chromeDriverPort":"11000","appium:deviceName":"Pixel_3","platformName":"android","appium:systemPort":"10000","appium:udid":"emulator-5554"}]}}
2023-07-13 12:49:58:824 [W3C] Calling AppiumDriver.createSession() with args: [{"appActivity":"com.torummobile.MainActivity","appPackage":"com.torummobile.dev","automationName":"UiAutomator2","chromeDriverPort":"11000","platformName":"Android","udid":"emulator-5554","deviceName":"Pixel_3","systemPort":"10000"},null,{"firstMatch":[{"appium:appActivity":"com.torummobile.MainActivity","appium:appPackage":"com.torummobile.dev","appium:automationName":"UiAutomator2","chromeDriverPort":"11000","appium:deviceName":"Pixel_3","platformName":"android","appium:systemPort":"10000","appium:udid":"emulator-5554"}]}]
2023-07-13 12:49:58:825 [BaseDriver] Event 'newSessionRequested' logged at 1689252598825 (18:19:58 GMT+0530 (India Standard Time))
2023-07-13 12:49:58:831 [BaseDriver] The following capabilities are not standard capabilities and should have an extension prefix:
2023-07-13 12:49:58:831 [BaseDriver]   chromeDriverPort
2023-07-13 12:49:59:420 [Appium] Appium v1.22.3 creating new AndroidUiautomator2Driver (v1.70.1) session
2023-07-13 12:49:59:420 [Appium] There are no active sessions for cleanup
2023-07-13 12:49:59:425 [BaseDriver] W3C capabilities and MJSONWP desired capabilities were provided
2023-07-13 12:49:59:425 [BaseDriver] Creating session with W3C capabilities: {
2023-07-13 12:49:59:425 [BaseDriver]   "alwaysMatch": {
2023-07-13 12:49:59:425 [BaseDriver]     "appium:chromeDriverPort": "11000",
2023-07-13 12:49:59:426 [BaseDriver]     "platformName": "android",
2023-07-13 12:49:59:426 [BaseDriver]     "appium:appActivity": "com.torummobile.MainActivity",
2023-07-13 12:49:59:426 [BaseDriver]     "appium:appPackage": "com.torummobile.dev",
2023-07-13 12:49:59:427 [BaseDriver]     "appium:automationName": "UiAutomator2",
2023-07-13 12:49:59:427 [BaseDriver]     "appium:deviceName": "Pixel_3",
2023-07-13 12:49:59:427 [BaseDriver]     "appium:systemPort": "10000",
2023-07-13 12:49:59:427 [BaseDriver]     "appium:udid": "emulator-5554"
2023-07-13 12:49:59:428 [BaseDriver]   },
2023-07-13 12:49:59:428 [BaseDriver]   "firstMatch": [
2023-07-13 12:49:59:428 [BaseDriver]     {}
2023-07-13 12:49:59:428 [BaseDriver]   ]
2023-07-13 12:49:59:429 [BaseDriver] }
2023-07-13 12:49:59:432 [BaseDriver] Number capability passed in as string. Functionality may be compromised.
2023-07-13 12:49:59:432 [BaseDriver] Number capability passed in as string. Functionality may be compromised.
2023-07-13 12:49:59:440 [BaseDriver] Capability 'systemPort' changed from string ('10000') to integer (10000). This may cause unexpected behavior
2023-07-13 12:49:59:440 [BaseDriver] Capability 'chromeDriverPort' changed from string ('11000') to integer (11000). This may cause unexpected behavior
2023-07-13 12:49:59:444 [BaseDriver] Session created with session id: 74c6285c-517f-4548-b2c7-e6ff9023cb85
2023-07-13 12:49:59:445 [UiAutomator2] Starting 'com.torummobile.dev' directly on the device
2023-07-13 12:49:59:493 [ADB] Found 2 'build-tools' folders under 'C:\Users\Rekha\AppData\Local\Android\Sdk' (newest first):
2023-07-13 12:49:59:493 [ADB]     C:/Users/Rekha/AppData/Local/Android/Sdk/build-tools/34.0.0
2023-07-13 12:49:59:493 [ADB]     C:/Users/Rekha/AppData/Local/Android/Sdk/build-tools/30.0.3
2023-07-13 12:49:59:495 [ADB] Using 'adb.exe' from 'C:\Users\Rekha\AppData\Local\Android\Sdk\platform-tools\adb.exe'
2023-07-13 12:49:59:496 [ADB] Running 'C:\Users\Rekha\AppData\Local\Android\Sdk\platform-tools\adb.exe -P 5037 start-server'
2023-07-13 12:49:59:558 [AndroidDriver] Retrieving device list
2023-07-13 12:49:59:559 [ADB] Trying to find a connected android device
2023-07-13 12:49:59:560 [ADB] Getting connected devices
2023-07-13 12:49:59:613 [ADB] Connected devices: [{"udid":"ZD2226MYVB","state":"device"}]
2023-07-13 12:49:59:614 [AndroidDriver] Device emulator-5554 was not in the list of connected devices
2023-07-13 12:49:59:614 [UiAutomator2] Deleting UiAutomator2 session
2023-07-13 12:49:59:617 [BaseDriver] Event 'newSessionStarted' logged at 1689252599616 (18:19:59 GMT+0530 (India Standard Time))
2023-07-13 12:49:59:778 [W3C] Encountered internal error running command: Error: Device emulator-5554 was not in the list of connected devices
2023-07-13 12:49:59:778 [W3C]     at Object.errorAndThrow (C:\Users\Rekha\AppData\Roaming\npm\node_modules\appium\node_modules\appium-support\lib\logging.js:94:35)
2023-07-13 12:49:59:778 [W3C]     at Object.getDeviceInfoFromCaps (C:\Users\Rekha\AppData\Roaming\npm\node_modules\appium\node_modules\appium-android-driver\lib\android-helpers.js:231:16)
2023-07-13 12:49:59:778 [W3C]     at AndroidUiautomator2Driver.startUiAutomator2Session (C:\Users\Rekha\AppData\Roaming\npm\node_modules\appium\node_modules\appium-uiautomator2-driver\lib\driver.js:338:26)
2023-07-13 12:49:59:778 [W3C]     at AndroidUiautomator2Driver.createSession (C:\Users\Rekha\AppData\Roaming\npm\node_modules\appium\node_modules\appium-uiautomator2-driver\lib\driver.js:229:7)
2023-07-13 12:49:59:779 [W3C]     at AppiumDriver.createSession (C:\Users\Rekha\AppData\Roaming\npm\node_modules\appium\lib\appium.js:387:35)
2023-07-13 12:49:59:797 [HTTP] <-- POST /wd/hub/session 500 974 ms - 683
2023-07-13 12:49:59:797 [HTTP] 
