2023-07-13 12:50:12:207 [Appium] Welcome to Appium v1.22.3
2023-07-13 12:50:12:210 [Appium] Non-default server args:
2023-07-13 12:50:12:211 [Appium]   port: 62163
2023-07-13 12:50:12:211 [Appium]   sessionOverride: true
2023-07-13 12:50:12:212 [Appium]   logFile: C:\Users\Rekha\eclipse-workspace\Torum-mobile-automation-master\Android_Pixel_3\Server1689252606878.log
2023-07-13 12:50:12:283 [Appium] Appium REST http interface listener started on 0.0.0.0:62163
2023-07-13 12:50:12:339 [HTTP] --> GET /wd/hub/status
2023-07-13 12:50:12:340 [HTTP] {}
2023-07-13 12:50:12:343 [GENERIC] Calling AppiumDriver.getStatus() with args: []
2023-07-13 12:50:12:345 [GENERIC] Responding to client with driver.getStatus() result: {"build":{"version":"1.22.3"}}
2023-07-13 12:50:12:363 [HTTP] <-- GET /wd/hub/status 200 18 ms - 68
2023-07-13 12:50:12:364 [HTTP] 
2023-07-13 12:50:12:380 [HTTP] --> GET /wd/hub/status
2023-07-13 12:50:12:381 [HTTP] {}
2023-07-13 12:50:12:383 [GENERIC] Calling AppiumDriver.getStatus() with args: []
2023-07-13 12:50:12:386 [GENERIC] Responding to client with driver.getStatus() result: {"build":{"version":"1.22.3"}}
2023-07-13 12:50:12:397 [HTTP] <-- GET /wd/hub/status 200 11 ms - 68
2023-07-13 12:50:12:399 [HTTP] 
2023-07-13 12:50:12:441 [HTTP] Request idempotency key: c68e9ead-7d7f-484d-bbc2-901ec96369f4
2023-07-13 12:50:12:483 [HTTP] --> POST /wd/hub/session
2023-07-13 12:50:12:484 [HTTP] {"desiredCapabilities":{"appActivity":"com.torummobile.MainActivity","appPackage":"com.torummobile.dev","automationName":"UiAutomator2","chromeDriverPort":"11000","platformName":"Android","udid":"emulator-5554","deviceName":"Pixel_3","systemPort":"10000"},"capabilities":{"firstMatch":[{"appium:appActivity":"com.torummobile.MainActivity","appium:appPackage":"com.torummobile.dev","appium:automationName":"UiAutomator2","chromeDriverPort":"11000","appium:deviceName":"Pixel_3","platformName":"android","appium:systemPort":"10000","appium:udid":"emulator-5554"}]}}
2023-07-13 12:50:12:486 [W3C] Calling AppiumDriver.createSession() with args: [{"appActivity":"com.torummobile.MainActivity","appPackage":"com.torummobile.dev","automationName":"UiAutomator2","chromeDriverPort":"11000","platformName":"Android","udid":"emulator-5554","deviceName":"Pixel_3","systemPort":"10000"},null,{"firstMatch":[{"appium:appActivity":"com.torummobile.MainActivity","appium:appPackage":"com.torummobile.dev","appium:automationName":"UiAutomator2","chromeDriverPort":"11000","appium:deviceName":"Pixel_3","platformName":"android","appium:systemPort":"10000","appium:udid":"emulator-5554"}]}]
2023-07-13 12:50:12:487 [BaseDriver] Event 'newSessionRequested' logged at 1689252612487 (18:20:12 GMT+0530 (India Standard Time))
2023-07-13 12:50:12:496 [BaseDriver] The following capabilities are not standard capabilities and should have an extension prefix:
2023-07-13 12:50:12:497 [BaseDriver]   chromeDriverPort
2023-07-13 12:50:13:089 [Appium] Appium v1.22.3 creating new AndroidUiautomator2Driver (v1.70.1) session
2023-07-13 12:50:13:090 [Appium] There are no active sessions for cleanup
2023-07-13 12:50:13:095 [BaseDriver] W3C capabilities and MJSONWP desired capabilities were provided
2023-07-13 12:50:13:095 [BaseDriver] Creating session with W3C capabilities: {
2023-07-13 12:50:13:095 [BaseDriver]   "alwaysMatch": {
2023-07-13 12:50:13:095 [BaseDriver]     "appium:chromeDriverPort": "11000",
2023-07-13 12:50:13:095 [BaseDriver]     "platformName": "android",
2023-07-13 12:50:13:096 [BaseDriver]     "appium:appActivity": "com.torummobile.MainActivity",
2023-07-13 12:50:13:096 [BaseDriver]     "appium:appPackage": "com.torummobile.dev",
2023-07-13 12:50:13:096 [BaseDriver]     "appium:automationName": "UiAutomator2",
2023-07-13 12:50:13:096 [BaseDriver]     "appium:deviceName": "Pixel_3",
2023-07-13 12:50:13:096 [BaseDriver]     "appium:systemPort": "10000",
2023-07-13 12:50:13:096 [BaseDriver]     "appium:udid": "emulator-5554"
2023-07-13 12:50:13:097 [BaseDriver]   },
2023-07-13 12:50:13:097 [BaseDriver]   "firstMatch": [
2023-07-13 12:50:13:097 [BaseDriver]     {}
2023-07-13 12:50:13:098 [BaseDriver]   ]
2023-07-13 12:50:13:098 [BaseDriver] }
2023-07-13 12:50:13:101 [BaseDriver] Number capability passed in as string. Functionality may be compromised.
2023-07-13 12:50:13:102 [BaseDriver] Number capability passed in as string. Functionality may be compromised.
2023-07-13 12:50:13:109 [BaseDriver] Capability 'systemPort' changed from string ('10000') to integer (10000). This may cause unexpected behavior
2023-07-13 12:50:13:110 [BaseDriver] Capability 'chromeDriverPort' changed from string ('11000') to integer (11000). This may cause unexpected behavior
2023-07-13 12:50:13:113 [BaseDriver] Session created with session id: 176758ba-2358-4cf3-b269-bcc633369831
2023-07-13 12:50:13:114 [UiAutomator2] Starting 'com.torummobile.dev' directly on the device
2023-07-13 12:50:13:162 [ADB] Found 2 'build-tools' folders under 'C:\Users\Rekha\AppData\Local\Android\Sdk' (newest first):
2023-07-13 12:50:13:162 [ADB]     C:/Users/Rekha/AppData/Local/Android/Sdk/build-tools/34.0.0
2023-07-13 12:50:13:163 [ADB]     C:/Users/Rekha/AppData/Local/Android/Sdk/build-tools/30.0.3
2023-07-13 12:50:13:164 [ADB] Using 'adb.exe' from 'C:\Users\Rekha\AppData\Local\Android\Sdk\platform-tools\adb.exe'
2023-07-13 12:50:13:165 [ADB] Running 'C:\Users\Rekha\AppData\Local\Android\Sdk\platform-tools\adb.exe -P 5037 start-server'
2023-07-13 12:50:13:225 [AndroidDriver] Retrieving device list
2023-07-13 12:50:13:226 [ADB] Trying to find a connected android device
2023-07-13 12:50:13:227 [ADB] Getting connected devices
2023-07-13 12:50:13:275 [ADB] Connected devices: [{"udid":"ZD2226MYVB","state":"device"}]
2023-07-13 12:50:13:276 [AndroidDriver] Device emulator-5554 was not in the list of connected devices
2023-07-13 12:50:13:277 [UiAutomator2] Deleting UiAutomator2 session
2023-07-13 12:50:13:280 [BaseDriver] Event 'newSessionStarted' logged at 1689252613280 (18:20:13 GMT+0530 (India Standard Time))
2023-07-13 12:50:13:444 [W3C] Encountered internal error running command: Error: Device emulator-5554 was not in the list of connected devices
2023-07-13 12:50:13:444 [W3C]     at Object.errorAndThrow (C:\Users\Rekha\AppData\Roaming\npm\node_modules\appium\node_modules\appium-support\lib\logging.js:94:35)
2023-07-13 12:50:13:444 [W3C]     at Object.getDeviceInfoFromCaps (C:\Users\Rekha\AppData\Roaming\npm\node_modules\appium\node_modules\appium-android-driver\lib\android-helpers.js:231:16)
2023-07-13 12:50:13:445 [W3C]     at AndroidUiautomator2Driver.startUiAutomator2Session (C:\Users\Rekha\AppData\Roaming\npm\node_modules\appium\node_modules\appium-uiautomator2-driver\lib\driver.js:338:26)
2023-07-13 12:50:13:445 [W3C]     at AndroidUiautomator2Driver.createSession (C:\Users\Rekha\AppData\Roaming\npm\node_modules\appium\node_modules\appium-uiautomator2-driver\lib\driver.js:229:7)
2023-07-13 12:50:13:445 [W3C]     at AppiumDriver.createSession (C:\Users\Rekha\AppData\Roaming\npm\node_modules\appium\lib\appium.js:387:35)
2023-07-13 12:50:13:465 [HTTP] <-- POST /wd/hub/session 500 981 ms - 683
2023-07-13 12:50:13:466 [HTTP] 
