2023-07-13 13:07:10:853 [Appium] Welcome to Appium v1.22.3
2023-07-13 13:07:10:860 [Appium] Non-default server args:
2023-07-13 13:07:10:862 [Appium]   port: 39568
2023-07-13 13:07:10:862 [Appium]   sessionOverride: true
2023-07-13 13:07:10:864 [Appium]   logFile: C:\Users\Rekha\eclipse-workspace\Torum-mobile-automation-master\Android_Pixel_3\Server1689253622037.log
2023-07-13 13:07:10:982 [Appium] Appium REST http interface listener started on 0.0.0.0:39568
2023-07-13 13:07:11:129 [HTTP] --> GET /wd/hub/status
2023-07-13 13:07:11:131 [HTTP] {}
2023-07-13 13:07:11:136 [GENERIC] Calling AppiumDriver.getStatus() with args: []
2023-07-13 13:07:11:142 [GENERIC] Responding to client with driver.getStatus() result: {"build":{"version":"1.22.3"}}
2023-07-13 13:07:11:161 [HTTP] <-- GET /wd/hub/status 200 24 ms - 68
2023-07-13 13:07:11:162 [HTTP] 
2023-07-13 13:07:11:176 [HTTP] --> GET /wd/hub/status
2023-07-13 13:07:11:178 [HTTP] {}
2023-07-13 13:07:11:179 [GENERIC] Calling AppiumDriver.getStatus() with args: []
2023-07-13 13:07:11:181 [GENERIC] Responding to client with driver.getStatus() result: {"build":{"version":"1.22.3"}}
2023-07-13 13:07:11:185 [HTTP] <-- GET /wd/hub/status 200 7 ms - 68
2023-07-13 13:07:11:187 [HTTP] 
2023-07-13 13:07:11:216 [HTTP] Request idempotency key: a3b68451-66a5-4432-9825-0eb81a053a11
2023-07-13 13:07:11:256 [HTTP] --> POST /wd/hub/session
2023-07-13 13:07:11:257 [HTTP] {"desiredCapabilities":{"appActivity":"com.torummobile.MainActivity","appPackage":"com.torummobile.dev","automationName":"UiAutomator2","chromeDriverPort":"11000","platformName":"Android","udid":"emulator-5554","deviceName":"Pixel_3","systemPort":"10000"},"capabilities":{"firstMatch":[{"appium:appActivity":"com.torummobile.MainActivity","appium:appPackage":"com.torummobile.dev","appium:automationName":"UiAutomator2","chromeDriverPort":"11000","appium:deviceName":"Pixel_3","platformName":"android","appium:systemPort":"10000","appium:udid":"emulator-5554"}]}}
2023-07-13 13:07:11:258 [W3C] Calling AppiumDriver.createSession() with args: [{"appActivity":"com.torummobile.MainActivity","appPackage":"com.torummobile.dev","automationName":"UiAutomator2","chromeDriverPort":"11000","platformName":"Android","udid":"emulator-5554","deviceName":"Pixel_3","systemPort":"10000"},null,{"firstMatch":[{"appium:appActivity":"com.torummobile.MainActivity","appium:appPackage":"com.torummobile.dev","appium:automationName":"UiAutomator2","chromeDriverPort":"11000","appium:deviceName":"Pixel_3","platformName":"android","appium:systemPort":"10000","appium:udid":"emulator-5554"}]}]
2023-07-13 13:07:11:259 [BaseDriver] Event 'newSessionRequested' logged at 1689253631259 (18:37:11 GMT+0530 (India Standard Time))
2023-07-13 13:07:11:268 [BaseDriver] The following capabilities are not standard capabilities and should have an extension prefix:
2023-07-13 13:07:11:269 [BaseDriver]   chromeDriverPort
2023-07-13 13:07:12:182 [Appium] Appium v1.22.3 creating new AndroidUiautomator2Driver (v1.70.1) session
2023-07-13 13:07:12:183 [Appium] There are no active sessions for cleanup
2023-07-13 13:07:12:192 [BaseDriver] W3C capabilities and MJSONWP desired capabilities were provided
2023-07-13 13:07:12:193 [BaseDriver] Creating session with W3C capabilities: {
2023-07-13 13:07:12:193 [BaseDriver]   "alwaysMatch": {
2023-07-13 13:07:12:194 [BaseDriver]     "appium:chromeDriverPort": "11000",
2023-07-13 13:07:12:194 [BaseDriver]     "platformName": "android",
2023-07-13 13:07:12:194 [BaseDriver]     "appium:appActivity": "com.torummobile.MainActivity",
2023-07-13 13:07:12:195 [BaseDriver]     "appium:appPackage": "com.torummobile.dev",
2023-07-13 13:07:12:195 [BaseDriver]     "appium:automationName": "UiAutomator2",
2023-07-13 13:07:12:196 [BaseDriver]     "appium:deviceName": "Pixel_3",
2023-07-13 13:07:12:197 [BaseDriver]     "appium:systemPort": "10000",
2023-07-13 13:07:12:197 [BaseDriver]     "appium:udid": "emulator-5554"
2023-07-13 13:07:12:198 [BaseDriver]   },
2023-07-13 13:07:12:199 [BaseDriver]   "firstMatch": [
2023-07-13 13:07:12:199 [BaseDriver]     {}
2023-07-13 13:07:12:199 [BaseDriver]   ]
2023-07-13 13:07:12:200 [BaseDriver] }
2023-07-13 13:07:12:211 [BaseDriver] Number capability passed in as string. Functionality may be compromised.
2023-07-13 13:07:12:212 [BaseDriver] Number capability passed in as string. Functionality may be compromised.
2023-07-13 13:07:12:222 [BaseDriver] Capability 'systemPort' changed from string ('10000') to integer (10000). This may cause unexpected behavior
2023-07-13 13:07:12:223 [BaseDriver] Capability 'chromeDriverPort' changed from string ('11000') to integer (11000). This may cause unexpected behavior
2023-07-13 13:07:12:230 [BaseDriver] Session created with session id: 61773be2-a8ae-4856-a291-02b9ec837dde
2023-07-13 13:07:12:232 [UiAutomator2] Starting 'com.torummobile.dev' directly on the device
2023-07-13 13:07:12:308 [ADB] Found 2 'build-tools' folders under 'C:\Users\Rekha\AppData\Local\Android\Sdk' (newest first):
2023-07-13 13:07:12:309 [ADB]     C:/Users/Rekha/AppData/Local/Android/Sdk/build-tools/34.0.0
2023-07-13 13:07:12:309 [ADB]     C:/Users/Rekha/AppData/Local/Android/Sdk/build-tools/30.0.3
2023-07-13 13:07:12:311 [ADB] Using 'adb.exe' from 'C:\Users\Rekha\AppData\Local\Android\Sdk\platform-tools\adb.exe'
2023-07-13 13:07:12:313 [ADB] Running 'C:\Users\Rekha\AppData\Local\Android\Sdk\platform-tools\adb.exe -P 5037 start-server'
2023-07-13 13:07:12:393 [AndroidDriver] Retrieving device list
2023-07-13 13:07:12:395 [ADB] Trying to find a connected android device
2023-07-13 13:07:12:396 [ADB] Getting connected devices
2023-07-13 13:07:12:463 [ADB] Connected devices: [{"udid":"ZD2226MYVB","state":"device"},{"udid":"emulator-5554","state":"device"}]
2023-07-13 13:07:12:464 [AndroidDriver] Using device: emulator-5554
2023-07-13 13:07:12:467 [ADB] Using 'adb.exe' from 'C:\Users\Rekha\AppData\Local\Android\Sdk\platform-tools\adb.exe'
2023-07-13 13:07:12:468 [ADB] Running 'C:\Users\Rekha\AppData\Local\Android\Sdk\platform-tools\adb.exe -P 5037 start-server'
2023-07-13 13:07:12:525 [ADB] Setting device id to emulator-5554
2023-07-13 13:07:12:527 [ADB] Running 'C:\Users\Rekha\AppData\Local\Android\Sdk\platform-tools\adb.exe -P 5037 -s emulator-5554 shell getprop ro.build.version.sdk'
2023-07-13 13:07:12:673 [ADB] Current device property 'ro.build.version.sdk': 34
2023-07-13 13:07:12:674 [ADB] Getting device platform version
2023-07-13 13:07:12:675 [ADB] Running 'C:\Users\Rekha\AppData\Local\Android\Sdk\platform-tools\adb.exe -P 5037 -s emulator-5554 shell getprop ro.build.version.release'
2023-07-13 13:07:12:846 [ADB] Current device property 'ro.build.version.release': 14
2023-07-13 13:07:12:847 [ADB] Device API level: 34
2023-07-13 13:07:12:847 [UiAutomator2] Relaxing hidden api policy
2023-07-13 13:07:12:848 [ADB] Running 'C:\Users\Rekha\AppData\Local\Android\Sdk\platform-tools\adb.exe -P 5037 -s emulator-5554 shell 'settings put global hidden_api_policy_pre_p_apps 1;settings put global hidden_api_policy_p_apps 1;settings put global hidden_api_policy 1''
2023-07-13 13:07:13:176 [AndroidDriver] No app sent in, not parsing package/activity
2023-07-13 13:07:13:177 [ADB] Running 'C:\Users\Rekha\AppData\Local\Android\Sdk\platform-tools\adb.exe -P 5037 -s emulator-5554 wait-for-device'
2023-07-13 13:07:13:240 [ADB] Running 'C:\Users\Rekha\AppData\Local\Android\Sdk\platform-tools\adb.exe -P 5037 -s emulator-5554 shell echo ping'
2023-07-13 13:07:13:342 [AndroidDriver] Pushing settings apk to device...
2023-07-13 13:07:13:345 [ADB] Getting install status for io.appium.settings
2023-07-13 13:07:13:346 [ADB] Running 'C:\Users\Rekha\AppData\Local\Android\Sdk\platform-tools\adb.exe -P 5037 -s emulator-5554 shell dumpsys package io.appium.settings'
2023-07-13 13:07:13:742 [ADB] 'io.appium.settings' is installed
2023-07-13 13:07:13:743 [ADB] Getting package info for 'io.appium.settings'
2023-07-13 13:07:13:743 [ADB] Running 'C:\Users\Rekha\AppData\Local\Android\Sdk\platform-tools\adb.exe -P 5037 -s emulator-5554 shell dumpsys package io.appium.settings'
2023-07-13 13:07:13:985 [ADB] The version name of the installed 'io.appium.settings' is greater or equal to the application version name ('3.4.0' >= '3.4.0')
2023-07-13 13:07:13:986 [ADB] There is no need to install/upgrade 'C:\Users\Rekha\AppData\Roaming\npm\node_modules\appium\node_modules\io.appium.settings\apks\settings_apk-debug.apk'
2023-07-13 13:07:13:987 [ADB] Getting IDs of all 'io.appium.settings' processes
2023-07-13 13:07:13:988 [ADB] Running 'C:\Users\Rekha\AppData\Local\Android\Sdk\platform-tools\adb.exe -P 5037 -s emulator-5554 shell 'pgrep --help; echo $?''
2023-07-13 13:07:14:147 [ADB] Running 'C:\Users\Rekha\AppData\Local\Android\Sdk\platform-tools\adb.exe -P 5037 -s emulator-5554 shell pgrep -f \(\[\[:blank:\]\]\|\^\)io\.appium\.settings\(\[\[:blank:\]\]\|\$\)'
2023-07-13 13:07:14:346 [AndroidDriver] io.appium.settings is already running. There is no need to reset its permissions.
2023-07-13 13:07:14:348 [Logcat] Starting logs capture with command: C:\\Users\\Rekha\\AppData\\Local\\Android\\Sdk\\platform-tools\\adb.exe -P 5037 -s emulator-5554 logcat -v threadtime
2023-07-13 13:07:14:467 [UiAutomator2] Forwarding UiAutomator2 Server port 6790 to local port 10000
2023-07-13 13:07:14:477 [ADB] Forwarding system: 10000 to device: 6790
2023-07-13 13:07:14:478 [ADB] Running 'C:\Users\Rekha\AppData\Local\Android\Sdk\platform-tools\adb.exe -P 5037 -s emulator-5554 forward tcp:10000 tcp:6790'
2023-07-13 13:07:14:576 [ADB] Getting install status for io.appium.uiautomator2.server
2023-07-13 13:07:14:577 [ADB] Running 'C:\Users\Rekha\AppData\Local\Android\Sdk\platform-tools\adb.exe -P 5037 -s emulator-5554 shell dumpsys package io.appium.uiautomator2.server'
2023-07-13 13:07:14:881 [ADB] 'io.appium.uiautomator2.server' is installed
2023-07-13 13:07:14:881 [ADB] Getting package info for 'io.appium.uiautomator2.server'
2023-07-13 13:07:14:882 [ADB] Running 'C:\Users\Rekha\AppData\Local\Android\Sdk\platform-tools\adb.exe -P 5037 -s emulator-5554 shell dumpsys package io.appium.uiautomator2.server'
2023-07-13 13:07:15:912 [ADB] The version name of the installed 'io.appium.uiautomator2.server' is greater or equal to the application version name ('4.27.0' >= '4.27.0')
2023-07-13 13:07:15:913 [UiAutomator2] io.appium.uiautomator2.server installation state: sameVersionInstalled
2023-07-13 13:07:15:916 [ADB] Checking app cert for C:\Users\Rekha\AppData\Roaming\npm\node_modules\appium\node_modules\appium-uiautomator2-server\apks\appium-uiautomator2-server-v4.27.0.apk
2023-07-13 13:07:16:091 [ADB] Using 'apksigner.jar' from 'C:\Users\Rekha\AppData\Local\Android\Sdk\build-tools\34.0.0\lib\apksigner.jar'
2023-07-13 13:07:16:097 [ADB] Starting apksigner: 'C:\\Program Files\\Java\\jdk-20\\bin\\java.exe' -Xmx1024M -Xss1m -jar C:\\Users\\Rekha\\AppData\\Local\\Android\\Sdk\\build-tools\\34.0.0\\lib\\apksigner.jar verify --print-certs C:\\Users\\Rekha\\AppData\\Roaming\\npm\\node_modules\\appium\\node_modules\\appium-uiautomator2-server\\apks\\appium-uiautomator2-server-v4.27.0.apk
2023-07-13 13:07:19:000 [ADB] apksigner stdout: Signer #1 certificate DN: EMAILADDRESS=android@android.com, CN=Android, OU=Android, O=Android, L=Mountain View, ST=California, C=US
2023-07-13 13:07:19:000 [ADB] Signer #1 certificate SHA-256 digest: a40da80a59d170caa950cf15c18c454d47a39b26989d8b640ecd745ba71bf5dc
2023-07-13 13:07:19:001 [ADB] Signer #1 certificate SHA-1 digest: 61ed377e85d386a8dfee6b864bd85b0bfaa5af81
2023-07-13 13:07:19:001 [ADB] Signer #1 certificate MD5 digest: e89b158e4bcf988ebd09eb83f5378e87
2023-07-13 13:07:19:001 [ADB] 
2023-07-13 13:07:19:002 [ADB] sha256 hash did match for 'appium-uiautomator2-server-v4.27.0.apk'
2023-07-13 13:07:19:002 [ADB] 'C:\Users\Rekha\AppData\Roaming\npm\node_modules\appium\node_modules\appium-uiautomator2-server\apks\appium-uiautomator2-server-v4.27.0.apk' is signed with the default certificate
2023-07-13 13:07:19:004 [ADB] Getting install status for io.appium.uiautomator2.server.test
2023-07-13 13:07:19:005 [ADB] Running 'C:\Users\Rekha\AppData\Local\Android\Sdk\platform-tools\adb.exe -P 5037 -s emulator-5554 shell dumpsys package io.appium.uiautomator2.server.test'
2023-07-13 13:07:19:218 [ADB] 'io.appium.uiautomator2.server.test' is installed
2023-07-13 13:07:19:218 [ADB] Checking app cert for C:\Users\Rekha\AppData\Roaming\npm\node_modules\appium\node_modules\appium-uiautomator2-server\apks\appium-uiautomator2-server-debug-androidTest.apk
2023-07-13 13:07:19:225 [ADB] Starting apksigner: 'C:\\Program Files\\Java\\jdk-20\\bin\\java.exe' -Xmx1024M -Xss1m -jar C:\\Users\\Rekha\\AppData\\Local\\Android\\Sdk\\build-tools\\34.0.0\\lib\\apksigner.jar verify --print-certs C:\\Users\\Rekha\\AppData\\Roaming\\npm\\node_modules\\appium\\node_modules\\appium-uiautomator2-server\\apks\\appium-uiautomator2-server-debug-androidTest.apk
2023-07-13 13:07:20:316 [ADB] apksigner stdout: Signer #1 certificate DN: EMAILADDRESS=android@android.com, CN=Android, OU=Android, O=Android, L=Mountain View, ST=California, C=US
2023-07-13 13:07:20:317 [ADB] Signer #1 certificate SHA-256 digest: a40da80a59d170caa950cf15c18c454d47a39b26989d8b640ecd745ba71bf5dc
2023-07-13 13:07:20:317 [ADB] Signer #1 certificate SHA-1 digest: 61ed377e85d386a8dfee6b864bd85b0bfaa5af81
2023-07-13 13:07:20:317 [ADB] Signer #1 certificate MD5 digest: e89b158e4bcf988ebd09eb83f5378e87
2023-07-13 13:07:20:317 [ADB] 
2023-07-13 13:07:20:318 [ADB] sha256 hash did match for 'appium-uiautomator2-server-debug-androidTest.apk'
2023-07-13 13:07:20:318 [ADB] 'C:\Users\Rekha\AppData\Roaming\npm\node_modules\appium\node_modules\appium-uiautomator2-server\apks\appium-uiautomator2-server-debug-androidTest.apk' is signed with the default certificate
2023-07-13 13:07:20:318 [UiAutomator2] Server packages are not going to be (re)installed
2023-07-13 13:07:20:324 [UiAutomator2] Waiting up to 30000ms for services to be available
2023-07-13 13:07:20:325 [ADB] Running 'C:\Users\Rekha\AppData\Local\Android\Sdk\platform-tools\adb.exe -P 5037 -s emulator-5554 shell pm list instrumentation'
2023-07-13 13:07:20:527 [UiAutomator2] Instrumentation target 'io.appium.uiautomator2.server.test/androidx.test.runner.AndroidJUnitRunner' is available
2023-07-13 13:07:20:532 [ADB] Adding packages ["io.appium.settings","io.appium.uiautomator2.server","io.appium.uiautomator2.server.test"] to Doze whitelist
2023-07-13 13:07:20:533 [ADB] Got the following command chunks to execute: [["dumpsys","deviceidle","whitelist","+io.appium.settings",";","dumpsys","deviceidle","whitelist","+io.appium.uiautomator2.server",";","dumpsys","deviceidle","whitelist","+io.appium.uiautomator2.server.test",";"]]
2023-07-13 13:07:20:533 [ADB] Running 'C:\Users\Rekha\AppData\Local\Android\Sdk\platform-tools\adb.exe -P 5037 -s emulator-5554 shell dumpsys deviceidle whitelist +io.appium.settings ; dumpsys deviceidle whitelist +io.appium.uiautomator2.server ; dumpsys deviceidle whitelist +io.appium.uiautomator2.server.test ;'
2023-07-13 13:07:20:729 [UiAutomator2] No app capability. Assuming it is already on the device
2023-07-13 13:07:20:730 [ADB] Getting install status for com.torummobile.dev
2023-07-13 13:07:20:730 [ADB] Running 'C:\Users\Rekha\AppData\Local\Android\Sdk\platform-tools\adb.exe -P 5037 -s emulator-5554 shell dumpsys package com.torummobile.dev'
2023-07-13 13:07:20:868 [ADB] 'com.torummobile.dev' is not installed
2023-07-13 13:07:20:869 [UiAutomator2] Deleting UiAutomator2 session
2023-07-13 13:07:20:872 [UiAutomator2] Deleting UiAutomator2 server session
2023-07-13 13:07:20:876 [WD Proxy] Matched '/' to command name 'deleteSession'
2023-07-13 13:07:20:880 [UiAutomator2] Did not get confirmation UiAutomator2 deleteSession worked; Error was: UnknownError: An unknown server-side error occurred while processing the command. Original error: Trying to proxy a session command without session id
2023-07-13 13:07:20:881 [ADB] Running 'C:\Users\Rekha\AppData\Local\Android\Sdk\platform-tools\adb.exe -P 5037 -s emulator-5554 shell am force-stop com.torummobile.dev'
2023-07-13 13:07:21:041 [Logcat] Stopping logcat capture
2023-07-13 13:07:21:048 [ADB] Removing forwarded port socket connection: 10000 
2023-07-13 13:07:21:048 [ADB] Running 'C:\Users\Rekha\AppData\Local\Android\Sdk\platform-tools\adb.exe -P 5037 -s emulator-5554 forward --remove tcp:10000'
2023-07-13 13:07:21:100 [UiAutomator2] Restoring hidden api policy to the device default configuration
2023-07-13 13:07:21:101 [ADB] Running 'C:\Users\Rekha\AppData\Local\Android\Sdk\platform-tools\adb.exe -P 5037 -s emulator-5554 shell 'settings delete global hidden_api_policy_pre_p_apps;settings delete global hidden_api_policy_p_apps;settings delete global hidden_api_policy''
2023-07-13 13:07:21:398 [BaseDriver] Event 'newSessionStarted' logged at 1689253641397 (18:37:21 GMT+0530 (India Standard Time))
2023-07-13 13:07:21:581 [W3C] Encountered internal error running command: Error: 'app' option is required for reinstall
2023-07-13 13:07:21:582 [W3C]     at Object.resetApp (C:\Users\Rekha\AppData\Roaming\npm\node_modules\appium\node_modules\appium-android-driver\lib\android-helpers.js:405:11)
2023-07-13 13:07:21:582 [W3C]     at AndroidUiautomator2Driver.initAUT (C:\Users\Rekha\AppData\Roaming\npm\node_modules\appium\node_modules\appium-uiautomator2-driver\lib\driver.js:546:9)
2023-07-13 13:07:21:582 [W3C]     at AndroidUiautomator2Driver.startUiAutomator2Session (C:\Users\Rekha\AppData\Roaming\npm\node_modules\appium\node_modules\appium-uiautomator2-driver\lib\driver.js:408:5)
2023-07-13 13:07:21:582 [W3C]     at AndroidUiautomator2Driver.createSession (C:\Users\Rekha\AppData\Roaming\npm\node_modules\appium\node_modules\appium-uiautomator2-driver\lib\driver.js:229:7)
2023-07-13 13:07:21:582 [W3C]     at AppiumDriver.createSession (C:\Users\Rekha\AppData\Roaming\npm\node_modules\appium\lib\appium.js:387:35)
2023-07-13 13:07:21:609 [HTTP] <-- POST /wd/hub/session 500 10351 ms - 637
2023-07-13 13:07:21:610 [HTTP] 
