2023-06-22 09:14:05:381 [Appium] Welcome to Appium v1.22.3
2023-06-22 09:14:05:383 [Appium] Non-default server args:
2023-06-22 09:14:05:384 [Appium]   port: 55407
2023-06-22 09:14:05:384 [Appium]   sessionOverride: true
2023-06-22 09:14:05:385 [Appium]   logFile: C:\Users\Rekha\eclipse-workspace\Torum-mobile-automation-master\Android_Pixel_3\Server1687425242674.log
2023-06-22 09:14:05:442 [Appium] Appium REST http interface listener started on 0.0.0.0:55407
2023-06-22 09:14:05:461 [HTTP] --> GET /wd/hub/status
2023-06-22 09:14:05:462 [HTTP] {}
2023-06-22 09:14:05:465 [GENERIC] Calling AppiumDriver.getStatus() with args: []
2023-06-22 09:14:05:467 [GENERIC] Responding to client with driver.getStatus() result: {"build":{"version":"1.22.3"}}
2023-06-22 09:14:05:478 [HTTP] <-- GET /wd/hub/status 200 13 ms - 68
2023-06-22 09:14:05:478 [HTTP] 
2023-06-22 09:14:05:485 [HTTP] --> GET /wd/hub/status
2023-06-22 09:14:05:486 [HTTP] {}
2023-06-22 09:14:05:486 [GENERIC] Calling AppiumDriver.getStatus() with args: []
2023-06-22 09:14:05:487 [GENERIC] Responding to client with driver.getStatus() result: {"build":{"version":"1.22.3"}}
2023-06-22 09:14:05:490 [HTTP] <-- GET /wd/hub/status 200 3 ms - 68
2023-06-22 09:14:05:490 [HTTP] 
2023-06-22 09:14:05:511 [HTTP] Request idempotency key: 2ec7a698-0cb6-4c6a-be5c-2c9f749a972c
2023-06-22 09:14:05:539 [HTTP] --> POST /wd/hub/session
2023-06-22 09:14:05:539 [HTTP] {"desiredCapabilities":{"appActivity":"com.torummobile.MainActivity","appPackage":"com.torummobile.dev","automationName":"UiAutomator2","chromeDriverPort":"11000","platformName":"Android","udid":"emulator-5554","deviceName":"Pixel_3","systemPort":"10000"},"capabilities":{"firstMatch":[{"appium:appActivity":"com.torummobile.MainActivity","appium:appPackage":"com.torummobile.dev","appium:automationName":"UiAutomator2","chromeDriverPort":"11000","appium:deviceName":"Pixel_3","platformName":"android","appium:systemPort":"10000","appium:udid":"emulator-5554"}]}}
2023-06-22 09:14:05:540 [W3C] Calling AppiumDriver.createSession() with args: [{"appActivity":"com.torummobile.MainActivity","appPackage":"com.torummobile.dev","automationName":"UiAutomator2","chromeDriverPort":"11000","platformName":"Android","udid":"emulator-5554","deviceName":"Pixel_3","systemPort":"10000"},null,{"firstMatch":[{"appium:appActivity":"com.torummobile.MainActivity","appium:appPackage":"com.torummobile.dev","appium:automationName":"UiAutomator2","chromeDriverPort":"11000","appium:deviceName":"Pixel_3","platformName":"android","appium:systemPort":"10000","appium:udid":"emulator-5554"}]}]
2023-06-22 09:14:05:541 [BaseDriver] Event 'newSessionRequested' logged at 1687425245541 (14:44:05 GMT+0530 (India Standard Time))
2023-06-22 09:14:05:546 [BaseDriver] The following capabilities are not standard capabilities and should have an extension prefix:
2023-06-22 09:14:05:546 [BaseDriver]   chromeDriverPort
2023-06-22 09:14:05:948 [Appium] Appium v1.22.3 creating new AndroidUiautomator2Driver (v1.70.1) session
2023-06-22 09:14:05:948 [Appium] There are no active sessions for cleanup
2023-06-22 09:14:05:952 [BaseDriver] W3C capabilities and MJSONWP desired capabilities were provided
2023-06-22 09:14:05:953 [BaseDriver] Creating session with W3C capabilities: {
2023-06-22 09:14:05:953 [BaseDriver]   "alwaysMatch": {
2023-06-22 09:14:05:953 [BaseDriver]     "appium:chromeDriverPort": "11000",
2023-06-22 09:14:05:953 [BaseDriver]     "platformName": "android",
2023-06-22 09:14:05:953 [BaseDriver]     "appium:appActivity": "com.torummobile.MainActivity",
2023-06-22 09:14:05:953 [BaseDriver]     "appium:appPackage": "com.torummobile.dev",
2023-06-22 09:14:05:953 [BaseDriver]     "appium:automationName": "UiAutomator2",
2023-06-22 09:14:05:954 [BaseDriver]     "appium:deviceName": "Pixel_3",
2023-06-22 09:14:05:954 [BaseDriver]     "appium:systemPort": "10000",
2023-06-22 09:14:05:954 [BaseDriver]     "appium:udid": "emulator-5554"
2023-06-22 09:14:05:954 [BaseDriver]   },
2023-06-22 09:14:05:954 [BaseDriver]   "firstMatch": [
2023-06-22 09:14:05:955 [BaseDriver]     {}
2023-06-22 09:14:05:955 [BaseDriver]   ]
2023-06-22 09:14:05:955 [BaseDriver] }
2023-06-22 09:14:05:958 [BaseDriver] Number capability passed in as string. Functionality may be compromised.
2023-06-22 09:14:05:958 [BaseDriver] Number capability passed in as string. Functionality may be compromised.
2023-06-22 09:14:05:963 [BaseDriver] Capability 'systemPort' changed from string ('10000') to integer (10000). This may cause unexpected behavior
2023-06-22 09:14:05:963 [BaseDriver] Capability 'chromeDriverPort' changed from string ('11000') to integer (11000). This may cause unexpected behavior
2023-06-22 09:14:05:967 [BaseDriver] Session created with session id: ec683c5a-64c8-4c1d-ab05-14b0c5cc584d
2023-06-22 09:14:05:967 [UiAutomator2] Starting 'com.torummobile.dev' directly on the device
2023-06-22 09:14:05:971 [UiAutomator2] Deleting UiAutomator2 session
2023-06-22 09:14:05:974 [BaseDriver] Event 'newSessionStarted' logged at 1687425245974 (14:44:05 GMT+0530 (India Standard Time))
2023-06-22 09:14:06:112 [W3C] Encountered internal error running command: Error: Neither ANDROID_HOME nor ANDROID_SDK_ROOT environment variable was exported. Read https://developer.android.com/studio/command-line/variables for more details
2023-06-22 09:14:06:112 [W3C]     at requireSdkRoot (C:\Users\Rekha\AppData\Roaming\npm\node_modules\appium\node_modules\appium-adb\lib\helpers.js:36:11)
2023-06-22 09:14:06:112 [W3C]     at Function.createADB (C:\Users\Rekha\AppData\Roaming\npm\node_modules\appium\node_modules\appium-adb\lib\adb.js:57:23)
2023-06-22 09:14:06:112 [W3C]     at Object.createBaseADB (C:\Users\Rekha\AppData\Roaming\npm\node_modules\appium\node_modules\appium-android-driver\lib\android-helpers.js:129:20)
2023-06-22 09:14:06:112 [W3C]     at Object.getDeviceInfoFromCaps (C:\Users\Rekha\AppData\Roaming\npm\node_modules\appium\node_modules\appium-android-driver\lib\android-helpers.js:214:29)
2023-06-22 09:14:06:112 [W3C]     at AndroidUiautomator2Driver.startUiAutomator2Session (C:\Users\Rekha\AppData\Roaming\npm\node_modules\appium\node_modules\appium-uiautomator2-driver\lib\driver.js:338:40)
2023-06-22 09:14:06:113 [W3C]     at AndroidUiautomator2Driver.createSession (C:\Users\Rekha\AppData\Roaming\npm\node_modules\appium\node_modules\appium-uiautomator2-driver\lib\driver.js:229:18)
2023-06-22 09:14:06:113 [W3C]     at processTicksAndRejections (node:internal/process/task_queues:95:5)
2023-06-22 09:14:06:113 [W3C]     at AppiumDriver.createSession (C:\Users\Rekha\AppData\Roaming\npm\node_modules\appium\lib\appium.js:387:35)
2023-06-22 09:14:06:130 [HTTP] <-- POST /wd/hub/session 500 590 ms - 877
2023-06-22 09:14:06:130 [HTTP] 
